2025-08-05 14:23:52,475 [ERROR] LogOutputStream:75 - [STDERR_REDIRECT] 
2025-08-05 14:57:26,749 [INFO] Activator:176 - 


2025-08-05 14:57:26,750 [INFO] Activator:177 - !SESSION log4j initialized
2025-08-05 14:57:31,569 [INFO] LogOutputStream:77 - [STDOUT_REDIRECT] 
2025-08-05 14:57:33,274 [INFO] ApplicationProperties:184 - Using Application install path: C:\ST\STM32CubeIDE_1.19.0\STM32CubeIDE\plugins\com.st.stm32cube.common.mx_6.15.0.202507011659
2025-08-05 14:57:33,293 [INFO] DbMcusXml:78 - Set database path to: C:\ST\STM32CubeIDE_1.19.0\STM32CubeIDE\plugins\com.st.stm32cube.common.mx_6.15.0.202507011659\\db\/mcu/
2025-08-05 14:57:33,293 [INFO] ApiDb:274 - Set plugin database path to: C:\ST\STM32CubeIDE_1.19.0\STM32CubeIDE\plugins\com.st.stm32cube.common.mx_6.15.0.202507011659\\db\/plugins/boardmanager/
2025-08-05 14:57:33,294 [WARN] ApiDb:259 - Overriding images path with different value:  => C:\ST\STM32CubeIDE_1.19.0\STM32CubeIDE\plugins\com.st.stm32cube.common.mx_6.15.0.202507011659\\db\/plugins/mcufinder/images/
2025-08-05 14:57:33,302 [INFO] ApiDb:250 - Set database path to: C:\Users\sheet\.stmcufinder\plugins\mcufinder//mcu/
2025-08-05 14:57:33,303 [INFO] DbMcusAds:125 - Set database path to: C:\Users\sheet\.stmcufinder\plugins\mcufinder//mcu/
2025-08-05 14:57:33,305 [INFO] CrossReferenceDbSqlite:203 - Set database path to: C:\Users\sheet\.stmcufinder\plugins\mcufinder//mcu/cs/
2025-08-05 14:57:33,418 [INFO] RulesReader:64 - Compatibility file has been processed (317 Rules)
2025-08-05 14:57:33,477 [INFO] DbMcusXml:78 - Set database path to: C:\ST\STM32CubeIDE_1.19.0\STM32CubeIDE\plugins\com.st.stm32cube.common.mx_6.15.0.202507011659\\db\/mcu/
2025-08-05 14:57:33,477 [INFO] ApiDb:274 - Set plugin database path to: C:\ST\STM32CubeIDE_1.19.0\STM32CubeIDE\plugins\com.st.stm32cube.common.mx_6.15.0.202507011659\\db\/plugins/boardmanager/
2025-08-05 14:57:33,477 [INFO] ApiDb:261 - Set plugin images path to: C:\ST\STM32CubeIDE_1.19.0\STM32CubeIDE\plugins\com.st.stm32cube.common.mx_6.15.0.202507011659\\db\/plugins/mcufinder/images/
2025-08-05 14:57:33,478 [WARN] DbFile:41 - Overriding database path with different value: C:\Users\sheet\.stmcufinder\plugins\mcufinder/ => C:\Users\sheet\.stmcufinder\plugins\mcufinder
2025-08-05 14:57:33,478 [INFO] ApiDb:250 - Set database path to: C:\Users\sheet\.stmcufinder\plugins\mcufinder//mcu/
2025-08-05 14:57:33,478 [WARN] DbFile:41 - Overriding database path with different value: C:\Users\sheet\.stmcufinder\plugins\mcufinder/ => C:\Users\sheet\.stmcufinder\plugins\mcufinder
2025-08-05 14:57:33,478 [INFO] DbMcusAds:125 - Set database path to: C:\Users\sheet\.stmcufinder\plugins\mcufinder//mcu/
2025-08-05 14:57:33,478 [WARN] DbFile:41 - Overriding database path with different value: C:\Users\sheet\.stmcufinder\plugins\mcufinder/ => C:\Users\sheet\.stmcufinder\plugins\mcufinder
2025-08-05 14:57:33,478 [WARN] DbFile:41 - Overriding database path with different value: C:\Users\sheet\.stmcufinder\plugins\mcufinder/ => C:\Users\sheet\.stmcufinder\plugins\mcufinder
2025-08-05 14:57:33,478 [INFO] CrossReferenceDbSqlite:203 - Set database path to: C:\Users\sheet\.stmcufinder\plugins\mcufinder//mcu/cs/
2025-08-05 14:57:33,536 [INFO] MainPanel:274 - HeapMemory: 268435456
2025-08-05 14:57:33,621 [INFO] DbMcusXml:78 - Set database path to: C:\ST\STM32CubeIDE_1.19.0\STM32CubeIDE\plugins\com.st.stm32cube.common.mx_6.15.0.202507011659\\db\/mcu/
2025-08-05 14:57:33,621 [INFO] ApiDb:274 - Set plugin database path to: C:\ST\STM32CubeIDE_1.19.0\STM32CubeIDE\plugins\com.st.stm32cube.common.mx_6.15.0.202507011659\\db\/plugins/boardmanager/
2025-08-05 14:57:33,621 [INFO] ApiDb:261 - Set plugin images path to: C:\ST\STM32CubeIDE_1.19.0\STM32CubeIDE\plugins\com.st.stm32cube.common.mx_6.15.0.202507011659\\db\/plugins/mcufinder/images/
2025-08-05 14:57:33,622 [WARN] DbFile:41 - Overriding database path with different value: C:\Users\sheet\.stmcufinder\plugins\mcufinder/ => C:\Users\sheet\.stmcufinder\plugins\mcufinder
2025-08-05 14:57:33,622 [INFO] ApiDb:250 - Set database path to: C:\Users\sheet\.stmcufinder\plugins\mcufinder//mcu/
2025-08-05 14:57:33,622 [WARN] DbFile:41 - Overriding database path with different value: C:\Users\sheet\.stmcufinder\plugins\mcufinder/ => C:\Users\sheet\.stmcufinder\plugins\mcufinder
2025-08-05 14:57:33,622 [INFO] DbMcusAds:125 - Set database path to: C:\Users\sheet\.stmcufinder\plugins\mcufinder//mcu/
2025-08-05 14:57:33,622 [WARN] DbFile:41 - Overriding database path with different value: C:\Users\sheet\.stmcufinder\plugins\mcufinder/ => C:\Users\sheet\.stmcufinder\plugins\mcufinder
2025-08-05 14:57:33,622 [WARN] DbFile:41 - Overriding database path with different value: C:\Users\sheet\.stmcufinder\plugins\mcufinder/ => C:\Users\sheet\.stmcufinder\plugins\mcufinder
2025-08-05 14:57:33,622 [INFO] CrossReferenceDbSqlite:203 - Set database path to: C:\Users\sheet\.stmcufinder\plugins\mcufinder//mcu/cs/
2025-08-05 14:57:33,636 [INFO] ApplicationProperties:184 - Using Application install path: C:\ST\STM32CubeIDE_1.19.0\STM32CubeIDE\plugins\com.st.stm32cube.common.mx_6.15.0.202507011659
2025-08-05 14:57:33,637 [INFO] PluginManage:196 - Search for loadable plugins [exclusion list=, ]
2025-08-05 14:57:33,638 [INFO] PluginManage:310 - Check plugin analytics
2025-08-05 14:57:33,810 [INFO] AnalyticsPlugin:253 - Accepted Software Licenses: 
2025-08-05 14:57:33,810 [INFO] AnalyticsPlugin:255 - Accepted CMSIS Pack Licenses: 
2025-08-05 14:57:33,810 [INFO] AnalyticsPlugin:257 - Accepted Firmware Licenses: FW.F4.1.28.0
2025-08-05 14:57:33,812 [INFO] PluginManage:359 - Loaded plugin analytics (category:tool,tabindex:-1)
2025-08-05 14:57:33,813 [INFO] PluginManage:310 - Check plugin cadmodel
2025-08-05 14:57:33,820 [INFO] CADModel:105 - Init CAD model plugin
2025-08-05 14:57:33,820 [INFO] PluginManage:359 - Loaded plugin cadmodel (category:power,tabindex:5)
2025-08-05 14:57:33,820 [INFO] PluginManage:310 - Check plugin clock
2025-08-05 14:57:33,829 [INFO] PluginManage:359 - Loaded plugin clock (category:base,tabindex:2)
2025-08-05 14:57:33,829 [INFO] PluginManage:310 - Check plugin ddr
2025-08-05 14:57:33,832 [INFO] PluginManage:359 - Loaded plugin ddr (category:tool,tabindex:6)
2025-08-05 14:57:33,832 [INFO] PluginManage:310 - Check plugin filemanager
2025-08-05 14:57:33,942 [INFO] PluginManage:359 - Loaded plugin filemanager (category:base,tabindex:10)
2025-08-05 14:57:33,942 [INFO] PluginManage:310 - Check plugin ipmanager
2025-08-05 14:57:33,947 [INFO] PluginManage:359 - Loaded plugin ipmanager (category:base,tabindex:5)
2025-08-05 14:57:33,948 [INFO] PluginManage:310 - Check plugin lpbam
2025-08-05 14:57:33,954 [INFO] PluginManage:359 - Loaded plugin lpbam (category:base,tabindex:0)
2025-08-05 14:57:33,954 [INFO] PluginManage:310 - Check plugin memorymap
2025-08-05 14:57:33,966 [INFO] PluginManage:359 - Loaded plugin memorymap (category:base,tabindex:4)
2025-08-05 14:57:33,967 [INFO] PluginManage:310 - Check plugin pinoutandconfiguration
2025-08-05 14:57:33,974 [INFO] PluginManage:359 - Loaded plugin pinoutandconfiguration (category:base,tabindex:1)
2025-08-05 14:57:33,974 [INFO] PluginManage:310 - Check plugin pinoutconfig
2025-08-05 14:57:34,044 [WARN] SupportedApi:132 - Cannot load RTOS API schema: s4s-elt-must-match.1: The content of 'definitions' must match (annotation?, (simpleType | complexType)?, (unique | key | keyref)*)). A problem was found starting at: attribute.
2025-08-05 14:57:34,158 [INFO] PluginManage:359 - Loaded plugin pinoutconfig (category:base,tabindex:0)
2025-08-05 14:57:34,158 [INFO] PluginManage:310 - Check plugin power
2025-08-05 14:57:34,172 [INFO] PluginManage:359 - Loaded plugin power (category:power,tabindex:4)
2025-08-05 14:57:34,172 [INFO] PluginManage:310 - Check plugin projectmanager
2025-08-05 14:57:34,186 [INFO] PluginManage:359 - Loaded plugin projectmanager (category:projectmanager,tabindex:4)
2025-08-05 14:57:34,186 [INFO] PluginManage:310 - Check plugin rif
2025-08-05 14:57:34,197 [INFO] PluginManage:359 - Loaded plugin rif (category:base,tabindex:3)
2025-08-05 14:57:34,198 [INFO] PluginManage:310 - Check plugin thirdparty
2025-08-05 14:57:34,339 [INFO] PluginManage:359 - Loaded plugin thirdparty (category:base,tabindex:-1)
2025-08-05 14:57:34,339 [WARN] IntegrityCheckThread:84 - waiting for thirdparty lock release [integrity check]
2025-08-05 14:57:34,340 [INFO] PluginManage:310 - Check plugin tools
2025-08-05 14:57:34,340 [INFO] IntegrityCheckThread:86 - entering critical section [integrity check]
2025-08-05 14:57:34,340 [INFO] ThirdPartyUpdaterWithRetryManager:70 - Updater plugin not ready yet. [1/15]
2025-08-05 14:57:34,343 [INFO] PluginManage:359 - Loaded plugin tools (category:base,tabindex:7)
2025-08-05 14:57:34,343 [INFO] PluginManage:310 - Check plugin tutovideos
2025-08-05 14:57:34,500 [INFO] PluginManage:359 - Loaded plugin tutovideos (category:base,tabindex:-1)
2025-08-05 14:57:34,500 [INFO] PluginManage:310 - Check plugin updater
2025-08-05 14:57:34,520 [INFO] PluginManage:359 - Loaded plugin updater (category:base,tabindex:12)
2025-08-05 14:57:34,520 [INFO] PluginManage:310 - Check plugin userauth
2025-08-05 14:57:34,528 [INFO] UserAuth:118 - Init User Auth plugin
2025-08-05 14:57:34,528 [INFO] PluginManage:359 - Loaded plugin userauth (category:base,tabindex:14)
2025-08-05 14:57:34,529 [INFO] PluginManage:283 - PluginManage : Loaded plugins [18]
2025-08-05 14:57:34,680 [INFO] PinOutPanel:1589 - setPackage(No Configuration,No Configuration)
2025-08-05 14:57:34,745 [INFO] CADModel:165 - CPN selected for project level
2025-08-05 14:57:34,746 [INFO] CADModel:114 - Register for checkConnection events
2025-08-05 14:57:34,766 [INFO] IPUIPlugin:80 - create IPUIPlugin
2025-08-05 14:57:34,766 [INFO] PluginManager:220 - loadIPPluginJar : add adc
2025-08-05 14:57:34,768 [INFO] IPUIPlugin:80 - create IPUIPlugin
2025-08-05 14:57:34,768 [INFO] PluginManager:220 - loadIPPluginJar : add aes
2025-08-05 14:57:34,771 [INFO] IPUIPlugin:80 - create IPUIPlugin
2025-08-05 14:57:34,771 [INFO] PluginManager:220 - loadIPPluginJar : add can
2025-08-05 14:57:34,773 [INFO] IPUIPlugin:80 - create IPUIPlugin
2025-08-05 14:57:34,773 [INFO] PluginManager:220 - loadIPPluginJar : add comp
2025-08-05 14:57:34,775 [INFO] IPUIPlugin:80 - create IPUIPlugin
2025-08-05 14:57:34,776 [INFO] PluginManager:220 - loadIPPluginJar : add cryp
2025-08-05 14:57:34,779 [INFO] IPUIPlugin:80 - create IPUIPlugin
2025-08-05 14:57:34,779 [INFO] PluginManager:220 - loadIPPluginJar : add ddr_ctrl_phy
2025-08-05 14:57:34,782 [INFO] IPUIPlugin:80 - create IPUIPlugin
2025-08-05 14:57:34,782 [INFO] PluginManager:220 - loadIPPluginJar : add dfsdm
2025-08-05 14:57:34,786 [INFO] IPUIPlugin:80 - create IPUIPlugin
2025-08-05 14:57:34,787 [INFO] PluginManager:220 - loadIPPluginJar : add dma
2025-08-05 14:57:34,789 [INFO] IPUIPlugin:80 - create IPUIPlugin
2025-08-05 14:57:34,789 [INFO] PluginManager:220 - loadIPPluginJar : add dma3
2025-08-05 14:57:34,792 [INFO] IPUIPlugin:80 - create IPUIPlugin
2025-08-05 14:57:34,792 [INFO] PluginManager:220 - loadIPPluginJar : add extmemmanager
2025-08-05 14:57:34,793 [INFO] IPUIPlugin:80 - create IPUIPlugin
2025-08-05 14:57:34,793 [INFO] PluginManager:220 - loadIPPluginJar : add fatfs
2025-08-05 14:57:34,797 [INFO] IPUIPlugin:80 - create IPUIPlugin
2025-08-05 14:57:34,797 [INFO] PluginManager:220 - loadIPPluginJar : add fmc
2025-08-05 14:57:34,803 [INFO] IPUIPlugin:80 - create IPUIPlugin
2025-08-05 14:57:34,804 [INFO] PluginManager:220 - loadIPPluginJar : add freertos
2025-08-05 14:57:34,805 [INFO] IPUIPlugin:80 - create IPUIPlugin
2025-08-05 14:57:34,805 [INFO] PluginManager:220 - loadIPPluginJar : add genericplugin
2025-08-05 14:57:34,807 [INFO] IPUIPlugin:80 - create IPUIPlugin
2025-08-05 14:57:34,807 [INFO] PluginManager:220 - loadIPPluginJar : add gfxmmu
2025-08-05 14:57:34,811 [INFO] IPUIPlugin:80 - create IPUIPlugin
2025-08-05 14:57:34,811 [INFO] PluginManager:220 - loadIPPluginJar : add gic
2025-08-05 14:57:34,814 [INFO] IPUIPlugin:80 - create IPUIPlugin
2025-08-05 14:57:34,816 [INFO] PluginManager:220 - loadIPPluginJar : add gpio
2025-08-05 14:57:34,818 [INFO] IPUIPlugin:80 - create IPUIPlugin
2025-08-05 14:57:34,819 [INFO] PluginManager:220 - loadIPPluginJar : add gtzc
2025-08-05 14:57:34,822 [INFO] IPUIPlugin:80 - create IPUIPlugin
2025-08-05 14:57:34,822 [INFO] PluginManager:220 - loadIPPluginJar : add hash
2025-08-05 14:57:34,825 [INFO] IPUIPlugin:80 - create IPUIPlugin
2025-08-05 14:57:34,826 [INFO] PluginManager:220 - loadIPPluginJar : add i2c
2025-08-05 14:57:34,830 [INFO] IPUIPlugin:80 - create IPUIPlugin
2025-08-05 14:57:34,830 [INFO] PluginManager:220 - loadIPPluginJar : add i2s
2025-08-05 14:57:34,833 [INFO] IPUIPlugin:80 - create IPUIPlugin
2025-08-05 14:57:34,833 [INFO] PluginManager:220 - loadIPPluginJar : add i3c
2025-08-05 14:57:34,838 [INFO] IPUIPlugin:80 - create IPUIPlugin
2025-08-05 14:57:34,838 [INFO] PluginManager:220 - loadIPPluginJar : add ipddr
2025-08-05 14:57:34,845 [INFO] IPUIPlugin:80 - create IPUIPlugin
2025-08-05 14:57:34,845 [INFO] PluginManager:220 - loadIPPluginJar : add linkedlist
2025-08-05 14:57:34,849 [INFO] IPUIPlugin:80 - create IPUIPlugin
2025-08-05 14:57:34,851 [INFO] PluginManager:220 - loadIPPluginJar : add lorawan
2025-08-05 14:57:34,853 [INFO] IPUIPlugin:80 - create IPUIPlugin
2025-08-05 14:57:34,853 [INFO] PluginManager:220 - loadIPPluginJar : add ltdc
2025-08-05 14:57:34,859 [INFO] IPUIPlugin:80 - create IPUIPlugin
2025-08-05 14:57:34,859 [INFO] PluginManager:220 - loadIPPluginJar : add mdma
2025-08-05 14:57:34,862 [INFO] IPUIPlugin:80 - create IPUIPlugin
2025-08-05 14:57:34,862 [INFO] PluginManager:220 - loadIPPluginJar : add nvic
2025-08-05 14:57:34,865 [INFO] IPUIPlugin:80 - create IPUIPlugin
2025-08-05 14:57:34,865 [INFO] PluginManager:220 - loadIPPluginJar : add opamp
2025-08-05 14:57:34,869 [INFO] IPUIPlugin:80 - create IPUIPlugin
2025-08-05 14:57:34,869 [INFO] PluginManager:220 - loadIPPluginJar : add openamp
2025-08-05 14:57:34,873 [INFO] IPUIPlugin:80 - create IPUIPlugin
2025-08-05 14:57:34,873 [INFO] PluginManager:220 - loadIPPluginJar : add pdm2pcm
2025-08-05 14:57:34,879 [INFO] IPUIPlugin:80 - create IPUIPlugin
2025-08-05 14:57:34,880 [INFO] PluginManager:220 - loadIPPluginJar : add plateformsettings
2025-08-05 14:57:34,882 [INFO] IPUIPlugin:80 - create IPUIPlugin
2025-08-05 14:57:34,882 [INFO] PluginManager:220 - loadIPPluginJar : add quadspi
2025-08-05 14:57:34,884 [INFO] IPUIPlugin:80 - create IPUIPlugin
2025-08-05 14:57:34,885 [INFO] PluginManager:220 - loadIPPluginJar : add radio
2025-08-05 14:57:34,889 [INFO] IPUIPlugin:80 - create IPUIPlugin
2025-08-05 14:57:34,890 [INFO] PluginManager:220 - loadIPPluginJar : add resmgrutility
2025-08-05 14:57:34,893 [INFO] IPUIPlugin:80 - create IPUIPlugin
2025-08-05 14:57:34,893 [INFO] PluginManager:220 - loadIPPluginJar : add sai
2025-08-05 14:57:34,896 [INFO] IPUIPlugin:80 - create IPUIPlugin
2025-08-05 14:57:34,896 [INFO] PluginManager:220 - loadIPPluginJar : add spi
2025-08-05 14:57:34,900 [INFO] IPUIPlugin:80 - create IPUIPlugin
2025-08-05 14:57:34,901 [INFO] PluginManager:220 - loadIPPluginJar : add stm32_wpan
2025-08-05 14:57:34,902 [INFO] IPUIPlugin:80 - create IPUIPlugin
2025-08-05 14:57:34,902 [INFO] PluginManager:220 - loadIPPluginJar : add tim
2025-08-05 14:57:34,904 [INFO] IPUIPlugin:80 - create IPUIPlugin
2025-08-05 14:57:34,904 [INFO] PluginManager:220 - loadIPPluginJar : add touchsensing
2025-08-05 14:57:34,906 [INFO] IPUIPlugin:80 - create IPUIPlugin
2025-08-05 14:57:34,906 [INFO] PluginManager:220 - loadIPPluginJar : add tracer_emb
2025-08-05 14:57:34,907 [INFO] IPUIPlugin:80 - create IPUIPlugin
2025-08-05 14:57:34,907 [INFO] PluginManager:220 - loadIPPluginJar : add ts
2025-08-05 14:57:34,909 [INFO] IPUIPlugin:80 - create IPUIPlugin
2025-08-05 14:57:34,909 [INFO] PluginManager:220 - loadIPPluginJar : add tsc
2025-08-05 14:57:34,911 [INFO] IPUIPlugin:80 - create IPUIPlugin
2025-08-05 14:57:34,911 [INFO] PluginManager:220 - loadIPPluginJar : add ucpd
2025-08-05 14:57:34,913 [INFO] IPUIPlugin:80 - create IPUIPlugin
2025-08-05 14:57:34,913 [INFO] PluginManager:220 - loadIPPluginJar : add usart
2025-08-05 14:57:34,915 [INFO] IPUIPlugin:80 - create IPUIPlugin
2025-08-05 14:57:34,915 [INFO] PluginManager:220 - loadIPPluginJar : add usbx
2025-08-05 14:57:35,025 [FATAL] Updater:351 - Updater called before beeing initialized
2025-08-05 14:57:35,045 [INFO] RulesReader:64 - Compatibility file has been processed (317 Rules)
2025-08-05 14:57:35,053 [INFO] RulesReader:64 - Compatibility file has been processed (317 Rules)
2025-08-05 14:57:35,065 [INFO] CADModel:165 - CPN selected for project level
2025-08-05 14:57:35,065 [INFO] CADModel:114 - Register for checkConnection events
2025-08-05 14:57:35,065 [FATAL] Updater:351 - Updater called before beeing initialized
2025-08-05 14:57:35,065 [ERROR] CADModel:125 - Updater not yet initialized, retry later 
2025-08-05 14:57:35,182 [FATAL] Updater:351 - Updater called before beeing initialized
2025-08-05 14:57:35,183 [INFO] CADModel:165 - CPN selected for project level
2025-08-05 14:57:35,183 [INFO] CADModel:114 - Register for checkConnection events
2025-08-05 14:57:35,184 [FATAL] Updater:351 - Updater called before beeing initialized
2025-08-05 14:57:35,184 [ERROR] CADModel:125 - Updater not yet initialized, retry later 
2025-08-05 14:57:35,186 [FATAL] Updater:351 - Updater called before beeing initialized
2025-08-05 14:57:35,258 [FATAL] Updater:351 - Updater called before beeing initialized
2025-08-05 14:57:35,260 [INFO] DbMcusAds:53 - JSON generation date=Tue Jul 08 13:44:23 IST 2025 (1751962463582)
2025-08-05 14:57:35,260 [FATAL] Updater:351 - Updater called before beeing initialized
2025-08-05 14:57:35,287 [WARN] DetailPanel:346 - Failed to get advertising image, set to default
2025-08-05 14:57:35,357 [FATAL] Updater:351 - Updater called before beeing initialized
2025-08-05 14:57:35,359 [FATAL] Updater:351 - Updater called before beeing initialized
2025-08-05 14:57:35,359 [FATAL] Updater:351 - Updater called before beeing initialized
2025-08-05 14:57:35,359 [WARN] DetailPanel:346 - Failed to get advertising image, set to default
2025-08-05 14:57:35,359 [FATAL] Updater:351 - Updater called before beeing initialized
2025-08-05 14:57:35,391 [ERROR] Updater:1198 - MainUpdater not yet initialized. External WinMGr cannot be set.
2025-08-05 14:57:35,392 [INFO] Updater:1134 - Updater Version found : 6.15.0
2025-08-05 14:57:35,407 [INFO] ApplicationProperties:184 - Using Application install path: C:\ST\STM32CubeIDE_1.19.0\STM32CubeIDE\plugins\com.st.stm32cube.common.mx_6.15.0.202507011659
2025-08-05 14:57:36,978 [ERROR] LogOutputStream:75 - [STDERR_REDIRECT] Aug 05, 2025 2:57:36 PM java.util.prefs.WindowsPreferences <init>
2025-08-05 14:57:36,979 [ERROR] LogOutputStream:75 - [STDERR_REDIRECT] WARNING: Could not open/create prefs root node Software\JavaSoft\Prefs at root 0xffffffff80000002. Windows RegCreateKeyEx(...) returned error code 5.
2025-08-05 14:57:36,979 [ERROR] LogOutputStream:75 - [STDERR_REDIRECT] 
2025-08-05 14:57:37,342 [INFO] ThirdPartyUpdaterWithRetryManager:70 - Updater plugin not ready yet. [2/15]
2025-08-05 14:57:37,759 [INFO] MainUpdater:2872 - connection check result : 10
2025-08-05 14:57:37,760 [INFO] MainUpdater:3604 - Updater definition file requires update
2025-08-05 14:57:37,762 [INFO] MainUpdater:289 - Updater Check For Update Now.
2025-08-05 14:57:37,762 [INFO] MicroXplorer:498 - Change Database Version : DB.6.0.150
2025-08-05 14:57:37,818 [INFO] McuFinderGlobals:63 - Set McuFinder mode to 2 (CubeIDE integrated)
2025-08-05 14:57:37,819 [INFO] UserAuth:487 - Internet connection configuration mode: 1
2025-08-05 14:57:37,824 [INFO] ServerAccessManage:452 - Complete download http(s) 200
2025-08-05 14:57:37,825 [INFO] ServerAccessManage:509 - Download File updaters.zip
2025-08-05 14:57:37,855 [INFO] JxBrowserEngine:152 - Initiate JxBrowser Engine with user profile folder
2025-08-05 14:57:37,933 [INFO] FileExtend:248 - Unzip File : updaters.zip
2025-08-05 14:57:37,933 [INFO] FileExtend:263 - Standard Zip Deflate
2025-08-05 14:57:38,324 [INFO] ServerAccessManage:452 - Complete download http(s) 200
2025-08-05 14:57:38,324 [INFO] ServerAccessManage:509 - Download File PacksControlFlags.xml
2025-08-05 14:57:38,393 [INFO] ServerAccessManage:452 - Complete download http(s) 200
2025-08-05 14:57:38,393 [INFO] ServerAccessManage:509 - Download File cubemx.pidx
2025-08-05 14:57:39,539 [INFO] ServerAccessManage:452 - Complete download http(s) 200
2025-08-05 14:57:39,540 [INFO] ServerAccessManage:509 - Download File STMicroelectronics.FP-SNS-STBOX1.pdsc
2025-08-05 14:57:40,228 [INFO] ServerAccessManage:452 - Complete download http(s) 200
2025-08-05 14:57:40,229 [INFO] ServerAccessManage:509 - Download File STMicroelectronics.X-CUBE-AI.pdsc
2025-08-05 14:57:40,342 [WARN] MainUpdater:1193 - Updater busy. Cannot search thirdparties
2025-08-05 14:57:40,342 [INFO] ThirdPartyUpdaterWithRetryManager:96 - Updater plugin is busy. [1/15]
2025-08-05 14:57:40,933 [INFO] WebApp:169 - Instantiating new browser for Auth
2025-08-05 14:57:42,737 [WARN] PackLoader:240 - Cannot read IP mode file for STMicroelectronics.FP-SNS-STBOX1.2.1.0
2025-08-05 14:57:42,761 [WARN] PackLoader:240 - Cannot read IP mode file for STMicroelectronics.X-CUBE-AI.10.2.0
2025-08-05 14:57:42,763 [INFO] PopulateThirdPartyThread:66 - Ending populate Thread
2025-08-05 14:57:42,765 [INFO] ThirdParty:1030 - CMSIS Pack Vendor :STMicroelectronics FP-SNS-STBOX1 2.1.0
2025-08-05 14:57:42,765 [INFO] ThirdParty:1030 - CMSIS Pack Vendor :STMicroelectronics X-CUBE-AI 10.2.0
2025-08-05 14:57:42,766 [INFO] LoadServerUpdatesThread:375 - End of LoadServerUpdate Thread
2025-08-05 14:57:42,912 [INFO] WebApp:463 - Apply proxy settings
2025-08-05 14:57:42,913 [INFO] WebApp:548 - Chromium requires no authentication
2025-08-05 14:57:42,930 [INFO] WebApp:491 - Direct internet connection detected
2025-08-05 14:57:43,007 [INFO] CheckServerUpdateThread:120 - End of CheckServer Thread
2025-08-05 14:57:43,078 [INFO] WebApp:900 - Register for checkConnection events
2025-08-05 14:57:43,078 [INFO] WebApp:463 - Apply proxy settings
2025-08-05 14:57:43,079 [INFO] WebApp:548 - Chromium requires no authentication
2025-08-05 14:57:43,080 [INFO] WebApp:491 - Direct internet connection detected
2025-08-05 14:57:43,390 [INFO] WebApp:191 - Connection restablished
2025-08-05 14:57:43,534 [INFO] WebApp:225 - Starting web application
2025-08-05 14:57:43,535 [INFO] WebApp:593 - Web application path used C:\ST\STM32CubeIDE_1.19.0\STM32CubeIDE\plugins\com.st.stm32cube.common.mx_6.15.0.202507011659\db\plugins\mcufinder\reactClient1\index.html
2025-08-05 14:57:43,985 [INFO] UserAuth:487 - Internet connection configuration mode: 1
2025-08-05 14:57:44,153 [WARN] PackLoader:240 - Cannot read IP mode file for STMicroelectronics.FP-SNS-MOTENVWB1.1.4.0
2025-08-05 14:57:44,162 [WARN] PackLoader:240 - Cannot read IP mode file for STMicroelectronics.FP-ATR-ASTRA1.2.0.2
2025-08-05 14:57:44,167 [WARN] PackLoader:240 - Cannot read IP mode file for STMicroelectronics.FP-ATR-ASTRA1.2.0.1
2025-08-05 14:57:44,184 [WARN] PackLoader:240 - Cannot read IP mode file for STMicroelectronics.X-CUBE-SMBUS.2.1.0
2025-08-05 14:57:44,194 [WARN] PackLoader:240 - Cannot read IP mode file for STMicroelectronics.X-CUBE-WB05N.1.1.0
2025-08-05 14:57:44,202 [WARN] PackLoader:240 - Cannot read IP mode file for STMicroelectronics.X-CUBE-ST60.1.0.0
2025-08-05 14:57:44,233 [WARN] PackLoader:240 - Cannot read IP mode file for STMicroelectronics.X-CUBE-AZRTOS-F7.1.1.0
2025-08-05 14:57:44,327 [WARN] PackLoader:240 - Cannot read IP mode file for STMicroelectronics.X-CUBE-MEMS1.11.0.0
2025-08-05 14:57:44,548 [WARN] PackLoader:240 - Cannot read IP mode file for STMicroelectronics.FP-SNS-FLIGHT1.5.0.2
2025-08-05 14:57:44,576 [WARN] PackLoader:240 - Cannot read IP mode file for STMicroelectronics.X-CUBE-AZRTOS-H7.3.4.0
2025-08-05 14:57:44,588 [WARN] PackLoader:240 - Cannot read IP mode file for STMicroelectronics.X-CUBE-DISPLAY.3.0.0
2025-08-05 14:57:44,600 [WARN] PackLoader:240 - Cannot read IP mode file for STMicroelectronics.X-CUBE-BLE1.7.0.0
2025-08-05 14:57:44,608 [WARN] PackLoader:240 - Cannot read IP mode file for STMicroelectronics.X-CUBE-NFC10.1.0.0
2025-08-05 14:57:44,620 [WARN] PackLoader:240 - Cannot read IP mode file for STMicroelectronics.X-CUBE-BLEMGR.4.0.0
2025-08-05 14:57:44,633 [WARN] PackLoader:240 - Cannot read IP mode file for emotas.I-CUBE-CANOPEN.1.3.0
2025-08-05 14:57:44,643 [WARN] PackLoader:240 - Cannot read IP mode file for STMicroelectronics.X-CUBE-BLEMGR.3.1.0
2025-08-05 14:57:44,652 [WARN] PackLoader:240 - Cannot read IP mode file for STMicroelectronics.X-CUBE-AI.10.0.0
2025-08-05 14:57:44,666 [WARN] PackLoader:240 - Cannot read IP mode file for STMicroelectronics.FP-SNS-STBOX1.2.1.0
2025-08-05 14:57:44,674 [WARN] PackLoader:240 - Cannot read IP mode file for STMicroelectronics.FP-SNS-SMARTAG2.1.2.0
2025-08-05 14:57:44,680 [WARN] PackLoader:240 - Cannot read IP mode file for STMicroelectronics.FP-SNS-FLIGHT1.5.1.0
2025-08-05 14:57:44,787 [WARN] PackLoader:240 - Cannot read IP mode file for STMicroelectronics.X-CUBE-MEMS1.11.1.0
2025-08-05 14:57:44,902 [INFO] LogOutputStream:77 - [STDOUT_REDIRECT] 1 : Invalid condition id : UX_CORESTACK_Condition cause : null
2025-08-05 14:57:44,904 [INFO] LogOutputStream:77 - [STDOUT_REDIRECT] 1 : Invalid condition id : UX_CORESTACK_Condition cause : null
2025-08-05 14:57:44,906 [INFO] LogOutputStream:77 - [STDOUT_REDIRECT] 1 : Invalid condition id : UX_CORESTACK_Condition cause : null
2025-08-05 14:57:44,907 [INFO] LogOutputStream:77 - [STDOUT_REDIRECT] 1 : Invalid condition id : UX_CORESTACK_Condition cause : null
2025-08-05 14:57:44,912 [INFO] LogOutputStream:77 - [STDOUT_REDIRECT] 1 : Invalid condition id : UX_CORESTACK_Condition cause : null
2025-08-05 14:57:44,914 [WARN] PackLoader:240 - Cannot read IP mode file for STMicroelectronics.X-CUBE-AZRTOS-WL.2.0.0
2025-08-05 14:57:44,920 [WARN] PackLoader:240 - Cannot read IP mode file for STMicroelectronics.FP-SNS-MOTENV1.5.0.0
2025-08-05 14:57:44,927 [WARN] PackLoader:240 - Cannot read IP mode file for wolfSSL.I-CUBE-wolfMQTT.1.19.0
2025-08-05 14:57:44,935 [WARN] PackLoader:240 - Cannot read IP mode file for WES.I-CUBE-Cesium.1.3.0
2025-08-05 14:57:44,943 [WARN] PackLoader:240 - Cannot read IP mode file for STMicroelectronics.X-CUBE-BLE2.3.3.0
2025-08-05 14:57:44,951 [WARN] PackLoader:240 - Cannot read IP mode file for STMicroelectronics.X-CUBE-NFC9.1.0.0
2025-08-05 14:57:44,959 [WARN] PackLoader:240 - Cannot read IP mode file for STMicroelectronics.X-CUBE-BLE1.7.1.0
2025-08-05 14:57:44,967 [WARN] PackLoader:240 - Cannot read IP mode file for STMicroelectronics.X-CUBE-TCPP.4.1.0
2025-08-05 14:57:44,974 [WARN] PackLoader:240 - Cannot read IP mode file for STMicroelectronics.X-CUBE-EEPRMA1.5.2.0
2025-08-05 14:57:44,982 [WARN] PackLoader:240 - Cannot read IP mode file for STMicroelectronics.X-CUBE-AI.10.1.0
2025-08-05 14:57:45,032 [WARN] PackLoader:240 - Cannot read IP mode file for STMicroelectronics.X-CUBE-MEMS1.11.2.0
2025-08-05 14:57:45,174 [WARN] PackLoader:240 - Cannot read IP mode file for STMicroelectronics.X-CUBE-AZRTOS-G0.1.1.0
2025-08-05 14:57:45,187 [WARN] PackLoader:240 - Cannot read IP mode file for STMicroelectronics.X-CUBE-SAFEA1.1.2.2
2025-08-05 14:57:45,197 [WARN] PackLoader:240 - Cannot read IP mode file for STMicroelectronics.X-CUBE-NFC4.3.0.0
2025-08-05 14:57:45,222 [WARN] PackLoader:240 - Cannot read IP mode file for EmbeddedOffice.I-CUBE-FS-RTOS.1.0.1
2025-08-05 14:57:45,232 [WARN] PackLoader:240 - Cannot read IP mode file for STMicroelectronics.X-CUBE-WB05N.2.0.0
2025-08-05 14:57:45,238 [WARN] PackLoader:240 - Cannot read IP mode file for STMicroelectronics.X-CUBE-TCPP.4.2.0
2025-08-05 14:57:45,249 [WARN] PackLoader:240 - Cannot read IP mode file for RealThread.X-CUBE-RT-Thread_Nano.4.1.1
2025-08-05 14:57:45,253 [WARN] PackLoader:240 - Cannot read IP mode file for STMicroelectronics.FP-ATR-SIGFOX1.3.2.0
2025-08-05 14:57:45,263 [WARN] ConditionMgr:438 - getConditionDescription Invalid condition id : Cortex-A Device cause : null
2025-08-05 14:57:45,277 [WARN] ConditionMgr:1044 - genDependencies : Invalid condition id : Cortex-A Device cause : null
2025-08-05 14:57:45,277 [WARN] ConditionMgr:1044 - genDependencies : Invalid condition id : Cortex-A Device cause : null
2025-08-05 14:57:45,277 [WARN] ConditionMgr:1044 - genDependencies : Invalid condition id : Cortex-A Device cause : null
2025-08-05 14:57:45,282 [WARN] PackLoader:240 - Cannot read IP mode file for STMicroelectronics.X-CUBE-EEPRMA1.5.1.0
2025-08-05 14:57:45,288 [WARN] PackLoader:240 - Cannot read IP mode file for wolfSSL.I-CUBE-wolfSSL.5.7.4
2025-08-05 14:57:45,297 [WARN] PackLoader:240 - Cannot read IP mode file for ITTIA_DB.I-CUBE-ITTIADB.8.9.0
2025-08-05 14:57:45,304 [WARN] PackLoader:240 - Cannot read IP mode file for STMicroelectronics.X-CUBE-ST67W61.1.0.0
2025-08-05 14:57:45,309 [WARN] PackLoader:240 - Cannot read IP mode file for STMicroelectronics.X-CUBE-AI.10.2.0
2025-08-05 14:57:45,337 [WARN] PackLoader:240 - Cannot read IP mode file for SEGGER.I-CUBE-embOS.1.3.1
2025-08-05 14:57:45,381 [WARN] PackLoader:240 - Cannot read IP mode file for STMicroelectronics.X-CUBE-ALGOBUILD.1.4.0
2025-08-05 14:57:45,432 [WARN] PackLoader:240 - Cannot read IP mode file for STMicroelectronics.X-CUBE-MEMS1.11.3.0
2025-08-05 14:57:45,585 [WARN] PackLoader:240 - Cannot read IP mode file for STMicroelectronics.X-CUBE-AI.9.1.0
2025-08-05 14:57:45,590 [WARN] PackLoader:240 - Cannot read IP mode file for STMicroelectronics.X-CUBE-PM33A1.1.0.0
2025-08-05 14:57:45,605 [WARN] PackLoader:240 - Cannot read IP mode file for STMicroelectronics.X-CUBE-AZRTOS-F4.1.1.0
2025-08-05 14:57:45,614 [WARN] PackLoader:240 - Cannot read IP mode file for Avnet-IotConnect.X-CUBE-IoTC-DA16k-PMOD.1.0.0
2025-08-05 14:57:45,619 [WARN] PackLoader:240 - Cannot read IP mode file for STMicroelectronics.X-CUBE-ISPU.2.1.0
2025-08-05 14:57:45,626 [WARN] PackLoader:240 - Cannot read IP mode file for STMicroelectronics.X-CUBE-FREERTOS.1.2.0
2025-08-05 14:57:45,632 [WARN] PackLoader:240 - Cannot read IP mode file for STMicroelectronics.X-CUBE-NFC12.1.0.0
2025-08-05 14:57:45,647 [WARN] PackLoader:240 - Cannot read IP mode file for STMicroelectronics.X-CUBE-AZRTOS-L5.2.0.0
2025-08-05 14:57:45,659 [WARN] PackLoader:240 - Cannot read IP mode file for STMicroelectronics.X-CUBE-NFC6.3.1.0
2025-08-05 14:57:45,666 [WARN] PackLoader:240 - Cannot read IP mode file for STMicroelectronics.X-CUBE-DPower.1.2.0
2025-08-05 14:57:45,676 [WARN] PackLoader:240 - Cannot read IP mode file for STMicroelectronics.X-CUBE-FREERTOS.1.3.1
2025-08-05 14:57:45,682 [WARN] PackLoader:240 - Cannot read IP mode file for STMicroelectronics.X-CUBE-FREERTOS.1.3.0
2025-08-05 14:57:45,692 [WARN] PackLoader:240 - Cannot read IP mode file for STMicroelectronics.X-CUBE-NFC7.1.0.1
2025-08-05 14:57:45,699 [WARN] PackLoader:240 - Cannot read IP mode file for STMicroelectronics.FP-SNS-STAIOTCFT.1.0.0
2025-08-05 14:57:45,705 [WARN] PackLoader:240 - Cannot read IP mode file for STMicroelectronics.X-CUBE-DPower.1.3.0
2025-08-05 14:57:45,723 [WARN] ConditionMgr:438 - getConditionDescription Invalid condition id : LAN8742 Phy interface Condition cause : null
2025-08-05 14:57:45,723 [WARN] PackLoader:240 - Cannot read IP mode file for STMicroelectronics.X-CUBE-AZRTOS-L4.2.0.0
2025-08-05 14:57:45,726 [WARN] ConditionMgr:1044 - genDependencies : Invalid condition id : LAN8742 Phy interface Condition cause : null
2025-08-05 14:57:45,727 [WARN] ConditionMgr:1044 - genDependencies : Invalid condition id : LAN8742 Phy interface Condition cause : null
2025-08-05 14:57:45,728 [WARN] ConditionMgr:1044 - genDependencies : Invalid condition id : LAN8742 Phy interface Condition cause : null
2025-08-05 14:57:45,736 [WARN] PackLoader:240 - Cannot read IP mode file for STMicroelectronics.X-CUBE-SFXS2LP1.4.0.0
2025-08-05 14:57:45,754 [WARN] PackLoader:240 - Cannot read IP mode file for STMicroelectronics.X-CUBE-AZRTOS-H7.3.3.0
2025-08-05 14:57:45,766 [WARN] PackLoader:240 - Cannot read IP mode file for STMicroelectronics.X-CUBE-BLEMGR.4.1.0
2025-08-05 14:57:45,784 [WARN] PackLoader:240 - Cannot read IP mode file for STMicroelectronics.X-CUBE-IPS.3.0.0
2025-08-05 14:57:45,799 [WARN] ConditionMgr:438 - getConditionDescription Invalid condition id : UX DEVICE CLASS RTOS Condition cause : null
2025-08-05 14:57:45,800 [WARN] ConditionMgr:438 - getConditionDescription Invalid condition id : UX DEVICE CLASS RTOS Condition cause : null
2025-08-05 14:57:45,801 [WARN] PackLoader:240 - Cannot read IP mode file for STMicroelectronics.X-CUBE-AZRTOS-WB.2.0.0
2025-08-05 14:57:45,802 [WARN] ConditionMgr:1044 - genDependencies : Invalid condition id : UX DEVICE CLASS RTOS Condition cause : null
2025-08-05 14:57:45,803 [WARN] ConditionMgr:1044 - genDependencies : Invalid condition id : UX DEVICE CLASS RTOS Condition cause : null
2025-08-05 14:57:45,803 [WARN] ConditionMgr:1044 - genDependencies : Invalid condition id : UX DEVICE CLASS RTOS Condition cause : null
2025-08-05 14:57:45,804 [WARN] ConditionMgr:1044 - genDependencies : Invalid condition id : UX DEVICE CLASS RTOS Condition cause : null
2025-08-05 14:57:45,804 [WARN] ConditionMgr:1044 - genDependencies : Invalid condition id : UX DEVICE CLASS RTOS Condition cause : null
2025-08-05 14:57:45,813 [WARN] PackLoader:240 - Cannot read IP mode file for STMicroelectronics.X-CUBE-GNSS1.7.0.0
2025-08-05 14:57:45,819 [WARN] PackLoader:240 - Cannot read IP mode file for STMicroelectronics.X-CUBE-GNSS1.7.0.1
2025-08-05 14:57:45,826 [WARN] PackLoader:240 - Cannot read IP mode file for STMicroelectronics.X-CUBE-TOUCHGFX.4.25.0
2025-08-05 14:57:45,831 [WARN] PackLoader:240 - Cannot read IP mode file for STMicroelectronics.FP-SNS-STBOX1.2.0.0
2025-08-05 14:57:45,848 [WARN] PackLoader:240 - Cannot read IP mode file for STMicroelectronics.X-CUBE-SUBG2.5.0.0
2025-08-05 14:57:45,867 [WARN] PackLoader:240 - Cannot read IP mode file for STMicroelectronics.X-CUBE-AZRTOS-H7RS.1.1.0
2025-08-05 14:57:45,876 [WARN] PackLoader:240 - Cannot read IP mode file for Cesanta.I-CUBE-Mongoose.7.13.0
2025-08-05 14:57:45,891 [WARN] PackLoader:240 - Cannot read IP mode file for STMicroelectronics.X-CUBE-AZRTOS-G4.2.0.0
2025-08-05 14:57:45,898 [WARN] PackLoader:240 - Cannot read IP mode file for STMicroelectronics.X-CUBE-NFC7.2.0.0
2025-08-05 14:57:45,910 [WARN] PackLoader:240 - Cannot read IP mode file for STMicroelectronics.X-CUBE-IPS.3.1.0
2025-08-05 14:57:45,928 [WARN] PackLoader:240 - Cannot read IP mode file for STMicroelectronics.X-CUBE-ALS.1.0.2
2025-08-05 14:57:45,933 [WARN] PackLoader:240 - Cannot read IP mode file for STMicroelectronics.X-CUBE-TOUCHGFX.4.24.1
2025-08-05 14:57:45,938 [WARN] PackLoader:240 - Cannot read IP mode file for wolfSSL.I-CUBE-wolfTPM.3.4.0
2025-08-05 14:57:45,945 [WARN] PackLoader:240 - Cannot read IP mode file for portGmbH.I-Cube-SoM-uGOAL.1.1.0
2025-08-05 14:57:45,961 [WARN] PackLoader:240 - Cannot read IP mode file for STMicroelectronics.X-CUBE-AZRTOS-H7RS.1.0.0
2025-08-05 14:57:45,985 [WARN] PackLoader:240 - Cannot read IP mode file for STMicroelectronics.X-CUBE-TOF1.3.4.2
2025-08-05 14:57:46,016 [WARN] PackLoader:240 - Cannot read IP mode file for STMicroelectronics.X-CUBE-TOF1.3.4.3
2025-08-05 14:57:46,046 [WARN] PackLoader:240 - Cannot read IP mode file for Infineon.AIROC-Wi-Fi-Bluetooth-STM32.1.6.1
2025-08-05 14:57:46,084 [WARN] PackLoader:240 - Cannot read IP mode file for wolfSSL.I-CUBE-wolfSSH.1.4.17
2025-08-05 14:57:46,085 [INFO] ThirdParty:978 - Integrity check success = true
2025-08-05 14:57:46,085 [INFO] IntegrityCheckThread:100 - exiting critical section [integrity check]
2025-08-05 14:57:46,085 [INFO] IntegrityCheckThread:103 - End integrity checks thread
2025-08-05 16:19:43,797 [INFO] WebApp:194 - Connection lost
2025-08-05 16:19:54,789 [INFO] WebApp:191 - Connection restablished
2025-08-05 16:34:14,203 [INFO] WebApp:194 - Connection lost
2025-08-05 16:36:25,935 [INFO] WebApp:191 - Connection restablished
2025-08-05 16:41:51,412 [INFO] WebApp:194 - Connection lost
2025-08-05 16:41:51,709 [INFO] WebApp:191 - Connection restablished
2025-08-05 18:59:10,016 [INFO] WebApp:194 - Connection lost
2025-08-05 18:59:12,891 [ERROR] ConfigurationRetriever:142 - IOException on connection: sw-center.st.com
2025-08-05 18:59:12,893 [ERROR] ConfigurationRetriever:142 - IOException on connection: sw-center.st.com
2025-08-05 18:59:12,893 [ERROR] ConfigurationRetriever:142 - IOException on connection: sw-center.st.com
2025-08-05 18:59:36,717 [ERROR] ConfigurationRetriever:142 - IOException on connection: sw-center.st.com
2025-08-05 18:59:36,719 [ERROR] ConfigurationRetriever:142 - IOException on connection: sw-center.st.com
2025-08-05 18:59:36,721 [ERROR] ConfigurationRetriever:142 - IOException on connection: sw-center.st.com
2025-08-05 18:59:57,370 [ERROR] ConfigurationRetriever:142 - IOException on connection: sw-center.st.com
2025-08-05 18:59:57,371 [ERROR] ConfigurationRetriever:142 - IOException on connection: sw-center.st.com
2025-08-05 18:59:57,371 [ERROR] ConfigurationRetriever:142 - IOException on connection: sw-center.st.com
2025-08-05 19:00:42,867 [ERROR] ConfigurationRetriever:142 - IOException on connection: sw-center.st.com
2025-08-05 19:00:42,868 [ERROR] ConfigurationRetriever:142 - IOException on connection: sw-center.st.com
2025-08-05 19:00:42,868 [ERROR] ConfigurationRetriever:142 - IOException on connection: sw-center.st.com
2025-08-05 19:01:32,172 [INFO] WebApp:191 - Connection restablished
2025-08-05 19:14:23,392 [INFO] WebApp:194 - Connection lost
2025-08-05 19:14:23,601 [INFO] WebApp:191 - Connection restablished
2025-08-05 19:20:39,416 [ERROR] LogOutputStream:75 - [STDERR_REDIRECT] 
2025-08-05 19:20:39,418 [ERROR] LogOutputStream:75 - [STDERR_REDIRECT] 
