2025-08-15 09:44:38,743 [INFO] Activator:176 - 


2025-08-15 09:44:38,747 [INFO] Activator:177 - !SESSION log4j initialized
2025-08-15 09:44:43,759 [INFO] LogOutputStream:77 - [STDOUT_REDIRECT] 
2025-08-15 09:44:44,260 [ERROR] ConfigurationRetriever:142 - IOException on connection: sw-center.st.com
2025-08-15 09:44:44,261 [ERROR] ConfigurationRetriever:142 - IOException on connection: sw-center.st.com
2025-08-15 09:44:44,262 [ERROR] ConfigurationRetriever:142 - IOException on connection: sw-center.st.com
2025-08-15 09:44:44,863 [INFO] ApplicationProperties:184 - Using Application install path: C:\ST\STM32CubeIDE_1.19.0\STM32CubeIDE\plugins\com.st.stm32cube.common.mx_6.15.0.202507011659
2025-08-15 09:44:44,880 [INFO] DbMcusXml:78 - Set database path to: C:\ST\STM32CubeIDE_1.19.0\STM32CubeIDE\plugins\com.st.stm32cube.common.mx_6.15.0.202507011659\\db\/mcu/
2025-08-15 09:44:44,881 [INFO] ApiDb:274 - Set plugin database path to: C:\ST\STM32CubeIDE_1.19.0\STM32CubeIDE\plugins\com.st.stm32cube.common.mx_6.15.0.202507011659\\db\/plugins/boardmanager/
2025-08-15 09:44:44,881 [WARN] ApiDb:259 - Overriding images path with different value:  => C:\ST\STM32CubeIDE_1.19.0\STM32CubeIDE\plugins\com.st.stm32cube.common.mx_6.15.0.202507011659\\db\/plugins/mcufinder/images/
2025-08-15 09:44:44,890 [INFO] ApiDb:250 - Set database path to: C:\Users\sheet\.stmcufinder\plugins\mcufinder//mcu/
2025-08-15 09:44:44,892 [INFO] DbMcusAds:125 - Set database path to: C:\Users\sheet\.stmcufinder\plugins\mcufinder//mcu/
2025-08-15 09:44:44,894 [INFO] CrossReferenceDbSqlite:203 - Set database path to: C:\Users\sheet\.stmcufinder\plugins\mcufinder//mcu/cs/
2025-08-15 09:44:45,054 [INFO] RulesReader:64 - Compatibility file has been processed (317 Rules)
2025-08-15 09:44:45,135 [INFO] DbMcusXml:78 - Set database path to: C:\ST\STM32CubeIDE_1.19.0\STM32CubeIDE\plugins\com.st.stm32cube.common.mx_6.15.0.202507011659\\db\/mcu/
2025-08-15 09:44:45,136 [INFO] ApiDb:274 - Set plugin database path to: C:\ST\STM32CubeIDE_1.19.0\STM32CubeIDE\plugins\com.st.stm32cube.common.mx_6.15.0.202507011659\\db\/plugins/boardmanager/
2025-08-15 09:44:45,136 [INFO] ApiDb:261 - Set plugin images path to: C:\ST\STM32CubeIDE_1.19.0\STM32CubeIDE\plugins\com.st.stm32cube.common.mx_6.15.0.202507011659\\db\/plugins/mcufinder/images/
2025-08-15 09:44:45,136 [WARN] DbFile:41 - Overriding database path with different value: C:\Users\sheet\.stmcufinder\plugins\mcufinder/ => C:\Users\sheet\.stmcufinder\plugins\mcufinder
2025-08-15 09:44:45,136 [INFO] ApiDb:250 - Set database path to: C:\Users\sheet\.stmcufinder\plugins\mcufinder//mcu/
2025-08-15 09:44:45,136 [WARN] DbFile:41 - Overriding database path with different value: C:\Users\sheet\.stmcufinder\plugins\mcufinder/ => C:\Users\sheet\.stmcufinder\plugins\mcufinder
2025-08-15 09:44:45,136 [INFO] DbMcusAds:125 - Set database path to: C:\Users\sheet\.stmcufinder\plugins\mcufinder//mcu/
2025-08-15 09:44:45,136 [WARN] DbFile:41 - Overriding database path with different value: C:\Users\sheet\.stmcufinder\plugins\mcufinder/ => C:\Users\sheet\.stmcufinder\plugins\mcufinder
2025-08-15 09:44:45,136 [WARN] DbFile:41 - Overriding database path with different value: C:\Users\sheet\.stmcufinder\plugins\mcufinder/ => C:\Users\sheet\.stmcufinder\plugins\mcufinder
2025-08-15 09:44:45,136 [INFO] CrossReferenceDbSqlite:203 - Set database path to: C:\Users\sheet\.stmcufinder\plugins\mcufinder//mcu/cs/
2025-08-15 09:44:45,208 [INFO] MainPanel:274 - HeapMemory: 268435456
2025-08-15 09:44:45,320 [INFO] DbMcusXml:78 - Set database path to: C:\ST\STM32CubeIDE_1.19.0\STM32CubeIDE\plugins\com.st.stm32cube.common.mx_6.15.0.202507011659\\db\/mcu/
2025-08-15 09:44:45,320 [INFO] ApiDb:274 - Set plugin database path to: C:\ST\STM32CubeIDE_1.19.0\STM32CubeIDE\plugins\com.st.stm32cube.common.mx_6.15.0.202507011659\\db\/plugins/boardmanager/
2025-08-15 09:44:45,320 [INFO] ApiDb:261 - Set plugin images path to: C:\ST\STM32CubeIDE_1.19.0\STM32CubeIDE\plugins\com.st.stm32cube.common.mx_6.15.0.202507011659\\db\/plugins/mcufinder/images/
2025-08-15 09:44:45,321 [WARN] DbFile:41 - Overriding database path with different value: C:\Users\sheet\.stmcufinder\plugins\mcufinder/ => C:\Users\sheet\.stmcufinder\plugins\mcufinder
2025-08-15 09:44:45,321 [INFO] ApiDb:250 - Set database path to: C:\Users\sheet\.stmcufinder\plugins\mcufinder//mcu/
2025-08-15 09:44:45,321 [WARN] DbFile:41 - Overriding database path with different value: C:\Users\sheet\.stmcufinder\plugins\mcufinder/ => C:\Users\sheet\.stmcufinder\plugins\mcufinder
2025-08-15 09:44:45,321 [INFO] DbMcusAds:125 - Set database path to: C:\Users\sheet\.stmcufinder\plugins\mcufinder//mcu/
2025-08-15 09:44:45,321 [WARN] DbFile:41 - Overriding database path with different value: C:\Users\sheet\.stmcufinder\plugins\mcufinder/ => C:\Users\sheet\.stmcufinder\plugins\mcufinder
2025-08-15 09:44:45,321 [WARN] DbFile:41 - Overriding database path with different value: C:\Users\sheet\.stmcufinder\plugins\mcufinder/ => C:\Users\sheet\.stmcufinder\plugins\mcufinder
2025-08-15 09:44:45,322 [INFO] CrossReferenceDbSqlite:203 - Set database path to: C:\Users\sheet\.stmcufinder\plugins\mcufinder//mcu/cs/
2025-08-15 09:44:45,338 [INFO] ApplicationProperties:184 - Using Application install path: C:\ST\STM32CubeIDE_1.19.0\STM32CubeIDE\plugins\com.st.stm32cube.common.mx_6.15.0.202507011659
2025-08-15 09:44:45,339 [INFO] PluginManage:196 - Search for loadable plugins [exclusion list=, ]
2025-08-15 09:44:45,341 [INFO] PluginManage:310 - Check plugin analytics
2025-08-15 09:44:45,572 [INFO] AnalyticsPlugin:253 - Accepted Software Licenses: 
2025-08-15 09:44:45,572 [INFO] AnalyticsPlugin:255 - Accepted CMSIS Pack Licenses: 
2025-08-15 09:44:45,573 [INFO] AnalyticsPlugin:257 - Accepted Firmware Licenses: FW.F4.1.28.0
2025-08-15 09:44:45,575 [INFO] PluginManage:359 - Loaded plugin analytics (category:tool,tabindex:-1)
2025-08-15 09:44:45,575 [INFO] PluginManage:310 - Check plugin cadmodel
2025-08-15 09:44:45,575 [ERROR] ConfigurationRetriever:142 - IOException on connection: sw-center.st.com
2025-08-15 09:44:45,576 [ERROR] ConfigurationRetriever:142 - IOException on connection: sw-center.st.com
2025-08-15 09:44:45,576 [ERROR] ConfigurationRetriever:142 - IOException on connection: sw-center.st.com
2025-08-15 09:44:45,582 [INFO] CADModel:105 - Init CAD model plugin
2025-08-15 09:44:45,583 [INFO] PluginManage:359 - Loaded plugin cadmodel (category:power,tabindex:5)
2025-08-15 09:44:45,583 [INFO] PluginManage:310 - Check plugin clock
2025-08-15 09:44:45,594 [INFO] PluginManage:359 - Loaded plugin clock (category:base,tabindex:2)
2025-08-15 09:44:45,595 [INFO] PluginManage:310 - Check plugin ddr
2025-08-15 09:44:45,597 [INFO] PluginManage:359 - Loaded plugin ddr (category:tool,tabindex:6)
2025-08-15 09:44:45,598 [INFO] PluginManage:310 - Check plugin filemanager
2025-08-15 09:44:45,786 [INFO] PluginManage:359 - Loaded plugin filemanager (category:base,tabindex:10)
2025-08-15 09:44:45,786 [INFO] PluginManage:310 - Check plugin ipmanager
2025-08-15 09:44:45,794 [INFO] PluginManage:359 - Loaded plugin ipmanager (category:base,tabindex:5)
2025-08-15 09:44:45,794 [INFO] PluginManage:310 - Check plugin lpbam
2025-08-15 09:44:45,803 [INFO] PluginManage:359 - Loaded plugin lpbam (category:base,tabindex:0)
2025-08-15 09:44:45,803 [INFO] PluginManage:310 - Check plugin memorymap
2025-08-15 09:44:45,822 [INFO] PluginManage:359 - Loaded plugin memorymap (category:base,tabindex:4)
2025-08-15 09:44:45,822 [INFO] PluginManage:310 - Check plugin pinoutandconfiguration
2025-08-15 09:44:45,837 [INFO] PluginManage:359 - Loaded plugin pinoutandconfiguration (category:base,tabindex:1)
2025-08-15 09:44:45,837 [INFO] PluginManage:310 - Check plugin pinoutconfig
2025-08-15 09:44:45,947 [WARN] SupportedApi:132 - Cannot load RTOS API schema: s4s-elt-must-match.1: The content of 'definitions' must match (annotation?, (simpleType | complexType)?, (unique | key | keyref)*)). A problem was found starting at: attribute.
2025-08-15 09:44:46,100 [INFO] PluginManage:359 - Loaded plugin pinoutconfig (category:base,tabindex:0)
2025-08-15 09:44:46,101 [INFO] PluginManage:310 - Check plugin power
2025-08-15 09:44:46,111 [INFO] PluginManage:359 - Loaded plugin power (category:power,tabindex:4)
2025-08-15 09:44:46,111 [INFO] PluginManage:310 - Check plugin projectmanager
2025-08-15 09:44:46,123 [INFO] PluginManage:359 - Loaded plugin projectmanager (category:projectmanager,tabindex:4)
2025-08-15 09:44:46,124 [INFO] PluginManage:310 - Check plugin rif
2025-08-15 09:44:46,132 [INFO] PluginManage:359 - Loaded plugin rif (category:base,tabindex:3)
2025-08-15 09:44:46,132 [INFO] PluginManage:310 - Check plugin thirdparty
2025-08-15 09:44:46,290 [INFO] PluginManage:359 - Loaded plugin thirdparty (category:base,tabindex:-1)
2025-08-15 09:44:46,290 [WARN] IntegrityCheckThread:84 - waiting for thirdparty lock release [integrity check]
2025-08-15 09:44:46,291 [INFO] IntegrityCheckThread:86 - entering critical section [integrity check]
2025-08-15 09:44:46,291 [INFO] PluginManage:310 - Check plugin tools
2025-08-15 09:44:46,291 [INFO] ThirdPartyUpdaterWithRetryManager:70 - Updater plugin not ready yet. [1/15]
2025-08-15 09:44:46,293 [INFO] PluginManage:359 - Loaded plugin tools (category:base,tabindex:7)
2025-08-15 09:44:46,294 [INFO] PluginManage:310 - Check plugin tutovideos
2025-08-15 09:44:46,521 [INFO] PluginManage:359 - Loaded plugin tutovideos (category:base,tabindex:-1)
2025-08-15 09:44:46,521 [INFO] PluginManage:310 - Check plugin updater
2025-08-15 09:44:46,546 [INFO] PluginManage:359 - Loaded plugin updater (category:base,tabindex:12)
2025-08-15 09:44:46,546 [INFO] PluginManage:310 - Check plugin userauth
2025-08-15 09:44:46,552 [INFO] UserAuth:118 - Init User Auth plugin
2025-08-15 09:44:46,553 [INFO] PluginManage:359 - Loaded plugin userauth (category:base,tabindex:14)
2025-08-15 09:44:46,554 [INFO] PluginManage:283 - PluginManage : Loaded plugins [18]
2025-08-15 09:44:46,766 [INFO] PinOutPanel:1589 - setPackage(No Configuration,No Configuration)
2025-08-15 09:44:46,864 [INFO] CADModel:165 - CPN selected for project level
2025-08-15 09:44:46,864 [INFO] CADModel:114 - Register for checkConnection events
2025-08-15 09:44:46,887 [INFO] IPUIPlugin:80 - create IPUIPlugin
2025-08-15 09:44:46,887 [INFO] PluginManager:220 - loadIPPluginJar : add adc
2025-08-15 09:44:46,890 [INFO] IPUIPlugin:80 - create IPUIPlugin
2025-08-15 09:44:46,890 [INFO] PluginManager:220 - loadIPPluginJar : add aes
2025-08-15 09:44:46,893 [INFO] IPUIPlugin:80 - create IPUIPlugin
2025-08-15 09:44:46,894 [INFO] PluginManager:220 - loadIPPluginJar : add can
2025-08-15 09:44:46,896 [INFO] IPUIPlugin:80 - create IPUIPlugin
2025-08-15 09:44:46,896 [INFO] PluginManager:220 - loadIPPluginJar : add comp
2025-08-15 09:44:46,899 [INFO] IPUIPlugin:80 - create IPUIPlugin
2025-08-15 09:44:46,899 [INFO] PluginManager:220 - loadIPPluginJar : add cryp
2025-08-15 09:44:46,903 [INFO] IPUIPlugin:80 - create IPUIPlugin
2025-08-15 09:44:46,903 [INFO] PluginManager:220 - loadIPPluginJar : add ddr_ctrl_phy
2025-08-15 09:44:46,906 [INFO] IPUIPlugin:80 - create IPUIPlugin
2025-08-15 09:44:46,906 [INFO] PluginManager:220 - loadIPPluginJar : add dfsdm
2025-08-15 09:44:46,913 [INFO] IPUIPlugin:80 - create IPUIPlugin
2025-08-15 09:44:46,914 [INFO] PluginManager:220 - loadIPPluginJar : add dma
2025-08-15 09:44:46,916 [INFO] IPUIPlugin:80 - create IPUIPlugin
2025-08-15 09:44:46,917 [INFO] PluginManager:220 - loadIPPluginJar : add dma3
2025-08-15 09:44:46,920 [INFO] IPUIPlugin:80 - create IPUIPlugin
2025-08-15 09:44:46,920 [INFO] PluginManager:220 - loadIPPluginJar : add extmemmanager
2025-08-15 09:44:46,922 [INFO] IPUIPlugin:80 - create IPUIPlugin
2025-08-15 09:44:46,922 [INFO] PluginManager:220 - loadIPPluginJar : add fatfs
2025-08-15 09:44:46,927 [INFO] IPUIPlugin:80 - create IPUIPlugin
2025-08-15 09:44:46,927 [INFO] PluginManager:220 - loadIPPluginJar : add fmc
2025-08-15 09:44:46,934 [INFO] IPUIPlugin:80 - create IPUIPlugin
2025-08-15 09:44:46,934 [INFO] PluginManager:220 - loadIPPluginJar : add freertos
2025-08-15 09:44:46,936 [INFO] IPUIPlugin:80 - create IPUIPlugin
2025-08-15 09:44:46,936 [INFO] PluginManager:220 - loadIPPluginJar : add genericplugin
2025-08-15 09:44:46,939 [INFO] IPUIPlugin:80 - create IPUIPlugin
2025-08-15 09:44:46,939 [INFO] PluginManager:220 - loadIPPluginJar : add gfxmmu
2025-08-15 09:44:46,945 [INFO] IPUIPlugin:80 - create IPUIPlugin
2025-08-15 09:44:46,946 [INFO] PluginManager:220 - loadIPPluginJar : add gic
2025-08-15 09:44:46,951 [INFO] IPUIPlugin:80 - create IPUIPlugin
2025-08-15 09:44:46,951 [INFO] PluginManager:220 - loadIPPluginJar : add gpio
2025-08-15 09:44:46,955 [INFO] IPUIPlugin:80 - create IPUIPlugin
2025-08-15 09:44:46,955 [INFO] PluginManager:220 - loadIPPluginJar : add gtzc
2025-08-15 09:44:46,958 [INFO] IPUIPlugin:80 - create IPUIPlugin
2025-08-15 09:44:46,958 [INFO] PluginManager:220 - loadIPPluginJar : add hash
2025-08-15 09:44:46,962 [INFO] IPUIPlugin:80 - create IPUIPlugin
2025-08-15 09:44:46,962 [INFO] PluginManager:220 - loadIPPluginJar : add i2c
2025-08-15 09:44:46,965 [INFO] IPUIPlugin:80 - create IPUIPlugin
2025-08-15 09:44:46,965 [INFO] PluginManager:220 - loadIPPluginJar : add i2s
2025-08-15 09:44:46,969 [INFO] IPUIPlugin:80 - create IPUIPlugin
2025-08-15 09:44:46,969 [INFO] PluginManager:220 - loadIPPluginJar : add i3c
2025-08-15 09:44:46,974 [INFO] IPUIPlugin:80 - create IPUIPlugin
2025-08-15 09:44:46,974 [INFO] PluginManager:220 - loadIPPluginJar : add ipddr
2025-08-15 09:44:46,982 [INFO] IPUIPlugin:80 - create IPUIPlugin
2025-08-15 09:44:46,982 [INFO] PluginManager:220 - loadIPPluginJar : add linkedlist
2025-08-15 09:44:46,987 [INFO] IPUIPlugin:80 - create IPUIPlugin
2025-08-15 09:44:46,987 [INFO] PluginManager:220 - loadIPPluginJar : add lorawan
2025-08-15 09:44:46,989 [INFO] IPUIPlugin:80 - create IPUIPlugin
2025-08-15 09:44:46,989 [INFO] PluginManager:220 - loadIPPluginJar : add ltdc
2025-08-15 09:44:46,995 [INFO] IPUIPlugin:80 - create IPUIPlugin
2025-08-15 09:44:46,997 [INFO] PluginManager:220 - loadIPPluginJar : add mdma
2025-08-15 09:44:47,001 [INFO] IPUIPlugin:80 - create IPUIPlugin
2025-08-15 09:44:47,001 [INFO] PluginManager:220 - loadIPPluginJar : add nvic
2025-08-15 09:44:47,005 [INFO] IPUIPlugin:80 - create IPUIPlugin
2025-08-15 09:44:47,005 [INFO] PluginManager:220 - loadIPPluginJar : add opamp
2025-08-15 09:44:47,008 [INFO] IPUIPlugin:80 - create IPUIPlugin
2025-08-15 09:44:47,008 [INFO] PluginManager:220 - loadIPPluginJar : add openamp
2025-08-15 09:44:47,012 [INFO] IPUIPlugin:80 - create IPUIPlugin
2025-08-15 09:44:47,012 [INFO] PluginManager:220 - loadIPPluginJar : add pdm2pcm
2025-08-15 09:44:47,020 [INFO] IPUIPlugin:80 - create IPUIPlugin
2025-08-15 09:44:47,022 [INFO] PluginManager:220 - loadIPPluginJar : add plateformsettings
2025-08-15 09:44:47,024 [INFO] IPUIPlugin:80 - create IPUIPlugin
2025-08-15 09:44:47,024 [INFO] PluginManager:220 - loadIPPluginJar : add quadspi
2025-08-15 09:44:47,026 [INFO] IPUIPlugin:80 - create IPUIPlugin
2025-08-15 09:44:47,027 [INFO] PluginManager:220 - loadIPPluginJar : add radio
2025-08-15 09:44:47,032 [INFO] IPUIPlugin:80 - create IPUIPlugin
2025-08-15 09:44:47,032 [INFO] PluginManager:220 - loadIPPluginJar : add resmgrutility
2025-08-15 09:44:47,036 [INFO] IPUIPlugin:80 - create IPUIPlugin
2025-08-15 09:44:47,037 [INFO] PluginManager:220 - loadIPPluginJar : add sai
2025-08-15 09:44:47,040 [INFO] IPUIPlugin:80 - create IPUIPlugin
2025-08-15 09:44:47,040 [INFO] PluginManager:220 - loadIPPluginJar : add spi
2025-08-15 09:44:47,046 [INFO] IPUIPlugin:80 - create IPUIPlugin
2025-08-15 09:44:47,046 [INFO] PluginManager:220 - loadIPPluginJar : add stm32_wpan
2025-08-15 09:44:47,050 [INFO] IPUIPlugin:80 - create IPUIPlugin
2025-08-15 09:44:47,050 [INFO] PluginManager:220 - loadIPPluginJar : add tim
2025-08-15 09:44:47,053 [INFO] IPUIPlugin:80 - create IPUIPlugin
2025-08-15 09:44:47,053 [INFO] PluginManager:220 - loadIPPluginJar : add touchsensing
2025-08-15 09:44:47,056 [INFO] IPUIPlugin:80 - create IPUIPlugin
2025-08-15 09:44:47,056 [INFO] PluginManager:220 - loadIPPluginJar : add tracer_emb
2025-08-15 09:44:47,058 [INFO] IPUIPlugin:80 - create IPUIPlugin
2025-08-15 09:44:47,059 [INFO] PluginManager:220 - loadIPPluginJar : add ts
2025-08-15 09:44:47,061 [INFO] IPUIPlugin:80 - create IPUIPlugin
2025-08-15 09:44:47,061 [INFO] PluginManager:220 - loadIPPluginJar : add tsc
2025-08-15 09:44:47,063 [INFO] IPUIPlugin:80 - create IPUIPlugin
2025-08-15 09:44:47,064 [INFO] PluginManager:220 - loadIPPluginJar : add ucpd
2025-08-15 09:44:47,067 [INFO] IPUIPlugin:80 - create IPUIPlugin
2025-08-15 09:44:47,067 [INFO] PluginManager:220 - loadIPPluginJar : add usart
2025-08-15 09:44:47,071 [INFO] IPUIPlugin:80 - create IPUIPlugin
2025-08-15 09:44:47,071 [INFO] PluginManager:220 - loadIPPluginJar : add usbx
2025-08-15 09:44:47,190 [FATAL] Updater:351 - Updater called before beeing initialized
2025-08-15 09:44:47,222 [INFO] RulesReader:64 - Compatibility file has been processed (317 Rules)
2025-08-15 09:44:47,237 [INFO] RulesReader:64 - Compatibility file has been processed (317 Rules)
2025-08-15 09:44:47,245 [INFO] CADModel:165 - CPN selected for project level
2025-08-15 09:44:47,245 [INFO] CADModel:114 - Register for checkConnection events
2025-08-15 09:44:47,245 [FATAL] Updater:351 - Updater called before beeing initialized
2025-08-15 09:44:47,245 [ERROR] CADModel:125 - Updater not yet initialized, retry later 
2025-08-15 09:44:47,361 [FATAL] Updater:351 - Updater called before beeing initialized
2025-08-15 09:44:47,363 [INFO] CADModel:165 - CPN selected for project level
2025-08-15 09:44:47,363 [INFO] CADModel:114 - Register for checkConnection events
2025-08-15 09:44:47,363 [FATAL] Updater:351 - Updater called before beeing initialized
2025-08-15 09:44:47,363 [ERROR] CADModel:125 - Updater not yet initialized, retry later 
2025-08-15 09:44:47,366 [FATAL] Updater:351 - Updater called before beeing initialized
2025-08-15 09:44:47,463 [FATAL] Updater:351 - Updater called before beeing initialized
2025-08-15 09:44:47,467 [INFO] DbMcusAds:53 - JSON generation date=Tue Jul 08 13:44:23 IST 2025 (1751962463582)
2025-08-15 09:44:47,467 [FATAL] Updater:351 - Updater called before beeing initialized
2025-08-15 09:44:47,503 [WARN] DetailPanel:346 - Failed to get advertising image, set to default
2025-08-15 09:44:47,574 [FATAL] Updater:351 - Updater called before beeing initialized
2025-08-15 09:44:47,576 [FATAL] Updater:351 - Updater called before beeing initialized
2025-08-15 09:44:47,576 [FATAL] Updater:351 - Updater called before beeing initialized
2025-08-15 09:44:47,576 [WARN] DetailPanel:346 - Failed to get advertising image, set to default
2025-08-15 09:44:47,577 [FATAL] Updater:351 - Updater called before beeing initialized
2025-08-15 09:44:47,628 [ERROR] Updater:1198 - MainUpdater not yet initialized. External WinMGr cannot be set.
2025-08-15 09:44:47,630 [INFO] Updater:1134 - Updater Version found : 6.15.0
2025-08-15 09:44:47,646 [INFO] ApplicationProperties:184 - Using Application install path: C:\ST\STM32CubeIDE_1.19.0\STM32CubeIDE\plugins\com.st.stm32cube.common.mx_6.15.0.202507011659
2025-08-15 09:44:49,219 [ERROR] LogOutputStream:75 - [STDERR_REDIRECT] Aug 15, 2025 9:44:49 AM java.util.prefs.WindowsPreferences <init>
2025-08-15 09:44:49,220 [ERROR] LogOutputStream:75 - [STDERR_REDIRECT] WARNING: Could not open/create prefs root node Software\JavaSoft\Prefs at root 0xffffffff80000002. Windows RegCreateKeyEx(...) returned error code 5.
2025-08-15 09:44:49,220 [ERROR] LogOutputStream:75 - [STDERR_REDIRECT] 
2025-08-15 09:44:49,291 [INFO] ThirdPartyUpdaterWithRetryManager:70 - Updater plugin not ready yet. [2/15]
2025-08-15 09:44:49,462 [INFO] MainUpdater:2872 - connection check result : 22
2025-08-15 09:44:49,462 [INFO] MainUpdater:289 - Updater Check For Update Now.
2025-08-15 09:44:49,475 [INFO] MicroXplorer:498 - Change Database Version : DB.6.0.150
2025-08-15 09:44:49,500 [INFO] McuFinderGlobals:63 - Set McuFinder mode to 2 (CubeIDE integrated)
2025-08-15 09:44:49,502 [INFO] UserAuth:487 - Internet connection configuration mode: 2
2025-08-15 09:44:49,522 [INFO] UserAuth:487 - Internet connection configuration mode: 2
2025-08-15 09:44:49,661 [INFO] CheckServerUpdateThread:120 - End of CheckServer Thread
2025-08-15 09:44:52,598 [WARN] PackLoader:240 - Cannot read IP mode file for STMicroelectronics.FP-SNS-MOTENVWB1.1.4.0
2025-08-15 09:44:52,612 [WARN] PackLoader:240 - Cannot read IP mode file for STMicroelectronics.FP-ATR-ASTRA1.2.0.2
2025-08-15 09:44:52,618 [WARN] PackLoader:240 - Cannot read IP mode file for STMicroelectronics.FP-ATR-ASTRA1.2.0.1
2025-08-15 09:44:52,630 [WARN] PackLoader:240 - Cannot read IP mode file for STMicroelectronics.X-CUBE-SMBUS.2.1.0
2025-08-15 09:44:52,642 [WARN] PackLoader:240 - Cannot read IP mode file for STMicroelectronics.X-CUBE-WB05N.1.1.0
2025-08-15 09:44:52,650 [WARN] PackLoader:240 - Cannot read IP mode file for STMicroelectronics.X-CUBE-ST60.1.0.0
2025-08-15 09:44:52,680 [WARN] PackLoader:240 - Cannot read IP mode file for STMicroelectronics.X-CUBE-AZRTOS-F7.1.1.0
2025-08-15 09:44:52,733 [WARN] PackLoader:240 - Cannot read IP mode file for STMicroelectronics.X-CUBE-MEMS1.11.0.0
2025-08-15 09:44:52,936 [WARN] PackLoader:240 - Cannot read IP mode file for STMicroelectronics.FP-SNS-FLIGHT1.5.0.2
2025-08-15 09:44:52,958 [WARN] PackLoader:240 - Cannot read IP mode file for STMicroelectronics.X-CUBE-AZRTOS-H7.3.4.0
2025-08-15 09:44:52,969 [WARN] PackLoader:240 - Cannot read IP mode file for STMicroelectronics.X-CUBE-DISPLAY.3.0.0
2025-08-15 09:44:52,977 [WARN] PackLoader:240 - Cannot read IP mode file for STMicroelectronics.X-CUBE-BLE1.7.0.0
2025-08-15 09:44:52,985 [WARN] PackLoader:240 - Cannot read IP mode file for STMicroelectronics.X-CUBE-NFC10.1.0.0
2025-08-15 09:44:52,995 [WARN] PackLoader:240 - Cannot read IP mode file for STMicroelectronics.X-CUBE-BLEMGR.4.0.0
2025-08-15 09:44:53,005 [WARN] PackLoader:240 - Cannot read IP mode file for emotas.I-CUBE-CANOPEN.1.3.0
2025-08-15 09:44:53,014 [WARN] PackLoader:240 - Cannot read IP mode file for STMicroelectronics.X-CUBE-BLEMGR.3.1.0
2025-08-15 09:44:53,019 [WARN] PackLoader:240 - Cannot read IP mode file for STMicroelectronics.X-CUBE-AI.10.0.0
2025-08-15 09:44:53,025 [WARN] PackLoader:240 - Cannot read IP mode file for STMicroelectronics.FP-SNS-STBOX1.2.1.0
2025-08-15 09:44:53,033 [WARN] PackLoader:240 - Cannot read IP mode file for STMicroelectronics.FP-SNS-SMARTAG2.1.2.0
2025-08-15 09:44:53,037 [WARN] PackLoader:240 - Cannot read IP mode file for STMicroelectronics.FP-SNS-FLIGHT1.5.1.0
2025-08-15 09:44:53,069 [WARN] PackLoader:240 - Cannot read IP mode file for STMicroelectronics.X-CUBE-MEMS1.11.1.0
2025-08-15 09:44:53,149 [INFO] LogOutputStream:77 - [STDOUT_REDIRECT] 1 : Invalid condition id : UX_CORESTACK_Condition cause : null
2025-08-15 09:44:53,150 [INFO] LogOutputStream:77 - [STDOUT_REDIRECT] 1 : Invalid condition id : UX_CORESTACK_Condition cause : null
2025-08-15 09:44:53,152 [INFO] LogOutputStream:77 - [STDOUT_REDIRECT] 1 : Invalid condition id : UX_CORESTACK_Condition cause : null
2025-08-15 09:44:53,153 [INFO] LogOutputStream:77 - [STDOUT_REDIRECT] 1 : Invalid condition id : UX_CORESTACK_Condition cause : null
2025-08-15 09:44:53,155 [INFO] LogOutputStream:77 - [STDOUT_REDIRECT] 1 : Invalid condition id : UX_CORESTACK_Condition cause : null
2025-08-15 09:44:53,156 [WARN] PackLoader:240 - Cannot read IP mode file for STMicroelectronics.X-CUBE-AZRTOS-WL.2.0.0
2025-08-15 09:44:53,163 [WARN] PackLoader:240 - Cannot read IP mode file for STMicroelectronics.FP-SNS-MOTENV1.5.0.0
2025-08-15 09:44:53,168 [WARN] PackLoader:240 - Cannot read IP mode file for wolfSSL.I-CUBE-wolfMQTT.1.19.0
2025-08-15 09:44:53,175 [WARN] PackLoader:240 - Cannot read IP mode file for WES.I-CUBE-Cesium.1.3.0
2025-08-15 09:44:53,181 [WARN] PackLoader:240 - Cannot read IP mode file for STMicroelectronics.X-CUBE-BLE2.3.3.0
2025-08-15 09:44:53,187 [WARN] PackLoader:240 - Cannot read IP mode file for STMicroelectronics.X-CUBE-NFC9.1.0.0
2025-08-15 09:44:53,192 [WARN] PackLoader:240 - Cannot read IP mode file for STMicroelectronics.X-CUBE-BLE1.7.1.0
2025-08-15 09:44:53,198 [WARN] PackLoader:240 - Cannot read IP mode file for STMicroelectronics.X-CUBE-TCPP.4.1.0
2025-08-15 09:44:53,205 [WARN] PackLoader:240 - Cannot read IP mode file for STMicroelectronics.X-CUBE-EEPRMA1.5.2.0
2025-08-15 09:44:53,209 [WARN] PackLoader:240 - Cannot read IP mode file for STMicroelectronics.X-CUBE-AI.10.1.0
2025-08-15 09:44:53,248 [WARN] PackLoader:240 - Cannot read IP mode file for STMicroelectronics.X-CUBE-MEMS1.11.2.0
2025-08-15 09:44:53,337 [WARN] PackLoader:240 - Cannot read IP mode file for STMicroelectronics.X-CUBE-AZRTOS-G0.1.1.0
2025-08-15 09:44:53,344 [WARN] PackLoader:240 - Cannot read IP mode file for STMicroelectronics.X-CUBE-SAFEA1.1.2.2
2025-08-15 09:44:53,349 [WARN] PackLoader:240 - Cannot read IP mode file for STMicroelectronics.X-CUBE-NFC4.3.0.0
2025-08-15 09:44:53,359 [WARN] PackLoader:240 - Cannot read IP mode file for EmbeddedOffice.I-CUBE-FS-RTOS.1.0.1
2025-08-15 09:44:53,363 [WARN] PackLoader:240 - Cannot read IP mode file for STMicroelectronics.X-CUBE-WB05N.2.0.0
2025-08-15 09:44:53,368 [WARN] PackLoader:240 - Cannot read IP mode file for STMicroelectronics.X-CUBE-TCPP.4.2.0
2025-08-15 09:44:53,373 [WARN] PackLoader:240 - Cannot read IP mode file for RealThread.X-CUBE-RT-Thread_Nano.4.1.1
2025-08-15 09:44:53,378 [WARN] PackLoader:240 - Cannot read IP mode file for STMicroelectronics.FP-ATR-SIGFOX1.3.2.0
2025-08-15 09:44:53,383 [WARN] ConditionMgr:438 - getConditionDescription Invalid condition id : Cortex-A Device cause : null
2025-08-15 09:44:53,395 [WARN] ConditionMgr:1044 - genDependencies : Invalid condition id : Cortex-A Device cause : null
2025-08-15 09:44:53,395 [WARN] ConditionMgr:1044 - genDependencies : Invalid condition id : Cortex-A Device cause : null
2025-08-15 09:44:53,395 [WARN] ConditionMgr:1044 - genDependencies : Invalid condition id : Cortex-A Device cause : null
2025-08-15 09:44:53,400 [WARN] PackLoader:240 - Cannot read IP mode file for STMicroelectronics.X-CUBE-EEPRMA1.5.1.0
2025-08-15 09:44:53,404 [WARN] PackLoader:240 - Cannot read IP mode file for wolfSSL.I-CUBE-wolfSSL.5.7.4
2025-08-15 09:44:53,409 [WARN] PackLoader:240 - Cannot read IP mode file for ITTIA_DB.I-CUBE-ITTIADB.8.9.0
2025-08-15 09:44:53,415 [WARN] PackLoader:240 - Cannot read IP mode file for STMicroelectronics.X-CUBE-ST67W61.1.0.0
2025-08-15 09:44:53,420 [WARN] PackLoader:240 - Cannot read IP mode file for STMicroelectronics.X-CUBE-AI.10.2.0
2025-08-15 09:44:53,442 [WARN] PackLoader:240 - Cannot read IP mode file for SEGGER.I-CUBE-embOS.1.3.1
2025-08-15 09:44:53,472 [WARN] PackLoader:240 - Cannot read IP mode file for STMicroelectronics.X-CUBE-ALGOBUILD.1.4.0
2025-08-15 09:44:53,527 [WARN] PackLoader:240 - Cannot read IP mode file for STMicroelectronics.X-CUBE-MEMS1.11.3.0
2025-08-15 09:44:53,607 [WARN] PackLoader:240 - Cannot read IP mode file for STMicroelectronics.X-CUBE-AI.9.1.0
2025-08-15 09:44:53,612 [WARN] PackLoader:240 - Cannot read IP mode file for STMicroelectronics.X-CUBE-PM33A1.1.0.0
2025-08-15 09:44:53,630 [WARN] PackLoader:240 - Cannot read IP mode file for STMicroelectronics.X-CUBE-AZRTOS-F4.1.1.0
2025-08-15 09:44:53,635 [WARN] PackLoader:240 - Cannot read IP mode file for Avnet-IotConnect.X-CUBE-IoTC-DA16k-PMOD.1.0.0
2025-08-15 09:44:53,640 [WARN] PackLoader:240 - Cannot read IP mode file for STMicroelectronics.X-CUBE-ISPU.2.1.0
2025-08-15 09:44:53,646 [WARN] PackLoader:240 - Cannot read IP mode file for STMicroelectronics.X-CUBE-FREERTOS.1.2.0
2025-08-15 09:44:53,653 [WARN] PackLoader:240 - Cannot read IP mode file for STMicroelectronics.X-CUBE-NFC12.1.0.0
2025-08-15 09:44:53,669 [WARN] PackLoader:240 - Cannot read IP mode file for STMicroelectronics.X-CUBE-AZRTOS-L5.2.0.0
2025-08-15 09:44:53,678 [WARN] PackLoader:240 - Cannot read IP mode file for STMicroelectronics.X-CUBE-NFC6.3.1.0
2025-08-15 09:44:53,685 [WARN] PackLoader:240 - Cannot read IP mode file for STMicroelectronics.X-CUBE-DPower.1.2.0
2025-08-15 09:44:53,691 [WARN] PackLoader:240 - Cannot read IP mode file for STMicroelectronics.X-CUBE-FREERTOS.1.3.1
2025-08-15 09:44:53,695 [WARN] PackLoader:240 - Cannot read IP mode file for STMicroelectronics.X-CUBE-FREERTOS.1.3.0
2025-08-15 09:44:53,701 [WARN] PackLoader:240 - Cannot read IP mode file for STMicroelectronics.X-CUBE-NFC7.1.0.1
2025-08-15 09:44:53,706 [WARN] PackLoader:240 - Cannot read IP mode file for STMicroelectronics.FP-SNS-STAIOTCFT.1.0.0
2025-08-15 09:44:53,711 [WARN] PackLoader:240 - Cannot read IP mode file for STMicroelectronics.X-CUBE-DPower.1.3.0
2025-08-15 09:44:53,725 [WARN] ConditionMgr:438 - getConditionDescription Invalid condition id : LAN8742 Phy interface Condition cause : null
2025-08-15 09:44:53,726 [WARN] PackLoader:240 - Cannot read IP mode file for STMicroelectronics.X-CUBE-AZRTOS-L4.2.0.0
2025-08-15 09:44:53,727 [WARN] ConditionMgr:1044 - genDependencies : Invalid condition id : LAN8742 Phy interface Condition cause : null
2025-08-15 09:44:53,727 [WARN] ConditionMgr:1044 - genDependencies : Invalid condition id : LAN8742 Phy interface Condition cause : null
2025-08-15 09:44:53,728 [WARN] ConditionMgr:1044 - genDependencies : Invalid condition id : LAN8742 Phy interface Condition cause : null
2025-08-15 09:44:53,736 [WARN] PackLoader:240 - Cannot read IP mode file for STMicroelectronics.X-CUBE-SFXS2LP1.4.0.0
2025-08-15 09:44:53,751 [WARN] PackLoader:240 - Cannot read IP mode file for STMicroelectronics.X-CUBE-AZRTOS-H7.3.3.0
2025-08-15 09:44:53,763 [WARN] PackLoader:240 - Cannot read IP mode file for STMicroelectronics.X-CUBE-BLEMGR.4.1.0
2025-08-15 09:44:53,775 [WARN] PackLoader:240 - Cannot read IP mode file for STMicroelectronics.X-CUBE-IPS.3.0.0
2025-08-15 09:44:53,787 [WARN] ConditionMgr:438 - getConditionDescription Invalid condition id : UX DEVICE CLASS RTOS Condition cause : null
2025-08-15 09:44:53,787 [WARN] ConditionMgr:438 - getConditionDescription Invalid condition id : UX DEVICE CLASS RTOS Condition cause : null
2025-08-15 09:44:53,788 [WARN] PackLoader:240 - Cannot read IP mode file for STMicroelectronics.X-CUBE-AZRTOS-WB.2.0.0
2025-08-15 09:44:53,788 [WARN] ConditionMgr:1044 - genDependencies : Invalid condition id : UX DEVICE CLASS RTOS Condition cause : null
2025-08-15 09:44:53,789 [WARN] ConditionMgr:1044 - genDependencies : Invalid condition id : UX DEVICE CLASS RTOS Condition cause : null
2025-08-15 09:44:53,789 [WARN] ConditionMgr:1044 - genDependencies : Invalid condition id : UX DEVICE CLASS RTOS Condition cause : null
2025-08-15 09:44:53,789 [WARN] ConditionMgr:1044 - genDependencies : Invalid condition id : UX DEVICE CLASS RTOS Condition cause : null
2025-08-15 09:44:53,789 [WARN] ConditionMgr:1044 - genDependencies : Invalid condition id : UX DEVICE CLASS RTOS Condition cause : null
2025-08-15 09:44:53,795 [WARN] PackLoader:240 - Cannot read IP mode file for STMicroelectronics.X-CUBE-GNSS1.7.0.0
2025-08-15 09:44:53,800 [WARN] PackLoader:240 - Cannot read IP mode file for STMicroelectronics.X-CUBE-GNSS1.7.0.1
2025-08-15 09:44:53,806 [WARN] PackLoader:240 - Cannot read IP mode file for STMicroelectronics.X-CUBE-TOUCHGFX.4.25.0
2025-08-15 09:44:53,812 [WARN] PackLoader:240 - Cannot read IP mode file for STMicroelectronics.FP-SNS-STBOX1.2.0.0
2025-08-15 09:44:53,822 [WARN] PackLoader:240 - Cannot read IP mode file for STMicroelectronics.X-CUBE-SUBG2.5.0.0
2025-08-15 09:44:53,837 [WARN] PackLoader:240 - Cannot read IP mode file for STMicroelectronics.X-CUBE-AZRTOS-H7RS.1.1.0
2025-08-15 09:44:53,842 [WARN] PackLoader:240 - Cannot read IP mode file for Cesanta.I-CUBE-Mongoose.7.13.0
2025-08-15 09:44:53,853 [WARN] PackLoader:240 - Cannot read IP mode file for STMicroelectronics.X-CUBE-AZRTOS-G4.2.0.0
2025-08-15 09:44:53,858 [WARN] PackLoader:240 - Cannot read IP mode file for STMicroelectronics.X-CUBE-NFC7.2.0.0
2025-08-15 09:44:53,866 [WARN] PackLoader:240 - Cannot read IP mode file for STMicroelectronics.X-CUBE-IPS.3.1.0
2025-08-15 09:44:53,881 [WARN] PackLoader:240 - Cannot read IP mode file for STMicroelectronics.X-CUBE-ALS.1.0.2
2025-08-15 09:44:53,885 [WARN] PackLoader:240 - Cannot read IP mode file for STMicroelectronics.X-CUBE-TOUCHGFX.4.24.1
2025-08-15 09:44:53,889 [WARN] PackLoader:240 - Cannot read IP mode file for wolfSSL.I-CUBE-wolfTPM.3.4.0
2025-08-15 09:44:53,894 [WARN] PackLoader:240 - Cannot read IP mode file for portGmbH.I-Cube-SoM-uGOAL.1.1.0
2025-08-15 09:44:53,906 [WARN] PackLoader:240 - Cannot read IP mode file for STMicroelectronics.X-CUBE-AZRTOS-H7RS.1.0.0
2025-08-15 09:44:53,918 [WARN] PackLoader:240 - Cannot read IP mode file for STMicroelectronics.X-CUBE-TOF1.3.4.2
2025-08-15 09:44:53,931 [WARN] PackLoader:240 - Cannot read IP mode file for STMicroelectronics.X-CUBE-TOF1.3.4.3
2025-08-15 09:44:53,955 [WARN] PackLoader:240 - Cannot read IP mode file for Infineon.AIROC-Wi-Fi-Bluetooth-STM32.1.6.1
2025-08-15 09:44:53,962 [WARN] PackLoader:240 - Cannot read IP mode file for wolfSSL.I-CUBE-wolfSSH.1.4.17
2025-08-15 09:44:53,962 [INFO] ThirdParty:978 - Integrity check success = true
2025-08-15 09:44:53,963 [INFO] IntegrityCheckThread:100 - exiting critical section [integrity check]
2025-08-15 09:44:53,963 [INFO] IntegrityCheckThread:103 - End integrity checks thread
2025-08-15 18:48:01,968 [ERROR] ConfigurationRetriever:142 - IOException on connection: sw-center.st.com
2025-08-15 18:48:01,970 [ERROR] ConfigurationRetriever:142 - IOException on connection: sw-center.st.com
2025-08-15 18:48:01,971 [ERROR] ConfigurationRetriever:142 - IOException on connection: sw-center.st.com
2025-08-15 18:51:12,137 [ERROR] ConfigurationRetriever:142 - IOException on connection: sw-center.st.com
2025-08-15 18:51:12,140 [ERROR] ConfigurationRetriever:142 - IOException on connection: sw-center.st.com
2025-08-15 18:51:12,141 [ERROR] ConfigurationRetriever:142 - IOException on connection: sw-center.st.com
2025-08-15 22:30:45,501 [ERROR] ConfigurationRetriever:142 - IOException on connection: sw-center.st.com
2025-08-15 22:30:45,503 [ERROR] ConfigurationRetriever:142 - IOException on connection: sw-center.st.com
2025-08-15 22:30:45,503 [ERROR] ConfigurationRetriever:142 - IOException on connection: sw-center.st.com
2025-08-15 22:31:37,305 [ERROR] ConfigurationRetriever:142 - IOException on connection: sw-center.st.com
2025-08-15 22:31:37,306 [ERROR] ConfigurationRetriever:142 - IOException on connection: sw-center.st.com
2025-08-15 22:31:37,307 [ERROR] ConfigurationRetriever:142 - IOException on connection: sw-center.st.com
2025-08-15 22:54:50,456 [ERROR] ConfigurationRetriever:142 - IOException on connection: sw-center.st.com
2025-08-15 22:54:50,457 [ERROR] ConfigurationRetriever:142 - IOException on connection: sw-center.st.com
2025-08-15 22:54:50,457 [ERROR] ConfigurationRetriever:142 - IOException on connection: sw-center.st.com
2025-08-15 23:02:36,139 [ERROR] ConfigurationRetriever:142 - IOException on connection: sw-center.st.com
2025-08-15 23:02:36,140 [ERROR] ConfigurationRetriever:142 - IOException on connection: sw-center.st.com
2025-08-15 23:02:36,142 [ERROR] ConfigurationRetriever:142 - IOException on connection: sw-center.st.com
2025-08-15 23:03:15,503 [ERROR] ConfigurationRetriever:142 - IOException on connection: sw-center.st.com
2025-08-15 23:03:15,503 [ERROR] ConfigurationRetriever:142 - IOException on connection: sw-center.st.com
2025-08-15 23:03:15,503 [ERROR] ConfigurationRetriever:142 - IOException on connection: sw-center.st.com
2025-08-15 23:03:16,636 [ERROR] LogOutputStream:75 - [STDERR_REDIRECT] 
