2025-09-01 21:31:19,245 [INFO] Activator:176 - 


2025-09-01 21:31:19,248 [INFO] Activator:177 - !SESSION log4j initialized
2025-09-01 21:31:23,482 [INFO] LogOutputStream:77 - [STDOUT_REDIRECT] 
2025-09-01 21:31:24,483 [INFO] ApplicationProperties:184 - Using Application install path: C:\ST\STM32CubeIDE_1.19.0\STM32CubeIDE\plugins\com.st.stm32cube.common.mx_6.15.0.202507011659
2025-09-01 21:31:24,500 [INFO] DbMcusXml:78 - Set database path to: C:\ST\STM32CubeIDE_1.19.0\STM32CubeIDE\plugins\com.st.stm32cube.common.mx_6.15.0.202507011659\\db\/mcu/
2025-09-01 21:31:24,500 [INFO] ApiDb:274 - Set plugin database path to: C:\ST\STM32CubeIDE_1.19.0\STM32CubeIDE\plugins\com.st.stm32cube.common.mx_6.15.0.202507011659\\db\/plugins/boardmanager/
2025-09-01 21:31:24,501 [WARN] ApiDb:259 - Overriding images path with different value:  => C:\ST\STM32CubeIDE_1.19.0\STM32CubeIDE\plugins\com.st.stm32cube.common.mx_6.15.0.202507011659\\db\/plugins/mcufinder/images/
2025-09-01 21:31:24,506 [INFO] ApiDb:250 - Set database path to: C:\Users\sheet\.stmcufinder\plugins\mcufinder//mcu/
2025-09-01 21:31:24,507 [INFO] DbMcusAds:125 - Set database path to: C:\Users\sheet\.stmcufinder\plugins\mcufinder//mcu/
2025-09-01 21:31:24,510 [INFO] CrossReferenceDbSqlite:203 - Set database path to: C:\Users\sheet\.stmcufinder\plugins\mcufinder//mcu/cs/
2025-09-01 21:31:24,665 [INFO] RulesReader:64 - Compatibility file has been processed (317 Rules)
2025-09-01 21:31:24,788 [INFO] DbMcusXml:78 - Set database path to: C:\ST\STM32CubeIDE_1.19.0\STM32CubeIDE\plugins\com.st.stm32cube.common.mx_6.15.0.202507011659\\db\/mcu/
2025-09-01 21:31:24,788 [INFO] ApiDb:274 - Set plugin database path to: C:\ST\STM32CubeIDE_1.19.0\STM32CubeIDE\plugins\com.st.stm32cube.common.mx_6.15.0.202507011659\\db\/plugins/boardmanager/
2025-09-01 21:31:24,788 [INFO] ApiDb:261 - Set plugin images path to: C:\ST\STM32CubeIDE_1.19.0\STM32CubeIDE\plugins\com.st.stm32cube.common.mx_6.15.0.202507011659\\db\/plugins/mcufinder/images/
2025-09-01 21:31:24,789 [WARN] DbFile:41 - Overriding database path with different value: C:\Users\sheet\.stmcufinder\plugins\mcufinder/ => C:\Users\sheet\.stmcufinder\plugins\mcufinder
2025-09-01 21:31:24,789 [INFO] ApiDb:250 - Set database path to: C:\Users\sheet\.stmcufinder\plugins\mcufinder//mcu/
2025-09-01 21:31:24,789 [WARN] DbFile:41 - Overriding database path with different value: C:\Users\sheet\.stmcufinder\plugins\mcufinder/ => C:\Users\sheet\.stmcufinder\plugins\mcufinder
2025-09-01 21:31:24,789 [INFO] DbMcusAds:125 - Set database path to: C:\Users\sheet\.stmcufinder\plugins\mcufinder//mcu/
2025-09-01 21:31:24,789 [WARN] DbFile:41 - Overriding database path with different value: C:\Users\sheet\.stmcufinder\plugins\mcufinder/ => C:\Users\sheet\.stmcufinder\plugins\mcufinder
2025-09-01 21:31:24,790 [WARN] DbFile:41 - Overriding database path with different value: C:\Users\sheet\.stmcufinder\plugins\mcufinder/ => C:\Users\sheet\.stmcufinder\plugins\mcufinder
2025-09-01 21:31:24,790 [INFO] CrossReferenceDbSqlite:203 - Set database path to: C:\Users\sheet\.stmcufinder\plugins\mcufinder//mcu/cs/
2025-09-01 21:31:24,887 [INFO] MainPanel:274 - HeapMemory: 268435456
2025-09-01 21:31:25,003 [INFO] DbMcusXml:78 - Set database path to: C:\ST\STM32CubeIDE_1.19.0\STM32CubeIDE\plugins\com.st.stm32cube.common.mx_6.15.0.202507011659\\db\/mcu/
2025-09-01 21:31:25,004 [INFO] ApiDb:274 - Set plugin database path to: C:\ST\STM32CubeIDE_1.19.0\STM32CubeIDE\plugins\com.st.stm32cube.common.mx_6.15.0.202507011659\\db\/plugins/boardmanager/
2025-09-01 21:31:25,004 [INFO] ApiDb:261 - Set plugin images path to: C:\ST\STM32CubeIDE_1.19.0\STM32CubeIDE\plugins\com.st.stm32cube.common.mx_6.15.0.202507011659\\db\/plugins/mcufinder/images/
2025-09-01 21:31:25,004 [WARN] DbFile:41 - Overriding database path with different value: C:\Users\sheet\.stmcufinder\plugins\mcufinder/ => C:\Users\sheet\.stmcufinder\plugins\mcufinder
2025-09-01 21:31:25,004 [INFO] ApiDb:250 - Set database path to: C:\Users\sheet\.stmcufinder\plugins\mcufinder//mcu/
2025-09-01 21:31:25,004 [WARN] DbFile:41 - Overriding database path with different value: C:\Users\sheet\.stmcufinder\plugins\mcufinder/ => C:\Users\sheet\.stmcufinder\plugins\mcufinder
2025-09-01 21:31:25,004 [INFO] DbMcusAds:125 - Set database path to: C:\Users\sheet\.stmcufinder\plugins\mcufinder//mcu/
2025-09-01 21:31:25,004 [WARN] DbFile:41 - Overriding database path with different value: C:\Users\sheet\.stmcufinder\plugins\mcufinder/ => C:\Users\sheet\.stmcufinder\plugins\mcufinder
2025-09-01 21:31:25,004 [WARN] DbFile:41 - Overriding database path with different value: C:\Users\sheet\.stmcufinder\plugins\mcufinder/ => C:\Users\sheet\.stmcufinder\plugins\mcufinder
2025-09-01 21:31:25,004 [INFO] CrossReferenceDbSqlite:203 - Set database path to: C:\Users\sheet\.stmcufinder\plugins\mcufinder//mcu/cs/
2025-09-01 21:31:25,018 [INFO] ApplicationProperties:184 - Using Application install path: C:\ST\STM32CubeIDE_1.19.0\STM32CubeIDE\plugins\com.st.stm32cube.common.mx_6.15.0.202507011659
2025-09-01 21:31:25,019 [INFO] PluginManage:196 - Search for loadable plugins [exclusion list=, ]
2025-09-01 21:31:25,020 [INFO] PluginManage:310 - Check plugin analytics
2025-09-01 21:31:25,227 [INFO] AnalyticsPlugin:253 - Accepted Software Licenses: 
2025-09-01 21:31:25,227 [INFO] AnalyticsPlugin:255 - Accepted CMSIS Pack Licenses: 
2025-09-01 21:31:25,227 [INFO] AnalyticsPlugin:257 - Accepted Firmware Licenses: FW.F4.1.28.0
2025-09-01 21:31:25,230 [INFO] PluginManage:359 - Loaded plugin analytics (category:tool,tabindex:-1)
2025-09-01 21:31:25,230 [INFO] PluginManage:310 - Check plugin cadmodel
2025-09-01 21:31:25,239 [INFO] CADModel:105 - Init CAD model plugin
2025-09-01 21:31:25,239 [INFO] PluginManage:359 - Loaded plugin cadmodel (category:power,tabindex:5)
2025-09-01 21:31:25,240 [INFO] PluginManage:310 - Check plugin clock
2025-09-01 21:31:25,251 [INFO] PluginManage:359 - Loaded plugin clock (category:base,tabindex:2)
2025-09-01 21:31:25,252 [INFO] PluginManage:310 - Check plugin ddr
2025-09-01 21:31:25,254 [INFO] PluginManage:359 - Loaded plugin ddr (category:tool,tabindex:6)
2025-09-01 21:31:25,255 [INFO] PluginManage:310 - Check plugin filemanager
2025-09-01 21:31:25,415 [INFO] PluginManage:359 - Loaded plugin filemanager (category:base,tabindex:10)
2025-09-01 21:31:25,415 [INFO] PluginManage:310 - Check plugin ipmanager
2025-09-01 21:31:25,425 [INFO] PluginManage:359 - Loaded plugin ipmanager (category:base,tabindex:5)
2025-09-01 21:31:25,425 [INFO] PluginManage:310 - Check plugin lpbam
2025-09-01 21:31:25,436 [INFO] PluginManage:359 - Loaded plugin lpbam (category:base,tabindex:0)
2025-09-01 21:31:25,436 [INFO] PluginManage:310 - Check plugin memorymap
2025-09-01 21:31:25,450 [INFO] PluginManage:359 - Loaded plugin memorymap (category:base,tabindex:4)
2025-09-01 21:31:25,450 [INFO] PluginManage:310 - Check plugin pinoutandconfiguration
2025-09-01 21:31:25,461 [INFO] PluginManage:359 - Loaded plugin pinoutandconfiguration (category:base,tabindex:1)
2025-09-01 21:31:25,461 [INFO] PluginManage:310 - Check plugin pinoutconfig
2025-09-01 21:31:25,535 [WARN] SupportedApi:132 - Cannot load RTOS API schema: s4s-elt-must-match.1: The content of 'definitions' must match (annotation?, (simpleType | complexType)?, (unique | key | keyref)*)). A problem was found starting at: attribute.
2025-09-01 21:31:25,648 [INFO] PluginManage:359 - Loaded plugin pinoutconfig (category:base,tabindex:0)
2025-09-01 21:31:25,648 [INFO] PluginManage:310 - Check plugin power
2025-09-01 21:31:25,663 [INFO] PluginManage:359 - Loaded plugin power (category:power,tabindex:4)
2025-09-01 21:31:25,663 [INFO] PluginManage:310 - Check plugin projectmanager
2025-09-01 21:31:25,676 [INFO] PluginManage:359 - Loaded plugin projectmanager (category:projectmanager,tabindex:4)
2025-09-01 21:31:25,676 [INFO] PluginManage:310 - Check plugin rif
2025-09-01 21:31:25,686 [INFO] PluginManage:359 - Loaded plugin rif (category:base,tabindex:3)
2025-09-01 21:31:25,686 [INFO] PluginManage:310 - Check plugin thirdparty
2025-09-01 21:31:25,840 [INFO] PluginManage:359 - Loaded plugin thirdparty (category:base,tabindex:-1)
2025-09-01 21:31:25,840 [WARN] IntegrityCheckThread:84 - waiting for thirdparty lock release [integrity check]
2025-09-01 21:31:25,840 [INFO] PluginManage:310 - Check plugin tools
2025-09-01 21:31:25,840 [INFO] IntegrityCheckThread:86 - entering critical section [integrity check]
2025-09-01 21:31:25,840 [INFO] ThirdPartyUpdaterWithRetryManager:70 - Updater plugin not ready yet. [1/15]
2025-09-01 21:31:25,844 [INFO] PluginManage:359 - Loaded plugin tools (category:base,tabindex:7)
2025-09-01 21:31:25,844 [INFO] PluginManage:310 - Check plugin tutovideos
2025-09-01 21:31:26,021 [INFO] PluginManage:359 - Loaded plugin tutovideos (category:base,tabindex:-1)
2025-09-01 21:31:26,021 [INFO] PluginManage:310 - Check plugin updater
2025-09-01 21:31:26,044 [INFO] PluginManage:359 - Loaded plugin updater (category:base,tabindex:12)
2025-09-01 21:31:26,044 [INFO] PluginManage:310 - Check plugin userauth
2025-09-01 21:31:26,048 [INFO] UserAuth:118 - Init User Auth plugin
2025-09-01 21:31:26,049 [INFO] PluginManage:359 - Loaded plugin userauth (category:base,tabindex:14)
2025-09-01 21:31:26,050 [INFO] PluginManage:283 - PluginManage : Loaded plugins [18]
2025-09-01 21:31:26,251 [INFO] PinOutPanel:1589 - setPackage(No Configuration,No Configuration)
2025-09-01 21:31:26,328 [INFO] CADModel:165 - CPN selected for project level
2025-09-01 21:31:26,328 [INFO] CADModel:114 - Register for checkConnection events
2025-09-01 21:31:26,352 [INFO] IPUIPlugin:80 - create IPUIPlugin
2025-09-01 21:31:26,352 [INFO] PluginManager:220 - loadIPPluginJar : add adc
2025-09-01 21:31:26,356 [INFO] IPUIPlugin:80 - create IPUIPlugin
2025-09-01 21:31:26,356 [INFO] PluginManager:220 - loadIPPluginJar : add aes
2025-09-01 21:31:26,358 [INFO] IPUIPlugin:80 - create IPUIPlugin
2025-09-01 21:31:26,358 [INFO] PluginManager:220 - loadIPPluginJar : add can
2025-09-01 21:31:26,361 [INFO] IPUIPlugin:80 - create IPUIPlugin
2025-09-01 21:31:26,361 [INFO] PluginManager:220 - loadIPPluginJar : add comp
2025-09-01 21:31:26,365 [INFO] IPUIPlugin:80 - create IPUIPlugin
2025-09-01 21:31:26,365 [INFO] PluginManager:220 - loadIPPluginJar : add cryp
2025-09-01 21:31:26,370 [INFO] IPUIPlugin:80 - create IPUIPlugin
2025-09-01 21:31:26,370 [INFO] PluginManager:220 - loadIPPluginJar : add ddr_ctrl_phy
2025-09-01 21:31:26,373 [INFO] IPUIPlugin:80 - create IPUIPlugin
2025-09-01 21:31:26,373 [INFO] PluginManager:220 - loadIPPluginJar : add dfsdm
2025-09-01 21:31:26,379 [INFO] IPUIPlugin:80 - create IPUIPlugin
2025-09-01 21:31:26,380 [INFO] PluginManager:220 - loadIPPluginJar : add dma
2025-09-01 21:31:26,384 [INFO] IPUIPlugin:80 - create IPUIPlugin
2025-09-01 21:31:26,384 [INFO] PluginManager:220 - loadIPPluginJar : add dma3
2025-09-01 21:31:26,391 [INFO] IPUIPlugin:80 - create IPUIPlugin
2025-09-01 21:31:26,391 [INFO] PluginManager:220 - loadIPPluginJar : add extmemmanager
2025-09-01 21:31:26,394 [INFO] IPUIPlugin:80 - create IPUIPlugin
2025-09-01 21:31:26,394 [INFO] PluginManager:220 - loadIPPluginJar : add fatfs
2025-09-01 21:31:26,400 [INFO] IPUIPlugin:80 - create IPUIPlugin
2025-09-01 21:31:26,400 [INFO] PluginManager:220 - loadIPPluginJar : add fmc
2025-09-01 21:31:26,412 [INFO] IPUIPlugin:80 - create IPUIPlugin
2025-09-01 21:31:26,413 [INFO] PluginManager:220 - loadIPPluginJar : add freertos
2025-09-01 21:31:26,415 [INFO] IPUIPlugin:80 - create IPUIPlugin
2025-09-01 21:31:26,415 [INFO] PluginManager:220 - loadIPPluginJar : add genericplugin
2025-09-01 21:31:26,419 [INFO] IPUIPlugin:80 - create IPUIPlugin
2025-09-01 21:31:26,420 [INFO] PluginManager:220 - loadIPPluginJar : add gfxmmu
2025-09-01 21:31:26,428 [INFO] IPUIPlugin:80 - create IPUIPlugin
2025-09-01 21:31:26,428 [INFO] PluginManager:220 - loadIPPluginJar : add gic
2025-09-01 21:31:26,435 [INFO] IPUIPlugin:80 - create IPUIPlugin
2025-09-01 21:31:26,435 [INFO] PluginManager:220 - loadIPPluginJar : add gpio
2025-09-01 21:31:26,439 [INFO] IPUIPlugin:80 - create IPUIPlugin
2025-09-01 21:31:26,439 [INFO] PluginManager:220 - loadIPPluginJar : add gtzc
2025-09-01 21:31:26,444 [INFO] IPUIPlugin:80 - create IPUIPlugin
2025-09-01 21:31:26,444 [INFO] PluginManager:220 - loadIPPluginJar : add hash
2025-09-01 21:31:26,447 [INFO] IPUIPlugin:80 - create IPUIPlugin
2025-09-01 21:31:26,448 [INFO] PluginManager:220 - loadIPPluginJar : add i2c
2025-09-01 21:31:26,450 [INFO] IPUIPlugin:80 - create IPUIPlugin
2025-09-01 21:31:26,450 [INFO] PluginManager:220 - loadIPPluginJar : add i2s
2025-09-01 21:31:26,453 [INFO] IPUIPlugin:80 - create IPUIPlugin
2025-09-01 21:31:26,453 [INFO] PluginManager:220 - loadIPPluginJar : add i3c
2025-09-01 21:31:26,456 [INFO] IPUIPlugin:80 - create IPUIPlugin
2025-09-01 21:31:26,457 [INFO] PluginManager:220 - loadIPPluginJar : add ipddr
2025-09-01 21:31:26,465 [INFO] IPUIPlugin:80 - create IPUIPlugin
2025-09-01 21:31:26,465 [INFO] PluginManager:220 - loadIPPluginJar : add linkedlist
2025-09-01 21:31:26,467 [INFO] IPUIPlugin:80 - create IPUIPlugin
2025-09-01 21:31:26,467 [INFO] PluginManager:220 - loadIPPluginJar : add lorawan
2025-09-01 21:31:26,469 [INFO] IPUIPlugin:80 - create IPUIPlugin
2025-09-01 21:31:26,469 [INFO] PluginManager:220 - loadIPPluginJar : add ltdc
2025-09-01 21:31:26,473 [INFO] IPUIPlugin:80 - create IPUIPlugin
2025-09-01 21:31:26,473 [INFO] PluginManager:220 - loadIPPluginJar : add mdma
2025-09-01 21:31:26,476 [INFO] IPUIPlugin:80 - create IPUIPlugin
2025-09-01 21:31:26,477 [INFO] PluginManager:220 - loadIPPluginJar : add nvic
2025-09-01 21:31:26,479 [INFO] IPUIPlugin:80 - create IPUIPlugin
2025-09-01 21:31:26,479 [INFO] PluginManager:220 - loadIPPluginJar : add opamp
2025-09-01 21:31:26,482 [INFO] IPUIPlugin:80 - create IPUIPlugin
2025-09-01 21:31:26,482 [INFO] PluginManager:220 - loadIPPluginJar : add openamp
2025-09-01 21:31:26,486 [INFO] IPUIPlugin:80 - create IPUIPlugin
2025-09-01 21:31:26,486 [INFO] PluginManager:220 - loadIPPluginJar : add pdm2pcm
2025-09-01 21:31:26,490 [INFO] IPUIPlugin:80 - create IPUIPlugin
2025-09-01 21:31:26,494 [INFO] PluginManager:220 - loadIPPluginJar : add plateformsettings
2025-09-01 21:31:26,496 [INFO] IPUIPlugin:80 - create IPUIPlugin
2025-09-01 21:31:26,496 [INFO] PluginManager:220 - loadIPPluginJar : add quadspi
2025-09-01 21:31:26,498 [INFO] IPUIPlugin:80 - create IPUIPlugin
2025-09-01 21:31:26,498 [INFO] PluginManager:220 - loadIPPluginJar : add radio
2025-09-01 21:31:26,505 [INFO] IPUIPlugin:80 - create IPUIPlugin
2025-09-01 21:31:26,505 [INFO] PluginManager:220 - loadIPPluginJar : add resmgrutility
2025-09-01 21:31:26,508 [INFO] IPUIPlugin:80 - create IPUIPlugin
2025-09-01 21:31:26,508 [INFO] PluginManager:220 - loadIPPluginJar : add sai
2025-09-01 21:31:26,510 [INFO] IPUIPlugin:80 - create IPUIPlugin
2025-09-01 21:31:26,510 [INFO] PluginManager:220 - loadIPPluginJar : add spi
2025-09-01 21:31:26,515 [INFO] IPUIPlugin:80 - create IPUIPlugin
2025-09-01 21:31:26,515 [INFO] PluginManager:220 - loadIPPluginJar : add stm32_wpan
2025-09-01 21:31:26,517 [INFO] IPUIPlugin:80 - create IPUIPlugin
2025-09-01 21:31:26,517 [INFO] PluginManager:220 - loadIPPluginJar : add tim
2025-09-01 21:31:26,522 [INFO] IPUIPlugin:80 - create IPUIPlugin
2025-09-01 21:31:26,522 [INFO] PluginManager:220 - loadIPPluginJar : add touchsensing
2025-09-01 21:31:26,524 [INFO] IPUIPlugin:80 - create IPUIPlugin
2025-09-01 21:31:26,524 [INFO] PluginManager:220 - loadIPPluginJar : add tracer_emb
2025-09-01 21:31:26,527 [INFO] IPUIPlugin:80 - create IPUIPlugin
2025-09-01 21:31:26,527 [INFO] PluginManager:220 - loadIPPluginJar : add ts
2025-09-01 21:31:26,529 [INFO] IPUIPlugin:80 - create IPUIPlugin
2025-09-01 21:31:26,529 [INFO] PluginManager:220 - loadIPPluginJar : add tsc
2025-09-01 21:31:26,530 [INFO] IPUIPlugin:80 - create IPUIPlugin
2025-09-01 21:31:26,531 [INFO] PluginManager:220 - loadIPPluginJar : add ucpd
2025-09-01 21:31:26,533 [INFO] IPUIPlugin:80 - create IPUIPlugin
2025-09-01 21:31:26,533 [INFO] PluginManager:220 - loadIPPluginJar : add usart
2025-09-01 21:31:26,537 [INFO] IPUIPlugin:80 - create IPUIPlugin
2025-09-01 21:31:26,537 [INFO] PluginManager:220 - loadIPPluginJar : add usbx
2025-09-01 21:31:26,650 [FATAL] Updater:351 - Updater called before beeing initialized
2025-09-01 21:31:26,698 [INFO] RulesReader:64 - Compatibility file has been processed (317 Rules)
2025-09-01 21:31:26,712 [INFO] RulesReader:64 - Compatibility file has been processed (317 Rules)
2025-09-01 21:31:26,725 [INFO] CADModel:165 - CPN selected for project level
2025-09-01 21:31:26,725 [INFO] CADModel:114 - Register for checkConnection events
2025-09-01 21:31:26,725 [FATAL] Updater:351 - Updater called before beeing initialized
2025-09-01 21:31:26,725 [ERROR] CADModel:125 - Updater not yet initialized, retry later 
2025-09-01 21:31:26,844 [FATAL] Updater:351 - Updater called before beeing initialized
2025-09-01 21:31:26,846 [INFO] CADModel:165 - CPN selected for project level
2025-09-01 21:31:26,846 [INFO] CADModel:114 - Register for checkConnection events
2025-09-01 21:31:26,846 [FATAL] Updater:351 - Updater called before beeing initialized
2025-09-01 21:31:26,846 [ERROR] CADModel:125 - Updater not yet initialized, retry later 
2025-09-01 21:31:26,849 [FATAL] Updater:351 - Updater called before beeing initialized
2025-09-01 21:31:26,937 [FATAL] Updater:351 - Updater called before beeing initialized
2025-09-01 21:31:26,940 [INFO] DbMcusAds:53 - JSON generation date=Tue Jul 08 13:44:23 IST 2025 (1751962463582)
2025-09-01 21:31:26,940 [FATAL] Updater:351 - Updater called before beeing initialized
2025-09-01 21:31:26,967 [WARN] DetailPanel:346 - Failed to get advertising image, set to default
2025-09-01 21:31:27,024 [FATAL] Updater:351 - Updater called before beeing initialized
2025-09-01 21:31:27,026 [FATAL] Updater:351 - Updater called before beeing initialized
2025-09-01 21:31:27,026 [FATAL] Updater:351 - Updater called before beeing initialized
2025-09-01 21:31:27,026 [WARN] DetailPanel:346 - Failed to get advertising image, set to default
2025-09-01 21:31:27,026 [FATAL] Updater:351 - Updater called before beeing initialized
2025-09-01 21:31:27,064 [ERROR] Updater:1198 - MainUpdater not yet initialized. External WinMGr cannot be set.
2025-09-01 21:31:27,065 [INFO] Updater:1134 - Updater Version found : 6.15.0
2025-09-01 21:31:27,080 [INFO] ApplicationProperties:184 - Using Application install path: C:\ST\STM32CubeIDE_1.19.0\STM32CubeIDE\plugins\com.st.stm32cube.common.mx_6.15.0.202507011659
2025-09-01 21:31:28,660 [ERROR] LogOutputStream:75 - [STDERR_REDIRECT] Sep 01, 2025 9:31:28 PM java.util.prefs.WindowsPreferences <init>
2025-09-01 21:31:28,661 [ERROR] LogOutputStream:75 - [STDERR_REDIRECT] WARNING: Could not open/create prefs root node Software\JavaSoft\Prefs at root 0xffffffff80000002. Windows RegCreateKeyEx(...) returned error code 5.
2025-09-01 21:31:28,661 [ERROR] LogOutputStream:75 - [STDERR_REDIRECT] 
2025-09-01 21:31:28,842 [INFO] ThirdPartyUpdaterWithRetryManager:70 - Updater plugin not ready yet. [2/15]
2025-09-01 21:31:29,007 [INFO] MainUpdater:2872 - connection check result : 10
2025-09-01 21:31:29,007 [INFO] MainUpdater:289 - Updater Check For Update Now.
2025-09-01 21:31:29,007 [INFO] MicroXplorer:498 - Change Database Version : DB.6.0.150
2025-09-01 21:31:29,013 [INFO] McuFinderGlobals:63 - Set McuFinder mode to 2 (CubeIDE integrated)
2025-09-01 21:31:29,013 [INFO] UserAuth:487 - Internet connection configuration mode: 1
2025-09-01 21:31:29,066 [INFO] JxBrowserEngine:152 - Initiate JxBrowser Engine with user profile folder
2025-09-01 21:31:29,168 [INFO] CheckServerUpdateThread:120 - End of CheckServer Thread
2025-09-01 21:31:30,610 [INFO] WebApp:169 - Instantiating new browser for Auth
2025-09-01 21:31:31,347 [INFO] WebApp:463 - Apply proxy settings
2025-09-01 21:31:31,347 [INFO] WebApp:548 - Chromium requires no authentication
2025-09-01 21:31:31,357 [INFO] WebApp:491 - Direct internet connection detected
2025-09-01 21:31:31,385 [INFO] WebApp:900 - Register for checkConnection events
2025-09-01 21:31:31,385 [INFO] WebApp:463 - Apply proxy settings
2025-09-01 21:31:31,385 [INFO] WebApp:548 - Chromium requires no authentication
2025-09-01 21:31:31,385 [INFO] WebApp:491 - Direct internet connection detected
2025-09-01 21:31:31,556 [INFO] WebApp:225 - Starting web application
2025-09-01 21:31:31,557 [INFO] WebApp:593 - Web application path used C:\ST\STM32CubeIDE_1.19.0\STM32CubeIDE\plugins\com.st.stm32cube.common.mx_6.15.0.202507011659\db\plugins\mcufinder\reactClient1\index.html
2025-09-01 21:31:31,828 [INFO] UserAuth:487 - Internet connection configuration mode: 1
2025-09-01 21:31:31,987 [INFO] WebApp:191 - Connection restablished
2025-09-01 21:31:32,180 [WARN] PackLoader:240 - Cannot read IP mode file for STMicroelectronics.FP-SNS-MOTENVWB1.1.4.0
2025-09-01 21:31:32,201 [WARN] PackLoader:240 - Cannot read IP mode file for STMicroelectronics.FP-ATR-ASTRA1.2.0.2
2025-09-01 21:31:32,208 [WARN] PackLoader:240 - Cannot read IP mode file for STMicroelectronics.FP-ATR-ASTRA1.2.0.1
2025-09-01 21:31:32,231 [WARN] PackLoader:240 - Cannot read IP mode file for STMicroelectronics.X-CUBE-SMBUS.2.1.0
2025-09-01 21:31:32,247 [WARN] PackLoader:240 - Cannot read IP mode file for STMicroelectronics.X-CUBE-WB05N.1.1.0
2025-09-01 21:31:32,258 [WARN] PackLoader:240 - Cannot read IP mode file for STMicroelectronics.X-CUBE-ST60.1.0.0
2025-09-01 21:31:32,319 [WARN] PackLoader:240 - Cannot read IP mode file for STMicroelectronics.X-CUBE-AZRTOS-F7.1.1.0
2025-09-01 21:31:32,434 [WARN] PackLoader:240 - Cannot read IP mode file for STMicroelectronics.X-CUBE-MEMS1.11.0.0
2025-09-01 21:31:32,612 [WARN] PackLoader:240 - Cannot read IP mode file for STMicroelectronics.FP-SNS-FLIGHT1.5.0.2
2025-09-01 21:31:32,635 [WARN] PackLoader:240 - Cannot read IP mode file for STMicroelectronics.X-CUBE-AZRTOS-H7.3.4.0
2025-09-01 21:31:32,643 [WARN] PackLoader:240 - Cannot read IP mode file for STMicroelectronics.X-CUBE-DISPLAY.3.0.0
2025-09-01 21:31:32,652 [WARN] PackLoader:240 - Cannot read IP mode file for STMicroelectronics.X-CUBE-BLE1.7.0.0
2025-09-01 21:31:32,659 [WARN] PackLoader:240 - Cannot read IP mode file for STMicroelectronics.X-CUBE-NFC10.1.0.0
2025-09-01 21:31:32,673 [WARN] PackLoader:240 - Cannot read IP mode file for STMicroelectronics.X-CUBE-BLEMGR.4.0.0
2025-09-01 21:31:32,685 [WARN] PackLoader:240 - Cannot read IP mode file for emotas.I-CUBE-CANOPEN.1.3.0
2025-09-01 21:31:32,694 [WARN] PackLoader:240 - Cannot read IP mode file for STMicroelectronics.X-CUBE-BLEMGR.3.1.0
2025-09-01 21:31:32,701 [WARN] PackLoader:240 - Cannot read IP mode file for STMicroelectronics.X-CUBE-AI.10.0.0
2025-09-01 21:31:32,708 [WARN] PackLoader:240 - Cannot read IP mode file for STMicroelectronics.FP-SNS-STBOX1.2.1.0
2025-09-01 21:31:32,718 [WARN] PackLoader:240 - Cannot read IP mode file for STMicroelectronics.FP-SNS-SMARTAG2.1.2.0
2025-09-01 21:31:32,723 [WARN] PackLoader:240 - Cannot read IP mode file for STMicroelectronics.FP-SNS-FLIGHT1.5.1.0
2025-09-01 21:31:32,776 [WARN] PackLoader:240 - Cannot read IP mode file for STMicroelectronics.X-CUBE-MEMS1.11.1.0
2025-09-01 21:31:32,853 [INFO] LogOutputStream:77 - [STDOUT_REDIRECT] 1 : Invalid condition id : UX_CORESTACK_Condition cause : null
2025-09-01 21:31:32,855 [INFO] LogOutputStream:77 - [STDOUT_REDIRECT] 1 : Invalid condition id : UX_CORESTACK_Condition cause : null
2025-09-01 21:31:32,856 [INFO] LogOutputStream:77 - [STDOUT_REDIRECT] 1 : Invalid condition id : UX_CORESTACK_Condition cause : null
2025-09-01 21:31:32,857 [INFO] LogOutputStream:77 - [STDOUT_REDIRECT] 1 : Invalid condition id : UX_CORESTACK_Condition cause : null
2025-09-01 21:31:32,859 [INFO] LogOutputStream:77 - [STDOUT_REDIRECT] 1 : Invalid condition id : UX_CORESTACK_Condition cause : null
2025-09-01 21:31:32,863 [WARN] PackLoader:240 - Cannot read IP mode file for STMicroelectronics.X-CUBE-AZRTOS-WL.2.0.0
2025-09-01 21:31:32,871 [WARN] PackLoader:240 - Cannot read IP mode file for STMicroelectronics.FP-SNS-MOTENV1.5.0.0
2025-09-01 21:31:32,876 [WARN] PackLoader:240 - Cannot read IP mode file for wolfSSL.I-CUBE-wolfMQTT.1.19.0
2025-09-01 21:31:32,885 [WARN] PackLoader:240 - Cannot read IP mode file for WES.I-CUBE-Cesium.1.3.0
2025-09-01 21:31:32,892 [WARN] PackLoader:240 - Cannot read IP mode file for STMicroelectronics.X-CUBE-BLE2.3.3.0
2025-09-01 21:31:32,901 [WARN] PackLoader:240 - Cannot read IP mode file for STMicroelectronics.X-CUBE-NFC9.1.0.0
2025-09-01 21:31:32,908 [WARN] PackLoader:240 - Cannot read IP mode file for STMicroelectronics.X-CUBE-BLE1.7.1.0
2025-09-01 21:31:32,916 [WARN] PackLoader:240 - Cannot read IP mode file for STMicroelectronics.X-CUBE-TCPP.4.1.0
2025-09-01 21:31:32,929 [WARN] PackLoader:240 - Cannot read IP mode file for STMicroelectronics.X-CUBE-EEPRMA1.5.2.0
2025-09-01 21:31:32,938 [WARN] PackLoader:240 - Cannot read IP mode file for STMicroelectronics.X-CUBE-AI.10.1.0
2025-09-01 21:31:33,024 [WARN] PackLoader:240 - Cannot read IP mode file for STMicroelectronics.X-CUBE-MEMS1.11.2.0
2025-09-01 21:31:33,124 [WARN] PackLoader:240 - Cannot read IP mode file for STMicroelectronics.X-CUBE-AZRTOS-G0.1.1.0
2025-09-01 21:31:33,134 [WARN] PackLoader:240 - Cannot read IP mode file for STMicroelectronics.X-CUBE-SAFEA1.1.2.2
2025-09-01 21:31:33,141 [WARN] PackLoader:240 - Cannot read IP mode file for STMicroelectronics.X-CUBE-NFC4.3.0.0
2025-09-01 21:31:33,151 [WARN] PackLoader:240 - Cannot read IP mode file for EmbeddedOffice.I-CUBE-FS-RTOS.1.0.1
2025-09-01 21:31:33,156 [WARN] PackLoader:240 - Cannot read IP mode file for STMicroelectronics.X-CUBE-WB05N.2.0.0
2025-09-01 21:31:33,161 [WARN] PackLoader:240 - Cannot read IP mode file for STMicroelectronics.X-CUBE-TCPP.4.2.0
2025-09-01 21:31:33,165 [WARN] PackLoader:240 - Cannot read IP mode file for RealThread.X-CUBE-RT-Thread_Nano.4.1.1
2025-09-01 21:31:33,168 [WARN] PackLoader:240 - Cannot read IP mode file for STMicroelectronics.FP-ATR-SIGFOX1.3.2.0
2025-09-01 21:31:33,171 [WARN] ConditionMgr:438 - getConditionDescription Invalid condition id : Cortex-A Device cause : null
2025-09-01 21:31:33,184 [WARN] ConditionMgr:1044 - genDependencies : Invalid condition id : Cortex-A Device cause : null
2025-09-01 21:31:33,184 [WARN] ConditionMgr:1044 - genDependencies : Invalid condition id : Cortex-A Device cause : null
2025-09-01 21:31:33,184 [WARN] ConditionMgr:1044 - genDependencies : Invalid condition id : Cortex-A Device cause : null
2025-09-01 21:31:33,189 [WARN] PackLoader:240 - Cannot read IP mode file for STMicroelectronics.X-CUBE-EEPRMA1.5.1.0
2025-09-01 21:31:33,195 [WARN] PackLoader:240 - Cannot read IP mode file for wolfSSL.I-CUBE-wolfSSL.5.7.4
2025-09-01 21:31:33,202 [WARN] PackLoader:240 - Cannot read IP mode file for ITTIA_DB.I-CUBE-ITTIADB.8.9.0
2025-09-01 21:31:33,208 [WARN] PackLoader:240 - Cannot read IP mode file for STMicroelectronics.X-CUBE-ST67W61.1.0.0
2025-09-01 21:31:33,213 [WARN] PackLoader:240 - Cannot read IP mode file for STMicroelectronics.X-CUBE-AI.10.2.0
2025-09-01 21:31:33,236 [WARN] PackLoader:240 - Cannot read IP mode file for SEGGER.I-CUBE-embOS.1.3.1
2025-09-01 21:31:33,263 [WARN] PackLoader:240 - Cannot read IP mode file for STMicroelectronics.X-CUBE-ALGOBUILD.1.4.0
2025-09-01 21:31:33,294 [WARN] PackLoader:240 - Cannot read IP mode file for STMicroelectronics.X-CUBE-MEMS1.11.3.0
2025-09-01 21:31:33,350 [WARN] PackLoader:240 - Cannot read IP mode file for STMicroelectronics.X-CUBE-AI.9.1.0
2025-09-01 21:31:33,353 [WARN] PackLoader:240 - Cannot read IP mode file for STMicroelectronics.X-CUBE-PM33A1.1.0.0
2025-09-01 21:31:33,362 [WARN] PackLoader:240 - Cannot read IP mode file for STMicroelectronics.X-CUBE-AZRTOS-F4.1.1.0
2025-09-01 21:31:33,368 [WARN] PackLoader:240 - Cannot read IP mode file for Avnet-IotConnect.X-CUBE-IoTC-DA16k-PMOD.1.0.0
2025-09-01 21:31:33,372 [WARN] PackLoader:240 - Cannot read IP mode file for STMicroelectronics.X-CUBE-ISPU.2.1.0
2025-09-01 21:31:33,376 [WARN] PackLoader:240 - Cannot read IP mode file for STMicroelectronics.X-CUBE-FREERTOS.1.2.0
2025-09-01 21:31:33,382 [WARN] PackLoader:240 - Cannot read IP mode file for STMicroelectronics.X-CUBE-NFC12.1.0.0
2025-09-01 21:31:33,391 [WARN] PackLoader:240 - Cannot read IP mode file for STMicroelectronics.X-CUBE-AZRTOS-L5.2.0.0
2025-09-01 21:31:33,399 [WARN] PackLoader:240 - Cannot read IP mode file for STMicroelectronics.X-CUBE-NFC6.3.1.0
2025-09-01 21:31:33,403 [WARN] PackLoader:240 - Cannot read IP mode file for STMicroelectronics.X-CUBE-DPower.1.2.0
2025-09-01 21:31:33,410 [WARN] PackLoader:240 - Cannot read IP mode file for STMicroelectronics.X-CUBE-FREERTOS.1.3.1
2025-09-01 21:31:33,418 [WARN] PackLoader:240 - Cannot read IP mode file for STMicroelectronics.X-CUBE-FREERTOS.1.3.0
2025-09-01 21:31:33,425 [WARN] PackLoader:240 - Cannot read IP mode file for STMicroelectronics.X-CUBE-NFC7.1.0.1
2025-09-01 21:31:33,432 [WARN] PackLoader:240 - Cannot read IP mode file for STMicroelectronics.FP-SNS-STAIOTCFT.1.0.0
2025-09-01 21:31:33,437 [WARN] PackLoader:240 - Cannot read IP mode file for STMicroelectronics.X-CUBE-DPower.1.3.0
2025-09-01 21:31:33,455 [WARN] ConditionMgr:438 - getConditionDescription Invalid condition id : LAN8742 Phy interface Condition cause : null
2025-09-01 21:31:33,467 [WARN] PackLoader:240 - Cannot read IP mode file for STMicroelectronics.X-CUBE-AZRTOS-L4.2.0.0
2025-09-01 21:31:33,468 [WARN] ConditionMgr:1044 - genDependencies : Invalid condition id : LAN8742 Phy interface Condition cause : null
2025-09-01 21:31:33,468 [WARN] ConditionMgr:1044 - genDependencies : Invalid condition id : LAN8742 Phy interface Condition cause : null
2025-09-01 21:31:33,468 [WARN] ConditionMgr:1044 - genDependencies : Invalid condition id : LAN8742 Phy interface Condition cause : null
2025-09-01 21:31:33,477 [WARN] PackLoader:240 - Cannot read IP mode file for STMicroelectronics.X-CUBE-SFXS2LP1.4.0.0
2025-09-01 21:31:33,497 [WARN] PackLoader:240 - Cannot read IP mode file for STMicroelectronics.X-CUBE-AZRTOS-H7.3.3.0
2025-09-01 21:31:33,515 [WARN] PackLoader:240 - Cannot read IP mode file for STMicroelectronics.X-CUBE-BLEMGR.4.1.0
2025-09-01 21:31:33,526 [WARN] PackLoader:240 - Cannot read IP mode file for STMicroelectronics.X-CUBE-IPS.3.0.0
2025-09-01 21:31:33,538 [WARN] ConditionMgr:438 - getConditionDescription Invalid condition id : UX DEVICE CLASS RTOS Condition cause : null
2025-09-01 21:31:33,538 [WARN] ConditionMgr:438 - getConditionDescription Invalid condition id : UX DEVICE CLASS RTOS Condition cause : null
2025-09-01 21:31:33,539 [WARN] PackLoader:240 - Cannot read IP mode file for STMicroelectronics.X-CUBE-AZRTOS-WB.2.0.0
2025-09-01 21:31:33,540 [WARN] ConditionMgr:1044 - genDependencies : Invalid condition id : UX DEVICE CLASS RTOS Condition cause : null
2025-09-01 21:31:33,540 [WARN] ConditionMgr:1044 - genDependencies : Invalid condition id : UX DEVICE CLASS RTOS Condition cause : null
2025-09-01 21:31:33,540 [WARN] ConditionMgr:1044 - genDependencies : Invalid condition id : UX DEVICE CLASS RTOS Condition cause : null
2025-09-01 21:31:33,540 [WARN] ConditionMgr:1044 - genDependencies : Invalid condition id : UX DEVICE CLASS RTOS Condition cause : null
2025-09-01 21:31:33,540 [WARN] ConditionMgr:1044 - genDependencies : Invalid condition id : UX DEVICE CLASS RTOS Condition cause : null
2025-09-01 21:31:33,547 [WARN] PackLoader:240 - Cannot read IP mode file for STMicroelectronics.X-CUBE-GNSS1.7.0.0
2025-09-01 21:31:33,553 [WARN] PackLoader:240 - Cannot read IP mode file for STMicroelectronics.X-CUBE-GNSS1.7.0.1
2025-09-01 21:31:33,559 [WARN] PackLoader:240 - Cannot read IP mode file for STMicroelectronics.X-CUBE-TOUCHGFX.4.25.0
2025-09-01 21:31:33,564 [WARN] PackLoader:240 - Cannot read IP mode file for STMicroelectronics.FP-SNS-STBOX1.2.0.0
2025-09-01 21:31:33,573 [WARN] PackLoader:240 - Cannot read IP mode file for STMicroelectronics.X-CUBE-SUBG2.5.0.0
2025-09-01 21:31:33,588 [WARN] PackLoader:240 - Cannot read IP mode file for STMicroelectronics.X-CUBE-AZRTOS-H7RS.1.1.0
2025-09-01 21:31:33,593 [WARN] PackLoader:240 - Cannot read IP mode file for Cesanta.I-CUBE-Mongoose.7.13.0
2025-09-01 21:31:33,601 [WARN] PackLoader:240 - Cannot read IP mode file for STMicroelectronics.X-CUBE-AZRTOS-G4.2.0.0
2025-09-01 21:31:33,604 [WARN] PackLoader:240 - Cannot read IP mode file for STMicroelectronics.X-CUBE-NFC7.2.0.0
2025-09-01 21:31:33,612 [WARN] PackLoader:240 - Cannot read IP mode file for STMicroelectronics.X-CUBE-IPS.3.1.0
2025-09-01 21:31:33,618 [WARN] PackLoader:240 - Cannot read IP mode file for STMicroelectronics.X-CUBE-ALS.1.0.2
2025-09-01 21:31:33,620 [WARN] PackLoader:240 - Cannot read IP mode file for STMicroelectronics.X-CUBE-TOUCHGFX.4.24.1
2025-09-01 21:31:33,622 [WARN] PackLoader:240 - Cannot read IP mode file for wolfSSL.I-CUBE-wolfTPM.3.4.0
2025-09-01 21:31:33,627 [WARN] PackLoader:240 - Cannot read IP mode file for portGmbH.I-Cube-SoM-uGOAL.1.1.0
2025-09-01 21:31:33,636 [WARN] PackLoader:240 - Cannot read IP mode file for STMicroelectronics.X-CUBE-AZRTOS-H7RS.1.0.0
2025-09-01 21:31:33,649 [WARN] PackLoader:240 - Cannot read IP mode file for STMicroelectronics.X-CUBE-TOF1.3.4.2
2025-09-01 21:31:33,664 [WARN] PackLoader:240 - Cannot read IP mode file for STMicroelectronics.X-CUBE-TOF1.3.4.3
2025-09-01 21:31:33,684 [WARN] PackLoader:240 - Cannot read IP mode file for Infineon.AIROC-Wi-Fi-Bluetooth-STM32.1.6.1
2025-09-01 21:31:33,690 [WARN] PackLoader:240 - Cannot read IP mode file for wolfSSL.I-CUBE-wolfSSH.1.4.17
2025-09-01 21:31:33,690 [INFO] ThirdParty:978 - Integrity check success = true
2025-09-01 21:31:33,691 [INFO] IntegrityCheckThread:100 - exiting critical section [integrity check]
2025-09-01 21:31:33,691 [INFO] IntegrityCheckThread:103 - End integrity checks thread
2025-09-01 22:01:23,543 [ERROR] LogOutputStream:75 - [STDERR_REDIRECT] 
