2025-08-23 08:43:35,649 [INFO] Activator:176 - 


2025-08-23 08:43:35,657 [INFO] Activator:177 - !SESSION log4j initialized
2025-08-23 08:43:39,570 [ERROR] LogOutputStream:75 - [STDERR_REDIRECT] Aug 23, 2025 8:43:39 AM org.apache.lucene.internal.vectorization.VectorizationProvider lookup
2025-08-23 08:43:39,573 [ERROR] LogOutputStream:75 - [STDERR_REDIRECT] WARNING: Java vector incubator module is not readable. For optimal vector performance, pass '--add-modules jdk.incubator.vector' to enable Vector API.
2025-08-23 08:43:39,574 [ERROR] LogOutputStream:75 - [STDERR_REDIRECT] 
2025-08-23 08:43:41,480 [INFO] LogOutputStream:77 - [STDOUT_REDIRECT] 
2025-08-23 08:43:42,815 [INFO] ApplicationProperties:184 - Using Application install path: C:\ST\STM32CubeIDE_1.19.0\STM32CubeIDE\plugins\com.st.stm32cube.common.mx_6.15.0.202507011659
2025-08-23 08:43:42,842 [INFO] DbMcusXml:78 - Set database path to: C:\ST\STM32CubeIDE_1.19.0\STM32CubeIDE\plugins\com.st.stm32cube.common.mx_6.15.0.202507011659\\db\/mcu/
2025-08-23 08:43:42,842 [INFO] ApiDb:274 - Set plugin database path to: C:\ST\STM32CubeIDE_1.19.0\STM32CubeIDE\plugins\com.st.stm32cube.common.mx_6.15.0.202507011659\\db\/plugins/boardmanager/
2025-08-23 08:43:42,843 [WARN] ApiDb:259 - Overriding images path with different value:  => C:\ST\STM32CubeIDE_1.19.0\STM32CubeIDE\plugins\com.st.stm32cube.common.mx_6.15.0.202507011659\\db\/plugins/mcufinder/images/
2025-08-23 08:43:42,852 [INFO] ApiDb:250 - Set database path to: C:\Users\sheet\.stmcufinder\plugins\mcufinder//mcu/
2025-08-23 08:43:42,854 [INFO] DbMcusAds:125 - Set database path to: C:\Users\sheet\.stmcufinder\plugins\mcufinder//mcu/
2025-08-23 08:43:42,857 [INFO] CrossReferenceDbSqlite:203 - Set database path to: C:\Users\sheet\.stmcufinder\plugins\mcufinder//mcu/cs/
2025-08-23 08:43:42,997 [INFO] RulesReader:64 - Compatibility file has been processed (317 Rules)
2025-08-23 08:43:43,089 [INFO] DbMcusXml:78 - Set database path to: C:\ST\STM32CubeIDE_1.19.0\STM32CubeIDE\plugins\com.st.stm32cube.common.mx_6.15.0.202507011659\\db\/mcu/
2025-08-23 08:43:43,089 [INFO] ApiDb:274 - Set plugin database path to: C:\ST\STM32CubeIDE_1.19.0\STM32CubeIDE\plugins\com.st.stm32cube.common.mx_6.15.0.202507011659\\db\/plugins/boardmanager/
2025-08-23 08:43:43,089 [INFO] ApiDb:261 - Set plugin images path to: C:\ST\STM32CubeIDE_1.19.0\STM32CubeIDE\plugins\com.st.stm32cube.common.mx_6.15.0.202507011659\\db\/plugins/mcufinder/images/
2025-08-23 08:43:43,090 [WARN] DbFile:41 - Overriding database path with different value: C:\Users\sheet\.stmcufinder\plugins\mcufinder/ => C:\Users\sheet\.stmcufinder\plugins\mcufinder
2025-08-23 08:43:43,090 [INFO] ApiDb:250 - Set database path to: C:\Users\sheet\.stmcufinder\plugins\mcufinder//mcu/
2025-08-23 08:43:43,090 [WARN] DbFile:41 - Overriding database path with different value: C:\Users\sheet\.stmcufinder\plugins\mcufinder/ => C:\Users\sheet\.stmcufinder\plugins\mcufinder
2025-08-23 08:43:43,090 [INFO] DbMcusAds:125 - Set database path to: C:\Users\sheet\.stmcufinder\plugins\mcufinder//mcu/
2025-08-23 08:43:43,090 [WARN] DbFile:41 - Overriding database path with different value: C:\Users\sheet\.stmcufinder\plugins\mcufinder/ => C:\Users\sheet\.stmcufinder\plugins\mcufinder
2025-08-23 08:43:43,090 [WARN] DbFile:41 - Overriding database path with different value: C:\Users\sheet\.stmcufinder\plugins\mcufinder/ => C:\Users\sheet\.stmcufinder\plugins\mcufinder
2025-08-23 08:43:43,090 [INFO] CrossReferenceDbSqlite:203 - Set database path to: C:\Users\sheet\.stmcufinder\plugins\mcufinder//mcu/cs/
2025-08-23 08:43:43,170 [INFO] MainPanel:274 - HeapMemory: 268435456
2025-08-23 08:43:43,299 [INFO] DbMcusXml:78 - Set database path to: C:\ST\STM32CubeIDE_1.19.0\STM32CubeIDE\plugins\com.st.stm32cube.common.mx_6.15.0.202507011659\\db\/mcu/
2025-08-23 08:43:43,299 [INFO] ApiDb:274 - Set plugin database path to: C:\ST\STM32CubeIDE_1.19.0\STM32CubeIDE\plugins\com.st.stm32cube.common.mx_6.15.0.202507011659\\db\/plugins/boardmanager/
2025-08-23 08:43:43,299 [INFO] ApiDb:261 - Set plugin images path to: C:\ST\STM32CubeIDE_1.19.0\STM32CubeIDE\plugins\com.st.stm32cube.common.mx_6.15.0.202507011659\\db\/plugins/mcufinder/images/
2025-08-23 08:43:43,299 [WARN] DbFile:41 - Overriding database path with different value: C:\Users\sheet\.stmcufinder\plugins\mcufinder/ => C:\Users\sheet\.stmcufinder\plugins\mcufinder
2025-08-23 08:43:43,299 [INFO] ApiDb:250 - Set database path to: C:\Users\sheet\.stmcufinder\plugins\mcufinder//mcu/
2025-08-23 08:43:43,300 [WARN] DbFile:41 - Overriding database path with different value: C:\Users\sheet\.stmcufinder\plugins\mcufinder/ => C:\Users\sheet\.stmcufinder\plugins\mcufinder
2025-08-23 08:43:43,300 [INFO] DbMcusAds:125 - Set database path to: C:\Users\sheet\.stmcufinder\plugins\mcufinder//mcu/
2025-08-23 08:43:43,300 [WARN] DbFile:41 - Overriding database path with different value: C:\Users\sheet\.stmcufinder\plugins\mcufinder/ => C:\Users\sheet\.stmcufinder\plugins\mcufinder
2025-08-23 08:43:43,300 [WARN] DbFile:41 - Overriding database path with different value: C:\Users\sheet\.stmcufinder\plugins\mcufinder/ => C:\Users\sheet\.stmcufinder\plugins\mcufinder
2025-08-23 08:43:43,300 [INFO] CrossReferenceDbSqlite:203 - Set database path to: C:\Users\sheet\.stmcufinder\plugins\mcufinder//mcu/cs/
2025-08-23 08:43:43,318 [INFO] ApplicationProperties:184 - Using Application install path: C:\ST\STM32CubeIDE_1.19.0\STM32CubeIDE\plugins\com.st.stm32cube.common.mx_6.15.0.202507011659
2025-08-23 08:43:43,319 [INFO] PluginManage:196 - Search for loadable plugins [exclusion list=, ]
2025-08-23 08:43:43,320 [INFO] PluginManage:310 - Check plugin analytics
2025-08-23 08:43:43,531 [INFO] AnalyticsPlugin:253 - Accepted Software Licenses: 
2025-08-23 08:43:43,531 [INFO] AnalyticsPlugin:255 - Accepted CMSIS Pack Licenses: 
2025-08-23 08:43:43,531 [INFO] AnalyticsPlugin:257 - Accepted Firmware Licenses: FW.F4.1.28.0
2025-08-23 08:43:43,534 [INFO] PluginManage:359 - Loaded plugin analytics (category:tool,tabindex:-1)
2025-08-23 08:43:43,534 [INFO] PluginManage:310 - Check plugin cadmodel
2025-08-23 08:43:43,539 [INFO] CADModel:105 - Init CAD model plugin
2025-08-23 08:43:43,540 [INFO] PluginManage:359 - Loaded plugin cadmodel (category:power,tabindex:5)
2025-08-23 08:43:43,540 [INFO] PluginManage:310 - Check plugin clock
2025-08-23 08:43:43,550 [INFO] PluginManage:359 - Loaded plugin clock (category:base,tabindex:2)
2025-08-23 08:43:43,550 [INFO] PluginManage:310 - Check plugin ddr
2025-08-23 08:43:43,552 [INFO] PluginManage:359 - Loaded plugin ddr (category:tool,tabindex:6)
2025-08-23 08:43:43,553 [INFO] PluginManage:310 - Check plugin filemanager
2025-08-23 08:43:43,706 [INFO] PluginManage:359 - Loaded plugin filemanager (category:base,tabindex:10)
2025-08-23 08:43:43,706 [INFO] PluginManage:310 - Check plugin ipmanager
2025-08-23 08:43:43,716 [INFO] PluginManage:359 - Loaded plugin ipmanager (category:base,tabindex:5)
2025-08-23 08:43:43,716 [INFO] PluginManage:310 - Check plugin lpbam
2025-08-23 08:43:43,728 [INFO] PluginManage:359 - Loaded plugin lpbam (category:base,tabindex:0)
2025-08-23 08:43:43,728 [INFO] PluginManage:310 - Check plugin memorymap
2025-08-23 08:43:43,749 [INFO] PluginManage:359 - Loaded plugin memorymap (category:base,tabindex:4)
2025-08-23 08:43:43,749 [INFO] PluginManage:310 - Check plugin pinoutandconfiguration
2025-08-23 08:43:43,770 [INFO] PluginManage:359 - Loaded plugin pinoutandconfiguration (category:base,tabindex:1)
2025-08-23 08:43:43,771 [INFO] PluginManage:310 - Check plugin pinoutconfig
2025-08-23 08:43:43,865 [WARN] SupportedApi:132 - Cannot load RTOS API schema: s4s-elt-must-match.1: The content of 'definitions' must match (annotation?, (simpleType | complexType)?, (unique | key | keyref)*)). A problem was found starting at: attribute.
2025-08-23 08:43:44,019 [INFO] PluginManage:359 - Loaded plugin pinoutconfig (category:base,tabindex:0)
2025-08-23 08:43:44,019 [INFO] PluginManage:310 - Check plugin power
2025-08-23 08:43:44,029 [INFO] PluginManage:359 - Loaded plugin power (category:power,tabindex:4)
2025-08-23 08:43:44,029 [INFO] PluginManage:310 - Check plugin projectmanager
2025-08-23 08:43:44,045 [INFO] PluginManage:359 - Loaded plugin projectmanager (category:projectmanager,tabindex:4)
2025-08-23 08:43:44,046 [INFO] PluginManage:310 - Check plugin rif
2025-08-23 08:43:44,056 [INFO] PluginManage:359 - Loaded plugin rif (category:base,tabindex:3)
2025-08-23 08:43:44,056 [INFO] PluginManage:310 - Check plugin thirdparty
2025-08-23 08:43:44,208 [WARN] IntegrityCheckThread:84 - waiting for thirdparty lock release [integrity check]
2025-08-23 08:43:44,209 [INFO] IntegrityCheckThread:86 - entering critical section [integrity check]
2025-08-23 08:43:44,209 [INFO] PluginManage:359 - Loaded plugin thirdparty (category:base,tabindex:-1)
2025-08-23 08:43:44,209 [INFO] PluginManage:310 - Check plugin tools
2025-08-23 08:43:44,209 [INFO] ThirdPartyUpdaterWithRetryManager:70 - Updater plugin not ready yet. [1/15]
2025-08-23 08:43:44,212 [INFO] PluginManage:359 - Loaded plugin tools (category:base,tabindex:7)
2025-08-23 08:43:44,212 [INFO] PluginManage:310 - Check plugin tutovideos
2025-08-23 08:43:44,402 [INFO] PluginManage:359 - Loaded plugin tutovideos (category:base,tabindex:-1)
2025-08-23 08:43:44,402 [INFO] PluginManage:310 - Check plugin updater
2025-08-23 08:43:44,422 [INFO] PluginManage:359 - Loaded plugin updater (category:base,tabindex:12)
2025-08-23 08:43:44,423 [INFO] PluginManage:310 - Check plugin userauth
2025-08-23 08:43:44,427 [INFO] UserAuth:118 - Init User Auth plugin
2025-08-23 08:43:44,428 [INFO] PluginManage:359 - Loaded plugin userauth (category:base,tabindex:14)
2025-08-23 08:43:44,429 [INFO] PluginManage:283 - PluginManage : Loaded plugins [18]
2025-08-23 08:43:44,634 [INFO] PinOutPanel:1589 - setPackage(No Configuration,No Configuration)
2025-08-23 08:43:44,742 [INFO] CADModel:165 - CPN selected for project level
2025-08-23 08:43:44,743 [INFO] CADModel:114 - Register for checkConnection events
2025-08-23 08:43:44,767 [INFO] IPUIPlugin:80 - create IPUIPlugin
2025-08-23 08:43:44,767 [INFO] PluginManager:220 - loadIPPluginJar : add adc
2025-08-23 08:43:44,772 [INFO] IPUIPlugin:80 - create IPUIPlugin
2025-08-23 08:43:44,773 [INFO] PluginManager:220 - loadIPPluginJar : add aes
2025-08-23 08:43:44,776 [INFO] IPUIPlugin:80 - create IPUIPlugin
2025-08-23 08:43:44,776 [INFO] PluginManager:220 - loadIPPluginJar : add can
2025-08-23 08:43:44,778 [INFO] IPUIPlugin:80 - create IPUIPlugin
2025-08-23 08:43:44,778 [INFO] PluginManager:220 - loadIPPluginJar : add comp
2025-08-23 08:43:44,783 [INFO] IPUIPlugin:80 - create IPUIPlugin
2025-08-23 08:43:44,783 [INFO] PluginManager:220 - loadIPPluginJar : add cryp
2025-08-23 08:43:44,791 [INFO] IPUIPlugin:80 - create IPUIPlugin
2025-08-23 08:43:44,791 [INFO] PluginManager:220 - loadIPPluginJar : add ddr_ctrl_phy
2025-08-23 08:43:44,794 [INFO] IPUIPlugin:80 - create IPUIPlugin
2025-08-23 08:43:44,795 [INFO] PluginManager:220 - loadIPPluginJar : add dfsdm
2025-08-23 08:43:44,803 [INFO] IPUIPlugin:80 - create IPUIPlugin
2025-08-23 08:43:44,804 [INFO] PluginManager:220 - loadIPPluginJar : add dma
2025-08-23 08:43:44,810 [INFO] IPUIPlugin:80 - create IPUIPlugin
2025-08-23 08:43:44,810 [INFO] PluginManager:220 - loadIPPluginJar : add dma3
2025-08-23 08:43:44,814 [INFO] IPUIPlugin:80 - create IPUIPlugin
2025-08-23 08:43:44,814 [INFO] PluginManager:220 - loadIPPluginJar : add extmemmanager
2025-08-23 08:43:44,816 [INFO] IPUIPlugin:80 - create IPUIPlugin
2025-08-23 08:43:44,817 [INFO] PluginManager:220 - loadIPPluginJar : add fatfs
2025-08-23 08:43:44,824 [INFO] IPUIPlugin:80 - create IPUIPlugin
2025-08-23 08:43:44,824 [INFO] PluginManager:220 - loadIPPluginJar : add fmc
2025-08-23 08:43:44,833 [INFO] IPUIPlugin:80 - create IPUIPlugin
2025-08-23 08:43:44,833 [INFO] PluginManager:220 - loadIPPluginJar : add freertos
2025-08-23 08:43:44,835 [INFO] IPUIPlugin:80 - create IPUIPlugin
2025-08-23 08:43:44,836 [INFO] PluginManager:220 - loadIPPluginJar : add genericplugin
2025-08-23 08:43:44,840 [INFO] IPUIPlugin:80 - create IPUIPlugin
2025-08-23 08:43:44,840 [INFO] PluginManager:220 - loadIPPluginJar : add gfxmmu
2025-08-23 08:43:44,845 [INFO] IPUIPlugin:80 - create IPUIPlugin
2025-08-23 08:43:44,845 [INFO] PluginManager:220 - loadIPPluginJar : add gic
2025-08-23 08:43:44,851 [INFO] IPUIPlugin:80 - create IPUIPlugin
2025-08-23 08:43:44,851 [INFO] PluginManager:220 - loadIPPluginJar : add gpio
2025-08-23 08:43:44,854 [INFO] IPUIPlugin:80 - create IPUIPlugin
2025-08-23 08:43:44,855 [INFO] PluginManager:220 - loadIPPluginJar : add gtzc
2025-08-23 08:43:44,859 [INFO] IPUIPlugin:80 - create IPUIPlugin
2025-08-23 08:43:44,859 [INFO] PluginManager:220 - loadIPPluginJar : add hash
2025-08-23 08:43:44,864 [INFO] IPUIPlugin:80 - create IPUIPlugin
2025-08-23 08:43:44,864 [INFO] PluginManager:220 - loadIPPluginJar : add i2c
2025-08-23 08:43:44,867 [INFO] IPUIPlugin:80 - create IPUIPlugin
2025-08-23 08:43:44,867 [INFO] PluginManager:220 - loadIPPluginJar : add i2s
2025-08-23 08:43:44,873 [INFO] IPUIPlugin:80 - create IPUIPlugin
2025-08-23 08:43:44,873 [INFO] PluginManager:220 - loadIPPluginJar : add i3c
2025-08-23 08:43:44,877 [INFO] IPUIPlugin:80 - create IPUIPlugin
2025-08-23 08:43:44,877 [INFO] PluginManager:220 - loadIPPluginJar : add ipddr
2025-08-23 08:43:44,884 [INFO] IPUIPlugin:80 - create IPUIPlugin
2025-08-23 08:43:44,885 [INFO] PluginManager:220 - loadIPPluginJar : add linkedlist
2025-08-23 08:43:44,888 [INFO] IPUIPlugin:80 - create IPUIPlugin
2025-08-23 08:43:44,889 [INFO] PluginManager:220 - loadIPPluginJar : add lorawan
2025-08-23 08:43:44,892 [INFO] IPUIPlugin:80 - create IPUIPlugin
2025-08-23 08:43:44,892 [INFO] PluginManager:220 - loadIPPluginJar : add ltdc
2025-08-23 08:43:44,899 [INFO] IPUIPlugin:80 - create IPUIPlugin
2025-08-23 08:43:44,899 [INFO] PluginManager:220 - loadIPPluginJar : add mdma
2025-08-23 08:43:44,903 [INFO] IPUIPlugin:80 - create IPUIPlugin
2025-08-23 08:43:44,903 [INFO] PluginManager:220 - loadIPPluginJar : add nvic
2025-08-23 08:43:44,907 [INFO] IPUIPlugin:80 - create IPUIPlugin
2025-08-23 08:43:44,907 [INFO] PluginManager:220 - loadIPPluginJar : add opamp
2025-08-23 08:43:44,911 [INFO] IPUIPlugin:80 - create IPUIPlugin
2025-08-23 08:43:44,911 [INFO] PluginManager:220 - loadIPPluginJar : add openamp
2025-08-23 08:43:44,916 [INFO] IPUIPlugin:80 - create IPUIPlugin
2025-08-23 08:43:44,916 [INFO] PluginManager:220 - loadIPPluginJar : add pdm2pcm
2025-08-23 08:43:44,924 [INFO] IPUIPlugin:80 - create IPUIPlugin
2025-08-23 08:43:44,928 [INFO] PluginManager:220 - loadIPPluginJar : add plateformsettings
2025-08-23 08:43:44,930 [INFO] IPUIPlugin:80 - create IPUIPlugin
2025-08-23 08:43:44,930 [INFO] PluginManager:220 - loadIPPluginJar : add quadspi
2025-08-23 08:43:44,933 [INFO] IPUIPlugin:80 - create IPUIPlugin
2025-08-23 08:43:44,934 [INFO] PluginManager:220 - loadIPPluginJar : add radio
2025-08-23 08:43:44,940 [INFO] IPUIPlugin:80 - create IPUIPlugin
2025-08-23 08:43:44,940 [INFO] PluginManager:220 - loadIPPluginJar : add resmgrutility
2025-08-23 08:43:44,945 [INFO] IPUIPlugin:80 - create IPUIPlugin
2025-08-23 08:43:44,945 [INFO] PluginManager:220 - loadIPPluginJar : add sai
2025-08-23 08:43:44,949 [INFO] IPUIPlugin:80 - create IPUIPlugin
2025-08-23 08:43:44,949 [INFO] PluginManager:220 - loadIPPluginJar : add spi
2025-08-23 08:43:44,958 [INFO] IPUIPlugin:80 - create IPUIPlugin
2025-08-23 08:43:44,958 [INFO] PluginManager:220 - loadIPPluginJar : add stm32_wpan
2025-08-23 08:43:44,961 [INFO] IPUIPlugin:80 - create IPUIPlugin
2025-08-23 08:43:44,961 [INFO] PluginManager:220 - loadIPPluginJar : add tim
2025-08-23 08:43:44,964 [INFO] IPUIPlugin:80 - create IPUIPlugin
2025-08-23 08:43:44,964 [INFO] PluginManager:220 - loadIPPluginJar : add touchsensing
2025-08-23 08:43:44,966 [INFO] IPUIPlugin:80 - create IPUIPlugin
2025-08-23 08:43:44,966 [INFO] PluginManager:220 - loadIPPluginJar : add tracer_emb
2025-08-23 08:43:44,968 [INFO] IPUIPlugin:80 - create IPUIPlugin
2025-08-23 08:43:44,968 [INFO] PluginManager:220 - loadIPPluginJar : add ts
2025-08-23 08:43:44,969 [INFO] IPUIPlugin:80 - create IPUIPlugin
2025-08-23 08:43:44,969 [INFO] PluginManager:220 - loadIPPluginJar : add tsc
2025-08-23 08:43:44,971 [INFO] IPUIPlugin:80 - create IPUIPlugin
2025-08-23 08:43:44,971 [INFO] PluginManager:220 - loadIPPluginJar : add ucpd
2025-08-23 08:43:44,975 [INFO] IPUIPlugin:80 - create IPUIPlugin
2025-08-23 08:43:44,975 [INFO] PluginManager:220 - loadIPPluginJar : add usart
2025-08-23 08:43:44,978 [INFO] IPUIPlugin:80 - create IPUIPlugin
2025-08-23 08:43:44,978 [INFO] PluginManager:220 - loadIPPluginJar : add usbx
2025-08-23 08:43:45,097 [FATAL] Updater:351 - Updater called before beeing initialized
2025-08-23 08:43:45,140 [INFO] RulesReader:64 - Compatibility file has been processed (317 Rules)
2025-08-23 08:43:45,155 [INFO] RulesReader:64 - Compatibility file has been processed (317 Rules)
2025-08-23 08:43:45,165 [INFO] CADModel:165 - CPN selected for project level
2025-08-23 08:43:45,165 [INFO] CADModel:114 - Register for checkConnection events
2025-08-23 08:43:45,165 [FATAL] Updater:351 - Updater called before beeing initialized
2025-08-23 08:43:45,165 [ERROR] CADModel:125 - Updater not yet initialized, retry later 
2025-08-23 08:43:45,302 [FATAL] Updater:351 - Updater called before beeing initialized
2025-08-23 08:43:45,304 [INFO] CADModel:165 - CPN selected for project level
2025-08-23 08:43:45,304 [INFO] CADModel:114 - Register for checkConnection events
2025-08-23 08:43:45,304 [FATAL] Updater:351 - Updater called before beeing initialized
2025-08-23 08:43:45,304 [ERROR] CADModel:125 - Updater not yet initialized, retry later 
2025-08-23 08:43:45,307 [FATAL] Updater:351 - Updater called before beeing initialized
2025-08-23 08:43:45,390 [FATAL] Updater:351 - Updater called before beeing initialized
2025-08-23 08:43:45,393 [INFO] DbMcusAds:53 - JSON generation date=Tue Jul 08 13:44:23 IST 2025 (1751962463582)
2025-08-23 08:43:45,394 [FATAL] Updater:351 - Updater called before beeing initialized
2025-08-23 08:43:45,425 [WARN] DetailPanel:346 - Failed to get advertising image, set to default
2025-08-23 08:43:45,590 [FATAL] Updater:351 - Updater called before beeing initialized
2025-08-23 08:43:45,592 [FATAL] Updater:351 - Updater called before beeing initialized
2025-08-23 08:43:45,592 [FATAL] Updater:351 - Updater called before beeing initialized
2025-08-23 08:43:45,592 [WARN] DetailPanel:346 - Failed to get advertising image, set to default
2025-08-23 08:43:45,593 [FATAL] Updater:351 - Updater called before beeing initialized
2025-08-23 08:43:45,651 [ERROR] Updater:1198 - MainUpdater not yet initialized. External WinMGr cannot be set.
2025-08-23 08:43:45,653 [INFO] Updater:1134 - Updater Version found : 6.15.0
2025-08-23 08:43:45,671 [INFO] ApplicationProperties:184 - Using Application install path: C:\ST\STM32CubeIDE_1.19.0\STM32CubeIDE\plugins\com.st.stm32cube.common.mx_6.15.0.202507011659
2025-08-23 08:43:47,210 [INFO] ThirdPartyUpdaterWithRetryManager:70 - Updater plugin not ready yet. [2/15]
2025-08-23 08:43:47,248 [ERROR] LogOutputStream:75 - [STDERR_REDIRECT] Aug 23, 2025 8:43:47 AM java.util.prefs.WindowsPreferences <init>
2025-08-23 08:43:47,253 [ERROR] LogOutputStream:75 - [STDERR_REDIRECT] WARNING: Could not open/create prefs root node Software\JavaSoft\Prefs at root 0xffffffff80000002. Windows RegCreateKeyEx(...) returned error code 5.
2025-08-23 08:43:47,254 [ERROR] LogOutputStream:75 - [STDERR_REDIRECT] 
2025-08-23 08:43:48,004 [INFO] MainUpdater:2872 - connection check result : 10
2025-08-23 08:43:48,006 [INFO] MainUpdater:289 - Updater Check For Update Now.
2025-08-23 08:43:48,006 [INFO] MicroXplorer:498 - Change Database Version : DB.6.0.150
2025-08-23 08:43:48,041 [INFO] McuFinderGlobals:63 - Set McuFinder mode to 2 (CubeIDE integrated)
2025-08-23 08:43:48,044 [INFO] UserAuth:487 - Internet connection configuration mode: 1
2025-08-23 08:43:48,106 [INFO] JxBrowserEngine:152 - Initiate JxBrowser Engine with user profile folder
2025-08-23 08:43:48,207 [INFO] CheckServerUpdateThread:120 - End of CheckServer Thread
2025-08-23 08:43:49,951 [INFO] WebApp:169 - Instantiating new browser for Auth
2025-08-23 08:43:50,503 [WARN] PackLoader:240 - Cannot read IP mode file for STMicroelectronics.FP-SNS-MOTENVWB1.1.4.0
2025-08-23 08:43:50,521 [WARN] PackLoader:240 - Cannot read IP mode file for STMicroelectronics.FP-ATR-ASTRA1.2.0.2
2025-08-23 08:43:50,526 [WARN] PackLoader:240 - Cannot read IP mode file for STMicroelectronics.FP-ATR-ASTRA1.2.0.1
2025-08-23 08:43:50,541 [WARN] PackLoader:240 - Cannot read IP mode file for STMicroelectronics.X-CUBE-SMBUS.2.1.0
2025-08-23 08:43:50,551 [WARN] PackLoader:240 - Cannot read IP mode file for STMicroelectronics.X-CUBE-WB05N.1.1.0
2025-08-23 08:43:50,558 [WARN] PackLoader:240 - Cannot read IP mode file for STMicroelectronics.X-CUBE-ST60.1.0.0
2025-08-23 08:43:50,593 [WARN] PackLoader:240 - Cannot read IP mode file for STMicroelectronics.X-CUBE-AZRTOS-F7.1.1.0
2025-08-23 08:43:50,682 [WARN] PackLoader:240 - Cannot read IP mode file for STMicroelectronics.X-CUBE-MEMS1.11.0.0
2025-08-23 08:43:50,807 [WARN] PackLoader:240 - Cannot read IP mode file for STMicroelectronics.FP-SNS-FLIGHT1.5.0.2
2025-08-23 08:43:50,838 [WARN] PackLoader:240 - Cannot read IP mode file for STMicroelectronics.X-CUBE-AZRTOS-H7.3.4.0
2025-08-23 08:43:50,850 [WARN] PackLoader:240 - Cannot read IP mode file for STMicroelectronics.X-CUBE-DISPLAY.3.0.0
2025-08-23 08:43:50,869 [WARN] PackLoader:240 - Cannot read IP mode file for STMicroelectronics.X-CUBE-BLE1.7.0.0
2025-08-23 08:43:50,887 [WARN] PackLoader:240 - Cannot read IP mode file for STMicroelectronics.X-CUBE-NFC10.1.0.0
2025-08-23 08:43:50,902 [WARN] PackLoader:240 - Cannot read IP mode file for STMicroelectronics.X-CUBE-BLEMGR.4.0.0
2025-08-23 08:43:50,914 [WARN] PackLoader:240 - Cannot read IP mode file for emotas.I-CUBE-CANOPEN.1.3.0
2025-08-23 08:43:50,924 [WARN] PackLoader:240 - Cannot read IP mode file for STMicroelectronics.X-CUBE-BLEMGR.3.1.0
2025-08-23 08:43:50,933 [WARN] PackLoader:240 - Cannot read IP mode file for STMicroelectronics.X-CUBE-AI.10.0.0
2025-08-23 08:43:50,945 [WARN] PackLoader:240 - Cannot read IP mode file for STMicroelectronics.FP-SNS-STBOX1.2.1.0
2025-08-23 08:43:50,955 [WARN] PackLoader:240 - Cannot read IP mode file for STMicroelectronics.FP-SNS-SMARTAG2.1.2.0
2025-08-23 08:43:50,960 [WARN] PackLoader:240 - Cannot read IP mode file for STMicroelectronics.FP-SNS-FLIGHT1.5.1.0
2025-08-23 08:43:51,022 [WARN] PackLoader:240 - Cannot read IP mode file for STMicroelectronics.X-CUBE-MEMS1.11.1.0
2025-08-23 08:43:51,107 [INFO] WebApp:463 - Apply proxy settings
2025-08-23 08:43:51,109 [INFO] WebApp:548 - Chromium requires no authentication
2025-08-23 08:43:51,133 [INFO] WebApp:491 - Direct internet connection detected
2025-08-23 08:43:51,183 [INFO] LogOutputStream:77 - [STDOUT_REDIRECT] 1 : Invalid condition id : UX_CORESTACK_Condition cause : null
2025-08-23 08:43:51,184 [INFO] LogOutputStream:77 - [STDOUT_REDIRECT] 1 : Invalid condition id : UX_CORESTACK_Condition cause : null
2025-08-23 08:43:51,185 [INFO] LogOutputStream:77 - [STDOUT_REDIRECT] 1 : Invalid condition id : UX_CORESTACK_Condition cause : null
2025-08-23 08:43:51,186 [INFO] LogOutputStream:77 - [STDOUT_REDIRECT] 1 : Invalid condition id : UX_CORESTACK_Condition cause : null
2025-08-23 08:43:51,187 [INFO] LogOutputStream:77 - [STDOUT_REDIRECT] 1 : Invalid condition id : UX_CORESTACK_Condition cause : null
2025-08-23 08:43:51,187 [INFO] WebApp:900 - Register for checkConnection events
2025-08-23 08:43:51,188 [INFO] WebApp:463 - Apply proxy settings
2025-08-23 08:43:51,188 [INFO] WebApp:548 - Chromium requires no authentication
2025-08-23 08:43:51,189 [INFO] WebApp:491 - Direct internet connection detected
2025-08-23 08:43:51,190 [WARN] PackLoader:240 - Cannot read IP mode file for STMicroelectronics.X-CUBE-AZRTOS-WL.2.0.0
2025-08-23 08:43:51,198 [WARN] PackLoader:240 - Cannot read IP mode file for STMicroelectronics.FP-SNS-MOTENV1.5.0.0
2025-08-23 08:43:51,206 [WARN] PackLoader:240 - Cannot read IP mode file for wolfSSL.I-CUBE-wolfMQTT.1.19.0
2025-08-23 08:43:51,219 [WARN] PackLoader:240 - Cannot read IP mode file for WES.I-CUBE-Cesium.1.3.0
2025-08-23 08:43:51,248 [WARN] PackLoader:240 - Cannot read IP mode file for STMicroelectronics.X-CUBE-BLE2.3.3.0
2025-08-23 08:43:51,259 [WARN] PackLoader:240 - Cannot read IP mode file for STMicroelectronics.X-CUBE-NFC9.1.0.0
2025-08-23 08:43:51,268 [WARN] PackLoader:240 - Cannot read IP mode file for STMicroelectronics.X-CUBE-BLE1.7.1.0
2025-08-23 08:43:51,283 [WARN] PackLoader:240 - Cannot read IP mode file for STMicroelectronics.X-CUBE-TCPP.4.1.0
2025-08-23 08:43:51,295 [WARN] PackLoader:240 - Cannot read IP mode file for STMicroelectronics.X-CUBE-EEPRMA1.5.2.0
2025-08-23 08:43:51,304 [WARN] PackLoader:240 - Cannot read IP mode file for STMicroelectronics.X-CUBE-AI.10.1.0
2025-08-23 08:43:51,343 [WARN] PackLoader:240 - Cannot read IP mode file for STMicroelectronics.X-CUBE-MEMS1.11.2.0
2025-08-23 08:43:51,471 [WARN] PackLoader:240 - Cannot read IP mode file for STMicroelectronics.X-CUBE-AZRTOS-G0.1.1.0
2025-08-23 08:43:51,479 [WARN] PackLoader:240 - Cannot read IP mode file for STMicroelectronics.X-CUBE-SAFEA1.1.2.2
2025-08-23 08:43:51,486 [WARN] PackLoader:240 - Cannot read IP mode file for STMicroelectronics.X-CUBE-NFC4.3.0.0
2025-08-23 08:43:51,499 [WARN] PackLoader:240 - Cannot read IP mode file for EmbeddedOffice.I-CUBE-FS-RTOS.1.0.1
2025-08-23 08:43:51,504 [WARN] PackLoader:240 - Cannot read IP mode file for STMicroelectronics.X-CUBE-WB05N.2.0.0
2025-08-23 08:43:51,510 [INFO] WebApp:191 - Connection restablished
2025-08-23 08:43:51,511 [WARN] PackLoader:240 - Cannot read IP mode file for STMicroelectronics.X-CUBE-TCPP.4.2.0
2025-08-23 08:43:51,519 [WARN] PackLoader:240 - Cannot read IP mode file for RealThread.X-CUBE-RT-Thread_Nano.4.1.1
2025-08-23 08:43:51,523 [WARN] PackLoader:240 - Cannot read IP mode file for STMicroelectronics.FP-ATR-SIGFOX1.3.2.0
2025-08-23 08:43:51,527 [WARN] ConditionMgr:438 - getConditionDescription Invalid condition id : Cortex-A Device cause : null
2025-08-23 08:43:51,545 [WARN] ConditionMgr:1044 - genDependencies : Invalid condition id : Cortex-A Device cause : null
2025-08-23 08:43:51,545 [WARN] ConditionMgr:1044 - genDependencies : Invalid condition id : Cortex-A Device cause : null
2025-08-23 08:43:51,545 [WARN] ConditionMgr:1044 - genDependencies : Invalid condition id : Cortex-A Device cause : null
2025-08-23 08:43:51,554 [WARN] PackLoader:240 - Cannot read IP mode file for STMicroelectronics.X-CUBE-EEPRMA1.5.1.0
2025-08-23 08:43:51,561 [WARN] PackLoader:240 - Cannot read IP mode file for wolfSSL.I-CUBE-wolfSSL.5.7.4
2025-08-23 08:43:51,570 [WARN] PackLoader:240 - Cannot read IP mode file for ITTIA_DB.I-CUBE-ITTIADB.8.9.0
2025-08-23 08:43:51,577 [WARN] PackLoader:240 - Cannot read IP mode file for STMicroelectronics.X-CUBE-ST67W61.1.0.0
2025-08-23 08:43:51,583 [WARN] PackLoader:240 - Cannot read IP mode file for STMicroelectronics.X-CUBE-AI.10.2.0
2025-08-23 08:43:51,605 [WARN] PackLoader:240 - Cannot read IP mode file for SEGGER.I-CUBE-embOS.1.3.1
2025-08-23 08:43:51,637 [WARN] PackLoader:240 - Cannot read IP mode file for STMicroelectronics.X-CUBE-ALGOBUILD.1.4.0
2025-08-23 08:43:51,679 [WARN] PackLoader:240 - Cannot read IP mode file for STMicroelectronics.X-CUBE-MEMS1.11.3.0
2025-08-23 08:43:51,794 [WARN] PackLoader:240 - Cannot read IP mode file for STMicroelectronics.X-CUBE-AI.9.1.0
2025-08-23 08:43:51,798 [INFO] WebApp:225 - Starting web application
2025-08-23 08:43:51,799 [INFO] WebApp:593 - Web application path used C:\ST\STM32CubeIDE_1.19.0\STM32CubeIDE\plugins\com.st.stm32cube.common.mx_6.15.0.202507011659\db\plugins\mcufinder\reactClient1\index.html
2025-08-23 08:43:51,802 [WARN] PackLoader:240 - Cannot read IP mode file for STMicroelectronics.X-CUBE-PM33A1.1.0.0
2025-08-23 08:43:51,834 [WARN] PackLoader:240 - Cannot read IP mode file for STMicroelectronics.X-CUBE-AZRTOS-F4.1.1.0
2025-08-23 08:43:51,869 [WARN] PackLoader:240 - Cannot read IP mode file for Avnet-IotConnect.X-CUBE-IoTC-DA16k-PMOD.1.0.0
2025-08-23 08:43:51,876 [WARN] PackLoader:240 - Cannot read IP mode file for STMicroelectronics.X-CUBE-ISPU.2.1.0
2025-08-23 08:43:51,883 [WARN] PackLoader:240 - Cannot read IP mode file for STMicroelectronics.X-CUBE-FREERTOS.1.2.0
2025-08-23 08:43:51,894 [WARN] PackLoader:240 - Cannot read IP mode file for STMicroelectronics.X-CUBE-NFC12.1.0.0
2025-08-23 08:43:51,921 [WARN] PackLoader:240 - Cannot read IP mode file for STMicroelectronics.X-CUBE-AZRTOS-L5.2.0.0
2025-08-23 08:43:51,938 [WARN] PackLoader:240 - Cannot read IP mode file for STMicroelectronics.X-CUBE-NFC6.3.1.0
2025-08-23 08:43:51,956 [WARN] PackLoader:240 - Cannot read IP mode file for STMicroelectronics.X-CUBE-DPower.1.2.0
2025-08-23 08:43:51,966 [WARN] PackLoader:240 - Cannot read IP mode file for STMicroelectronics.X-CUBE-FREERTOS.1.3.1
2025-08-23 08:43:51,979 [WARN] PackLoader:240 - Cannot read IP mode file for STMicroelectronics.X-CUBE-FREERTOS.1.3.0
2025-08-23 08:43:51,987 [WARN] PackLoader:240 - Cannot read IP mode file for STMicroelectronics.X-CUBE-NFC7.1.0.1
2025-08-23 08:43:51,994 [WARN] PackLoader:240 - Cannot read IP mode file for STMicroelectronics.FP-SNS-STAIOTCFT.1.0.0
2025-08-23 08:43:52,005 [WARN] PackLoader:240 - Cannot read IP mode file for STMicroelectronics.X-CUBE-DPower.1.3.0
2025-08-23 08:43:52,027 [WARN] ConditionMgr:438 - getConditionDescription Invalid condition id : LAN8742 Phy interface Condition cause : null
2025-08-23 08:43:52,028 [WARN] PackLoader:240 - Cannot read IP mode file for STMicroelectronics.X-CUBE-AZRTOS-L4.2.0.0
2025-08-23 08:43:52,029 [WARN] ConditionMgr:1044 - genDependencies : Invalid condition id : LAN8742 Phy interface Condition cause : null
2025-08-23 08:43:52,030 [WARN] ConditionMgr:1044 - genDependencies : Invalid condition id : LAN8742 Phy interface Condition cause : null
2025-08-23 08:43:52,030 [WARN] ConditionMgr:1044 - genDependencies : Invalid condition id : LAN8742 Phy interface Condition cause : null
2025-08-23 08:43:52,042 [WARN] PackLoader:240 - Cannot read IP mode file for STMicroelectronics.X-CUBE-SFXS2LP1.4.0.0
2025-08-23 08:43:52,062 [WARN] PackLoader:240 - Cannot read IP mode file for STMicroelectronics.X-CUBE-AZRTOS-H7.3.3.0
2025-08-23 08:43:52,075 [WARN] PackLoader:240 - Cannot read IP mode file for STMicroelectronics.X-CUBE-BLEMGR.4.1.0
2025-08-23 08:43:52,097 [WARN] PackLoader:240 - Cannot read IP mode file for STMicroelectronics.X-CUBE-IPS.3.0.0
2025-08-23 08:43:52,114 [WARN] ConditionMgr:438 - getConditionDescription Invalid condition id : UX DEVICE CLASS RTOS Condition cause : null
2025-08-23 08:43:52,115 [WARN] ConditionMgr:438 - getConditionDescription Invalid condition id : UX DEVICE CLASS RTOS Condition cause : null
2025-08-23 08:43:52,119 [WARN] PackLoader:240 - Cannot read IP mode file for STMicroelectronics.X-CUBE-AZRTOS-WB.2.0.0
2025-08-23 08:43:52,119 [WARN] ConditionMgr:1044 - genDependencies : Invalid condition id : UX DEVICE CLASS RTOS Condition cause : null
2025-08-23 08:43:52,120 [WARN] ConditionMgr:1044 - genDependencies : Invalid condition id : UX DEVICE CLASS RTOS Condition cause : null
2025-08-23 08:43:52,120 [WARN] ConditionMgr:1044 - genDependencies : Invalid condition id : UX DEVICE CLASS RTOS Condition cause : null
2025-08-23 08:43:52,121 [WARN] ConditionMgr:1044 - genDependencies : Invalid condition id : UX DEVICE CLASS RTOS Condition cause : null
2025-08-23 08:43:52,121 [WARN] ConditionMgr:1044 - genDependencies : Invalid condition id : UX DEVICE CLASS RTOS Condition cause : null
2025-08-23 08:43:52,129 [WARN] PackLoader:240 - Cannot read IP mode file for STMicroelectronics.X-CUBE-GNSS1.7.0.0
2025-08-23 08:43:52,138 [WARN] PackLoader:240 - Cannot read IP mode file for STMicroelectronics.X-CUBE-GNSS1.7.0.1
2025-08-23 08:43:52,148 [WARN] PackLoader:240 - Cannot read IP mode file for STMicroelectronics.X-CUBE-TOUCHGFX.4.25.0
2025-08-23 08:43:52,157 [INFO] UserAuth:487 - Internet connection configuration mode: 1
2025-08-23 08:43:52,157 [WARN] PackLoader:240 - Cannot read IP mode file for STMicroelectronics.FP-SNS-STBOX1.2.0.0
2025-08-23 08:43:52,172 [WARN] PackLoader:240 - Cannot read IP mode file for STMicroelectronics.X-CUBE-SUBG2.5.0.0
2025-08-23 08:43:52,194 [WARN] PackLoader:240 - Cannot read IP mode file for STMicroelectronics.X-CUBE-AZRTOS-H7RS.1.1.0
2025-08-23 08:43:52,205 [WARN] PackLoader:240 - Cannot read IP mode file for Cesanta.I-CUBE-Mongoose.7.13.0
2025-08-23 08:43:52,225 [WARN] PackLoader:240 - Cannot read IP mode file for STMicroelectronics.X-CUBE-AZRTOS-G4.2.0.0
2025-08-23 08:43:52,234 [WARN] PackLoader:240 - Cannot read IP mode file for STMicroelectronics.X-CUBE-NFC7.2.0.0
2025-08-23 08:43:52,245 [WARN] PackLoader:240 - Cannot read IP mode file for STMicroelectronics.X-CUBE-IPS.3.1.0
2025-08-23 08:43:52,254 [WARN] PackLoader:240 - Cannot read IP mode file for STMicroelectronics.X-CUBE-ALS.1.0.2
2025-08-23 08:43:52,258 [WARN] PackLoader:240 - Cannot read IP mode file for STMicroelectronics.X-CUBE-TOUCHGFX.4.24.1
2025-08-23 08:43:52,264 [WARN] PackLoader:240 - Cannot read IP mode file for wolfSSL.I-CUBE-wolfTPM.3.4.0
2025-08-23 08:43:52,271 [WARN] PackLoader:240 - Cannot read IP mode file for portGmbH.I-Cube-SoM-uGOAL.1.1.0
2025-08-23 08:43:52,284 [WARN] PackLoader:240 - Cannot read IP mode file for STMicroelectronics.X-CUBE-AZRTOS-H7RS.1.0.0
2025-08-23 08:43:52,293 [WARN] PackLoader:240 - Cannot read IP mode file for STMicroelectronics.X-CUBE-TOF1.3.4.2
2025-08-23 08:43:52,310 [WARN] PackLoader:240 - Cannot read IP mode file for STMicroelectronics.X-CUBE-TOF1.3.4.3
2025-08-23 08:43:52,337 [WARN] PackLoader:240 - Cannot read IP mode file for Infineon.AIROC-Wi-Fi-Bluetooth-STM32.1.6.1
2025-08-23 08:43:52,343 [WARN] PackLoader:240 - Cannot read IP mode file for wolfSSL.I-CUBE-wolfSSH.1.4.17
2025-08-23 08:43:52,344 [INFO] ThirdParty:978 - Integrity check success = true
2025-08-23 08:43:52,344 [INFO] IntegrityCheckThread:100 - exiting critical section [integrity check]
2025-08-23 08:43:52,344 [INFO] IntegrityCheckThread:103 - End integrity checks thread
2025-08-23 12:44:53,516 [INFO] WebApp:194 - Connection lost
2025-08-23 12:44:53,879 [INFO] WebApp:191 - Connection restablished
2025-08-23 12:44:56,575 [INFO] WebApp:194 - Connection lost
2025-08-23 12:44:56,807 [INFO] WebApp:191 - Connection restablished
2025-08-23 12:51:26,858 [INFO] WebApp:194 - Connection lost
2025-08-23 12:55:19,095 [INFO] WebApp:191 - Connection restablished
2025-08-23 12:55:21,973 [INFO] WebApp:194 - Connection lost
2025-08-23 12:55:22,218 [INFO] WebApp:191 - Connection restablished
2025-08-23 13:05:33,895 [INFO] WebApp:194 - Connection lost
2025-08-23 13:09:31,237 [INFO] WebApp:191 - Connection restablished
2025-08-23 13:09:34,258 [INFO] WebApp:194 - Connection lost
2025-08-23 13:09:34,805 [INFO] WebApp:191 - Connection restablished
2025-08-23 13:10:43,840 [INFO] WebApp:194 - Connection lost
2025-08-23 13:10:45,366 [INFO] WebApp:191 - Connection restablished
2025-08-23 13:19:09,631 [INFO] WebApp:194 - Connection lost
2025-08-23 13:19:51,492 [ERROR] ConfigurationRetriever:142 - IOException on connection: sw-center.st.com
2025-08-23 13:19:51,496 [ERROR] ConfigurationRetriever:142 - IOException on connection: sw-center.st.com
2025-08-23 13:19:51,499 [ERROR] ConfigurationRetriever:142 - IOException on connection: sw-center.st.com
2025-08-23 13:19:56,437 [ERROR] ConfigurationRetriever:142 - IOException on connection: sw-center.st.com
2025-08-23 13:19:56,447 [ERROR] ConfigurationRetriever:142 - IOException on connection: sw-center.st.com
2025-08-23 13:19:56,460 [ERROR] ConfigurationRetriever:142 - IOException on connection: sw-center.st.com
2025-08-23 13:21:38,631 [INFO] WebApp:191 - Connection restablished
2025-08-23 16:27:47,266 [INFO] WebApp:194 - Connection lost
2025-08-23 16:27:48,532 [INFO] WebApp:191 - Connection restablished
2025-08-23 16:27:50,505 [INFO] WebApp:194 - Connection lost
2025-08-23 16:27:50,681 [INFO] WebApp:191 - Connection restablished
2025-08-23 16:27:53,879 [INFO] WebApp:194 - Connection lost
2025-08-23 16:27:54,102 [INFO] WebApp:191 - Connection restablished
2025-08-23 17:38:18,680 [ERROR] LogOutputStream:75 - [STDERR_REDIRECT] 
2025-08-23 17:38:18,682 [ERROR] LogOutputStream:75 - [STDERR_REDIRECT] 
2025-08-23 22:23:18,347 [INFO] Activator:176 - 


2025-08-23 22:23:18,348 [INFO] Activator:177 - !SESSION log4j initialized
2025-08-23 22:23:22,320 [ERROR] LogOutputStream:75 - [STDERR_REDIRECT] Aug 23, 2025 10:23:22 PM org.apache.lucene.internal.vectorization.VectorizationProvider lookup
2025-08-23 22:23:22,324 [ERROR] LogOutputStream:75 - [STDERR_REDIRECT] WARNING: Java vector incubator module is not readable. For optimal vector performance, pass '--add-modules jdk.incubator.vector' to enable Vector API.
2025-08-23 22:23:22,325 [ERROR] LogOutputStream:75 - [STDERR_REDIRECT] 
2025-08-23 22:23:23,949 [INFO] LogOutputStream:77 - [STDOUT_REDIRECT] 
2025-08-23 22:23:24,994 [INFO] ApplicationProperties:184 - Using Application install path: C:\ST\STM32CubeIDE_1.19.0\STM32CubeIDE\plugins\com.st.stm32cube.common.mx_6.15.0.202507011659
2025-08-23 22:23:25,031 [INFO] DbMcusXml:78 - Set database path to: C:\ST\STM32CubeIDE_1.19.0\STM32CubeIDE\plugins\com.st.stm32cube.common.mx_6.15.0.202507011659\\db\/mcu/
2025-08-23 22:23:25,034 [INFO] ApiDb:274 - Set plugin database path to: C:\ST\STM32CubeIDE_1.19.0\STM32CubeIDE\plugins\com.st.stm32cube.common.mx_6.15.0.202507011659\\db\/plugins/boardmanager/
2025-08-23 22:23:25,035 [WARN] ApiDb:259 - Overriding images path with different value:  => C:\ST\STM32CubeIDE_1.19.0\STM32CubeIDE\plugins\com.st.stm32cube.common.mx_6.15.0.202507011659\\db\/plugins/mcufinder/images/
2025-08-23 22:23:25,049 [INFO] ApiDb:250 - Set database path to: C:\Users\sheet\.stmcufinder\plugins\mcufinder//mcu/
2025-08-23 22:23:25,052 [INFO] DbMcusAds:125 - Set database path to: C:\Users\sheet\.stmcufinder\plugins\mcufinder//mcu/
2025-08-23 22:23:25,054 [INFO] CrossReferenceDbSqlite:203 - Set database path to: C:\Users\sheet\.stmcufinder\plugins\mcufinder//mcu/cs/
2025-08-23 22:23:25,215 [INFO] RulesReader:64 - Compatibility file has been processed (317 Rules)
2025-08-23 22:23:25,294 [INFO] DbMcusXml:78 - Set database path to: C:\ST\STM32CubeIDE_1.19.0\STM32CubeIDE\plugins\com.st.stm32cube.common.mx_6.15.0.202507011659\\db\/mcu/
2025-08-23 22:23:25,294 [INFO] ApiDb:274 - Set plugin database path to: C:\ST\STM32CubeIDE_1.19.0\STM32CubeIDE\plugins\com.st.stm32cube.common.mx_6.15.0.202507011659\\db\/plugins/boardmanager/
2025-08-23 22:23:25,294 [INFO] ApiDb:261 - Set plugin images path to: C:\ST\STM32CubeIDE_1.19.0\STM32CubeIDE\plugins\com.st.stm32cube.common.mx_6.15.0.202507011659\\db\/plugins/mcufinder/images/
2025-08-23 22:23:25,294 [WARN] DbFile:41 - Overriding database path with different value: C:\Users\sheet\.stmcufinder\plugins\mcufinder/ => C:\Users\sheet\.stmcufinder\plugins\mcufinder
2025-08-23 22:23:25,294 [INFO] ApiDb:250 - Set database path to: C:\Users\sheet\.stmcufinder\plugins\mcufinder//mcu/
2025-08-23 22:23:25,294 [WARN] DbFile:41 - Overriding database path with different value: C:\Users\sheet\.stmcufinder\plugins\mcufinder/ => C:\Users\sheet\.stmcufinder\plugins\mcufinder
2025-08-23 22:23:25,295 [INFO] DbMcusAds:125 - Set database path to: C:\Users\sheet\.stmcufinder\plugins\mcufinder//mcu/
2025-08-23 22:23:25,295 [WARN] DbFile:41 - Overriding database path with different value: C:\Users\sheet\.stmcufinder\plugins\mcufinder/ => C:\Users\sheet\.stmcufinder\plugins\mcufinder
2025-08-23 22:23:25,295 [WARN] DbFile:41 - Overriding database path with different value: C:\Users\sheet\.stmcufinder\plugins\mcufinder/ => C:\Users\sheet\.stmcufinder\plugins\mcufinder
2025-08-23 22:23:25,295 [INFO] CrossReferenceDbSqlite:203 - Set database path to: C:\Users\sheet\.stmcufinder\plugins\mcufinder//mcu/cs/
2025-08-23 22:23:25,382 [INFO] MainPanel:274 - HeapMemory: 268435456
2025-08-23 22:23:25,562 [INFO] DbMcusXml:78 - Set database path to: C:\ST\STM32CubeIDE_1.19.0\STM32CubeIDE\plugins\com.st.stm32cube.common.mx_6.15.0.202507011659\\db\/mcu/
2025-08-23 22:23:25,562 [INFO] ApiDb:274 - Set plugin database path to: C:\ST\STM32CubeIDE_1.19.0\STM32CubeIDE\plugins\com.st.stm32cube.common.mx_6.15.0.202507011659\\db\/plugins/boardmanager/
2025-08-23 22:23:25,562 [INFO] ApiDb:261 - Set plugin images path to: C:\ST\STM32CubeIDE_1.19.0\STM32CubeIDE\plugins\com.st.stm32cube.common.mx_6.15.0.202507011659\\db\/plugins/mcufinder/images/
2025-08-23 22:23:25,562 [WARN] DbFile:41 - Overriding database path with different value: C:\Users\sheet\.stmcufinder\plugins\mcufinder/ => C:\Users\sheet\.stmcufinder\plugins\mcufinder
2025-08-23 22:23:25,563 [INFO] ApiDb:250 - Set database path to: C:\Users\sheet\.stmcufinder\plugins\mcufinder//mcu/
2025-08-23 22:23:25,563 [WARN] DbFile:41 - Overriding database path with different value: C:\Users\sheet\.stmcufinder\plugins\mcufinder/ => C:\Users\sheet\.stmcufinder\plugins\mcufinder
2025-08-23 22:23:25,563 [INFO] DbMcusAds:125 - Set database path to: C:\Users\sheet\.stmcufinder\plugins\mcufinder//mcu/
2025-08-23 22:23:25,563 [WARN] DbFile:41 - Overriding database path with different value: C:\Users\sheet\.stmcufinder\plugins\mcufinder/ => C:\Users\sheet\.stmcufinder\plugins\mcufinder
2025-08-23 22:23:25,563 [WARN] DbFile:41 - Overriding database path with different value: C:\Users\sheet\.stmcufinder\plugins\mcufinder/ => C:\Users\sheet\.stmcufinder\plugins\mcufinder
2025-08-23 22:23:25,563 [INFO] CrossReferenceDbSqlite:203 - Set database path to: C:\Users\sheet\.stmcufinder\plugins\mcufinder//mcu/cs/
2025-08-23 22:23:25,583 [INFO] ApplicationProperties:184 - Using Application install path: C:\ST\STM32CubeIDE_1.19.0\STM32CubeIDE\plugins\com.st.stm32cube.common.mx_6.15.0.202507011659
2025-08-23 22:23:25,585 [INFO] PluginManage:196 - Search for loadable plugins [exclusion list=, ]
2025-08-23 22:23:25,587 [INFO] PluginManage:310 - Check plugin analytics
2025-08-23 22:23:25,784 [INFO] AnalyticsPlugin:253 - Accepted Software Licenses: 
2025-08-23 22:23:25,784 [INFO] AnalyticsPlugin:255 - Accepted CMSIS Pack Licenses: 
2025-08-23 22:23:25,784 [INFO] AnalyticsPlugin:257 - Accepted Firmware Licenses: FW.F4.1.28.0
2025-08-23 22:23:25,787 [INFO] PluginManage:359 - Loaded plugin analytics (category:tool,tabindex:-1)
2025-08-23 22:23:25,787 [INFO] PluginManage:310 - Check plugin cadmodel
2025-08-23 22:23:25,793 [INFO] CADModel:105 - Init CAD model plugin
2025-08-23 22:23:25,793 [INFO] PluginManage:359 - Loaded plugin cadmodel (category:power,tabindex:5)
2025-08-23 22:23:25,793 [INFO] PluginManage:310 - Check plugin clock
2025-08-23 22:23:25,801 [INFO] PluginManage:359 - Loaded plugin clock (category:base,tabindex:2)
2025-08-23 22:23:25,801 [INFO] PluginManage:310 - Check plugin ddr
2025-08-23 22:23:25,803 [INFO] PluginManage:359 - Loaded plugin ddr (category:tool,tabindex:6)
2025-08-23 22:23:25,803 [INFO] PluginManage:310 - Check plugin filemanager
2025-08-23 22:23:25,947 [INFO] PluginManage:359 - Loaded plugin filemanager (category:base,tabindex:10)
2025-08-23 22:23:25,947 [INFO] PluginManage:310 - Check plugin ipmanager
2025-08-23 22:23:25,953 [INFO] PluginManage:359 - Loaded plugin ipmanager (category:base,tabindex:5)
2025-08-23 22:23:25,953 [INFO] PluginManage:310 - Check plugin lpbam
2025-08-23 22:23:25,962 [INFO] PluginManage:359 - Loaded plugin lpbam (category:base,tabindex:0)
2025-08-23 22:23:25,962 [INFO] PluginManage:310 - Check plugin memorymap
2025-08-23 22:23:25,982 [INFO] PluginManage:359 - Loaded plugin memorymap (category:base,tabindex:4)
2025-08-23 22:23:25,982 [INFO] PluginManage:310 - Check plugin pinoutandconfiguration
2025-08-23 22:23:25,990 [INFO] PluginManage:359 - Loaded plugin pinoutandconfiguration (category:base,tabindex:1)
2025-08-23 22:23:25,990 [INFO] PluginManage:310 - Check plugin pinoutconfig
2025-08-23 22:23:26,093 [WARN] SupportedApi:132 - Cannot load RTOS API schema: s4s-elt-must-match.1: The content of 'definitions' must match (annotation?, (simpleType | complexType)?, (unique | key | keyref)*)). A problem was found starting at: attribute.
2025-08-23 22:23:26,211 [INFO] PluginManage:359 - Loaded plugin pinoutconfig (category:base,tabindex:0)
2025-08-23 22:23:26,212 [INFO] PluginManage:310 - Check plugin power
2025-08-23 22:23:26,220 [INFO] PluginManage:359 - Loaded plugin power (category:power,tabindex:4)
2025-08-23 22:23:26,220 [INFO] PluginManage:310 - Check plugin projectmanager
2025-08-23 22:23:26,238 [INFO] PluginManage:359 - Loaded plugin projectmanager (category:projectmanager,tabindex:4)
2025-08-23 22:23:26,238 [INFO] PluginManage:310 - Check plugin rif
2025-08-23 22:23:26,249 [INFO] PluginManage:359 - Loaded plugin rif (category:base,tabindex:3)
2025-08-23 22:23:26,249 [INFO] PluginManage:310 - Check plugin thirdparty
2025-08-23 22:23:26,367 [INFO] PluginManage:359 - Loaded plugin thirdparty (category:base,tabindex:-1)
2025-08-23 22:23:26,368 [INFO] PluginManage:310 - Check plugin tools
2025-08-23 22:23:26,369 [INFO] PluginManage:359 - Loaded plugin tools (category:base,tabindex:7)
2025-08-23 22:23:26,369 [INFO] PluginManage:310 - Check plugin tutovideos
2025-08-23 22:23:26,367 [WARN] IntegrityCheckThread:84 - waiting for thirdparty lock release [integrity check]
2025-08-23 22:23:26,371 [INFO] IntegrityCheckThread:86 - entering critical section [integrity check]
2025-08-23 22:23:26,374 [INFO] ThirdPartyUpdaterWithRetryManager:70 - Updater plugin not ready yet. [1/15]
2025-08-23 22:23:26,621 [INFO] PluginManage:359 - Loaded plugin tutovideos (category:base,tabindex:-1)
2025-08-23 22:23:26,621 [INFO] PluginManage:310 - Check plugin updater
2025-08-23 22:23:26,643 [INFO] PluginManage:359 - Loaded plugin updater (category:base,tabindex:12)
2025-08-23 22:23:26,643 [INFO] PluginManage:310 - Check plugin userauth
2025-08-23 22:23:26,648 [INFO] UserAuth:118 - Init User Auth plugin
2025-08-23 22:23:26,649 [INFO] PluginManage:359 - Loaded plugin userauth (category:base,tabindex:14)
2025-08-23 22:23:26,649 [INFO] PluginManage:283 - PluginManage : Loaded plugins [18]
2025-08-23 22:23:26,831 [INFO] PinOutPanel:1589 - setPackage(No Configuration,No Configuration)
2025-08-23 22:23:26,914 [INFO] CADModel:165 - CPN selected for project level
2025-08-23 22:23:26,915 [INFO] CADModel:114 - Register for checkConnection events
2025-08-23 22:23:26,932 [INFO] IPUIPlugin:80 - create IPUIPlugin
2025-08-23 22:23:26,933 [INFO] PluginManager:220 - loadIPPluginJar : add adc
2025-08-23 22:23:26,935 [INFO] IPUIPlugin:80 - create IPUIPlugin
2025-08-23 22:23:26,935 [INFO] PluginManager:220 - loadIPPluginJar : add aes
2025-08-23 22:23:26,937 [INFO] IPUIPlugin:80 - create IPUIPlugin
2025-08-23 22:23:26,938 [INFO] PluginManager:220 - loadIPPluginJar : add can
2025-08-23 22:23:26,939 [INFO] IPUIPlugin:80 - create IPUIPlugin
2025-08-23 22:23:26,939 [INFO] PluginManager:220 - loadIPPluginJar : add comp
2025-08-23 22:23:26,942 [INFO] IPUIPlugin:80 - create IPUIPlugin
2025-08-23 22:23:26,943 [INFO] PluginManager:220 - loadIPPluginJar : add cryp
2025-08-23 22:23:26,947 [INFO] IPUIPlugin:80 - create IPUIPlugin
2025-08-23 22:23:26,947 [INFO] PluginManager:220 - loadIPPluginJar : add ddr_ctrl_phy
2025-08-23 22:23:26,949 [INFO] IPUIPlugin:80 - create IPUIPlugin
2025-08-23 22:23:26,949 [INFO] PluginManager:220 - loadIPPluginJar : add dfsdm
2025-08-23 22:23:26,955 [INFO] IPUIPlugin:80 - create IPUIPlugin
2025-08-23 22:23:26,955 [INFO] PluginManager:220 - loadIPPluginJar : add dma
2025-08-23 22:23:26,958 [INFO] IPUIPlugin:80 - create IPUIPlugin
2025-08-23 22:23:26,958 [INFO] PluginManager:220 - loadIPPluginJar : add dma3
2025-08-23 22:23:26,960 [INFO] IPUIPlugin:80 - create IPUIPlugin
2025-08-23 22:23:26,960 [INFO] PluginManager:220 - loadIPPluginJar : add extmemmanager
2025-08-23 22:23:26,962 [INFO] IPUIPlugin:80 - create IPUIPlugin
2025-08-23 22:23:26,962 [INFO] PluginManager:220 - loadIPPluginJar : add fatfs
2025-08-23 22:23:26,965 [INFO] IPUIPlugin:80 - create IPUIPlugin
2025-08-23 22:23:26,966 [INFO] PluginManager:220 - loadIPPluginJar : add fmc
2025-08-23 22:23:26,970 [INFO] IPUIPlugin:80 - create IPUIPlugin
2025-08-23 22:23:26,971 [INFO] PluginManager:220 - loadIPPluginJar : add freertos
2025-08-23 22:23:26,972 [INFO] IPUIPlugin:80 - create IPUIPlugin
2025-08-23 22:23:26,973 [INFO] PluginManager:220 - loadIPPluginJar : add genericplugin
2025-08-23 22:23:26,974 [INFO] IPUIPlugin:80 - create IPUIPlugin
2025-08-23 22:23:26,975 [INFO] PluginManager:220 - loadIPPluginJar : add gfxmmu
2025-08-23 22:23:26,979 [INFO] IPUIPlugin:80 - create IPUIPlugin
2025-08-23 22:23:26,979 [INFO] PluginManager:220 - loadIPPluginJar : add gic
2025-08-23 22:23:26,982 [INFO] IPUIPlugin:80 - create IPUIPlugin
2025-08-23 22:23:26,983 [INFO] PluginManager:220 - loadIPPluginJar : add gpio
2025-08-23 22:23:26,985 [INFO] IPUIPlugin:80 - create IPUIPlugin
2025-08-23 22:23:26,985 [INFO] PluginManager:220 - loadIPPluginJar : add gtzc
2025-08-23 22:23:26,987 [INFO] IPUIPlugin:80 - create IPUIPlugin
2025-08-23 22:23:26,988 [INFO] PluginManager:220 - loadIPPluginJar : add hash
2025-08-23 22:23:26,990 [INFO] IPUIPlugin:80 - create IPUIPlugin
2025-08-23 22:23:26,990 [INFO] PluginManager:220 - loadIPPluginJar : add i2c
2025-08-23 22:23:26,992 [INFO] IPUIPlugin:80 - create IPUIPlugin
2025-08-23 22:23:26,992 [INFO] PluginManager:220 - loadIPPluginJar : add i2s
2025-08-23 22:23:26,995 [INFO] IPUIPlugin:80 - create IPUIPlugin
2025-08-23 22:23:26,995 [INFO] PluginManager:220 - loadIPPluginJar : add i3c
2025-08-23 22:23:26,999 [INFO] IPUIPlugin:80 - create IPUIPlugin
2025-08-23 22:23:27,000 [INFO] PluginManager:220 - loadIPPluginJar : add ipddr
2025-08-23 22:23:27,010 [INFO] IPUIPlugin:80 - create IPUIPlugin
2025-08-23 22:23:27,010 [INFO] PluginManager:220 - loadIPPluginJar : add linkedlist
2025-08-23 22:23:27,012 [INFO] IPUIPlugin:80 - create IPUIPlugin
2025-08-23 22:23:27,013 [INFO] PluginManager:220 - loadIPPluginJar : add lorawan
2025-08-23 22:23:27,014 [INFO] IPUIPlugin:80 - create IPUIPlugin
2025-08-23 22:23:27,014 [INFO] PluginManager:220 - loadIPPluginJar : add ltdc
2025-08-23 22:23:27,019 [INFO] IPUIPlugin:80 - create IPUIPlugin
2025-08-23 22:23:27,019 [INFO] PluginManager:220 - loadIPPluginJar : add mdma
2025-08-23 22:23:27,021 [INFO] IPUIPlugin:80 - create IPUIPlugin
2025-08-23 22:23:27,022 [INFO] PluginManager:220 - loadIPPluginJar : add nvic
2025-08-23 22:23:27,025 [INFO] IPUIPlugin:80 - create IPUIPlugin
2025-08-23 22:23:27,025 [INFO] PluginManager:220 - loadIPPluginJar : add opamp
2025-08-23 22:23:27,028 [INFO] IPUIPlugin:80 - create IPUIPlugin
2025-08-23 22:23:27,028 [INFO] PluginManager:220 - loadIPPluginJar : add openamp
2025-08-23 22:23:27,031 [INFO] IPUIPlugin:80 - create IPUIPlugin
2025-08-23 22:23:27,031 [INFO] PluginManager:220 - loadIPPluginJar : add pdm2pcm
2025-08-23 22:23:27,036 [INFO] IPUIPlugin:80 - create IPUIPlugin
2025-08-23 22:23:27,039 [INFO] PluginManager:220 - loadIPPluginJar : add plateformsettings
2025-08-23 22:23:27,040 [INFO] IPUIPlugin:80 - create IPUIPlugin
2025-08-23 22:23:27,040 [INFO] PluginManager:220 - loadIPPluginJar : add quadspi
2025-08-23 22:23:27,042 [INFO] IPUIPlugin:80 - create IPUIPlugin
2025-08-23 22:23:27,043 [INFO] PluginManager:220 - loadIPPluginJar : add radio
2025-08-23 22:23:27,049 [INFO] IPUIPlugin:80 - create IPUIPlugin
2025-08-23 22:23:27,049 [INFO] PluginManager:220 - loadIPPluginJar : add resmgrutility
2025-08-23 22:23:27,053 [INFO] IPUIPlugin:80 - create IPUIPlugin
2025-08-23 22:23:27,053 [INFO] PluginManager:220 - loadIPPluginJar : add sai
2025-08-23 22:23:27,055 [INFO] IPUIPlugin:80 - create IPUIPlugin
2025-08-23 22:23:27,055 [INFO] PluginManager:220 - loadIPPluginJar : add spi
2025-08-23 22:23:27,060 [INFO] IPUIPlugin:80 - create IPUIPlugin
2025-08-23 22:23:27,060 [INFO] PluginManager:220 - loadIPPluginJar : add stm32_wpan
2025-08-23 22:23:27,062 [INFO] IPUIPlugin:80 - create IPUIPlugin
2025-08-23 22:23:27,062 [INFO] PluginManager:220 - loadIPPluginJar : add tim
2025-08-23 22:23:27,066 [INFO] IPUIPlugin:80 - create IPUIPlugin
2025-08-23 22:23:27,067 [INFO] PluginManager:220 - loadIPPluginJar : add touchsensing
2025-08-23 22:23:27,072 [INFO] IPUIPlugin:80 - create IPUIPlugin
2025-08-23 22:23:27,072 [INFO] PluginManager:220 - loadIPPluginJar : add tracer_emb
2025-08-23 22:23:27,074 [INFO] IPUIPlugin:80 - create IPUIPlugin
2025-08-23 22:23:27,074 [INFO] PluginManager:220 - loadIPPluginJar : add ts
2025-08-23 22:23:27,075 [INFO] IPUIPlugin:80 - create IPUIPlugin
2025-08-23 22:23:27,075 [INFO] PluginManager:220 - loadIPPluginJar : add tsc
2025-08-23 22:23:27,076 [INFO] IPUIPlugin:80 - create IPUIPlugin
2025-08-23 22:23:27,076 [INFO] PluginManager:220 - loadIPPluginJar : add ucpd
2025-08-23 22:23:27,077 [INFO] IPUIPlugin:80 - create IPUIPlugin
2025-08-23 22:23:27,077 [INFO] PluginManager:220 - loadIPPluginJar : add usart
2025-08-23 22:23:27,080 [INFO] IPUIPlugin:80 - create IPUIPlugin
2025-08-23 22:23:27,080 [INFO] PluginManager:220 - loadIPPluginJar : add usbx
2025-08-23 22:23:27,199 [FATAL] Updater:351 - Updater called before beeing initialized
2025-08-23 22:23:27,250 [INFO] RulesReader:64 - Compatibility file has been processed (317 Rules)
2025-08-23 22:23:27,261 [INFO] RulesReader:64 - Compatibility file has been processed (317 Rules)
2025-08-23 22:23:27,276 [INFO] CADModel:165 - CPN selected for project level
2025-08-23 22:23:27,276 [INFO] CADModel:114 - Register for checkConnection events
2025-08-23 22:23:27,276 [FATAL] Updater:351 - Updater called before beeing initialized
2025-08-23 22:23:27,276 [ERROR] CADModel:125 - Updater not yet initialized, retry later 
2025-08-23 22:23:27,401 [FATAL] Updater:351 - Updater called before beeing initialized
2025-08-23 22:23:27,402 [INFO] CADModel:165 - CPN selected for project level
2025-08-23 22:23:27,402 [INFO] CADModel:114 - Register for checkConnection events
2025-08-23 22:23:27,402 [FATAL] Updater:351 - Updater called before beeing initialized
2025-08-23 22:23:27,402 [ERROR] CADModel:125 - Updater not yet initialized, retry later 
2025-08-23 22:23:27,405 [FATAL] Updater:351 - Updater called before beeing initialized
2025-08-23 22:23:27,499 [FATAL] Updater:351 - Updater called before beeing initialized
2025-08-23 22:23:27,502 [INFO] DbMcusAds:53 - JSON generation date=Tue Jul 08 13:44:23 IST 2025 (1751962463582)
2025-08-23 22:23:27,502 [FATAL] Updater:351 - Updater called before beeing initialized
2025-08-23 22:23:27,531 [WARN] DetailPanel:346 - Failed to get advertising image, set to default
2025-08-23 22:23:27,670 [FATAL] Updater:351 - Updater called before beeing initialized
2025-08-23 22:23:27,672 [FATAL] Updater:351 - Updater called before beeing initialized
2025-08-23 22:23:27,672 [FATAL] Updater:351 - Updater called before beeing initialized
2025-08-23 22:23:27,672 [WARN] DetailPanel:346 - Failed to get advertising image, set to default
2025-08-23 22:23:27,673 [FATAL] Updater:351 - Updater called before beeing initialized
2025-08-23 22:23:27,711 [ERROR] Updater:1198 - MainUpdater not yet initialized. External WinMGr cannot be set.
2025-08-23 22:23:27,713 [INFO] Updater:1134 - Updater Version found : 6.15.0
2025-08-23 22:23:27,725 [INFO] ApplicationProperties:184 - Using Application install path: C:\ST\STM32CubeIDE_1.19.0\STM32CubeIDE\plugins\com.st.stm32cube.common.mx_6.15.0.202507011659
2025-08-23 22:23:29,371 [ERROR] LogOutputStream:75 - [STDERR_REDIRECT] Aug 23, 2025 10:23:29 PM java.util.prefs.WindowsPreferences <init>
2025-08-23 22:23:29,378 [INFO] ThirdPartyUpdaterWithRetryManager:70 - Updater plugin not ready yet. [2/15]
2025-08-23 22:23:29,380 [ERROR] LogOutputStream:75 - [STDERR_REDIRECT] WARNING: Could not open/create prefs root node Software\JavaSoft\Prefs at root 0xffffffff80000002. Windows RegCreateKeyEx(...) returned error code 5.
2025-08-23 22:23:29,380 [ERROR] LogOutputStream:75 - [STDERR_REDIRECT] 
2025-08-23 22:23:29,956 [INFO] MainUpdater:2872 - connection check result : 10
2025-08-23 22:23:29,956 [INFO] MainUpdater:289 - Updater Check For Update Now.
2025-08-23 22:23:29,957 [INFO] MicroXplorer:498 - Change Database Version : DB.6.0.150
2025-08-23 22:23:29,973 [INFO] McuFinderGlobals:63 - Set McuFinder mode to 2 (CubeIDE integrated)
2025-08-23 22:23:29,974 [INFO] UserAuth:487 - Internet connection configuration mode: 1
2025-08-23 22:23:30,011 [INFO] JxBrowserEngine:152 - Initiate JxBrowser Engine with user profile folder
2025-08-23 22:23:30,147 [INFO] CheckServerUpdateThread:120 - End of CheckServer Thread
2025-08-23 22:23:31,446 [INFO] WebApp:169 - Instantiating new browser for Auth
2025-08-23 22:23:32,221 [INFO] WebApp:463 - Apply proxy settings
2025-08-23 22:23:32,222 [INFO] WebApp:548 - Chromium requires no authentication
2025-08-23 22:23:32,232 [INFO] WebApp:491 - Direct internet connection detected
2025-08-23 22:23:32,256 [INFO] WebApp:900 - Register for checkConnection events
2025-08-23 22:23:32,256 [INFO] WebApp:463 - Apply proxy settings
2025-08-23 22:23:32,256 [INFO] WebApp:548 - Chromium requires no authentication
2025-08-23 22:23:32,257 [INFO] WebApp:491 - Direct internet connection detected
2025-08-23 22:23:32,529 [INFO] WebApp:225 - Starting web application
2025-08-23 22:23:32,530 [INFO] WebApp:593 - Web application path used C:\ST\STM32CubeIDE_1.19.0\STM32CubeIDE\plugins\com.st.stm32cube.common.mx_6.15.0.202507011659\db\plugins\mcufinder\reactClient1\index.html
2025-08-23 22:23:32,632 [WARN] PackLoader:240 - Cannot read IP mode file for STMicroelectronics.FP-SNS-MOTENVWB1.1.4.0
2025-08-23 22:23:32,643 [WARN] PackLoader:240 - Cannot read IP mode file for STMicroelectronics.FP-ATR-ASTRA1.2.0.2
2025-08-23 22:23:32,647 [WARN] PackLoader:240 - Cannot read IP mode file for STMicroelectronics.FP-ATR-ASTRA1.2.0.1
2025-08-23 22:23:32,663 [WARN] PackLoader:240 - Cannot read IP mode file for STMicroelectronics.X-CUBE-SMBUS.2.1.0
2025-08-23 22:23:32,678 [WARN] PackLoader:240 - Cannot read IP mode file for STMicroelectronics.X-CUBE-WB05N.1.1.0
2025-08-23 22:23:32,687 [WARN] PackLoader:240 - Cannot read IP mode file for STMicroelectronics.X-CUBE-ST60.1.0.0
2025-08-23 22:23:32,689 [INFO] WebApp:191 - Connection restablished
2025-08-23 22:23:32,741 [WARN] PackLoader:240 - Cannot read IP mode file for STMicroelectronics.X-CUBE-AZRTOS-F7.1.1.0
2025-08-23 22:23:32,807 [INFO] UserAuth:487 - Internet connection configuration mode: 1
2025-08-23 22:23:32,831 [WARN] PackLoader:240 - Cannot read IP mode file for STMicroelectronics.X-CUBE-MEMS1.11.0.0
2025-08-23 22:23:33,012 [WARN] PackLoader:240 - Cannot read IP mode file for STMicroelectronics.FP-SNS-FLIGHT1.5.0.2
2025-08-23 22:23:33,035 [WARN] PackLoader:240 - Cannot read IP mode file for STMicroelectronics.X-CUBE-AZRTOS-H7.3.4.0
2025-08-23 22:23:33,046 [WARN] PackLoader:240 - Cannot read IP mode file for STMicroelectronics.X-CUBE-DISPLAY.3.0.0
2025-08-23 22:23:33,056 [WARN] PackLoader:240 - Cannot read IP mode file for STMicroelectronics.X-CUBE-BLE1.7.0.0
2025-08-23 22:23:33,064 [WARN] PackLoader:240 - Cannot read IP mode file for STMicroelectronics.X-CUBE-NFC10.1.0.0
2025-08-23 22:23:33,075 [WARN] PackLoader:240 - Cannot read IP mode file for STMicroelectronics.X-CUBE-BLEMGR.4.0.0
2025-08-23 22:23:33,088 [WARN] PackLoader:240 - Cannot read IP mode file for emotas.I-CUBE-CANOPEN.1.3.0
2025-08-23 22:23:33,097 [WARN] PackLoader:240 - Cannot read IP mode file for STMicroelectronics.X-CUBE-BLEMGR.3.1.0
2025-08-23 22:23:33,105 [WARN] PackLoader:240 - Cannot read IP mode file for STMicroelectronics.X-CUBE-AI.10.0.0
2025-08-23 22:23:33,114 [WARN] PackLoader:240 - Cannot read IP mode file for STMicroelectronics.FP-SNS-STBOX1.2.1.0
2025-08-23 22:23:33,124 [WARN] PackLoader:240 - Cannot read IP mode file for STMicroelectronics.FP-SNS-SMARTAG2.1.2.0
2025-08-23 22:23:33,134 [WARN] PackLoader:240 - Cannot read IP mode file for STMicroelectronics.FP-SNS-FLIGHT1.5.1.0
2025-08-23 22:23:33,187 [WARN] PackLoader:240 - Cannot read IP mode file for STMicroelectronics.X-CUBE-MEMS1.11.1.0
2025-08-23 22:23:33,278 [INFO] LogOutputStream:77 - [STDOUT_REDIRECT] 1 : Invalid condition id : UX_CORESTACK_Condition cause : null
2025-08-23 22:23:33,280 [INFO] LogOutputStream:77 - [STDOUT_REDIRECT] 1 : Invalid condition id : UX_CORESTACK_Condition cause : null
2025-08-23 22:23:33,282 [INFO] LogOutputStream:77 - [STDOUT_REDIRECT] 1 : Invalid condition id : UX_CORESTACK_Condition cause : null
2025-08-23 22:23:33,285 [INFO] LogOutputStream:77 - [STDOUT_REDIRECT] 1 : Invalid condition id : UX_CORESTACK_Condition cause : null
2025-08-23 22:23:33,286 [INFO] LogOutputStream:77 - [STDOUT_REDIRECT] 1 : Invalid condition id : UX_CORESTACK_Condition cause : null
2025-08-23 22:23:33,290 [WARN] PackLoader:240 - Cannot read IP mode file for STMicroelectronics.X-CUBE-AZRTOS-WL.2.0.0
2025-08-23 22:23:33,300 [WARN] PackLoader:240 - Cannot read IP mode file for STMicroelectronics.FP-SNS-MOTENV1.5.0.0
2025-08-23 22:23:33,309 [WARN] PackLoader:240 - Cannot read IP mode file for wolfSSL.I-CUBE-wolfMQTT.1.19.0
2025-08-23 22:23:33,319 [WARN] PackLoader:240 - Cannot read IP mode file for WES.I-CUBE-Cesium.1.3.0
2025-08-23 22:23:33,361 [WARN] PackLoader:240 - Cannot read IP mode file for STMicroelectronics.X-CUBE-BLE2.3.3.0
2025-08-23 22:23:33,373 [WARN] PackLoader:240 - Cannot read IP mode file for STMicroelectronics.X-CUBE-NFC9.1.0.0
2025-08-23 22:23:33,379 [WARN] PackLoader:240 - Cannot read IP mode file for STMicroelectronics.X-CUBE-BLE1.7.1.0
2025-08-23 22:23:33,387 [WARN] PackLoader:240 - Cannot read IP mode file for STMicroelectronics.X-CUBE-TCPP.4.1.0
2025-08-23 22:23:33,396 [WARN] PackLoader:240 - Cannot read IP mode file for STMicroelectronics.X-CUBE-EEPRMA1.5.2.0
2025-08-23 22:23:33,404 [WARN] PackLoader:240 - Cannot read IP mode file for STMicroelectronics.X-CUBE-AI.10.1.0
2025-08-23 22:23:33,441 [WARN] PackLoader:240 - Cannot read IP mode file for STMicroelectronics.X-CUBE-MEMS1.11.2.0
2025-08-23 22:23:33,509 [WARN] PackLoader:240 - Cannot read IP mode file for STMicroelectronics.X-CUBE-AZRTOS-G0.1.1.0
2025-08-23 22:23:33,516 [WARN] PackLoader:240 - Cannot read IP mode file for STMicroelectronics.X-CUBE-SAFEA1.1.2.2
2025-08-23 22:23:33,520 [WARN] PackLoader:240 - Cannot read IP mode file for STMicroelectronics.X-CUBE-NFC4.3.0.0
2025-08-23 22:23:33,528 [WARN] PackLoader:240 - Cannot read IP mode file for EmbeddedOffice.I-CUBE-FS-RTOS.1.0.1
2025-08-23 22:23:33,534 [WARN] PackLoader:240 - Cannot read IP mode file for STMicroelectronics.X-CUBE-WB05N.2.0.0
2025-08-23 22:23:33,541 [WARN] PackLoader:240 - Cannot read IP mode file for STMicroelectronics.X-CUBE-TCPP.4.2.0
2025-08-23 22:23:33,546 [WARN] PackLoader:240 - Cannot read IP mode file for RealThread.X-CUBE-RT-Thread_Nano.4.1.1
2025-08-23 22:23:33,551 [WARN] PackLoader:240 - Cannot read IP mode file for STMicroelectronics.FP-ATR-SIGFOX1.3.2.0
2025-08-23 22:23:33,555 [WARN] ConditionMgr:438 - getConditionDescription Invalid condition id : Cortex-A Device cause : null
2025-08-23 22:23:33,571 [WARN] ConditionMgr:1044 - genDependencies : Invalid condition id : Cortex-A Device cause : null
2025-08-23 22:23:33,571 [WARN] ConditionMgr:1044 - genDependencies : Invalid condition id : Cortex-A Device cause : null
2025-08-23 22:23:33,571 [WARN] ConditionMgr:1044 - genDependencies : Invalid condition id : Cortex-A Device cause : null
2025-08-23 22:23:33,576 [WARN] PackLoader:240 - Cannot read IP mode file for STMicroelectronics.X-CUBE-EEPRMA1.5.1.0
2025-08-23 22:23:33,582 [WARN] PackLoader:240 - Cannot read IP mode file for wolfSSL.I-CUBE-wolfSSL.5.7.4
2025-08-23 22:23:33,587 [WARN] PackLoader:240 - Cannot read IP mode file for ITTIA_DB.I-CUBE-ITTIADB.8.9.0
2025-08-23 22:23:33,592 [WARN] PackLoader:240 - Cannot read IP mode file for STMicroelectronics.X-CUBE-ST67W61.1.0.0
2025-08-23 22:23:33,597 [WARN] PackLoader:240 - Cannot read IP mode file for STMicroelectronics.X-CUBE-AI.10.2.0
2025-08-23 22:23:33,620 [WARN] PackLoader:240 - Cannot read IP mode file for SEGGER.I-CUBE-embOS.1.3.1
2025-08-23 22:23:33,646 [WARN] PackLoader:240 - Cannot read IP mode file for STMicroelectronics.X-CUBE-ALGOBUILD.1.4.0
2025-08-23 22:23:33,676 [WARN] PackLoader:240 - Cannot read IP mode file for STMicroelectronics.X-CUBE-MEMS1.11.3.0
2025-08-23 22:23:33,778 [WARN] PackLoader:240 - Cannot read IP mode file for STMicroelectronics.X-CUBE-AI.9.1.0
2025-08-23 22:23:33,785 [WARN] PackLoader:240 - Cannot read IP mode file for STMicroelectronics.X-CUBE-PM33A1.1.0.0
2025-08-23 22:23:33,802 [WARN] PackLoader:240 - Cannot read IP mode file for STMicroelectronics.X-CUBE-AZRTOS-F4.1.1.0
2025-08-23 22:23:33,828 [WARN] PackLoader:240 - Cannot read IP mode file for Avnet-IotConnect.X-CUBE-IoTC-DA16k-PMOD.1.0.0
2025-08-23 22:23:33,836 [WARN] PackLoader:240 - Cannot read IP mode file for STMicroelectronics.X-CUBE-ISPU.2.1.0
2025-08-23 22:23:33,844 [WARN] PackLoader:240 - Cannot read IP mode file for STMicroelectronics.X-CUBE-FREERTOS.1.2.0
2025-08-23 22:23:33,854 [WARN] PackLoader:240 - Cannot read IP mode file for STMicroelectronics.X-CUBE-NFC12.1.0.0
2025-08-23 22:23:33,876 [WARN] PackLoader:240 - Cannot read IP mode file for STMicroelectronics.X-CUBE-AZRTOS-L5.2.0.0
2025-08-23 22:23:33,885 [WARN] PackLoader:240 - Cannot read IP mode file for STMicroelectronics.X-CUBE-NFC6.3.1.0
2025-08-23 22:23:33,892 [WARN] PackLoader:240 - Cannot read IP mode file for STMicroelectronics.X-CUBE-DPower.1.2.0
2025-08-23 22:23:33,899 [WARN] PackLoader:240 - Cannot read IP mode file for STMicroelectronics.X-CUBE-FREERTOS.1.3.1
2025-08-23 22:23:33,905 [WARN] PackLoader:240 - Cannot read IP mode file for STMicroelectronics.X-CUBE-FREERTOS.1.3.0
2025-08-23 22:23:33,912 [WARN] PackLoader:240 - Cannot read IP mode file for STMicroelectronics.X-CUBE-NFC7.1.0.1
2025-08-23 22:23:33,921 [WARN] PackLoader:240 - Cannot read IP mode file for STMicroelectronics.FP-SNS-STAIOTCFT.1.0.0
2025-08-23 22:23:33,925 [WARN] PackLoader:240 - Cannot read IP mode file for STMicroelectronics.X-CUBE-DPower.1.3.0
2025-08-23 22:23:33,942 [WARN] ConditionMgr:438 - getConditionDescription Invalid condition id : LAN8742 Phy interface Condition cause : null
2025-08-23 22:23:33,943 [WARN] PackLoader:240 - Cannot read IP mode file for STMicroelectronics.X-CUBE-AZRTOS-L4.2.0.0
2025-08-23 22:23:33,944 [WARN] ConditionMgr:1044 - genDependencies : Invalid condition id : LAN8742 Phy interface Condition cause : null
2025-08-23 22:23:33,944 [WARN] ConditionMgr:1044 - genDependencies : Invalid condition id : LAN8742 Phy interface Condition cause : null
2025-08-23 22:23:33,944 [WARN] ConditionMgr:1044 - genDependencies : Invalid condition id : LAN8742 Phy interface Condition cause : null
2025-08-23 22:23:33,952 [WARN] PackLoader:240 - Cannot read IP mode file for STMicroelectronics.X-CUBE-SFXS2LP1.4.0.0
2025-08-23 22:23:33,968 [WARN] PackLoader:240 - Cannot read IP mode file for STMicroelectronics.X-CUBE-AZRTOS-H7.3.3.0
2025-08-23 22:23:33,980 [WARN] PackLoader:240 - Cannot read IP mode file for STMicroelectronics.X-CUBE-BLEMGR.4.1.0
2025-08-23 22:23:33,985 [WARN] PackLoader:240 - Cannot read IP mode file for STMicroelectronics.X-CUBE-IPS.3.0.0
2025-08-23 22:23:34,000 [WARN] ConditionMgr:438 - getConditionDescription Invalid condition id : UX DEVICE CLASS RTOS Condition cause : null
2025-08-23 22:23:34,000 [WARN] ConditionMgr:438 - getConditionDescription Invalid condition id : UX DEVICE CLASS RTOS Condition cause : null
2025-08-23 22:23:34,000 [WARN] PackLoader:240 - Cannot read IP mode file for STMicroelectronics.X-CUBE-AZRTOS-WB.2.0.0
2025-08-23 22:23:34,000 [WARN] ConditionMgr:1044 - genDependencies : Invalid condition id : UX DEVICE CLASS RTOS Condition cause : null
2025-08-23 22:23:34,000 [WARN] ConditionMgr:1044 - genDependencies : Invalid condition id : UX DEVICE CLASS RTOS Condition cause : null
2025-08-23 22:23:34,000 [WARN] ConditionMgr:1044 - genDependencies : Invalid condition id : UX DEVICE CLASS RTOS Condition cause : null
2025-08-23 22:23:34,000 [WARN] ConditionMgr:1044 - genDependencies : Invalid condition id : UX DEVICE CLASS RTOS Condition cause : null
2025-08-23 22:23:34,000 [WARN] ConditionMgr:1044 - genDependencies : Invalid condition id : UX DEVICE CLASS RTOS Condition cause : null
2025-08-23 22:23:34,016 [WARN] PackLoader:240 - Cannot read IP mode file for STMicroelectronics.X-CUBE-GNSS1.7.0.0
2025-08-23 22:23:34,017 [WARN] PackLoader:240 - Cannot read IP mode file for STMicroelectronics.X-CUBE-GNSS1.7.0.1
2025-08-23 22:23:34,028 [WARN] PackLoader:240 - Cannot read IP mode file for STMicroelectronics.X-CUBE-TOUCHGFX.4.25.0
2025-08-23 22:23:34,033 [WARN] PackLoader:240 - Cannot read IP mode file for STMicroelectronics.FP-SNS-STBOX1.2.0.0
2025-08-23 22:23:34,049 [WARN] PackLoader:240 - Cannot read IP mode file for STMicroelectronics.X-CUBE-SUBG2.5.0.0
2025-08-23 22:23:34,067 [WARN] PackLoader:240 - Cannot read IP mode file for STMicroelectronics.X-CUBE-AZRTOS-H7RS.1.1.0
2025-08-23 22:23:34,071 [WARN] PackLoader:240 - Cannot read IP mode file for Cesanta.I-CUBE-Mongoose.7.13.0
2025-08-23 22:23:34,087 [WARN] PackLoader:240 - Cannot read IP mode file for STMicroelectronics.X-CUBE-AZRTOS-G4.2.0.0
2025-08-23 22:23:34,089 [WARN] PackLoader:240 - Cannot read IP mode file for STMicroelectronics.X-CUBE-NFC7.2.0.0
2025-08-23 22:23:34,103 [WARN] PackLoader:240 - Cannot read IP mode file for STMicroelectronics.X-CUBE-IPS.3.1.0
2025-08-23 22:23:34,113 [WARN] PackLoader:240 - Cannot read IP mode file for STMicroelectronics.X-CUBE-ALS.1.0.2
2025-08-23 22:23:34,122 [WARN] PackLoader:240 - Cannot read IP mode file for STMicroelectronics.X-CUBE-TOUCHGFX.4.24.1
2025-08-23 22:23:34,127 [WARN] PackLoader:240 - Cannot read IP mode file for wolfSSL.I-CUBE-wolfTPM.3.4.0
2025-08-23 22:23:34,136 [WARN] PackLoader:240 - Cannot read IP mode file for portGmbH.I-Cube-SoM-uGOAL.1.1.0
2025-08-23 22:23:34,150 [WARN] PackLoader:240 - Cannot read IP mode file for STMicroelectronics.X-CUBE-AZRTOS-H7RS.1.0.0
2025-08-23 22:23:34,153 [WARN] PackLoader:240 - Cannot read IP mode file for STMicroelectronics.X-CUBE-TOF1.3.4.2
2025-08-23 22:23:34,171 [WARN] PackLoader:240 - Cannot read IP mode file for STMicroelectronics.X-CUBE-TOF1.3.4.3
2025-08-23 22:23:34,199 [WARN] PackLoader:240 - Cannot read IP mode file for Infineon.AIROC-Wi-Fi-Bluetooth-STM32.1.6.1
2025-08-23 22:23:34,206 [WARN] PackLoader:240 - Cannot read IP mode file for wolfSSL.I-CUBE-wolfSSH.1.4.17
2025-08-23 22:23:34,206 [INFO] ThirdParty:978 - Integrity check success = true
2025-08-23 22:23:34,206 [INFO] IntegrityCheckThread:100 - exiting critical section [integrity check]
2025-08-23 22:23:34,206 [INFO] IntegrityCheckThread:103 - End integrity checks thread
2025-08-23 23:58:31,058 [INFO] WebApp:403 - JxBrowser engine has been closed 
2025-08-23 23:58:46,329 [ERROR] LogOutputStream:75 - [STDERR_REDIRECT] 
2025-08-23 23:58:46,333 [ERROR] LogOutputStream:75 - [STDERR_REDIRECT] 
