2025-08-21 14:43:57,551 [INFO] Activator:176 - 


2025-08-21 14:43:57,555 [INFO] Activator:177 - !SESSION log4j initialized
2025-08-21 14:44:02,087 [ERROR] LogOutputStream:75 - [STDERR_REDIRECT] Aug 21, 2025 2:44:02 PM org.apache.lucene.internal.vectorization.VectorizationProvider lookup
2025-08-21 14:44:02,090 [ERROR] LogOutputStream:75 - [STDERR_REDIRECT] WARNING: Java vector incubator module is not readable. For optimal vector performance, pass '--add-modules jdk.incubator.vector' to enable Vector API.
2025-08-21 14:44:02,091 [ERROR] LogOutputStream:75 - [STDERR_REDIRECT] 
2025-08-21 14:44:03,652 [INFO] LogOutputStream:77 - [STDOUT_REDIRECT] 
2025-08-21 14:44:04,593 [INFO] ApplicationProperties:184 - Using Application install path: C:\ST\STM32CubeIDE_1.19.0\STM32CubeIDE\plugins\com.st.stm32cube.common.mx_6.15.0.202507011659
2025-08-21 14:44:04,622 [INFO] DbMcusXml:78 - Set database path to: C:\ST\STM32CubeIDE_1.19.0\STM32CubeIDE\plugins\com.st.stm32cube.common.mx_6.15.0.202507011659\\db\/mcu/
2025-08-21 14:44:04,622 [INFO] ApiDb:274 - Set plugin database path to: C:\ST\STM32CubeIDE_1.19.0\STM32CubeIDE\plugins\com.st.stm32cube.common.mx_6.15.0.202507011659\\db\/plugins/boardmanager/
2025-08-21 14:44:04,622 [WARN] ApiDb:259 - Overriding images path with different value:  => C:\ST\STM32CubeIDE_1.19.0\STM32CubeIDE\plugins\com.st.stm32cube.common.mx_6.15.0.202507011659\\db\/plugins/mcufinder/images/
2025-08-21 14:44:04,632 [INFO] ApiDb:250 - Set database path to: C:\Users\sheet\.stmcufinder\plugins\mcufinder//mcu/
2025-08-21 14:44:04,633 [INFO] DbMcusAds:125 - Set database path to: C:\Users\sheet\.stmcufinder\plugins\mcufinder//mcu/
2025-08-21 14:44:04,638 [INFO] CrossReferenceDbSqlite:203 - Set database path to: C:\Users\sheet\.stmcufinder\plugins\mcufinder//mcu/cs/
2025-08-21 14:44:04,771 [INFO] RulesReader:64 - Compatibility file has been processed (317 Rules)
2025-08-21 14:44:04,868 [INFO] DbMcusXml:78 - Set database path to: C:\ST\STM32CubeIDE_1.19.0\STM32CubeIDE\plugins\com.st.stm32cube.common.mx_6.15.0.202507011659\\db\/mcu/
2025-08-21 14:44:04,868 [INFO] ApiDb:274 - Set plugin database path to: C:\ST\STM32CubeIDE_1.19.0\STM32CubeIDE\plugins\com.st.stm32cube.common.mx_6.15.0.202507011659\\db\/plugins/boardmanager/
2025-08-21 14:44:04,868 [INFO] ApiDb:261 - Set plugin images path to: C:\ST\STM32CubeIDE_1.19.0\STM32CubeIDE\plugins\com.st.stm32cube.common.mx_6.15.0.202507011659\\db\/plugins/mcufinder/images/
2025-08-21 14:44:04,868 [WARN] DbFile:41 - Overriding database path with different value: C:\Users\sheet\.stmcufinder\plugins\mcufinder/ => C:\Users\sheet\.stmcufinder\plugins\mcufinder
2025-08-21 14:44:04,868 [INFO] ApiDb:250 - Set database path to: C:\Users\sheet\.stmcufinder\plugins\mcufinder//mcu/
2025-08-21 14:44:04,868 [WARN] DbFile:41 - Overriding database path with different value: C:\Users\sheet\.stmcufinder\plugins\mcufinder/ => C:\Users\sheet\.stmcufinder\plugins\mcufinder
2025-08-21 14:44:04,869 [INFO] DbMcusAds:125 - Set database path to: C:\Users\sheet\.stmcufinder\plugins\mcufinder//mcu/
2025-08-21 14:44:04,869 [WARN] DbFile:41 - Overriding database path with different value: C:\Users\sheet\.stmcufinder\plugins\mcufinder/ => C:\Users\sheet\.stmcufinder\plugins\mcufinder
2025-08-21 14:44:04,869 [WARN] DbFile:41 - Overriding database path with different value: C:\Users\sheet\.stmcufinder\plugins\mcufinder/ => C:\Users\sheet\.stmcufinder\plugins\mcufinder
2025-08-21 14:44:04,869 [INFO] CrossReferenceDbSqlite:203 - Set database path to: C:\Users\sheet\.stmcufinder\plugins\mcufinder//mcu/cs/
2025-08-21 14:44:04,967 [INFO] MainPanel:274 - HeapMemory: 268435456
2025-08-21 14:44:05,091 [INFO] DbMcusXml:78 - Set database path to: C:\ST\STM32CubeIDE_1.19.0\STM32CubeIDE\plugins\com.st.stm32cube.common.mx_6.15.0.202507011659\\db\/mcu/
2025-08-21 14:44:05,091 [INFO] ApiDb:274 - Set plugin database path to: C:\ST\STM32CubeIDE_1.19.0\STM32CubeIDE\plugins\com.st.stm32cube.common.mx_6.15.0.202507011659\\db\/plugins/boardmanager/
2025-08-21 14:44:05,092 [INFO] ApiDb:261 - Set plugin images path to: C:\ST\STM32CubeIDE_1.19.0\STM32CubeIDE\plugins\com.st.stm32cube.common.mx_6.15.0.202507011659\\db\/plugins/mcufinder/images/
2025-08-21 14:44:05,092 [WARN] DbFile:41 - Overriding database path with different value: C:\Users\sheet\.stmcufinder\plugins\mcufinder/ => C:\Users\sheet\.stmcufinder\plugins\mcufinder
2025-08-21 14:44:05,092 [INFO] ApiDb:250 - Set database path to: C:\Users\sheet\.stmcufinder\plugins\mcufinder//mcu/
2025-08-21 14:44:05,092 [WARN] DbFile:41 - Overriding database path with different value: C:\Users\sheet\.stmcufinder\plugins\mcufinder/ => C:\Users\sheet\.stmcufinder\plugins\mcufinder
2025-08-21 14:44:05,092 [INFO] DbMcusAds:125 - Set database path to: C:\Users\sheet\.stmcufinder\plugins\mcufinder//mcu/
2025-08-21 14:44:05,092 [WARN] DbFile:41 - Overriding database path with different value: C:\Users\sheet\.stmcufinder\plugins\mcufinder/ => C:\Users\sheet\.stmcufinder\plugins\mcufinder
2025-08-21 14:44:05,092 [WARN] DbFile:41 - Overriding database path with different value: C:\Users\sheet\.stmcufinder\plugins\mcufinder/ => C:\Users\sheet\.stmcufinder\plugins\mcufinder
2025-08-21 14:44:05,092 [INFO] CrossReferenceDbSqlite:203 - Set database path to: C:\Users\sheet\.stmcufinder\plugins\mcufinder//mcu/cs/
2025-08-21 14:44:05,110 [INFO] ApplicationProperties:184 - Using Application install path: C:\ST\STM32CubeIDE_1.19.0\STM32CubeIDE\plugins\com.st.stm32cube.common.mx_6.15.0.202507011659
2025-08-21 14:44:05,111 [INFO] PluginManage:196 - Search for loadable plugins [exclusion list=, ]
2025-08-21 14:44:05,113 [INFO] PluginManage:310 - Check plugin analytics
2025-08-21 14:44:05,382 [INFO] AnalyticsPlugin:253 - Accepted Software Licenses: 
2025-08-21 14:44:05,382 [INFO] AnalyticsPlugin:255 - Accepted CMSIS Pack Licenses: 
2025-08-21 14:44:05,382 [INFO] AnalyticsPlugin:257 - Accepted Firmware Licenses: FW.F4.1.28.0
2025-08-21 14:44:05,385 [INFO] PluginManage:359 - Loaded plugin analytics (category:tool,tabindex:-1)
2025-08-21 14:44:05,386 [INFO] PluginManage:310 - Check plugin cadmodel
2025-08-21 14:44:05,393 [INFO] CADModel:105 - Init CAD model plugin
2025-08-21 14:44:05,393 [INFO] PluginManage:359 - Loaded plugin cadmodel (category:power,tabindex:5)
2025-08-21 14:44:05,393 [INFO] PluginManage:310 - Check plugin clock
2025-08-21 14:44:05,403 [INFO] PluginManage:359 - Loaded plugin clock (category:base,tabindex:2)
2025-08-21 14:44:05,404 [INFO] PluginManage:310 - Check plugin ddr
2025-08-21 14:44:05,407 [INFO] PluginManage:359 - Loaded plugin ddr (category:tool,tabindex:6)
2025-08-21 14:44:05,407 [INFO] PluginManage:310 - Check plugin filemanager
2025-08-21 14:44:05,569 [INFO] PluginManage:359 - Loaded plugin filemanager (category:base,tabindex:10)
2025-08-21 14:44:05,569 [INFO] PluginManage:310 - Check plugin ipmanager
2025-08-21 14:44:05,579 [INFO] PluginManage:359 - Loaded plugin ipmanager (category:base,tabindex:5)
2025-08-21 14:44:05,579 [INFO] PluginManage:310 - Check plugin lpbam
2025-08-21 14:44:05,588 [INFO] PluginManage:359 - Loaded plugin lpbam (category:base,tabindex:0)
2025-08-21 14:44:05,589 [INFO] PluginManage:310 - Check plugin memorymap
2025-08-21 14:44:05,601 [INFO] PluginManage:359 - Loaded plugin memorymap (category:base,tabindex:4)
2025-08-21 14:44:05,601 [INFO] PluginManage:310 - Check plugin pinoutandconfiguration
2025-08-21 14:44:05,611 [INFO] PluginManage:359 - Loaded plugin pinoutandconfiguration (category:base,tabindex:1)
2025-08-21 14:44:05,611 [INFO] PluginManage:310 - Check plugin pinoutconfig
2025-08-21 14:44:05,697 [WARN] SupportedApi:132 - Cannot load RTOS API schema: s4s-elt-must-match.1: The content of 'definitions' must match (annotation?, (simpleType | complexType)?, (unique | key | keyref)*)). A problem was found starting at: attribute.
2025-08-21 14:44:05,869 [INFO] PluginManage:359 - Loaded plugin pinoutconfig (category:base,tabindex:0)
2025-08-21 14:44:05,870 [INFO] PluginManage:310 - Check plugin power
2025-08-21 14:44:05,881 [INFO] PluginManage:359 - Loaded plugin power (category:power,tabindex:4)
2025-08-21 14:44:05,881 [INFO] PluginManage:310 - Check plugin projectmanager
2025-08-21 14:44:05,900 [INFO] PluginManage:359 - Loaded plugin projectmanager (category:projectmanager,tabindex:4)
2025-08-21 14:44:05,900 [INFO] PluginManage:310 - Check plugin rif
2025-08-21 14:44:05,914 [INFO] PluginManage:359 - Loaded plugin rif (category:base,tabindex:3)
2025-08-21 14:44:05,914 [INFO] PluginManage:310 - Check plugin thirdparty
2025-08-21 14:44:06,100 [INFO] PluginManage:359 - Loaded plugin thirdparty (category:base,tabindex:-1)
2025-08-21 14:44:06,100 [INFO] PluginManage:310 - Check plugin tools
2025-08-21 14:44:06,100 [WARN] IntegrityCheckThread:84 - waiting for thirdparty lock release [integrity check]
2025-08-21 14:44:06,100 [INFO] IntegrityCheckThread:86 - entering critical section [integrity check]
2025-08-21 14:44:06,100 [INFO] ThirdPartyUpdaterWithRetryManager:70 - Updater plugin not ready yet. [1/15]
2025-08-21 14:44:06,103 [INFO] PluginManage:359 - Loaded plugin tools (category:base,tabindex:7)
2025-08-21 14:44:06,103 [INFO] PluginManage:310 - Check plugin tutovideos
2025-08-21 14:44:06,465 [INFO] PluginManage:359 - Loaded plugin tutovideos (category:base,tabindex:-1)
2025-08-21 14:44:06,466 [INFO] PluginManage:310 - Check plugin updater
2025-08-21 14:44:06,497 [INFO] PluginManage:359 - Loaded plugin updater (category:base,tabindex:12)
2025-08-21 14:44:06,497 [INFO] PluginManage:310 - Check plugin userauth
2025-08-21 14:44:06,502 [INFO] UserAuth:118 - Init User Auth plugin
2025-08-21 14:44:06,503 [INFO] PluginManage:359 - Loaded plugin userauth (category:base,tabindex:14)
2025-08-21 14:44:06,503 [INFO] PluginManage:283 - PluginManage : Loaded plugins [18]
2025-08-21 14:44:06,731 [INFO] PinOutPanel:1589 - setPackage(No Configuration,No Configuration)
2025-08-21 14:44:06,810 [INFO] CADModel:165 - CPN selected for project level
2025-08-21 14:44:06,810 [INFO] CADModel:114 - Register for checkConnection events
2025-08-21 14:44:06,835 [INFO] IPUIPlugin:80 - create IPUIPlugin
2025-08-21 14:44:06,835 [INFO] PluginManager:220 - loadIPPluginJar : add adc
2025-08-21 14:44:06,840 [INFO] IPUIPlugin:80 - create IPUIPlugin
2025-08-21 14:44:06,840 [INFO] PluginManager:220 - loadIPPluginJar : add aes
2025-08-21 14:44:06,843 [INFO] IPUIPlugin:80 - create IPUIPlugin
2025-08-21 14:44:06,844 [INFO] PluginManager:220 - loadIPPluginJar : add can
2025-08-21 14:44:06,846 [INFO] IPUIPlugin:80 - create IPUIPlugin
2025-08-21 14:44:06,846 [INFO] PluginManager:220 - loadIPPluginJar : add comp
2025-08-21 14:44:06,848 [INFO] IPUIPlugin:80 - create IPUIPlugin
2025-08-21 14:44:06,849 [INFO] PluginManager:220 - loadIPPluginJar : add cryp
2025-08-21 14:44:06,852 [INFO] IPUIPlugin:80 - create IPUIPlugin
2025-08-21 14:44:06,852 [INFO] PluginManager:220 - loadIPPluginJar : add ddr_ctrl_phy
2025-08-21 14:44:06,855 [INFO] IPUIPlugin:80 - create IPUIPlugin
2025-08-21 14:44:06,855 [INFO] PluginManager:220 - loadIPPluginJar : add dfsdm
2025-08-21 14:44:06,862 [INFO] IPUIPlugin:80 - create IPUIPlugin
2025-08-21 14:44:06,862 [INFO] PluginManager:220 - loadIPPluginJar : add dma
2025-08-21 14:44:06,866 [INFO] IPUIPlugin:80 - create IPUIPlugin
2025-08-21 14:44:06,866 [INFO] PluginManager:220 - loadIPPluginJar : add dma3
2025-08-21 14:44:06,869 [INFO] IPUIPlugin:80 - create IPUIPlugin
2025-08-21 14:44:06,869 [INFO] PluginManager:220 - loadIPPluginJar : add extmemmanager
2025-08-21 14:44:06,871 [INFO] IPUIPlugin:80 - create IPUIPlugin
2025-08-21 14:44:06,871 [INFO] PluginManager:220 - loadIPPluginJar : add fatfs
2025-08-21 14:44:06,876 [INFO] IPUIPlugin:80 - create IPUIPlugin
2025-08-21 14:44:06,876 [INFO] PluginManager:220 - loadIPPluginJar : add fmc
2025-08-21 14:44:06,883 [INFO] IPUIPlugin:80 - create IPUIPlugin
2025-08-21 14:44:06,883 [INFO] PluginManager:220 - loadIPPluginJar : add freertos
2025-08-21 14:44:06,885 [INFO] IPUIPlugin:80 - create IPUIPlugin
2025-08-21 14:44:06,885 [INFO] PluginManager:220 - loadIPPluginJar : add genericplugin
2025-08-21 14:44:06,888 [INFO] IPUIPlugin:80 - create IPUIPlugin
2025-08-21 14:44:06,888 [INFO] PluginManager:220 - loadIPPluginJar : add gfxmmu
2025-08-21 14:44:06,893 [INFO] IPUIPlugin:80 - create IPUIPlugin
2025-08-21 14:44:06,893 [INFO] PluginManager:220 - loadIPPluginJar : add gic
2025-08-21 14:44:06,898 [INFO] IPUIPlugin:80 - create IPUIPlugin
2025-08-21 14:44:06,898 [INFO] PluginManager:220 - loadIPPluginJar : add gpio
2025-08-21 14:44:06,902 [INFO] IPUIPlugin:80 - create IPUIPlugin
2025-08-21 14:44:06,902 [INFO] PluginManager:220 - loadIPPluginJar : add gtzc
2025-08-21 14:44:06,905 [INFO] IPUIPlugin:80 - create IPUIPlugin
2025-08-21 14:44:06,906 [INFO] PluginManager:220 - loadIPPluginJar : add hash
2025-08-21 14:44:06,909 [INFO] IPUIPlugin:80 - create IPUIPlugin
2025-08-21 14:44:06,909 [INFO] PluginManager:220 - loadIPPluginJar : add i2c
2025-08-21 14:44:06,912 [INFO] IPUIPlugin:80 - create IPUIPlugin
2025-08-21 14:44:06,912 [INFO] PluginManager:220 - loadIPPluginJar : add i2s
2025-08-21 14:44:06,915 [INFO] IPUIPlugin:80 - create IPUIPlugin
2025-08-21 14:44:06,915 [INFO] PluginManager:220 - loadIPPluginJar : add i3c
2025-08-21 14:44:06,919 [INFO] IPUIPlugin:80 - create IPUIPlugin
2025-08-21 14:44:06,919 [INFO] PluginManager:220 - loadIPPluginJar : add ipddr
2025-08-21 14:44:06,927 [INFO] IPUIPlugin:80 - create IPUIPlugin
2025-08-21 14:44:06,928 [INFO] PluginManager:220 - loadIPPluginJar : add linkedlist
2025-08-21 14:44:06,931 [INFO] IPUIPlugin:80 - create IPUIPlugin
2025-08-21 14:44:06,931 [INFO] PluginManager:220 - loadIPPluginJar : add lorawan
2025-08-21 14:44:06,934 [INFO] IPUIPlugin:80 - create IPUIPlugin
2025-08-21 14:44:06,934 [INFO] PluginManager:220 - loadIPPluginJar : add ltdc
2025-08-21 14:44:06,942 [INFO] IPUIPlugin:80 - create IPUIPlugin
2025-08-21 14:44:06,942 [INFO] PluginManager:220 - loadIPPluginJar : add mdma
2025-08-21 14:44:06,946 [INFO] IPUIPlugin:80 - create IPUIPlugin
2025-08-21 14:44:06,947 [INFO] PluginManager:220 - loadIPPluginJar : add nvic
2025-08-21 14:44:06,950 [INFO] IPUIPlugin:80 - create IPUIPlugin
2025-08-21 14:44:06,950 [INFO] PluginManager:220 - loadIPPluginJar : add opamp
2025-08-21 14:44:06,954 [INFO] IPUIPlugin:80 - create IPUIPlugin
2025-08-21 14:44:06,955 [INFO] PluginManager:220 - loadIPPluginJar : add openamp
2025-08-21 14:44:06,958 [INFO] IPUIPlugin:80 - create IPUIPlugin
2025-08-21 14:44:06,958 [INFO] PluginManager:220 - loadIPPluginJar : add pdm2pcm
2025-08-21 14:44:06,964 [INFO] IPUIPlugin:80 - create IPUIPlugin
2025-08-21 14:44:06,967 [INFO] PluginManager:220 - loadIPPluginJar : add plateformsettings
2025-08-21 14:44:06,969 [INFO] IPUIPlugin:80 - create IPUIPlugin
2025-08-21 14:44:06,969 [INFO] PluginManager:220 - loadIPPluginJar : add quadspi
2025-08-21 14:44:06,971 [INFO] IPUIPlugin:80 - create IPUIPlugin
2025-08-21 14:44:06,971 [INFO] PluginManager:220 - loadIPPluginJar : add radio
2025-08-21 14:44:06,976 [INFO] IPUIPlugin:80 - create IPUIPlugin
2025-08-21 14:44:06,976 [INFO] PluginManager:220 - loadIPPluginJar : add resmgrutility
2025-08-21 14:44:06,978 [INFO] IPUIPlugin:80 - create IPUIPlugin
2025-08-21 14:44:06,978 [INFO] PluginManager:220 - loadIPPluginJar : add sai
2025-08-21 14:44:06,980 [INFO] IPUIPlugin:80 - create IPUIPlugin
2025-08-21 14:44:06,980 [INFO] PluginManager:220 - loadIPPluginJar : add spi
2025-08-21 14:44:06,986 [INFO] IPUIPlugin:80 - create IPUIPlugin
2025-08-21 14:44:06,986 [INFO] PluginManager:220 - loadIPPluginJar : add stm32_wpan
2025-08-21 14:44:06,988 [INFO] IPUIPlugin:80 - create IPUIPlugin
2025-08-21 14:44:06,988 [INFO] PluginManager:220 - loadIPPluginJar : add tim
2025-08-21 14:44:06,991 [INFO] IPUIPlugin:80 - create IPUIPlugin
2025-08-21 14:44:06,991 [INFO] PluginManager:220 - loadIPPluginJar : add touchsensing
2025-08-21 14:44:06,993 [INFO] IPUIPlugin:80 - create IPUIPlugin
2025-08-21 14:44:06,993 [INFO] PluginManager:220 - loadIPPluginJar : add tracer_emb
2025-08-21 14:44:06,995 [INFO] IPUIPlugin:80 - create IPUIPlugin
2025-08-21 14:44:06,995 [INFO] PluginManager:220 - loadIPPluginJar : add ts
2025-08-21 14:44:06,998 [INFO] IPUIPlugin:80 - create IPUIPlugin
2025-08-21 14:44:06,998 [INFO] PluginManager:220 - loadIPPluginJar : add tsc
2025-08-21 14:44:06,999 [INFO] IPUIPlugin:80 - create IPUIPlugin
2025-08-21 14:44:06,999 [INFO] PluginManager:220 - loadIPPluginJar : add ucpd
2025-08-21 14:44:07,001 [INFO] IPUIPlugin:80 - create IPUIPlugin
2025-08-21 14:44:07,001 [INFO] PluginManager:220 - loadIPPluginJar : add usart
2025-08-21 14:44:07,005 [INFO] IPUIPlugin:80 - create IPUIPlugin
2025-08-21 14:44:07,005 [INFO] PluginManager:220 - loadIPPluginJar : add usbx
2025-08-21 14:44:07,129 [FATAL] Updater:351 - Updater called before beeing initialized
2025-08-21 14:44:07,204 [INFO] RulesReader:64 - Compatibility file has been processed (317 Rules)
2025-08-21 14:44:07,216 [INFO] RulesReader:64 - Compatibility file has been processed (317 Rules)
2025-08-21 14:44:07,231 [INFO] CADModel:165 - CPN selected for project level
2025-08-21 14:44:07,231 [INFO] CADModel:114 - Register for checkConnection events
2025-08-21 14:44:07,231 [FATAL] Updater:351 - Updater called before beeing initialized
2025-08-21 14:44:07,231 [ERROR] CADModel:125 - Updater not yet initialized, retry later 
2025-08-21 14:44:07,372 [FATAL] Updater:351 - Updater called before beeing initialized
2025-08-21 14:44:07,375 [INFO] CADModel:165 - CPN selected for project level
2025-08-21 14:44:07,375 [INFO] CADModel:114 - Register for checkConnection events
2025-08-21 14:44:07,375 [FATAL] Updater:351 - Updater called before beeing initialized
2025-08-21 14:44:07,375 [ERROR] CADModel:125 - Updater not yet initialized, retry later 
2025-08-21 14:44:07,378 [FATAL] Updater:351 - Updater called before beeing initialized
2025-08-21 14:44:07,483 [FATAL] Updater:351 - Updater called before beeing initialized
2025-08-21 14:44:07,488 [INFO] DbMcusAds:53 - JSON generation date=Tue Jul 08 13:44:23 IST 2025 (1751962463582)
2025-08-21 14:44:07,488 [FATAL] Updater:351 - Updater called before beeing initialized
2025-08-21 14:44:07,536 [WARN] DetailPanel:346 - Failed to get advertising image, set to default
2025-08-21 14:44:07,641 [FATAL] Updater:351 - Updater called before beeing initialized
2025-08-21 14:44:07,643 [FATAL] Updater:351 - Updater called before beeing initialized
2025-08-21 14:44:07,643 [FATAL] Updater:351 - Updater called before beeing initialized
2025-08-21 14:44:07,643 [WARN] DetailPanel:346 - Failed to get advertising image, set to default
2025-08-21 14:44:07,644 [FATAL] Updater:351 - Updater called before beeing initialized
2025-08-21 14:44:07,681 [ERROR] Updater:1198 - MainUpdater not yet initialized. External WinMGr cannot be set.
2025-08-21 14:44:07,683 [INFO] Updater:1134 - Updater Version found : 6.15.0
2025-08-21 14:44:07,701 [INFO] ApplicationProperties:184 - Using Application install path: C:\ST\STM32CubeIDE_1.19.0\STM32CubeIDE\plugins\com.st.stm32cube.common.mx_6.15.0.202507011659
2025-08-21 14:44:09,102 [INFO] ThirdPartyUpdaterWithRetryManager:70 - Updater plugin not ready yet. [2/15]
2025-08-21 14:44:09,280 [ERROR] LogOutputStream:75 - [STDERR_REDIRECT] Aug 21, 2025 2:44:09 PM java.util.prefs.WindowsPreferences <init>
2025-08-21 14:44:09,286 [ERROR] LogOutputStream:75 - [STDERR_REDIRECT] WARNING: Could not open/create prefs root node Software\JavaSoft\Prefs at root 0xffffffff80000002. Windows RegCreateKeyEx(...) returned error code 5.
2025-08-21 14:44:09,287 [ERROR] LogOutputStream:75 - [STDERR_REDIRECT] 
2025-08-21 14:44:09,661 [INFO] MainUpdater:2872 - connection check result : 10
2025-08-21 14:44:09,662 [INFO] MainUpdater:289 - Updater Check For Update Now.
2025-08-21 14:44:09,662 [INFO] MicroXplorer:498 - Change Database Version : DB.6.0.150
2025-08-21 14:44:09,719 [INFO] McuFinderGlobals:63 - Set McuFinder mode to 2 (CubeIDE integrated)
2025-08-21 14:44:09,724 [INFO] UserAuth:487 - Internet connection configuration mode: 1
2025-08-21 14:44:09,770 [INFO] JxBrowserEngine:152 - Initiate JxBrowser Engine with user profile folder
2025-08-21 14:44:09,881 [INFO] CheckServerUpdateThread:120 - End of CheckServer Thread
2025-08-21 14:44:11,669 [INFO] WebApp:169 - Instantiating new browser for Auth
2025-08-21 14:44:12,378 [WARN] PackLoader:240 - Cannot read IP mode file for STMicroelectronics.FP-SNS-MOTENVWB1.1.4.0
2025-08-21 14:44:12,397 [WARN] PackLoader:240 - Cannot read IP mode file for STMicroelectronics.FP-ATR-ASTRA1.2.0.2
2025-08-21 14:44:12,407 [WARN] PackLoader:240 - Cannot read IP mode file for STMicroelectronics.FP-ATR-ASTRA1.2.0.1
2025-08-21 14:44:12,425 [WARN] PackLoader:240 - Cannot read IP mode file for STMicroelectronics.X-CUBE-SMBUS.2.1.0
2025-08-21 14:44:12,440 [WARN] PackLoader:240 - Cannot read IP mode file for STMicroelectronics.X-CUBE-WB05N.1.1.0
2025-08-21 14:44:12,453 [WARN] PackLoader:240 - Cannot read IP mode file for STMicroelectronics.X-CUBE-ST60.1.0.0
2025-08-21 14:44:12,498 [WARN] PackLoader:240 - Cannot read IP mode file for STMicroelectronics.X-CUBE-AZRTOS-F7.1.1.0
2025-08-21 14:44:12,605 [WARN] PackLoader:240 - Cannot read IP mode file for STMicroelectronics.X-CUBE-MEMS1.11.0.0
2025-08-21 14:44:12,745 [INFO] WebApp:463 - Apply proxy settings
2025-08-21 14:44:12,745 [INFO] WebApp:548 - Chromium requires no authentication
2025-08-21 14:44:12,754 [WARN] PackLoader:240 - Cannot read IP mode file for STMicroelectronics.FP-SNS-FLIGHT1.5.0.2
2025-08-21 14:44:12,771 [WARN] PackLoader:240 - Cannot read IP mode file for STMicroelectronics.X-CUBE-AZRTOS-H7.3.4.0
2025-08-21 14:44:12,803 [WARN] PackLoader:240 - Cannot read IP mode file for STMicroelectronics.X-CUBE-DISPLAY.3.0.0
2025-08-21 14:44:12,816 [WARN] PackLoader:240 - Cannot read IP mode file for STMicroelectronics.X-CUBE-BLE1.7.0.0
2025-08-21 14:44:12,818 [INFO] WebApp:491 - Direct internet connection detected
2025-08-21 14:44:12,838 [WARN] PackLoader:240 - Cannot read IP mode file for STMicroelectronics.X-CUBE-NFC10.1.0.0
2025-08-21 14:44:12,874 [WARN] PackLoader:240 - Cannot read IP mode file for STMicroelectronics.X-CUBE-BLEMGR.4.0.0
2025-08-21 14:44:12,901 [WARN] PackLoader:240 - Cannot read IP mode file for emotas.I-CUBE-CANOPEN.1.3.0
2025-08-21 14:44:12,921 [WARN] PackLoader:240 - Cannot read IP mode file for STMicroelectronics.X-CUBE-BLEMGR.3.1.0
2025-08-21 14:44:12,930 [WARN] PackLoader:240 - Cannot read IP mode file for STMicroelectronics.X-CUBE-AI.10.0.0
2025-08-21 14:44:12,939 [WARN] PackLoader:240 - Cannot read IP mode file for STMicroelectronics.FP-SNS-STBOX1.2.1.0
2025-08-21 14:44:12,944 [WARN] PackLoader:240 - Cannot read IP mode file for STMicroelectronics.FP-SNS-SMARTAG2.1.2.0
2025-08-21 14:44:12,948 [WARN] PackLoader:240 - Cannot read IP mode file for STMicroelectronics.FP-SNS-FLIGHT1.5.1.0
2025-08-21 14:44:12,952 [INFO] WebApp:900 - Register for checkConnection events
2025-08-21 14:44:12,953 [INFO] WebApp:463 - Apply proxy settings
2025-08-21 14:44:12,953 [INFO] WebApp:548 - Chromium requires no authentication
2025-08-21 14:44:12,953 [INFO] WebApp:491 - Direct internet connection detected
2025-08-21 14:44:12,984 [WARN] PackLoader:240 - Cannot read IP mode file for STMicroelectronics.X-CUBE-MEMS1.11.1.0
2025-08-21 14:44:13,069 [INFO] LogOutputStream:77 - [STDOUT_REDIRECT] 1 : Invalid condition id : UX_CORESTACK_Condition cause : null
2025-08-21 14:44:13,070 [INFO] LogOutputStream:77 - [STDOUT_REDIRECT] 1 : Invalid condition id : UX_CORESTACK_Condition cause : null
2025-08-21 14:44:13,072 [INFO] LogOutputStream:77 - [STDOUT_REDIRECT] 1 : Invalid condition id : UX_CORESTACK_Condition cause : null
2025-08-21 14:44:13,073 [INFO] LogOutputStream:77 - [STDOUT_REDIRECT] 1 : Invalid condition id : UX_CORESTACK_Condition cause : null
2025-08-21 14:44:13,075 [INFO] LogOutputStream:77 - [STDOUT_REDIRECT] 1 : Invalid condition id : UX_CORESTACK_Condition cause : null
2025-08-21 14:44:13,078 [WARN] PackLoader:240 - Cannot read IP mode file for STMicroelectronics.X-CUBE-AZRTOS-WL.2.0.0
2025-08-21 14:44:13,087 [WARN] PackLoader:240 - Cannot read IP mode file for STMicroelectronics.FP-SNS-MOTENV1.5.0.0
2025-08-21 14:44:13,124 [WARN] PackLoader:240 - Cannot read IP mode file for wolfSSL.I-CUBE-wolfMQTT.1.19.0
2025-08-21 14:44:13,148 [WARN] PackLoader:240 - Cannot read IP mode file for WES.I-CUBE-Cesium.1.3.0
2025-08-21 14:44:13,160 [WARN] PackLoader:240 - Cannot read IP mode file for STMicroelectronics.X-CUBE-BLE2.3.3.0
2025-08-21 14:44:13,173 [WARN] PackLoader:240 - Cannot read IP mode file for STMicroelectronics.X-CUBE-NFC9.1.0.0
2025-08-21 14:44:13,186 [WARN] PackLoader:240 - Cannot read IP mode file for STMicroelectronics.X-CUBE-BLE1.7.1.0
2025-08-21 14:44:13,198 [WARN] PackLoader:240 - Cannot read IP mode file for STMicroelectronics.X-CUBE-TCPP.4.1.0
2025-08-21 14:44:13,206 [WARN] PackLoader:240 - Cannot read IP mode file for STMicroelectronics.X-CUBE-EEPRMA1.5.2.0
2025-08-21 14:44:13,210 [WARN] PackLoader:240 - Cannot read IP mode file for STMicroelectronics.X-CUBE-AI.10.1.0
2025-08-21 14:44:13,254 [WARN] PackLoader:240 - Cannot read IP mode file for STMicroelectronics.X-CUBE-MEMS1.11.2.0
2025-08-21 14:44:13,351 [WARN] PackLoader:240 - Cannot read IP mode file for STMicroelectronics.X-CUBE-AZRTOS-G0.1.1.0
2025-08-21 14:44:13,360 [WARN] PackLoader:240 - Cannot read IP mode file for STMicroelectronics.X-CUBE-SAFEA1.1.2.2
2025-08-21 14:44:13,368 [WARN] PackLoader:240 - Cannot read IP mode file for STMicroelectronics.X-CUBE-NFC4.3.0.0
2025-08-21 14:44:13,379 [WARN] PackLoader:240 - Cannot read IP mode file for EmbeddedOffice.I-CUBE-FS-RTOS.1.0.1
2025-08-21 14:44:13,385 [WARN] PackLoader:240 - Cannot read IP mode file for STMicroelectronics.X-CUBE-WB05N.2.0.0
2025-08-21 14:44:13,390 [WARN] PackLoader:240 - Cannot read IP mode file for STMicroelectronics.X-CUBE-TCPP.4.2.0
2025-08-21 14:44:13,396 [WARN] PackLoader:240 - Cannot read IP mode file for RealThread.X-CUBE-RT-Thread_Nano.4.1.1
2025-08-21 14:44:13,403 [WARN] PackLoader:240 - Cannot read IP mode file for STMicroelectronics.FP-ATR-SIGFOX1.3.2.0
2025-08-21 14:44:13,408 [WARN] ConditionMgr:438 - getConditionDescription Invalid condition id : Cortex-A Device cause : null
2025-08-21 14:44:13,423 [WARN] ConditionMgr:1044 - genDependencies : Invalid condition id : Cortex-A Device cause : null
2025-08-21 14:44:13,423 [WARN] ConditionMgr:1044 - genDependencies : Invalid condition id : Cortex-A Device cause : null
2025-08-21 14:44:13,423 [WARN] ConditionMgr:1044 - genDependencies : Invalid condition id : Cortex-A Device cause : null
2025-08-21 14:44:13,427 [WARN] PackLoader:240 - Cannot read IP mode file for STMicroelectronics.X-CUBE-EEPRMA1.5.1.0
2025-08-21 14:44:13,430 [WARN] PackLoader:240 - Cannot read IP mode file for wolfSSL.I-CUBE-wolfSSL.5.7.4
2025-08-21 14:44:13,437 [WARN] PackLoader:240 - Cannot read IP mode file for ITTIA_DB.I-CUBE-ITTIADB.8.9.0
2025-08-21 14:44:13,444 [WARN] PackLoader:240 - Cannot read IP mode file for STMicroelectronics.X-CUBE-ST67W61.1.0.0
2025-08-21 14:44:13,447 [WARN] PackLoader:240 - Cannot read IP mode file for STMicroelectronics.X-CUBE-AI.10.2.0
2025-08-21 14:44:13,464 [WARN] PackLoader:240 - Cannot read IP mode file for SEGGER.I-CUBE-embOS.1.3.1
2025-08-21 14:44:13,495 [WARN] PackLoader:240 - Cannot read IP mode file for STMicroelectronics.X-CUBE-ALGOBUILD.1.4.0
2025-08-21 14:44:13,530 [WARN] PackLoader:240 - Cannot read IP mode file for STMicroelectronics.X-CUBE-MEMS1.11.3.0
2025-08-21 14:44:13,549 [INFO] WebApp:225 - Starting web application
2025-08-21 14:44:13,549 [INFO] WebApp:593 - Web application path used C:\ST\STM32CubeIDE_1.19.0\STM32CubeIDE\plugins\com.st.stm32cube.common.mx_6.15.0.202507011659\db\plugins\mcufinder\reactClient1\index.html
2025-08-21 14:44:13,608 [WARN] PackLoader:240 - Cannot read IP mode file for STMicroelectronics.X-CUBE-AI.9.1.0
2025-08-21 14:44:13,612 [WARN] PackLoader:240 - Cannot read IP mode file for STMicroelectronics.X-CUBE-PM33A1.1.0.0
2025-08-21 14:44:13,623 [WARN] PackLoader:240 - Cannot read IP mode file for STMicroelectronics.X-CUBE-AZRTOS-F4.1.1.0
2025-08-21 14:44:13,635 [WARN] PackLoader:240 - Cannot read IP mode file for Avnet-IotConnect.X-CUBE-IoTC-DA16k-PMOD.1.0.0
2025-08-21 14:44:13,641 [WARN] PackLoader:240 - Cannot read IP mode file for STMicroelectronics.X-CUBE-ISPU.2.1.0
2025-08-21 14:44:13,651 [WARN] PackLoader:240 - Cannot read IP mode file for STMicroelectronics.X-CUBE-FREERTOS.1.2.0
2025-08-21 14:44:13,658 [WARN] PackLoader:240 - Cannot read IP mode file for STMicroelectronics.X-CUBE-NFC12.1.0.0
2025-08-21 14:44:13,673 [WARN] PackLoader:240 - Cannot read IP mode file for STMicroelectronics.X-CUBE-AZRTOS-L5.2.0.0
2025-08-21 14:44:13,696 [WARN] PackLoader:240 - Cannot read IP mode file for STMicroelectronics.X-CUBE-NFC6.3.1.0
2025-08-21 14:44:13,705 [WARN] PackLoader:240 - Cannot read IP mode file for STMicroelectronics.X-CUBE-DPower.1.2.0
2025-08-21 14:44:13,710 [WARN] PackLoader:240 - Cannot read IP mode file for STMicroelectronics.X-CUBE-FREERTOS.1.3.1
2025-08-21 14:44:13,715 [WARN] PackLoader:240 - Cannot read IP mode file for STMicroelectronics.X-CUBE-FREERTOS.1.3.0
2025-08-21 14:44:13,721 [WARN] PackLoader:240 - Cannot read IP mode file for STMicroelectronics.X-CUBE-NFC7.1.0.1
2025-08-21 14:44:13,728 [WARN] PackLoader:240 - Cannot read IP mode file for STMicroelectronics.FP-SNS-STAIOTCFT.1.0.0
2025-08-21 14:44:13,733 [WARN] PackLoader:240 - Cannot read IP mode file for STMicroelectronics.X-CUBE-DPower.1.3.0
2025-08-21 14:44:13,751 [WARN] ConditionMgr:438 - getConditionDescription Invalid condition id : LAN8742 Phy interface Condition cause : null
2025-08-21 14:44:13,752 [WARN] PackLoader:240 - Cannot read IP mode file for STMicroelectronics.X-CUBE-AZRTOS-L4.2.0.0
2025-08-21 14:44:13,753 [WARN] ConditionMgr:1044 - genDependencies : Invalid condition id : LAN8742 Phy interface Condition cause : null
2025-08-21 14:44:13,754 [WARN] ConditionMgr:1044 - genDependencies : Invalid condition id : LAN8742 Phy interface Condition cause : null
2025-08-21 14:44:13,754 [WARN] ConditionMgr:1044 - genDependencies : Invalid condition id : LAN8742 Phy interface Condition cause : null
2025-08-21 14:44:13,763 [WARN] PackLoader:240 - Cannot read IP mode file for STMicroelectronics.X-CUBE-SFXS2LP1.4.0.0
2025-08-21 14:44:13,774 [INFO] UserAuth:487 - Internet connection configuration mode: 1
2025-08-21 14:44:13,779 [WARN] PackLoader:240 - Cannot read IP mode file for STMicroelectronics.X-CUBE-AZRTOS-H7.3.3.0
2025-08-21 14:44:13,792 [WARN] PackLoader:240 - Cannot read IP mode file for STMicroelectronics.X-CUBE-BLEMGR.4.1.0
2025-08-21 14:44:13,806 [WARN] PackLoader:240 - Cannot read IP mode file for STMicroelectronics.X-CUBE-IPS.3.0.0
2025-08-21 14:44:13,815 [WARN] ConditionMgr:438 - getConditionDescription Invalid condition id : UX DEVICE CLASS RTOS Condition cause : null
2025-08-21 14:44:13,815 [WARN] ConditionMgr:438 - getConditionDescription Invalid condition id : UX DEVICE CLASS RTOS Condition cause : null
2025-08-21 14:44:13,816 [WARN] PackLoader:240 - Cannot read IP mode file for STMicroelectronics.X-CUBE-AZRTOS-WB.2.0.0
2025-08-21 14:44:13,816 [WARN] ConditionMgr:1044 - genDependencies : Invalid condition id : UX DEVICE CLASS RTOS Condition cause : null
2025-08-21 14:44:13,817 [WARN] ConditionMgr:1044 - genDependencies : Invalid condition id : UX DEVICE CLASS RTOS Condition cause : null
2025-08-21 14:44:13,817 [WARN] ConditionMgr:1044 - genDependencies : Invalid condition id : UX DEVICE CLASS RTOS Condition cause : null
2025-08-21 14:44:13,817 [WARN] ConditionMgr:1044 - genDependencies : Invalid condition id : UX DEVICE CLASS RTOS Condition cause : null
2025-08-21 14:44:13,817 [WARN] ConditionMgr:1044 - genDependencies : Invalid condition id : UX DEVICE CLASS RTOS Condition cause : null
2025-08-21 14:44:13,821 [WARN] PackLoader:240 - Cannot read IP mode file for STMicroelectronics.X-CUBE-GNSS1.7.0.0
2025-08-21 14:44:13,825 [WARN] PackLoader:240 - Cannot read IP mode file for STMicroelectronics.X-CUBE-GNSS1.7.0.1
2025-08-21 14:44:13,834 [INFO] WebApp:191 - Connection restablished
2025-08-21 14:44:13,837 [WARN] PackLoader:240 - Cannot read IP mode file for STMicroelectronics.X-CUBE-TOUCHGFX.4.25.0
2025-08-21 14:44:13,842 [WARN] PackLoader:240 - Cannot read IP mode file for STMicroelectronics.FP-SNS-STBOX1.2.0.0
2025-08-21 14:44:13,850 [WARN] PackLoader:240 - Cannot read IP mode file for STMicroelectronics.X-CUBE-SUBG2.5.0.0
2025-08-21 14:44:13,880 [WARN] PackLoader:240 - Cannot read IP mode file for STMicroelectronics.X-CUBE-AZRTOS-H7RS.1.1.0
2025-08-21 14:44:13,888 [WARN] PackLoader:240 - Cannot read IP mode file for Cesanta.I-CUBE-Mongoose.7.13.0
2025-08-21 14:44:13,896 [WARN] PackLoader:240 - Cannot read IP mode file for STMicroelectronics.X-CUBE-AZRTOS-G4.2.0.0
2025-08-21 14:44:13,907 [WARN] PackLoader:240 - Cannot read IP mode file for STMicroelectronics.X-CUBE-NFC7.2.0.0
2025-08-21 14:44:13,927 [WARN] PackLoader:240 - Cannot read IP mode file for STMicroelectronics.X-CUBE-IPS.3.1.0
2025-08-21 14:44:13,944 [WARN] PackLoader:240 - Cannot read IP mode file for STMicroelectronics.X-CUBE-ALS.1.0.2
2025-08-21 14:44:13,947 [WARN] PackLoader:240 - Cannot read IP mode file for STMicroelectronics.X-CUBE-TOUCHGFX.4.24.1
2025-08-21 14:44:13,953 [WARN] PackLoader:240 - Cannot read IP mode file for wolfSSL.I-CUBE-wolfTPM.3.4.0
2025-08-21 14:44:13,969 [WARN] PackLoader:240 - Cannot read IP mode file for portGmbH.I-Cube-SoM-uGOAL.1.1.0
2025-08-21 14:44:14,006 [WARN] PackLoader:240 - Cannot read IP mode file for STMicroelectronics.X-CUBE-AZRTOS-H7RS.1.0.0
2025-08-21 14:44:14,033 [WARN] PackLoader:240 - Cannot read IP mode file for STMicroelectronics.X-CUBE-TOF1.3.4.2
2025-08-21 14:44:14,067 [WARN] PackLoader:240 - Cannot read IP mode file for STMicroelectronics.X-CUBE-TOF1.3.4.3
2025-08-21 14:44:14,094 [WARN] PackLoader:240 - Cannot read IP mode file for Infineon.AIROC-Wi-Fi-Bluetooth-STM32.1.6.1
2025-08-21 14:44:14,101 [WARN] PackLoader:240 - Cannot read IP mode file for wolfSSL.I-CUBE-wolfSSH.1.4.17
2025-08-21 14:44:14,102 [INFO] ThirdParty:978 - Integrity check success = true
2025-08-21 14:44:14,102 [INFO] IntegrityCheckThread:100 - exiting critical section [integrity check]
2025-08-21 14:44:14,102 [INFO] IntegrityCheckThread:103 - End integrity checks thread
2025-08-21 14:45:08,414 [INFO] WebApp:194 - Connection lost
2025-08-21 14:45:09,124 [INFO] WebApp:191 - Connection restablished
2025-08-21 15:11:54,413 [INFO] WebApp:403 - JxBrowser engine has been closed 
2025-08-21 15:13:45,059 [INFO] Activator:176 - 


2025-08-21 15:13:45,061 [INFO] Activator:177 - !SESSION log4j initialized
2025-08-21 15:13:55,484 [ERROR] LogOutputStream:75 - [STDERR_REDIRECT] Aug 21, 2025 3:13:55 PM org.apache.lucene.internal.vectorization.VectorizationProvider lookup
2025-08-21 15:13:55,489 [ERROR] LogOutputStream:75 - [STDERR_REDIRECT] WARNING: Java vector incubator module is not readable. For optimal vector performance, pass '--add-modules jdk.incubator.vector' to enable Vector API.
2025-08-21 15:13:55,491 [ERROR] LogOutputStream:75 - [STDERR_REDIRECT] 
2025-08-21 15:13:57,851 [INFO] LogOutputStream:77 - [STDOUT_REDIRECT] 
2025-08-21 15:13:59,254 [INFO] ApplicationProperties:184 - Using Application install path: C:\ST\STM32CubeIDE_1.19.0\STM32CubeIDE\plugins\com.st.stm32cube.common.mx_6.15.0.202507011659
2025-08-21 15:13:59,287 [INFO] DbMcusXml:78 - Set database path to: C:\ST\STM32CubeIDE_1.19.0\STM32CubeIDE\plugins\com.st.stm32cube.common.mx_6.15.0.202507011659\\db\/mcu/
2025-08-21 15:13:59,287 [INFO] ApiDb:274 - Set plugin database path to: C:\ST\STM32CubeIDE_1.19.0\STM32CubeIDE\plugins\com.st.stm32cube.common.mx_6.15.0.202507011659\\db\/plugins/boardmanager/
2025-08-21 15:13:59,287 [WARN] ApiDb:259 - Overriding images path with different value:  => C:\ST\STM32CubeIDE_1.19.0\STM32CubeIDE\plugins\com.st.stm32cube.common.mx_6.15.0.202507011659\\db\/plugins/mcufinder/images/
2025-08-21 15:13:59,304 [INFO] ApiDb:250 - Set database path to: C:\Users\sheet\.stmcufinder\plugins\mcufinder//mcu/
2025-08-21 15:13:59,304 [INFO] DbMcusAds:125 - Set database path to: C:\Users\sheet\.stmcufinder\plugins\mcufinder//mcu/
2025-08-21 15:13:59,304 [INFO] CrossReferenceDbSqlite:203 - Set database path to: C:\Users\sheet\.stmcufinder\plugins\mcufinder//mcu/cs/
2025-08-21 15:13:59,488 [INFO] RulesReader:64 - Compatibility file has been processed (317 Rules)
2025-08-21 15:13:59,636 [INFO] DbMcusXml:78 - Set database path to: C:\ST\STM32CubeIDE_1.19.0\STM32CubeIDE\plugins\com.st.stm32cube.common.mx_6.15.0.202507011659\\db\/mcu/
2025-08-21 15:13:59,637 [INFO] ApiDb:274 - Set plugin database path to: C:\ST\STM32CubeIDE_1.19.0\STM32CubeIDE\plugins\com.st.stm32cube.common.mx_6.15.0.202507011659\\db\/plugins/boardmanager/
2025-08-21 15:13:59,637 [INFO] ApiDb:261 - Set plugin images path to: C:\ST\STM32CubeIDE_1.19.0\STM32CubeIDE\plugins\com.st.stm32cube.common.mx_6.15.0.202507011659\\db\/plugins/mcufinder/images/
2025-08-21 15:13:59,637 [WARN] DbFile:41 - Overriding database path with different value: C:\Users\sheet\.stmcufinder\plugins\mcufinder/ => C:\Users\sheet\.stmcufinder\plugins\mcufinder
2025-08-21 15:13:59,637 [INFO] ApiDb:250 - Set database path to: C:\Users\sheet\.stmcufinder\plugins\mcufinder//mcu/
2025-08-21 15:13:59,637 [WARN] DbFile:41 - Overriding database path with different value: C:\Users\sheet\.stmcufinder\plugins\mcufinder/ => C:\Users\sheet\.stmcufinder\plugins\mcufinder
2025-08-21 15:13:59,637 [INFO] DbMcusAds:125 - Set database path to: C:\Users\sheet\.stmcufinder\plugins\mcufinder//mcu/
2025-08-21 15:13:59,637 [WARN] DbFile:41 - Overriding database path with different value: C:\Users\sheet\.stmcufinder\plugins\mcufinder/ => C:\Users\sheet\.stmcufinder\plugins\mcufinder
2025-08-21 15:13:59,637 [WARN] DbFile:41 - Overriding database path with different value: C:\Users\sheet\.stmcufinder\plugins\mcufinder/ => C:\Users\sheet\.stmcufinder\plugins\mcufinder
2025-08-21 15:13:59,637 [INFO] CrossReferenceDbSqlite:203 - Set database path to: C:\Users\sheet\.stmcufinder\plugins\mcufinder//mcu/cs/
2025-08-21 15:13:59,770 [INFO] MainPanel:274 - HeapMemory: 268435456
2025-08-21 15:13:59,955 [INFO] DbMcusXml:78 - Set database path to: C:\ST\STM32CubeIDE_1.19.0\STM32CubeIDE\plugins\com.st.stm32cube.common.mx_6.15.0.202507011659\\db\/mcu/
2025-08-21 15:13:59,955 [INFO] ApiDb:274 - Set plugin database path to: C:\ST\STM32CubeIDE_1.19.0\STM32CubeIDE\plugins\com.st.stm32cube.common.mx_6.15.0.202507011659\\db\/plugins/boardmanager/
2025-08-21 15:13:59,955 [INFO] ApiDb:261 - Set plugin images path to: C:\ST\STM32CubeIDE_1.19.0\STM32CubeIDE\plugins\com.st.stm32cube.common.mx_6.15.0.202507011659\\db\/plugins/mcufinder/images/
2025-08-21 15:13:59,955 [WARN] DbFile:41 - Overriding database path with different value: C:\Users\sheet\.stmcufinder\plugins\mcufinder/ => C:\Users\sheet\.stmcufinder\plugins\mcufinder
2025-08-21 15:13:59,955 [INFO] ApiDb:250 - Set database path to: C:\Users\sheet\.stmcufinder\plugins\mcufinder//mcu/
2025-08-21 15:13:59,955 [WARN] DbFile:41 - Overriding database path with different value: C:\Users\sheet\.stmcufinder\plugins\mcufinder/ => C:\Users\sheet\.stmcufinder\plugins\mcufinder
2025-08-21 15:13:59,955 [INFO] DbMcusAds:125 - Set database path to: C:\Users\sheet\.stmcufinder\plugins\mcufinder//mcu/
2025-08-21 15:13:59,955 [WARN] DbFile:41 - Overriding database path with different value: C:\Users\sheet\.stmcufinder\plugins\mcufinder/ => C:\Users\sheet\.stmcufinder\plugins\mcufinder
2025-08-21 15:13:59,955 [WARN] DbFile:41 - Overriding database path with different value: C:\Users\sheet\.stmcufinder\plugins\mcufinder/ => C:\Users\sheet\.stmcufinder\plugins\mcufinder
2025-08-21 15:13:59,955 [INFO] CrossReferenceDbSqlite:203 - Set database path to: C:\Users\sheet\.stmcufinder\plugins\mcufinder//mcu/cs/
2025-08-21 15:13:59,979 [INFO] ApplicationProperties:184 - Using Application install path: C:\ST\STM32CubeIDE_1.19.0\STM32CubeIDE\plugins\com.st.stm32cube.common.mx_6.15.0.202507011659
2025-08-21 15:13:59,986 [INFO] PluginManage:196 - Search for loadable plugins [exclusion list=, ]
2025-08-21 15:13:59,986 [INFO] PluginManage:310 - Check plugin analytics
2025-08-21 15:14:00,418 [INFO] AnalyticsPlugin:253 - Accepted Software Licenses: 
2025-08-21 15:14:00,418 [INFO] AnalyticsPlugin:255 - Accepted CMSIS Pack Licenses: 
2025-08-21 15:14:00,418 [INFO] AnalyticsPlugin:257 - Accepted Firmware Licenses: FW.F4.1.28.0
2025-08-21 15:14:00,428 [INFO] PluginManage:359 - Loaded plugin analytics (category:tool,tabindex:-1)
2025-08-21 15:14:00,430 [INFO] PluginManage:310 - Check plugin cadmodel
2025-08-21 15:14:00,438 [INFO] CADModel:105 - Init CAD model plugin
2025-08-21 15:14:00,438 [INFO] PluginManage:359 - Loaded plugin cadmodel (category:power,tabindex:5)
2025-08-21 15:14:00,438 [INFO] PluginManage:310 - Check plugin clock
2025-08-21 15:14:00,464 [INFO] PluginManage:359 - Loaded plugin clock (category:base,tabindex:2)
2025-08-21 15:14:00,464 [INFO] PluginManage:310 - Check plugin ddr
2025-08-21 15:14:00,472 [INFO] PluginManage:359 - Loaded plugin ddr (category:tool,tabindex:6)
2025-08-21 15:14:00,472 [INFO] PluginManage:310 - Check plugin filemanager
2025-08-21 15:14:00,745 [INFO] PluginManage:359 - Loaded plugin filemanager (category:base,tabindex:10)
2025-08-21 15:14:00,745 [INFO] PluginManage:310 - Check plugin ipmanager
2025-08-21 15:14:00,757 [INFO] PluginManage:359 - Loaded plugin ipmanager (category:base,tabindex:5)
2025-08-21 15:14:00,757 [INFO] PluginManage:310 - Check plugin lpbam
2025-08-21 15:14:00,768 [INFO] PluginManage:359 - Loaded plugin lpbam (category:base,tabindex:0)
2025-08-21 15:14:00,768 [INFO] PluginManage:310 - Check plugin memorymap
2025-08-21 15:14:00,787 [INFO] PluginManage:359 - Loaded plugin memorymap (category:base,tabindex:4)
2025-08-21 15:14:00,787 [INFO] PluginManage:310 - Check plugin pinoutandconfiguration
2025-08-21 15:14:00,801 [INFO] PluginManage:359 - Loaded plugin pinoutandconfiguration (category:base,tabindex:1)
2025-08-21 15:14:00,801 [INFO] PluginManage:310 - Check plugin pinoutconfig
2025-08-21 15:14:00,920 [WARN] SupportedApi:132 - Cannot load RTOS API schema: s4s-elt-must-match.1: The content of 'definitions' must match (annotation?, (simpleType | complexType)?, (unique | key | keyref)*)). A problem was found starting at: attribute.
2025-08-21 15:14:01,086 [INFO] PluginManage:359 - Loaded plugin pinoutconfig (category:base,tabindex:0)
2025-08-21 15:14:01,093 [INFO] PluginManage:310 - Check plugin power
2025-08-21 15:14:01,115 [INFO] PluginManage:359 - Loaded plugin power (category:power,tabindex:4)
2025-08-21 15:14:01,115 [INFO] PluginManage:310 - Check plugin projectmanager
2025-08-21 15:14:01,128 [INFO] PluginManage:359 - Loaded plugin projectmanager (category:projectmanager,tabindex:4)
2025-08-21 15:14:01,128 [INFO] PluginManage:310 - Check plugin rif
2025-08-21 15:14:01,146 [INFO] PluginManage:359 - Loaded plugin rif (category:base,tabindex:3)
2025-08-21 15:14:01,146 [INFO] PluginManage:310 - Check plugin thirdparty
2025-08-21 15:14:01,303 [INFO] PluginManage:359 - Loaded plugin thirdparty (category:base,tabindex:-1)
2025-08-21 15:14:01,303 [WARN] IntegrityCheckThread:84 - waiting for thirdparty lock release [integrity check]
2025-08-21 15:14:01,303 [INFO] PluginManage:310 - Check plugin tools
2025-08-21 15:14:01,303 [INFO] IntegrityCheckThread:86 - entering critical section [integrity check]
2025-08-21 15:14:01,303 [INFO] ThirdPartyUpdaterWithRetryManager:70 - Updater plugin not ready yet. [1/15]
2025-08-21 15:14:01,318 [INFO] PluginManage:359 - Loaded plugin tools (category:base,tabindex:7)
2025-08-21 15:14:01,319 [INFO] PluginManage:310 - Check plugin tutovideos
2025-08-21 15:14:01,569 [INFO] PluginManage:359 - Loaded plugin tutovideos (category:base,tabindex:-1)
2025-08-21 15:14:01,569 [INFO] PluginManage:310 - Check plugin updater
2025-08-21 15:14:01,586 [INFO] PluginManage:359 - Loaded plugin updater (category:base,tabindex:12)
2025-08-21 15:14:01,586 [INFO] PluginManage:310 - Check plugin userauth
2025-08-21 15:14:01,600 [INFO] UserAuth:118 - Init User Auth plugin
2025-08-21 15:14:01,600 [INFO] PluginManage:359 - Loaded plugin userauth (category:base,tabindex:14)
2025-08-21 15:14:01,602 [INFO] PluginManage:283 - PluginManage : Loaded plugins [18]
2025-08-21 15:14:01,831 [INFO] PinOutPanel:1589 - setPackage(No Configuration,No Configuration)
2025-08-21 15:14:01,919 [INFO] CADModel:165 - CPN selected for project level
2025-08-21 15:14:01,919 [INFO] CADModel:114 - Register for checkConnection events
2025-08-21 15:14:01,935 [INFO] IPUIPlugin:80 - create IPUIPlugin
2025-08-21 15:14:01,935 [INFO] PluginManager:220 - loadIPPluginJar : add adc
2025-08-21 15:14:01,947 [INFO] IPUIPlugin:80 - create IPUIPlugin
2025-08-21 15:14:01,947 [INFO] PluginManager:220 - loadIPPluginJar : add aes
2025-08-21 15:14:01,952 [INFO] IPUIPlugin:80 - create IPUIPlugin
2025-08-21 15:14:01,952 [INFO] PluginManager:220 - loadIPPluginJar : add can
2025-08-21 15:14:01,952 [INFO] IPUIPlugin:80 - create IPUIPlugin
2025-08-21 15:14:01,952 [INFO] PluginManager:220 - loadIPPluginJar : add comp
2025-08-21 15:14:01,952 [INFO] IPUIPlugin:80 - create IPUIPlugin
2025-08-21 15:14:01,952 [INFO] PluginManager:220 - loadIPPluginJar : add cryp
2025-08-21 15:14:01,952 [INFO] IPUIPlugin:80 - create IPUIPlugin
2025-08-21 15:14:01,952 [INFO] PluginManager:220 - loadIPPluginJar : add ddr_ctrl_phy
2025-08-21 15:14:01,967 [INFO] IPUIPlugin:80 - create IPUIPlugin
2025-08-21 15:14:01,967 [INFO] PluginManager:220 - loadIPPluginJar : add dfsdm
2025-08-21 15:14:01,969 [INFO] IPUIPlugin:80 - create IPUIPlugin
2025-08-21 15:14:01,969 [INFO] PluginManager:220 - loadIPPluginJar : add dma
2025-08-21 15:14:01,969 [INFO] IPUIPlugin:80 - create IPUIPlugin
2025-08-21 15:14:01,969 [INFO] PluginManager:220 - loadIPPluginJar : add dma3
2025-08-21 15:14:01,969 [INFO] IPUIPlugin:80 - create IPUIPlugin
2025-08-21 15:14:01,969 [INFO] PluginManager:220 - loadIPPluginJar : add extmemmanager
2025-08-21 15:14:01,980 [INFO] IPUIPlugin:80 - create IPUIPlugin
2025-08-21 15:14:01,980 [INFO] PluginManager:220 - loadIPPluginJar : add fatfs
2025-08-21 15:14:01,986 [INFO] IPUIPlugin:80 - create IPUIPlugin
2025-08-21 15:14:01,986 [INFO] PluginManager:220 - loadIPPluginJar : add fmc
2025-08-21 15:14:02,000 [INFO] IPUIPlugin:80 - create IPUIPlugin
2025-08-21 15:14:02,000 [INFO] PluginManager:220 - loadIPPluginJar : add freertos
2025-08-21 15:14:02,002 [INFO] IPUIPlugin:80 - create IPUIPlugin
2025-08-21 15:14:02,002 [INFO] PluginManager:220 - loadIPPluginJar : add genericplugin
2025-08-21 15:14:02,002 [INFO] IPUIPlugin:80 - create IPUIPlugin
2025-08-21 15:14:02,002 [INFO] PluginManager:220 - loadIPPluginJar : add gfxmmu
2025-08-21 15:14:02,012 [INFO] IPUIPlugin:80 - create IPUIPlugin
2025-08-21 15:14:02,012 [INFO] PluginManager:220 - loadIPPluginJar : add gic
2025-08-21 15:14:02,021 [INFO] IPUIPlugin:80 - create IPUIPlugin
2025-08-21 15:14:02,021 [INFO] PluginManager:220 - loadIPPluginJar : add gpio
2025-08-21 15:14:02,021 [INFO] IPUIPlugin:80 - create IPUIPlugin
2025-08-21 15:14:02,021 [INFO] PluginManager:220 - loadIPPluginJar : add gtzc
2025-08-21 15:14:02,021 [INFO] IPUIPlugin:80 - create IPUIPlugin
2025-08-21 15:14:02,021 [INFO] PluginManager:220 - loadIPPluginJar : add hash
2025-08-21 15:14:02,038 [INFO] IPUIPlugin:80 - create IPUIPlugin
2025-08-21 15:14:02,038 [INFO] PluginManager:220 - loadIPPluginJar : add i2c
2025-08-21 15:14:02,042 [INFO] IPUIPlugin:80 - create IPUIPlugin
2025-08-21 15:14:02,042 [INFO] PluginManager:220 - loadIPPluginJar : add i2s
2025-08-21 15:14:02,047 [INFO] IPUIPlugin:80 - create IPUIPlugin
2025-08-21 15:14:02,047 [INFO] PluginManager:220 - loadIPPluginJar : add i3c
2025-08-21 15:14:02,052 [INFO] IPUIPlugin:80 - create IPUIPlugin
2025-08-21 15:14:02,052 [INFO] PluginManager:220 - loadIPPluginJar : add ipddr
2025-08-21 15:14:02,052 [INFO] IPUIPlugin:80 - create IPUIPlugin
2025-08-21 15:14:02,052 [INFO] PluginManager:220 - loadIPPluginJar : add linkedlist
2025-08-21 15:14:02,065 [INFO] IPUIPlugin:80 - create IPUIPlugin
2025-08-21 15:14:02,065 [INFO] PluginManager:220 - loadIPPluginJar : add lorawan
2025-08-21 15:14:02,067 [INFO] IPUIPlugin:80 - create IPUIPlugin
2025-08-21 15:14:02,067 [INFO] PluginManager:220 - loadIPPluginJar : add ltdc
2025-08-21 15:14:02,069 [INFO] IPUIPlugin:80 - create IPUIPlugin
2025-08-21 15:14:02,069 [INFO] PluginManager:220 - loadIPPluginJar : add mdma
2025-08-21 15:14:02,081 [INFO] IPUIPlugin:80 - create IPUIPlugin
2025-08-21 15:14:02,081 [INFO] PluginManager:220 - loadIPPluginJar : add nvic
2025-08-21 15:14:02,086 [INFO] IPUIPlugin:80 - create IPUIPlugin
2025-08-21 15:14:02,086 [INFO] PluginManager:220 - loadIPPluginJar : add opamp
2025-08-21 15:14:02,090 [INFO] IPUIPlugin:80 - create IPUIPlugin
2025-08-21 15:14:02,090 [INFO] PluginManager:220 - loadIPPluginJar : add openamp
2025-08-21 15:14:02,096 [INFO] IPUIPlugin:80 - create IPUIPlugin
2025-08-21 15:14:02,096 [INFO] PluginManager:220 - loadIPPluginJar : add pdm2pcm
2025-08-21 15:14:02,102 [INFO] IPUIPlugin:80 - create IPUIPlugin
2025-08-21 15:14:02,102 [INFO] PluginManager:220 - loadIPPluginJar : add plateformsettings
2025-08-21 15:14:02,102 [INFO] IPUIPlugin:80 - create IPUIPlugin
2025-08-21 15:14:02,102 [INFO] PluginManager:220 - loadIPPluginJar : add quadspi
2025-08-21 15:14:02,102 [INFO] IPUIPlugin:80 - create IPUIPlugin
2025-08-21 15:14:02,102 [INFO] PluginManager:220 - loadIPPluginJar : add radio
2025-08-21 15:14:02,112 [INFO] IPUIPlugin:80 - create IPUIPlugin
2025-08-21 15:14:02,112 [INFO] PluginManager:220 - loadIPPluginJar : add resmgrutility
2025-08-21 15:14:02,117 [INFO] IPUIPlugin:80 - create IPUIPlugin
2025-08-21 15:14:02,117 [INFO] PluginManager:220 - loadIPPluginJar : add sai
2025-08-21 15:14:02,119 [INFO] IPUIPlugin:80 - create IPUIPlugin
2025-08-21 15:14:02,119 [INFO] PluginManager:220 - loadIPPluginJar : add spi
2025-08-21 15:14:02,133 [INFO] IPUIPlugin:80 - create IPUIPlugin
2025-08-21 15:14:02,133 [INFO] PluginManager:220 - loadIPPluginJar : add stm32_wpan
2025-08-21 15:14:02,135 [INFO] IPUIPlugin:80 - create IPUIPlugin
2025-08-21 15:14:02,137 [INFO] PluginManager:220 - loadIPPluginJar : add tim
2025-08-21 15:14:02,140 [INFO] IPUIPlugin:80 - create IPUIPlugin
2025-08-21 15:14:02,140 [INFO] PluginManager:220 - loadIPPluginJar : add touchsensing
2025-08-21 15:14:02,143 [INFO] IPUIPlugin:80 - create IPUIPlugin
2025-08-21 15:14:02,143 [INFO] PluginManager:220 - loadIPPluginJar : add tracer_emb
2025-08-21 15:14:02,147 [INFO] IPUIPlugin:80 - create IPUIPlugin
2025-08-21 15:14:02,147 [INFO] PluginManager:220 - loadIPPluginJar : add ts
2025-08-21 15:14:02,150 [INFO] IPUIPlugin:80 - create IPUIPlugin
2025-08-21 15:14:02,150 [INFO] PluginManager:220 - loadIPPluginJar : add tsc
2025-08-21 15:14:02,152 [INFO] IPUIPlugin:80 - create IPUIPlugin
2025-08-21 15:14:02,152 [INFO] PluginManager:220 - loadIPPluginJar : add ucpd
2025-08-21 15:14:02,158 [INFO] IPUIPlugin:80 - create IPUIPlugin
2025-08-21 15:14:02,158 [INFO] PluginManager:220 - loadIPPluginJar : add usart
2025-08-21 15:14:02,158 [INFO] IPUIPlugin:80 - create IPUIPlugin
2025-08-21 15:14:02,158 [INFO] PluginManager:220 - loadIPPluginJar : add usbx
2025-08-21 15:14:02,319 [FATAL] Updater:351 - Updater called before beeing initialized
2025-08-21 15:14:02,352 [INFO] RulesReader:64 - Compatibility file has been processed (317 Rules)
2025-08-21 15:14:02,372 [INFO] RulesReader:64 - Compatibility file has been processed (317 Rules)
2025-08-21 15:14:02,387 [INFO] CADModel:165 - CPN selected for project level
2025-08-21 15:14:02,387 [INFO] CADModel:114 - Register for checkConnection events
2025-08-21 15:14:02,387 [FATAL] Updater:351 - Updater called before beeing initialized
2025-08-21 15:14:02,387 [ERROR] CADModel:125 - Updater not yet initialized, retry later 
2025-08-21 15:14:02,585 [FATAL] Updater:351 - Updater called before beeing initialized
2025-08-21 15:14:02,588 [INFO] CADModel:165 - CPN selected for project level
2025-08-21 15:14:02,588 [INFO] CADModel:114 - Register for checkConnection events
2025-08-21 15:14:02,588 [FATAL] Updater:351 - Updater called before beeing initialized
2025-08-21 15:14:02,588 [ERROR] CADModel:125 - Updater not yet initialized, retry later 
2025-08-21 15:14:02,588 [FATAL] Updater:351 - Updater called before beeing initialized
2025-08-21 15:14:02,717 [FATAL] Updater:351 - Updater called before beeing initialized
2025-08-21 15:14:02,733 [INFO] DbMcusAds:53 - JSON generation date=Tue Jul 08 13:44:23 IST 2025 (1751962463582)
2025-08-21 15:14:02,733 [FATAL] Updater:351 - Updater called before beeing initialized
2025-08-21 15:14:02,778 [WARN] DetailPanel:346 - Failed to get advertising image, set to default
2025-08-21 15:14:02,943 [FATAL] Updater:351 - Updater called before beeing initialized
2025-08-21 15:14:02,945 [FATAL] Updater:351 - Updater called before beeing initialized
2025-08-21 15:14:02,945 [FATAL] Updater:351 - Updater called before beeing initialized
2025-08-21 15:14:02,949 [WARN] DetailPanel:346 - Failed to get advertising image, set to default
2025-08-21 15:14:02,950 [FATAL] Updater:351 - Updater called before beeing initialized
2025-08-21 15:14:03,049 [ERROR] Updater:1198 - MainUpdater not yet initialized. External WinMGr cannot be set.
2025-08-21 15:14:03,058 [INFO] Updater:1134 - Updater Version found : 6.15.0
2025-08-21 15:14:03,083 [INFO] ApplicationProperties:184 - Using Application install path: C:\ST\STM32CubeIDE_1.19.0\STM32CubeIDE\plugins\com.st.stm32cube.common.mx_6.15.0.202507011659
2025-08-21 15:14:04,316 [INFO] ThirdPartyUpdaterWithRetryManager:70 - Updater plugin not ready yet. [2/15]
2025-08-21 15:14:04,675 [ERROR] LogOutputStream:75 - [STDERR_REDIRECT] Aug 21, 2025 3:14:04 PM java.util.prefs.WindowsPreferences <init>
2025-08-21 15:14:04,675 [ERROR] LogOutputStream:75 - [STDERR_REDIRECT] WARNING: Could not open/create prefs root node Software\JavaSoft\Prefs at root 0xffffffff80000002. Windows RegCreateKeyEx(...) returned error code 5.
2025-08-21 15:14:04,675 [ERROR] LogOutputStream:75 - [STDERR_REDIRECT] 
2025-08-21 15:14:05,397 [INFO] MainUpdater:2872 - connection check result : 10
2025-08-21 15:14:05,397 [INFO] MainUpdater:289 - Updater Check For Update Now.
2025-08-21 15:14:05,401 [INFO] MicroXplorer:498 - Change Database Version : DB.6.0.150
2025-08-21 15:14:05,406 [INFO] McuFinderGlobals:63 - Set McuFinder mode to 2 (CubeIDE integrated)
2025-08-21 15:14:05,406 [INFO] UserAuth:487 - Internet connection configuration mode: 1
2025-08-21 15:14:05,453 [INFO] JxBrowserEngine:152 - Initiate JxBrowser Engine with user profile folder
2025-08-21 15:14:05,614 [INFO] CheckServerUpdateThread:120 - End of CheckServer Thread
2025-08-21 15:14:07,297 [INFO] WebApp:169 - Instantiating new browser for Auth
2025-08-21 15:14:07,998 [WARN] PackLoader:240 - Cannot read IP mode file for STMicroelectronics.FP-SNS-MOTENVWB1.1.4.0
2025-08-21 15:14:08,018 [WARN] PackLoader:240 - Cannot read IP mode file for STMicroelectronics.FP-ATR-ASTRA1.2.0.2
2025-08-21 15:14:08,025 [WARN] PackLoader:240 - Cannot read IP mode file for STMicroelectronics.FP-ATR-ASTRA1.2.0.1
2025-08-21 15:14:08,050 [WARN] PackLoader:240 - Cannot read IP mode file for STMicroelectronics.X-CUBE-SMBUS.2.1.0
2025-08-21 15:14:08,070 [WARN] PackLoader:240 - Cannot read IP mode file for STMicroelectronics.X-CUBE-WB05N.1.1.0
2025-08-21 15:14:08,085 [WARN] PackLoader:240 - Cannot read IP mode file for STMicroelectronics.X-CUBE-ST60.1.0.0
2025-08-21 15:14:08,158 [WARN] PackLoader:240 - Cannot read IP mode file for STMicroelectronics.X-CUBE-AZRTOS-F7.1.1.0
2025-08-21 15:14:08,306 [WARN] PackLoader:240 - Cannot read IP mode file for STMicroelectronics.X-CUBE-MEMS1.11.0.0
2025-08-21 15:14:08,555 [WARN] PackLoader:240 - Cannot read IP mode file for STMicroelectronics.FP-SNS-FLIGHT1.5.0.2
2025-08-21 15:14:08,590 [WARN] PackLoader:240 - Cannot read IP mode file for STMicroelectronics.X-CUBE-AZRTOS-H7.3.4.0
2025-08-21 15:14:08,607 [WARN] PackLoader:240 - Cannot read IP mode file for STMicroelectronics.X-CUBE-DISPLAY.3.0.0
2025-08-21 15:14:08,621 [WARN] PackLoader:240 - Cannot read IP mode file for STMicroelectronics.X-CUBE-BLE1.7.0.0
2025-08-21 15:14:08,633 [WARN] PackLoader:240 - Cannot read IP mode file for STMicroelectronics.X-CUBE-NFC10.1.0.0
2025-08-21 15:14:08,651 [WARN] PackLoader:240 - Cannot read IP mode file for STMicroelectronics.X-CUBE-BLEMGR.4.0.0
2025-08-21 15:14:08,663 [WARN] PackLoader:240 - Cannot read IP mode file for emotas.I-CUBE-CANOPEN.1.3.0
2025-08-21 15:14:08,676 [WARN] PackLoader:240 - Cannot read IP mode file for STMicroelectronics.X-CUBE-BLEMGR.3.1.0
2025-08-21 15:14:08,694 [WARN] PackLoader:240 - Cannot read IP mode file for STMicroelectronics.X-CUBE-AI.10.0.0
2025-08-21 15:14:08,707 [WARN] PackLoader:240 - Cannot read IP mode file for STMicroelectronics.FP-SNS-STBOX1.2.1.0
2025-08-21 15:14:08,717 [WARN] PackLoader:240 - Cannot read IP mode file for STMicroelectronics.FP-SNS-SMARTAG2.1.2.0
2025-08-21 15:14:08,722 [WARN] PackLoader:240 - Cannot read IP mode file for STMicroelectronics.FP-SNS-FLIGHT1.5.1.0
2025-08-21 15:14:08,785 [WARN] PackLoader:240 - Cannot read IP mode file for STMicroelectronics.X-CUBE-MEMS1.11.1.0
2025-08-21 15:14:08,944 [INFO] LogOutputStream:77 - [STDOUT_REDIRECT] 1 : Invalid condition id : UX_CORESTACK_Condition cause : null
2025-08-21 15:14:08,947 [INFO] LogOutputStream:77 - [STDOUT_REDIRECT] 1 : Invalid condition id : UX_CORESTACK_Condition cause : null
2025-08-21 15:14:08,950 [INFO] LogOutputStream:77 - [STDOUT_REDIRECT] 1 : Invalid condition id : UX_CORESTACK_Condition cause : null
2025-08-21 15:14:08,952 [INFO] LogOutputStream:77 - [STDOUT_REDIRECT] 1 : Invalid condition id : UX_CORESTACK_Condition cause : null
2025-08-21 15:14:08,954 [INFO] LogOutputStream:77 - [STDOUT_REDIRECT] 1 : Invalid condition id : UX_CORESTACK_Condition cause : null
2025-08-21 15:14:08,959 [WARN] PackLoader:240 - Cannot read IP mode file for STMicroelectronics.X-CUBE-AZRTOS-WL.2.0.0
2025-08-21 15:14:08,968 [WARN] PackLoader:240 - Cannot read IP mode file for STMicroelectronics.FP-SNS-MOTENV1.5.0.0
2025-08-21 15:14:08,976 [WARN] PackLoader:240 - Cannot read IP mode file for wolfSSL.I-CUBE-wolfMQTT.1.19.0
2025-08-21 15:14:08,988 [WARN] PackLoader:240 - Cannot read IP mode file for WES.I-CUBE-Cesium.1.3.0
2025-08-21 15:14:09,019 [WARN] PackLoader:240 - Cannot read IP mode file for STMicroelectronics.X-CUBE-BLE2.3.3.0
2025-08-21 15:14:09,059 [WARN] PackLoader:240 - Cannot read IP mode file for STMicroelectronics.X-CUBE-NFC9.1.0.0
2025-08-21 15:14:09,146 [WARN] PackLoader:240 - Cannot read IP mode file for STMicroelectronics.X-CUBE-BLE1.7.1.0
2025-08-21 15:14:09,163 [WARN] PackLoader:240 - Cannot read IP mode file for STMicroelectronics.X-CUBE-TCPP.4.1.0
2025-08-21 15:14:09,175 [WARN] PackLoader:240 - Cannot read IP mode file for STMicroelectronics.X-CUBE-EEPRMA1.5.2.0
2025-08-21 15:14:09,183 [WARN] PackLoader:240 - Cannot read IP mode file for STMicroelectronics.X-CUBE-AI.10.1.0
2025-08-21 15:14:09,283 [WARN] PackLoader:240 - Cannot read IP mode file for STMicroelectronics.X-CUBE-MEMS1.11.2.0
2025-08-21 15:14:09,333 [INFO] WebApp:463 - Apply proxy settings
2025-08-21 15:14:09,334 [INFO] WebApp:548 - Chromium requires no authentication
2025-08-21 15:14:09,359 [INFO] WebApp:491 - Direct internet connection detected
2025-08-21 15:14:09,418 [INFO] WebApp:900 - Register for checkConnection events
2025-08-21 15:14:09,419 [INFO] WebApp:463 - Apply proxy settings
2025-08-21 15:14:09,419 [INFO] WebApp:548 - Chromium requires no authentication
2025-08-21 15:14:09,420 [INFO] WebApp:491 - Direct internet connection detected
2025-08-21 15:14:09,477 [WARN] PackLoader:240 - Cannot read IP mode file for STMicroelectronics.X-CUBE-AZRTOS-G0.1.1.0
2025-08-21 15:14:09,492 [WARN] PackLoader:240 - Cannot read IP mode file for STMicroelectronics.X-CUBE-SAFEA1.1.2.2
2025-08-21 15:14:09,501 [WARN] PackLoader:240 - Cannot read IP mode file for STMicroelectronics.X-CUBE-NFC4.3.0.0
2025-08-21 15:14:09,516 [WARN] PackLoader:240 - Cannot read IP mode file for EmbeddedOffice.I-CUBE-FS-RTOS.1.0.1
2025-08-21 15:14:09,524 [WARN] PackLoader:240 - Cannot read IP mode file for STMicroelectronics.X-CUBE-WB05N.2.0.0
2025-08-21 15:14:09,530 [WARN] PackLoader:240 - Cannot read IP mode file for STMicroelectronics.X-CUBE-TCPP.4.2.0
2025-08-21 15:14:09,540 [WARN] PackLoader:240 - Cannot read IP mode file for RealThread.X-CUBE-RT-Thread_Nano.4.1.1
2025-08-21 15:14:09,545 [WARN] PackLoader:240 - Cannot read IP mode file for STMicroelectronics.FP-ATR-SIGFOX1.3.2.0
2025-08-21 15:14:09,552 [WARN] ConditionMgr:438 - getConditionDescription Invalid condition id : Cortex-A Device cause : null
2025-08-21 15:14:09,582 [WARN] ConditionMgr:1044 - genDependencies : Invalid condition id : Cortex-A Device cause : null
2025-08-21 15:14:09,582 [WARN] ConditionMgr:1044 - genDependencies : Invalid condition id : Cortex-A Device cause : null
2025-08-21 15:14:09,583 [WARN] ConditionMgr:1044 - genDependencies : Invalid condition id : Cortex-A Device cause : null
2025-08-21 15:14:09,590 [WARN] PackLoader:240 - Cannot read IP mode file for STMicroelectronics.X-CUBE-EEPRMA1.5.1.0
2025-08-21 15:14:09,596 [WARN] PackLoader:240 - Cannot read IP mode file for wolfSSL.I-CUBE-wolfSSL.5.7.4
2025-08-21 15:14:09,603 [WARN] PackLoader:240 - Cannot read IP mode file for ITTIA_DB.I-CUBE-ITTIADB.8.9.0
2025-08-21 15:14:09,621 [WARN] PackLoader:240 - Cannot read IP mode file for STMicroelectronics.X-CUBE-ST67W61.1.0.0
2025-08-21 15:14:09,626 [WARN] PackLoader:240 - Cannot read IP mode file for STMicroelectronics.X-CUBE-AI.10.2.0
2025-08-21 15:14:09,654 [WARN] PackLoader:240 - Cannot read IP mode file for SEGGER.I-CUBE-embOS.1.3.1
2025-08-21 15:14:09,703 [WARN] PackLoader:240 - Cannot read IP mode file for STMicroelectronics.X-CUBE-ALGOBUILD.1.4.0
2025-08-21 15:14:09,753 [WARN] PackLoader:240 - Cannot read IP mode file for STMicroelectronics.X-CUBE-MEMS1.11.3.0
2025-08-21 15:14:09,950 [WARN] PackLoader:240 - Cannot read IP mode file for STMicroelectronics.X-CUBE-AI.9.1.0
2025-08-21 15:14:09,956 [WARN] PackLoader:240 - Cannot read IP mode file for STMicroelectronics.X-CUBE-PM33A1.1.0.0
2025-08-21 15:14:09,989 [WARN] PackLoader:240 - Cannot read IP mode file for STMicroelectronics.X-CUBE-AZRTOS-F4.1.1.0
2025-08-21 15:14:09,999 [WARN] PackLoader:240 - Cannot read IP mode file for Avnet-IotConnect.X-CUBE-IoTC-DA16k-PMOD.1.0.0
2025-08-21 15:14:10,009 [WARN] PackLoader:240 - Cannot read IP mode file for STMicroelectronics.X-CUBE-ISPU.2.1.0
2025-08-21 15:14:10,023 [WARN] PackLoader:240 - Cannot read IP mode file for STMicroelectronics.X-CUBE-FREERTOS.1.2.0
2025-08-21 15:14:10,036 [WARN] PackLoader:240 - Cannot read IP mode file for STMicroelectronics.X-CUBE-NFC12.1.0.0
2025-08-21 15:14:10,065 [WARN] PackLoader:240 - Cannot read IP mode file for STMicroelectronics.X-CUBE-AZRTOS-L5.2.0.0
2025-08-21 15:14:10,085 [WARN] PackLoader:240 - Cannot read IP mode file for STMicroelectronics.X-CUBE-NFC6.3.1.0
2025-08-21 15:14:10,097 [WARN] PackLoader:240 - Cannot read IP mode file for STMicroelectronics.X-CUBE-DPower.1.2.0
2025-08-21 15:14:10,103 [WARN] PackLoader:240 - Cannot read IP mode file for STMicroelectronics.X-CUBE-FREERTOS.1.3.1
2025-08-21 15:14:10,121 [WARN] PackLoader:240 - Cannot read IP mode file for STMicroelectronics.X-CUBE-FREERTOS.1.3.0
2025-08-21 15:14:10,149 [INFO] WebApp:191 - Connection restablished
2025-08-21 15:14:10,154 [WARN] PackLoader:240 - Cannot read IP mode file for STMicroelectronics.X-CUBE-NFC7.1.0.1
2025-08-21 15:14:10,165 [WARN] PackLoader:240 - Cannot read IP mode file for STMicroelectronics.FP-SNS-STAIOTCFT.1.0.0
2025-08-21 15:14:10,182 [WARN] PackLoader:240 - Cannot read IP mode file for STMicroelectronics.X-CUBE-DPower.1.3.0
2025-08-21 15:14:10,252 [WARN] ConditionMgr:438 - getConditionDescription Invalid condition id : LAN8742 Phy interface Condition cause : null
2025-08-21 15:14:10,253 [WARN] PackLoader:240 - Cannot read IP mode file for STMicroelectronics.X-CUBE-AZRTOS-L4.2.0.0
2025-08-21 15:14:10,256 [WARN] ConditionMgr:1044 - genDependencies : Invalid condition id : LAN8742 Phy interface Condition cause : null
2025-08-21 15:14:10,256 [WARN] ConditionMgr:1044 - genDependencies : Invalid condition id : LAN8742 Phy interface Condition cause : null
2025-08-21 15:14:10,257 [WARN] ConditionMgr:1044 - genDependencies : Invalid condition id : LAN8742 Phy interface Condition cause : null
2025-08-21 15:14:10,272 [WARN] PackLoader:240 - Cannot read IP mode file for STMicroelectronics.X-CUBE-SFXS2LP1.4.0.0
2025-08-21 15:14:10,303 [WARN] PackLoader:240 - Cannot read IP mode file for STMicroelectronics.X-CUBE-AZRTOS-H7.3.3.0
2025-08-21 15:14:10,327 [WARN] PackLoader:240 - Cannot read IP mode file for STMicroelectronics.X-CUBE-BLEMGR.4.1.0
2025-08-21 15:14:10,349 [WARN] PackLoader:240 - Cannot read IP mode file for STMicroelectronics.X-CUBE-IPS.3.0.0
2025-08-21 15:14:10,373 [WARN] ConditionMgr:438 - getConditionDescription Invalid condition id : UX DEVICE CLASS RTOS Condition cause : null
2025-08-21 15:14:10,373 [WARN] ConditionMgr:438 - getConditionDescription Invalid condition id : UX DEVICE CLASS RTOS Condition cause : null
2025-08-21 15:14:10,375 [INFO] WebApp:225 - Starting web application
2025-08-21 15:14:10,376 [INFO] WebApp:593 - Web application path used C:\ST\STM32CubeIDE_1.19.0\STM32CubeIDE\plugins\com.st.stm32cube.common.mx_6.15.0.202507011659\db\plugins\mcufinder\reactClient1\index.html
2025-08-21 15:14:10,378 [WARN] PackLoader:240 - Cannot read IP mode file for STMicroelectronics.X-CUBE-AZRTOS-WB.2.0.0
2025-08-21 15:14:10,379 [WARN] ConditionMgr:1044 - genDependencies : Invalid condition id : UX DEVICE CLASS RTOS Condition cause : null
2025-08-21 15:14:10,380 [WARN] ConditionMgr:1044 - genDependencies : Invalid condition id : UX DEVICE CLASS RTOS Condition cause : null
2025-08-21 15:14:10,380 [WARN] ConditionMgr:1044 - genDependencies : Invalid condition id : UX DEVICE CLASS RTOS Condition cause : null
2025-08-21 15:14:10,381 [WARN] ConditionMgr:1044 - genDependencies : Invalid condition id : UX DEVICE CLASS RTOS Condition cause : null
2025-08-21 15:14:10,381 [WARN] ConditionMgr:1044 - genDependencies : Invalid condition id : UX DEVICE CLASS RTOS Condition cause : null
2025-08-21 15:14:10,393 [WARN] PackLoader:240 - Cannot read IP mode file for STMicroelectronics.X-CUBE-GNSS1.7.0.0
2025-08-21 15:14:10,401 [WARN] PackLoader:240 - Cannot read IP mode file for STMicroelectronics.X-CUBE-GNSS1.7.0.1
2025-08-21 15:14:10,413 [WARN] PackLoader:240 - Cannot read IP mode file for STMicroelectronics.X-CUBE-TOUCHGFX.4.25.0
2025-08-21 15:14:10,423 [WARN] PackLoader:240 - Cannot read IP mode file for STMicroelectronics.FP-SNS-STBOX1.2.0.0
2025-08-21 15:14:10,445 [WARN] PackLoader:240 - Cannot read IP mode file for STMicroelectronics.X-CUBE-SUBG2.5.0.0
2025-08-21 15:14:10,528 [WARN] PackLoader:240 - Cannot read IP mode file for STMicroelectronics.X-CUBE-AZRTOS-H7RS.1.1.0
2025-08-21 15:14:10,603 [WARN] PackLoader:240 - Cannot read IP mode file for Cesanta.I-CUBE-Mongoose.7.13.0
2025-08-21 15:14:10,682 [WARN] PackLoader:240 - Cannot read IP mode file for STMicroelectronics.X-CUBE-AZRTOS-G4.2.0.0
2025-08-21 15:14:10,705 [WARN] PackLoader:240 - Cannot read IP mode file for STMicroelectronics.X-CUBE-NFC7.2.0.0
2025-08-21 15:14:10,752 [WARN] PackLoader:240 - Cannot read IP mode file for STMicroelectronics.X-CUBE-IPS.3.1.0
2025-08-21 15:14:10,770 [INFO] UserAuth:487 - Internet connection configuration mode: 1
2025-08-21 15:14:10,806 [WARN] PackLoader:240 - Cannot read IP mode file for STMicroelectronics.X-CUBE-ALS.1.0.2
2025-08-21 15:14:10,813 [WARN] PackLoader:240 - Cannot read IP mode file for STMicroelectronics.X-CUBE-TOUCHGFX.4.24.1
2025-08-21 15:14:10,821 [WARN] PackLoader:240 - Cannot read IP mode file for wolfSSL.I-CUBE-wolfTPM.3.4.0
2025-08-21 15:14:10,837 [WARN] PackLoader:240 - Cannot read IP mode file for portGmbH.I-Cube-SoM-uGOAL.1.1.0
2025-08-21 15:14:10,889 [WARN] PackLoader:240 - Cannot read IP mode file for STMicroelectronics.X-CUBE-AZRTOS-H7RS.1.0.0
2025-08-21 15:14:10,929 [WARN] PackLoader:240 - Cannot read IP mode file for STMicroelectronics.X-CUBE-TOF1.3.4.2
2025-08-21 15:14:10,978 [WARN] PackLoader:240 - Cannot read IP mode file for STMicroelectronics.X-CUBE-TOF1.3.4.3
2025-08-21 15:14:11,082 [WARN] PackLoader:240 - Cannot read IP mode file for Infineon.AIROC-Wi-Fi-Bluetooth-STM32.1.6.1
2025-08-21 15:14:11,109 [WARN] PackLoader:240 - Cannot read IP mode file for wolfSSL.I-CUBE-wolfSSH.1.4.17
2025-08-21 15:14:11,110 [INFO] ThirdParty:978 - Integrity check success = true
2025-08-21 15:14:11,111 [INFO] IntegrityCheckThread:100 - exiting critical section [integrity check]
2025-08-21 15:14:11,111 [INFO] IntegrityCheckThread:103 - End integrity checks thread
2025-08-21 15:14:50,615 [INFO] WebApp:194 - Connection lost
2025-08-21 15:14:52,352 [INFO] WebApp:191 - Connection restablished
2025-08-21 16:01:46,217 [INFO] WebApp:194 - Connection lost
2025-08-21 16:01:46,819 [INFO] WebApp:191 - Connection restablished
2025-08-21 16:05:47,179 [INFO] WebApp:194 - Connection lost
2025-08-21 16:05:48,576 [INFO] WebApp:191 - Connection restablished
2025-08-21 16:36:44,354 [INFO] WebApp:194 - Connection lost
2025-08-21 16:36:47,157 [INFO] WebApp:191 - Connection restablished
2025-08-21 16:39:11,064 [INFO] WebApp:194 - Connection lost
2025-08-21 16:39:20,483 [INFO] WebApp:191 - Connection restablished
2025-08-21 16:44:19,034 [INFO] WebApp:194 - Connection lost
2025-08-21 16:44:24,392 [INFO] WebApp:191 - Connection restablished
2025-08-21 16:47:12,656 [ERROR] ConfigurationRetriever:142 - IOException on connection: Read timed out
2025-08-21 16:47:14,698 [ERROR] ConfigurationRetriever:142 - IOException on connection: Read timed out
2025-08-21 16:47:16,706 [ERROR] ConfigurationRetriever:142 - IOException on connection: Read timed out
2025-08-21 16:47:18,330 [ERROR] LogOutputStream:75 - [STDERR_REDIRECT] 
2025-08-21 16:47:18,331 [ERROR] LogOutputStream:75 - [STDERR_REDIRECT] 
