2025-08-09 15:50:46,279 [INFO] Activator:176 - 


2025-08-09 15:50:46,283 [INFO] Activator:177 - !SESSION log4j initialized
2025-08-09 15:50:50,325 [INFO] LogOutputStream:77 - [STDOUT_REDIRECT] 
2025-08-09 15:50:50,681 [ERROR] ConfigurationRetriever:142 - IOException on connection: sw-center.st.com
2025-08-09 15:50:50,682 [ERROR] ConfigurationRetriever:142 - IOException on connection: sw-center.st.com
2025-08-09 15:50:50,682 [ERROR] ConfigurationRetriever:142 - IOException on connection: sw-center.st.com
2025-08-09 15:50:51,175 [INFO] ApplicationProperties:184 - Using Application install path: C:\ST\STM32CubeIDE_1.19.0\STM32CubeIDE\plugins\com.st.stm32cube.common.mx_6.15.0.202507011659
2025-08-09 15:50:51,196 [INFO] DbMcusXml:78 - Set database path to: C:\ST\STM32CubeIDE_1.19.0\STM32CubeIDE\plugins\com.st.stm32cube.common.mx_6.15.0.202507011659\\db\/mcu/
2025-08-09 15:50:51,196 [INFO] ApiDb:274 - Set plugin database path to: C:\ST\STM32CubeIDE_1.19.0\STM32CubeIDE\plugins\com.st.stm32cube.common.mx_6.15.0.202507011659\\db\/plugins/boardmanager/
2025-08-09 15:50:51,197 [WARN] ApiDb:259 - Overriding images path with different value:  => C:\ST\STM32CubeIDE_1.19.0\STM32CubeIDE\plugins\com.st.stm32cube.common.mx_6.15.0.202507011659\\db\/plugins/mcufinder/images/
2025-08-09 15:50:51,205 [INFO] ApiDb:250 - Set database path to: C:\Users\sheet\.stmcufinder\plugins\mcufinder//mcu/
2025-08-09 15:50:51,206 [INFO] DbMcusAds:125 - Set database path to: C:\Users\sheet\.stmcufinder\plugins\mcufinder//mcu/
2025-08-09 15:50:51,208 [INFO] CrossReferenceDbSqlite:203 - Set database path to: C:\Users\sheet\.stmcufinder\plugins\mcufinder//mcu/cs/
2025-08-09 15:50:51,401 [INFO] RulesReader:64 - Compatibility file has been processed (317 Rules)
2025-08-09 15:50:51,481 [INFO] DbMcusXml:78 - Set database path to: C:\ST\STM32CubeIDE_1.19.0\STM32CubeIDE\plugins\com.st.stm32cube.common.mx_6.15.0.202507011659\\db\/mcu/
2025-08-09 15:50:51,481 [INFO] ApiDb:274 - Set plugin database path to: C:\ST\STM32CubeIDE_1.19.0\STM32CubeIDE\plugins\com.st.stm32cube.common.mx_6.15.0.202507011659\\db\/plugins/boardmanager/
2025-08-09 15:50:51,481 [INFO] ApiDb:261 - Set plugin images path to: C:\ST\STM32CubeIDE_1.19.0\STM32CubeIDE\plugins\com.st.stm32cube.common.mx_6.15.0.202507011659\\db\/plugins/mcufinder/images/
2025-08-09 15:50:51,481 [WARN] DbFile:41 - Overriding database path with different value: C:\Users\sheet\.stmcufinder\plugins\mcufinder/ => C:\Users\sheet\.stmcufinder\plugins\mcufinder
2025-08-09 15:50:51,481 [INFO] ApiDb:250 - Set database path to: C:\Users\sheet\.stmcufinder\plugins\mcufinder//mcu/
2025-08-09 15:50:51,481 [WARN] DbFile:41 - Overriding database path with different value: C:\Users\sheet\.stmcufinder\plugins\mcufinder/ => C:\Users\sheet\.stmcufinder\plugins\mcufinder
2025-08-09 15:50:51,481 [INFO] DbMcusAds:125 - Set database path to: C:\Users\sheet\.stmcufinder\plugins\mcufinder//mcu/
2025-08-09 15:50:51,481 [WARN] DbFile:41 - Overriding database path with different value: C:\Users\sheet\.stmcufinder\plugins\mcufinder/ => C:\Users\sheet\.stmcufinder\plugins\mcufinder
2025-08-09 15:50:51,481 [WARN] DbFile:41 - Overriding database path with different value: C:\Users\sheet\.stmcufinder\plugins\mcufinder/ => C:\Users\sheet\.stmcufinder\plugins\mcufinder
2025-08-09 15:50:51,481 [INFO] CrossReferenceDbSqlite:203 - Set database path to: C:\Users\sheet\.stmcufinder\plugins\mcufinder//mcu/cs/
2025-08-09 15:50:51,545 [INFO] MainPanel:274 - HeapMemory: 268435456
2025-08-09 15:50:51,771 [INFO] DbMcusXml:78 - Set database path to: C:\ST\STM32CubeIDE_1.19.0\STM32CubeIDE\plugins\com.st.stm32cube.common.mx_6.15.0.202507011659\\db\/mcu/
2025-08-09 15:50:51,771 [INFO] ApiDb:274 - Set plugin database path to: C:\ST\STM32CubeIDE_1.19.0\STM32CubeIDE\plugins\com.st.stm32cube.common.mx_6.15.0.202507011659\\db\/plugins/boardmanager/
2025-08-09 15:50:51,771 [INFO] ApiDb:261 - Set plugin images path to: C:\ST\STM32CubeIDE_1.19.0\STM32CubeIDE\plugins\com.st.stm32cube.common.mx_6.15.0.202507011659\\db\/plugins/mcufinder/images/
2025-08-09 15:50:51,771 [WARN] DbFile:41 - Overriding database path with different value: C:\Users\sheet\.stmcufinder\plugins\mcufinder/ => C:\Users\sheet\.stmcufinder\plugins\mcufinder
2025-08-09 15:50:51,771 [INFO] ApiDb:250 - Set database path to: C:\Users\sheet\.stmcufinder\plugins\mcufinder//mcu/
2025-08-09 15:50:51,771 [WARN] DbFile:41 - Overriding database path with different value: C:\Users\sheet\.stmcufinder\plugins\mcufinder/ => C:\Users\sheet\.stmcufinder\plugins\mcufinder
2025-08-09 15:50:51,771 [INFO] DbMcusAds:125 - Set database path to: C:\Users\sheet\.stmcufinder\plugins\mcufinder//mcu/
2025-08-09 15:50:51,772 [WARN] DbFile:41 - Overriding database path with different value: C:\Users\sheet\.stmcufinder\plugins\mcufinder/ => C:\Users\sheet\.stmcufinder\plugins\mcufinder
2025-08-09 15:50:51,772 [WARN] DbFile:41 - Overriding database path with different value: C:\Users\sheet\.stmcufinder\plugins\mcufinder/ => C:\Users\sheet\.stmcufinder\plugins\mcufinder
2025-08-09 15:50:51,772 [INFO] CrossReferenceDbSqlite:203 - Set database path to: C:\Users\sheet\.stmcufinder\plugins\mcufinder//mcu/cs/
2025-08-09 15:50:51,787 [INFO] ApplicationProperties:184 - Using Application install path: C:\ST\STM32CubeIDE_1.19.0\STM32CubeIDE\plugins\com.st.stm32cube.common.mx_6.15.0.202507011659
2025-08-09 15:50:51,788 [INFO] PluginManage:196 - Search for loadable plugins [exclusion list=, ]
2025-08-09 15:50:51,790 [INFO] PluginManage:310 - Check plugin analytics
2025-08-09 15:50:51,992 [INFO] AnalyticsPlugin:253 - Accepted Software Licenses: 
2025-08-09 15:50:51,992 [INFO] AnalyticsPlugin:255 - Accepted CMSIS Pack Licenses: 
2025-08-09 15:50:51,992 [INFO] AnalyticsPlugin:257 - Accepted Firmware Licenses: FW.F4.1.28.0
2025-08-09 15:50:51,996 [ERROR] ConfigurationRetriever:142 - IOException on connection: sw-center.st.com
2025-08-09 15:50:51,996 [ERROR] ConfigurationRetriever:142 - IOException on connection: sw-center.st.com
2025-08-09 15:50:51,998 [ERROR] ConfigurationRetriever:142 - IOException on connection: sw-center.st.com
2025-08-09 15:50:51,998 [INFO] PluginManage:359 - Loaded plugin analytics (category:tool,tabindex:-1)
2025-08-09 15:50:51,998 [INFO] PluginManage:310 - Check plugin cadmodel
2025-08-09 15:50:52,004 [INFO] CADModel:105 - Init CAD model plugin
2025-08-09 15:50:52,004 [INFO] PluginManage:359 - Loaded plugin cadmodel (category:power,tabindex:5)
2025-08-09 15:50:52,005 [INFO] PluginManage:310 - Check plugin clock
2025-08-09 15:50:52,016 [INFO] PluginManage:359 - Loaded plugin clock (category:base,tabindex:2)
2025-08-09 15:50:52,016 [INFO] PluginManage:310 - Check plugin ddr
2025-08-09 15:50:52,019 [INFO] PluginManage:359 - Loaded plugin ddr (category:tool,tabindex:6)
2025-08-09 15:50:52,019 [INFO] PluginManage:310 - Check plugin filemanager
2025-08-09 15:50:52,163 [INFO] PluginManage:359 - Loaded plugin filemanager (category:base,tabindex:10)
2025-08-09 15:50:52,163 [INFO] PluginManage:310 - Check plugin ipmanager
2025-08-09 15:50:52,168 [INFO] PluginManage:359 - Loaded plugin ipmanager (category:base,tabindex:5)
2025-08-09 15:50:52,168 [INFO] PluginManage:310 - Check plugin lpbam
2025-08-09 15:50:52,175 [INFO] PluginManage:359 - Loaded plugin lpbam (category:base,tabindex:0)
2025-08-09 15:50:52,175 [INFO] PluginManage:310 - Check plugin memorymap
2025-08-09 15:50:52,186 [INFO] PluginManage:359 - Loaded plugin memorymap (category:base,tabindex:4)
2025-08-09 15:50:52,186 [INFO] PluginManage:310 - Check plugin pinoutandconfiguration
2025-08-09 15:50:52,198 [INFO] PluginManage:359 - Loaded plugin pinoutandconfiguration (category:base,tabindex:1)
2025-08-09 15:50:52,198 [INFO] PluginManage:310 - Check plugin pinoutconfig
2025-08-09 15:50:52,316 [WARN] SupportedApi:132 - Cannot load RTOS API schema: s4s-elt-must-match.1: The content of 'definitions' must match (annotation?, (simpleType | complexType)?, (unique | key | keyref)*)). A problem was found starting at: attribute.
2025-08-09 15:50:52,440 [INFO] PluginManage:359 - Loaded plugin pinoutconfig (category:base,tabindex:0)
2025-08-09 15:50:52,440 [INFO] PluginManage:310 - Check plugin power
2025-08-09 15:50:52,450 [INFO] PluginManage:359 - Loaded plugin power (category:power,tabindex:4)
2025-08-09 15:50:52,450 [INFO] PluginManage:310 - Check plugin projectmanager
2025-08-09 15:50:52,462 [INFO] PluginManage:359 - Loaded plugin projectmanager (category:projectmanager,tabindex:4)
2025-08-09 15:50:52,462 [INFO] PluginManage:310 - Check plugin rif
2025-08-09 15:50:52,469 [INFO] PluginManage:359 - Loaded plugin rif (category:base,tabindex:3)
2025-08-09 15:50:52,469 [INFO] PluginManage:310 - Check plugin thirdparty
2025-08-09 15:50:52,579 [WARN] IntegrityCheckThread:84 - waiting for thirdparty lock release [integrity check]
2025-08-09 15:50:52,579 [INFO] PluginManage:359 - Loaded plugin thirdparty (category:base,tabindex:-1)
2025-08-09 15:50:52,579 [INFO] IntegrityCheckThread:86 - entering critical section [integrity check]
2025-08-09 15:50:52,579 [INFO] PluginManage:310 - Check plugin tools
2025-08-09 15:50:52,579 [INFO] ThirdPartyUpdaterWithRetryManager:70 - Updater plugin not ready yet. [1/15]
2025-08-09 15:50:52,582 [INFO] PluginManage:359 - Loaded plugin tools (category:base,tabindex:7)
2025-08-09 15:50:52,582 [INFO] PluginManage:310 - Check plugin tutovideos
2025-08-09 15:50:52,757 [INFO] PluginManage:359 - Loaded plugin tutovideos (category:base,tabindex:-1)
2025-08-09 15:50:52,757 [INFO] PluginManage:310 - Check plugin updater
2025-08-09 15:50:52,778 [INFO] PluginManage:359 - Loaded plugin updater (category:base,tabindex:12)
2025-08-09 15:50:52,778 [INFO] PluginManage:310 - Check plugin userauth
2025-08-09 15:50:52,783 [INFO] UserAuth:118 - Init User Auth plugin
2025-08-09 15:50:52,783 [INFO] PluginManage:359 - Loaded plugin userauth (category:base,tabindex:14)
2025-08-09 15:50:52,784 [INFO] PluginManage:283 - PluginManage : Loaded plugins [18]
2025-08-09 15:50:52,972 [INFO] PinOutPanel:1589 - setPackage(No Configuration,No Configuration)
2025-08-09 15:50:53,047 [INFO] CADModel:165 - CPN selected for project level
2025-08-09 15:50:53,048 [INFO] CADModel:114 - Register for checkConnection events
2025-08-09 15:50:53,066 [INFO] IPUIPlugin:80 - create IPUIPlugin
2025-08-09 15:50:53,066 [INFO] PluginManager:220 - loadIPPluginJar : add adc
2025-08-09 15:50:53,071 [INFO] IPUIPlugin:80 - create IPUIPlugin
2025-08-09 15:50:53,071 [INFO] PluginManager:220 - loadIPPluginJar : add aes
2025-08-09 15:50:53,073 [INFO] IPUIPlugin:80 - create IPUIPlugin
2025-08-09 15:50:53,073 [INFO] PluginManager:220 - loadIPPluginJar : add can
2025-08-09 15:50:53,074 [INFO] IPUIPlugin:80 - create IPUIPlugin
2025-08-09 15:50:53,074 [INFO] PluginManager:220 - loadIPPluginJar : add comp
2025-08-09 15:50:53,077 [INFO] IPUIPlugin:80 - create IPUIPlugin
2025-08-09 15:50:53,077 [INFO] PluginManager:220 - loadIPPluginJar : add cryp
2025-08-09 15:50:53,081 [INFO] IPUIPlugin:80 - create IPUIPlugin
2025-08-09 15:50:53,082 [INFO] PluginManager:220 - loadIPPluginJar : add ddr_ctrl_phy
2025-08-09 15:50:53,084 [INFO] IPUIPlugin:80 - create IPUIPlugin
2025-08-09 15:50:53,084 [INFO] PluginManager:220 - loadIPPluginJar : add dfsdm
2025-08-09 15:50:53,089 [INFO] IPUIPlugin:80 - create IPUIPlugin
2025-08-09 15:50:53,090 [INFO] PluginManager:220 - loadIPPluginJar : add dma
2025-08-09 15:50:53,093 [INFO] IPUIPlugin:80 - create IPUIPlugin
2025-08-09 15:50:53,093 [INFO] PluginManager:220 - loadIPPluginJar : add dma3
2025-08-09 15:50:53,096 [INFO] IPUIPlugin:80 - create IPUIPlugin
2025-08-09 15:50:53,096 [INFO] PluginManager:220 - loadIPPluginJar : add extmemmanager
2025-08-09 15:50:53,098 [INFO] IPUIPlugin:80 - create IPUIPlugin
2025-08-09 15:50:53,098 [INFO] PluginManager:220 - loadIPPluginJar : add fatfs
2025-08-09 15:50:53,102 [INFO] IPUIPlugin:80 - create IPUIPlugin
2025-08-09 15:50:53,102 [INFO] PluginManager:220 - loadIPPluginJar : add fmc
2025-08-09 15:50:53,109 [INFO] IPUIPlugin:80 - create IPUIPlugin
2025-08-09 15:50:53,109 [INFO] PluginManager:220 - loadIPPluginJar : add freertos
2025-08-09 15:50:53,110 [INFO] IPUIPlugin:80 - create IPUIPlugin
2025-08-09 15:50:53,110 [INFO] PluginManager:220 - loadIPPluginJar : add genericplugin
2025-08-09 15:50:53,114 [INFO] IPUIPlugin:80 - create IPUIPlugin
2025-08-09 15:50:53,115 [INFO] PluginManager:220 - loadIPPluginJar : add gfxmmu
2025-08-09 15:50:53,118 [INFO] IPUIPlugin:80 - create IPUIPlugin
2025-08-09 15:50:53,119 [INFO] PluginManager:220 - loadIPPluginJar : add gic
2025-08-09 15:50:53,123 [INFO] IPUIPlugin:80 - create IPUIPlugin
2025-08-09 15:50:53,123 [INFO] PluginManager:220 - loadIPPluginJar : add gpio
2025-08-09 15:50:53,126 [INFO] IPUIPlugin:80 - create IPUIPlugin
2025-08-09 15:50:53,126 [INFO] PluginManager:220 - loadIPPluginJar : add gtzc
2025-08-09 15:50:53,129 [INFO] IPUIPlugin:80 - create IPUIPlugin
2025-08-09 15:50:53,130 [INFO] PluginManager:220 - loadIPPluginJar : add hash
2025-08-09 15:50:53,133 [INFO] IPUIPlugin:80 - create IPUIPlugin
2025-08-09 15:50:53,133 [INFO] PluginManager:220 - loadIPPluginJar : add i2c
2025-08-09 15:50:53,136 [INFO] IPUIPlugin:80 - create IPUIPlugin
2025-08-09 15:50:53,136 [INFO] PluginManager:220 - loadIPPluginJar : add i2s
2025-08-09 15:50:53,138 [INFO] IPUIPlugin:80 - create IPUIPlugin
2025-08-09 15:50:53,138 [INFO] PluginManager:220 - loadIPPluginJar : add i3c
2025-08-09 15:50:53,142 [INFO] IPUIPlugin:80 - create IPUIPlugin
2025-08-09 15:50:53,142 [INFO] PluginManager:220 - loadIPPluginJar : add ipddr
2025-08-09 15:50:53,149 [INFO] IPUIPlugin:80 - create IPUIPlugin
2025-08-09 15:50:53,149 [INFO] PluginManager:220 - loadIPPluginJar : add linkedlist
2025-08-09 15:50:53,152 [INFO] IPUIPlugin:80 - create IPUIPlugin
2025-08-09 15:50:53,153 [INFO] PluginManager:220 - loadIPPluginJar : add lorawan
2025-08-09 15:50:53,154 [INFO] IPUIPlugin:80 - create IPUIPlugin
2025-08-09 15:50:53,154 [INFO] PluginManager:220 - loadIPPluginJar : add ltdc
2025-08-09 15:50:53,162 [INFO] IPUIPlugin:80 - create IPUIPlugin
2025-08-09 15:50:53,162 [INFO] PluginManager:220 - loadIPPluginJar : add mdma
2025-08-09 15:50:53,167 [INFO] IPUIPlugin:80 - create IPUIPlugin
2025-08-09 15:50:53,167 [INFO] PluginManager:220 - loadIPPluginJar : add nvic
2025-08-09 15:50:53,170 [INFO] IPUIPlugin:80 - create IPUIPlugin
2025-08-09 15:50:53,170 [INFO] PluginManager:220 - loadIPPluginJar : add opamp
2025-08-09 15:50:53,172 [INFO] IPUIPlugin:80 - create IPUIPlugin
2025-08-09 15:50:53,172 [INFO] PluginManager:220 - loadIPPluginJar : add openamp
2025-08-09 15:50:53,177 [INFO] IPUIPlugin:80 - create IPUIPlugin
2025-08-09 15:50:53,177 [INFO] PluginManager:220 - loadIPPluginJar : add pdm2pcm
2025-08-09 15:50:53,181 [INFO] IPUIPlugin:80 - create IPUIPlugin
2025-08-09 15:50:53,183 [INFO] PluginManager:220 - loadIPPluginJar : add plateformsettings
2025-08-09 15:50:53,184 [INFO] IPUIPlugin:80 - create IPUIPlugin
2025-08-09 15:50:53,184 [INFO] PluginManager:220 - loadIPPluginJar : add quadspi
2025-08-09 15:50:53,186 [INFO] IPUIPlugin:80 - create IPUIPlugin
2025-08-09 15:50:53,186 [INFO] PluginManager:220 - loadIPPluginJar : add radio
2025-08-09 15:50:53,189 [INFO] IPUIPlugin:80 - create IPUIPlugin
2025-08-09 15:50:53,189 [INFO] PluginManager:220 - loadIPPluginJar : add resmgrutility
2025-08-09 15:50:53,191 [INFO] IPUIPlugin:80 - create IPUIPlugin
2025-08-09 15:50:53,191 [INFO] PluginManager:220 - loadIPPluginJar : add sai
2025-08-09 15:50:53,193 [INFO] IPUIPlugin:80 - create IPUIPlugin
2025-08-09 15:50:53,193 [INFO] PluginManager:220 - loadIPPluginJar : add spi
2025-08-09 15:50:53,197 [INFO] IPUIPlugin:80 - create IPUIPlugin
2025-08-09 15:50:53,198 [INFO] PluginManager:220 - loadIPPluginJar : add stm32_wpan
2025-08-09 15:50:53,199 [INFO] IPUIPlugin:80 - create IPUIPlugin
2025-08-09 15:50:53,199 [INFO] PluginManager:220 - loadIPPluginJar : add tim
2025-08-09 15:50:53,201 [INFO] IPUIPlugin:80 - create IPUIPlugin
2025-08-09 15:50:53,201 [INFO] PluginManager:220 - loadIPPluginJar : add touchsensing
2025-08-09 15:50:53,203 [INFO] IPUIPlugin:80 - create IPUIPlugin
2025-08-09 15:50:53,204 [INFO] PluginManager:220 - loadIPPluginJar : add tracer_emb
2025-08-09 15:50:53,206 [INFO] IPUIPlugin:80 - create IPUIPlugin
2025-08-09 15:50:53,206 [INFO] PluginManager:220 - loadIPPluginJar : add ts
2025-08-09 15:50:53,208 [INFO] IPUIPlugin:80 - create IPUIPlugin
2025-08-09 15:50:53,208 [INFO] PluginManager:220 - loadIPPluginJar : add tsc
2025-08-09 15:50:53,210 [INFO] IPUIPlugin:80 - create IPUIPlugin
2025-08-09 15:50:53,210 [INFO] PluginManager:220 - loadIPPluginJar : add ucpd
2025-08-09 15:50:53,212 [INFO] IPUIPlugin:80 - create IPUIPlugin
2025-08-09 15:50:53,212 [INFO] PluginManager:220 - loadIPPluginJar : add usart
2025-08-09 15:50:53,216 [INFO] IPUIPlugin:80 - create IPUIPlugin
2025-08-09 15:50:53,216 [INFO] PluginManager:220 - loadIPPluginJar : add usbx
2025-08-09 15:50:53,325 [FATAL] Updater:351 - Updater called before beeing initialized
2025-08-09 15:50:53,362 [INFO] RulesReader:64 - Compatibility file has been processed (317 Rules)
2025-08-09 15:50:53,371 [INFO] RulesReader:64 - Compatibility file has been processed (317 Rules)
2025-08-09 15:50:53,381 [INFO] CADModel:165 - CPN selected for project level
2025-08-09 15:50:53,381 [INFO] CADModel:114 - Register for checkConnection events
2025-08-09 15:50:53,381 [FATAL] Updater:351 - Updater called before beeing initialized
2025-08-09 15:50:53,381 [ERROR] CADModel:125 - Updater not yet initialized, retry later 
2025-08-09 15:50:53,546 [FATAL] Updater:351 - Updater called before beeing initialized
2025-08-09 15:50:53,549 [INFO] CADModel:165 - CPN selected for project level
2025-08-09 15:50:53,549 [INFO] CADModel:114 - Register for checkConnection events
2025-08-09 15:50:53,549 [FATAL] Updater:351 - Updater called before beeing initialized
2025-08-09 15:50:53,549 [ERROR] CADModel:125 - Updater not yet initialized, retry later 
2025-08-09 15:50:53,554 [FATAL] Updater:351 - Updater called before beeing initialized
2025-08-09 15:50:53,649 [FATAL] Updater:351 - Updater called before beeing initialized
2025-08-09 15:50:53,652 [INFO] DbMcusAds:53 - JSON generation date=Tue Jul 08 13:44:23 IST 2025 (1751962463582)
2025-08-09 15:50:53,652 [FATAL] Updater:351 - Updater called before beeing initialized
2025-08-09 15:50:53,679 [WARN] DetailPanel:346 - Failed to get advertising image, set to default
2025-08-09 15:50:53,734 [FATAL] Updater:351 - Updater called before beeing initialized
2025-08-09 15:50:53,736 [FATAL] Updater:351 - Updater called before beeing initialized
2025-08-09 15:50:53,736 [FATAL] Updater:351 - Updater called before beeing initialized
2025-08-09 15:50:53,736 [WARN] DetailPanel:346 - Failed to get advertising image, set to default
2025-08-09 15:50:53,736 [FATAL] Updater:351 - Updater called before beeing initialized
2025-08-09 15:50:53,795 [ERROR] Updater:1198 - MainUpdater not yet initialized. External WinMGr cannot be set.
2025-08-09 15:50:53,797 [INFO] Updater:1134 - Updater Version found : 6.15.0
2025-08-09 15:50:53,811 [INFO] ApplicationProperties:184 - Using Application install path: C:\ST\STM32CubeIDE_1.19.0\STM32CubeIDE\plugins\com.st.stm32cube.common.mx_6.15.0.202507011659
2025-08-09 15:50:55,379 [ERROR] LogOutputStream:75 - [STDERR_REDIRECT] Aug 09, 2025 3:50:55 PM java.util.prefs.WindowsPreferences <init>
2025-08-09 15:50:55,380 [ERROR] LogOutputStream:75 - [STDERR_REDIRECT] WARNING: Could not open/create prefs root node Software\JavaSoft\Prefs at root 0xffffffff80000002. Windows RegCreateKeyEx(...) returned error code 5.
2025-08-09 15:50:55,380 [ERROR] LogOutputStream:75 - [STDERR_REDIRECT] 
2025-08-09 15:50:55,581 [INFO] ThirdPartyUpdaterWithRetryManager:70 - Updater plugin not ready yet. [2/15]
2025-08-09 15:50:55,690 [INFO] MainUpdater:2872 - connection check result : 22
2025-08-09 15:50:55,691 [INFO] MainUpdater:289 - Updater Check For Update Now.
2025-08-09 15:50:55,691 [INFO] MicroXplorer:498 - Change Database Version : DB.6.0.150
2025-08-09 15:50:55,701 [INFO] McuFinderGlobals:63 - Set McuFinder mode to 2 (CubeIDE integrated)
2025-08-09 15:50:55,702 [INFO] UserAuth:487 - Internet connection configuration mode: 2
2025-08-09 15:50:55,725 [INFO] UserAuth:487 - Internet connection configuration mode: 2
2025-08-09 15:50:55,880 [INFO] CheckServerUpdateThread:120 - End of CheckServer Thread
2025-08-09 15:50:58,879 [WARN] PackLoader:240 - Cannot read IP mode file for STMicroelectronics.FP-SNS-MOTENVWB1.1.4.0
2025-08-09 15:50:58,888 [WARN] PackLoader:240 - Cannot read IP mode file for STMicroelectronics.FP-ATR-ASTRA1.2.0.2
2025-08-09 15:50:58,891 [WARN] PackLoader:240 - Cannot read IP mode file for STMicroelectronics.FP-ATR-ASTRA1.2.0.1
2025-08-09 15:50:58,900 [WARN] PackLoader:240 - Cannot read IP mode file for STMicroelectronics.X-CUBE-SMBUS.2.1.0
2025-08-09 15:50:58,907 [WARN] PackLoader:240 - Cannot read IP mode file for STMicroelectronics.X-CUBE-WB05N.1.1.0
2025-08-09 15:50:58,912 [WARN] PackLoader:240 - Cannot read IP mode file for STMicroelectronics.X-CUBE-ST60.1.0.0
2025-08-09 15:50:58,935 [WARN] PackLoader:240 - Cannot read IP mode file for STMicroelectronics.X-CUBE-AZRTOS-F7.1.1.0
2025-08-09 15:50:58,982 [WARN] PackLoader:240 - Cannot read IP mode file for STMicroelectronics.X-CUBE-MEMS1.11.0.0
2025-08-09 15:50:59,114 [WARN] PackLoader:240 - Cannot read IP mode file for STMicroelectronics.FP-SNS-FLIGHT1.5.0.2
2025-08-09 15:50:59,139 [WARN] PackLoader:240 - Cannot read IP mode file for STMicroelectronics.X-CUBE-AZRTOS-H7.3.4.0
2025-08-09 15:50:59,148 [WARN] PackLoader:240 - Cannot read IP mode file for STMicroelectronics.X-CUBE-DISPLAY.3.0.0
2025-08-09 15:50:59,157 [WARN] PackLoader:240 - Cannot read IP mode file for STMicroelectronics.X-CUBE-BLE1.7.0.0
2025-08-09 15:50:59,164 [WARN] PackLoader:240 - Cannot read IP mode file for STMicroelectronics.X-CUBE-NFC10.1.0.0
2025-08-09 15:50:59,172 [WARN] PackLoader:240 - Cannot read IP mode file for STMicroelectronics.X-CUBE-BLEMGR.4.0.0
2025-08-09 15:50:59,178 [WARN] PackLoader:240 - Cannot read IP mode file for emotas.I-CUBE-CANOPEN.1.3.0
2025-08-09 15:50:59,183 [WARN] PackLoader:240 - Cannot read IP mode file for STMicroelectronics.X-CUBE-BLEMGR.3.1.0
2025-08-09 15:50:59,189 [WARN] PackLoader:240 - Cannot read IP mode file for STMicroelectronics.X-CUBE-AI.10.0.0
2025-08-09 15:50:59,194 [WARN] PackLoader:240 - Cannot read IP mode file for STMicroelectronics.FP-SNS-STBOX1.2.1.0
2025-08-09 15:50:59,198 [WARN] PackLoader:240 - Cannot read IP mode file for STMicroelectronics.FP-SNS-SMARTAG2.1.2.0
2025-08-09 15:50:59,201 [WARN] PackLoader:240 - Cannot read IP mode file for STMicroelectronics.FP-SNS-FLIGHT1.5.1.0
2025-08-09 15:50:59,230 [WARN] PackLoader:240 - Cannot read IP mode file for STMicroelectronics.X-CUBE-MEMS1.11.1.0
2025-08-09 15:50:59,301 [INFO] LogOutputStream:77 - [STDOUT_REDIRECT] 1 : Invalid condition id : UX_CORESTACK_Condition cause : null
2025-08-09 15:50:59,301 [INFO] LogOutputStream:77 - [STDOUT_REDIRECT] 1 : Invalid condition id : UX_CORESTACK_Condition cause : null
2025-08-09 15:50:59,303 [INFO] LogOutputStream:77 - [STDOUT_REDIRECT] 1 : Invalid condition id : UX_CORESTACK_Condition cause : null
2025-08-09 15:50:59,304 [INFO] LogOutputStream:77 - [STDOUT_REDIRECT] 1 : Invalid condition id : UX_CORESTACK_Condition cause : null
2025-08-09 15:50:59,305 [INFO] LogOutputStream:77 - [STDOUT_REDIRECT] 1 : Invalid condition id : UX_CORESTACK_Condition cause : null
2025-08-09 15:50:59,306 [WARN] PackLoader:240 - Cannot read IP mode file for STMicroelectronics.X-CUBE-AZRTOS-WL.2.0.0
2025-08-09 15:50:59,311 [WARN] PackLoader:240 - Cannot read IP mode file for STMicroelectronics.FP-SNS-MOTENV1.5.0.0
2025-08-09 15:50:59,314 [WARN] PackLoader:240 - Cannot read IP mode file for wolfSSL.I-CUBE-wolfMQTT.1.19.0
2025-08-09 15:50:59,320 [WARN] PackLoader:240 - Cannot read IP mode file for WES.I-CUBE-Cesium.1.3.0
2025-08-09 15:50:59,325 [WARN] PackLoader:240 - Cannot read IP mode file for STMicroelectronics.X-CUBE-BLE2.3.3.0
2025-08-09 15:50:59,331 [WARN] PackLoader:240 - Cannot read IP mode file for STMicroelectronics.X-CUBE-NFC9.1.0.0
2025-08-09 15:50:59,334 [WARN] PackLoader:240 - Cannot read IP mode file for STMicroelectronics.X-CUBE-BLE1.7.1.0
2025-08-09 15:50:59,340 [WARN] PackLoader:240 - Cannot read IP mode file for STMicroelectronics.X-CUBE-TCPP.4.1.0
2025-08-09 15:50:59,345 [WARN] PackLoader:240 - Cannot read IP mode file for STMicroelectronics.X-CUBE-EEPRMA1.5.2.0
2025-08-09 15:50:59,349 [WARN] PackLoader:240 - Cannot read IP mode file for STMicroelectronics.X-CUBE-AI.10.1.0
2025-08-09 15:50:59,374 [WARN] PackLoader:240 - Cannot read IP mode file for STMicroelectronics.X-CUBE-MEMS1.11.2.0
2025-08-09 15:50:59,421 [WARN] PackLoader:240 - Cannot read IP mode file for STMicroelectronics.X-CUBE-AZRTOS-G0.1.1.0
2025-08-09 15:50:59,426 [WARN] PackLoader:240 - Cannot read IP mode file for STMicroelectronics.X-CUBE-SAFEA1.1.2.2
2025-08-09 15:50:59,430 [WARN] PackLoader:240 - Cannot read IP mode file for STMicroelectronics.X-CUBE-NFC4.3.0.0
2025-08-09 15:50:59,437 [WARN] PackLoader:240 - Cannot read IP mode file for EmbeddedOffice.I-CUBE-FS-RTOS.1.0.1
2025-08-09 15:50:59,441 [WARN] PackLoader:240 - Cannot read IP mode file for STMicroelectronics.X-CUBE-WB05N.2.0.0
2025-08-09 15:50:59,446 [WARN] PackLoader:240 - Cannot read IP mode file for STMicroelectronics.X-CUBE-TCPP.4.2.0
2025-08-09 15:50:59,451 [WARN] PackLoader:240 - Cannot read IP mode file for RealThread.X-CUBE-RT-Thread_Nano.4.1.1
2025-08-09 15:50:59,454 [WARN] PackLoader:240 - Cannot read IP mode file for STMicroelectronics.FP-ATR-SIGFOX1.3.2.0
2025-08-09 15:50:59,456 [WARN] ConditionMgr:438 - getConditionDescription Invalid condition id : Cortex-A Device cause : null
2025-08-09 15:50:59,470 [WARN] ConditionMgr:1044 - genDependencies : Invalid condition id : Cortex-A Device cause : null
2025-08-09 15:50:59,470 [WARN] ConditionMgr:1044 - genDependencies : Invalid condition id : Cortex-A Device cause : null
2025-08-09 15:50:59,470 [WARN] ConditionMgr:1044 - genDependencies : Invalid condition id : Cortex-A Device cause : null
2025-08-09 15:50:59,473 [WARN] PackLoader:240 - Cannot read IP mode file for STMicroelectronics.X-CUBE-EEPRMA1.5.1.0
2025-08-09 15:50:59,478 [WARN] PackLoader:240 - Cannot read IP mode file for wolfSSL.I-CUBE-wolfSSL.5.7.4
2025-08-09 15:50:59,483 [WARN] PackLoader:240 - Cannot read IP mode file for ITTIA_DB.I-CUBE-ITTIADB.8.9.0
2025-08-09 15:50:59,487 [WARN] PackLoader:240 - Cannot read IP mode file for STMicroelectronics.X-CUBE-ST67W61.1.0.0
2025-08-09 15:50:59,490 [WARN] PackLoader:240 - Cannot read IP mode file for STMicroelectronics.X-CUBE-AI.10.2.0
2025-08-09 15:50:59,503 [WARN] PackLoader:240 - Cannot read IP mode file for SEGGER.I-CUBE-embOS.1.3.1
2025-08-09 15:50:59,535 [WARN] PackLoader:240 - Cannot read IP mode file for STMicroelectronics.X-CUBE-ALGOBUILD.1.4.0
2025-08-09 15:50:59,590 [WARN] PackLoader:240 - Cannot read IP mode file for STMicroelectronics.X-CUBE-MEMS1.11.3.0
2025-08-09 15:50:59,660 [WARN] PackLoader:240 - Cannot read IP mode file for STMicroelectronics.X-CUBE-AI.9.1.0
2025-08-09 15:50:59,664 [WARN] PackLoader:240 - Cannot read IP mode file for STMicroelectronics.X-CUBE-PM33A1.1.0.0
2025-08-09 15:50:59,671 [WARN] PackLoader:240 - Cannot read IP mode file for STMicroelectronics.X-CUBE-AZRTOS-F4.1.1.0
2025-08-09 15:50:59,675 [WARN] PackLoader:240 - Cannot read IP mode file for Avnet-IotConnect.X-CUBE-IoTC-DA16k-PMOD.1.0.0
2025-08-09 15:50:59,679 [WARN] PackLoader:240 - Cannot read IP mode file for STMicroelectronics.X-CUBE-ISPU.2.1.0
2025-08-09 15:50:59,682 [WARN] PackLoader:240 - Cannot read IP mode file for STMicroelectronics.X-CUBE-FREERTOS.1.2.0
2025-08-09 15:50:59,686 [WARN] PackLoader:240 - Cannot read IP mode file for STMicroelectronics.X-CUBE-NFC12.1.0.0
2025-08-09 15:50:59,706 [WARN] PackLoader:240 - Cannot read IP mode file for STMicroelectronics.X-CUBE-AZRTOS-L5.2.0.0
2025-08-09 15:50:59,713 [WARN] PackLoader:240 - Cannot read IP mode file for STMicroelectronics.X-CUBE-NFC6.3.1.0
2025-08-09 15:50:59,718 [WARN] PackLoader:240 - Cannot read IP mode file for STMicroelectronics.X-CUBE-DPower.1.2.0
2025-08-09 15:50:59,722 [WARN] PackLoader:240 - Cannot read IP mode file for STMicroelectronics.X-CUBE-FREERTOS.1.3.1
2025-08-09 15:50:59,726 [WARN] PackLoader:240 - Cannot read IP mode file for STMicroelectronics.X-CUBE-FREERTOS.1.3.0
2025-08-09 15:50:59,731 [WARN] PackLoader:240 - Cannot read IP mode file for STMicroelectronics.X-CUBE-NFC7.1.0.1
2025-08-09 15:50:59,737 [WARN] PackLoader:240 - Cannot read IP mode file for STMicroelectronics.FP-SNS-STAIOTCFT.1.0.0
2025-08-09 15:50:59,741 [WARN] PackLoader:240 - Cannot read IP mode file for STMicroelectronics.X-CUBE-DPower.1.3.0
2025-08-09 15:50:59,753 [WARN] ConditionMgr:438 - getConditionDescription Invalid condition id : LAN8742 Phy interface Condition cause : null
2025-08-09 15:50:59,753 [WARN] PackLoader:240 - Cannot read IP mode file for STMicroelectronics.X-CUBE-AZRTOS-L4.2.0.0
2025-08-09 15:50:59,754 [WARN] ConditionMgr:1044 - genDependencies : Invalid condition id : LAN8742 Phy interface Condition cause : null
2025-08-09 15:50:59,754 [WARN] ConditionMgr:1044 - genDependencies : Invalid condition id : LAN8742 Phy interface Condition cause : null
2025-08-09 15:50:59,755 [WARN] ConditionMgr:1044 - genDependencies : Invalid condition id : LAN8742 Phy interface Condition cause : null
2025-08-09 15:50:59,759 [WARN] PackLoader:240 - Cannot read IP mode file for STMicroelectronics.X-CUBE-SFXS2LP1.4.0.0
2025-08-09 15:50:59,769 [WARN] PackLoader:240 - Cannot read IP mode file for STMicroelectronics.X-CUBE-AZRTOS-H7.3.3.0
2025-08-09 15:50:59,777 [WARN] PackLoader:240 - Cannot read IP mode file for STMicroelectronics.X-CUBE-BLEMGR.4.1.0
2025-08-09 15:50:59,784 [WARN] PackLoader:240 - Cannot read IP mode file for STMicroelectronics.X-CUBE-IPS.3.0.0
2025-08-09 15:50:59,791 [WARN] ConditionMgr:438 - getConditionDescription Invalid condition id : UX DEVICE CLASS RTOS Condition cause : null
2025-08-09 15:50:59,791 [WARN] ConditionMgr:438 - getConditionDescription Invalid condition id : UX DEVICE CLASS RTOS Condition cause : null
2025-08-09 15:50:59,791 [WARN] PackLoader:240 - Cannot read IP mode file for STMicroelectronics.X-CUBE-AZRTOS-WB.2.0.0
2025-08-09 15:50:59,792 [WARN] ConditionMgr:1044 - genDependencies : Invalid condition id : UX DEVICE CLASS RTOS Condition cause : null
2025-08-09 15:50:59,792 [WARN] ConditionMgr:1044 - genDependencies : Invalid condition id : UX DEVICE CLASS RTOS Condition cause : null
2025-08-09 15:50:59,792 [WARN] ConditionMgr:1044 - genDependencies : Invalid condition id : UX DEVICE CLASS RTOS Condition cause : null
2025-08-09 15:50:59,792 [WARN] ConditionMgr:1044 - genDependencies : Invalid condition id : UX DEVICE CLASS RTOS Condition cause : null
2025-08-09 15:50:59,792 [WARN] ConditionMgr:1044 - genDependencies : Invalid condition id : UX DEVICE CLASS RTOS Condition cause : null
2025-08-09 15:50:59,796 [WARN] PackLoader:240 - Cannot read IP mode file for STMicroelectronics.X-CUBE-GNSS1.7.0.0
2025-08-09 15:50:59,799 [WARN] PackLoader:240 - Cannot read IP mode file for STMicroelectronics.X-CUBE-GNSS1.7.0.1
2025-08-09 15:50:59,802 [WARN] PackLoader:240 - Cannot read IP mode file for STMicroelectronics.X-CUBE-TOUCHGFX.4.25.0
2025-08-09 15:50:59,806 [WARN] PackLoader:240 - Cannot read IP mode file for STMicroelectronics.FP-SNS-STBOX1.2.0.0
2025-08-09 15:50:59,814 [WARN] PackLoader:240 - Cannot read IP mode file for STMicroelectronics.X-CUBE-SUBG2.5.0.0
2025-08-09 15:50:59,824 [WARN] PackLoader:240 - Cannot read IP mode file for STMicroelectronics.X-CUBE-AZRTOS-H7RS.1.1.0
2025-08-09 15:50:59,829 [WARN] PackLoader:240 - Cannot read IP mode file for Cesanta.I-CUBE-Mongoose.7.13.0
2025-08-09 15:50:59,836 [WARN] PackLoader:240 - Cannot read IP mode file for STMicroelectronics.X-CUBE-AZRTOS-G4.2.0.0
2025-08-09 15:50:59,840 [WARN] PackLoader:240 - Cannot read IP mode file for STMicroelectronics.X-CUBE-NFC7.2.0.0
2025-08-09 15:50:59,848 [WARN] PackLoader:240 - Cannot read IP mode file for STMicroelectronics.X-CUBE-IPS.3.1.0
2025-08-09 15:50:59,852 [WARN] PackLoader:240 - Cannot read IP mode file for STMicroelectronics.X-CUBE-ALS.1.0.2
2025-08-09 15:50:59,854 [WARN] PackLoader:240 - Cannot read IP mode file for STMicroelectronics.X-CUBE-TOUCHGFX.4.24.1
2025-08-09 15:50:59,858 [WARN] PackLoader:240 - Cannot read IP mode file for wolfSSL.I-CUBE-wolfTPM.3.4.0
2025-08-09 15:50:59,862 [WARN] PackLoader:240 - Cannot read IP mode file for portGmbH.I-Cube-SoM-uGOAL.1.1.0
2025-08-09 15:50:59,870 [WARN] PackLoader:240 - Cannot read IP mode file for STMicroelectronics.X-CUBE-AZRTOS-H7RS.1.0.0
2025-08-09 15:50:59,876 [WARN] PackLoader:240 - Cannot read IP mode file for STMicroelectronics.X-CUBE-TOF1.3.4.2
2025-08-09 15:50:59,886 [WARN] PackLoader:240 - Cannot read IP mode file for STMicroelectronics.X-CUBE-TOF1.3.4.3
2025-08-09 15:50:59,908 [WARN] PackLoader:240 - Cannot read IP mode file for Infineon.AIROC-Wi-Fi-Bluetooth-STM32.1.6.1
2025-08-09 15:50:59,914 [WARN] PackLoader:240 - Cannot read IP mode file for wolfSSL.I-CUBE-wolfSSH.1.4.17
2025-08-09 15:50:59,915 [INFO] ThirdParty:978 - Integrity check success = true
2025-08-09 15:50:59,915 [INFO] IntegrityCheckThread:100 - exiting critical section [integrity check]
2025-08-09 15:50:59,915 [INFO] IntegrityCheckThread:103 - End integrity checks thread
2025-08-09 16:25:58,378 [ERROR] ConfigurationRetriever:142 - IOException on connection: sw-center.st.com
2025-08-09 16:25:58,380 [ERROR] ConfigurationRetriever:142 - IOException on connection: sw-center.st.com
2025-08-09 16:25:58,380 [ERROR] ConfigurationRetriever:142 - IOException on connection: sw-center.st.com
2025-08-09 20:59:54,179 [ERROR] ConfigurationRetriever:142 - IOException on connection: sw-center.st.com
2025-08-09 20:59:54,181 [ERROR] ConfigurationRetriever:142 - IOException on connection: sw-center.st.com
2025-08-09 20:59:54,181 [ERROR] ConfigurationRetriever:142 - IOException on connection: sw-center.st.com
2025-08-09 20:59:56,630 [ERROR] LogOutputStream:75 - [STDERR_REDIRECT] 
