2025-08-08 00:10:10,182 [ERROR] LogOutputStream:75 - [STDERR_REDIRECT] 
2025-08-08 12:07:59,836 [INFO] Activator:176 - 


2025-08-08 12:07:59,836 [INFO] Activator:177 - !SESSION log4j initialized
2025-08-08 12:08:04,946 [INFO] LogOutputStream:77 - [STDOUT_REDIRECT] 
2025-08-08 12:08:05,713 [INFO] ApplicationProperties:184 - Using Application install path: C:\ST\STM32CubeIDE_1.19.0\STM32CubeIDE\plugins\com.st.stm32cube.common.mx_6.15.0.202507011659
2025-08-08 12:08:05,728 [INFO] DbMcusXml:78 - Set database path to: C:\ST\STM32CubeIDE_1.19.0\STM32CubeIDE\plugins\com.st.stm32cube.common.mx_6.15.0.202507011659\\db\/mcu/
2025-08-08 12:08:05,728 [INFO] ApiDb:274 - Set plugin database path to: C:\ST\STM32CubeIDE_1.19.0\STM32CubeIDE\plugins\com.st.stm32cube.common.mx_6.15.0.202507011659\\db\/plugins/boardmanager/
2025-08-08 12:08:05,729 [WARN] ApiDb:259 - Overriding images path with different value:  => C:\ST\STM32CubeIDE_1.19.0\STM32CubeIDE\plugins\com.st.stm32cube.common.mx_6.15.0.202507011659\\db\/plugins/mcufinder/images/
2025-08-08 12:08:05,736 [INFO] ApiDb:250 - Set database path to: C:\Users\sheet\.stmcufinder\plugins\mcufinder//mcu/
2025-08-08 12:08:05,737 [INFO] DbMcusAds:125 - Set database path to: C:\Users\sheet\.stmcufinder\plugins\mcufinder//mcu/
2025-08-08 12:08:05,738 [INFO] CrossReferenceDbSqlite:203 - Set database path to: C:\Users\sheet\.stmcufinder\plugins\mcufinder//mcu/cs/
2025-08-08 12:08:05,826 [INFO] RulesReader:64 - Compatibility file has been processed (317 Rules)
2025-08-08 12:08:05,884 [INFO] DbMcusXml:78 - Set database path to: C:\ST\STM32CubeIDE_1.19.0\STM32CubeIDE\plugins\com.st.stm32cube.common.mx_6.15.0.202507011659\\db\/mcu/
2025-08-08 12:08:05,884 [INFO] ApiDb:274 - Set plugin database path to: C:\ST\STM32CubeIDE_1.19.0\STM32CubeIDE\plugins\com.st.stm32cube.common.mx_6.15.0.202507011659\\db\/plugins/boardmanager/
2025-08-08 12:08:05,885 [INFO] ApiDb:261 - Set plugin images path to: C:\ST\STM32CubeIDE_1.19.0\STM32CubeIDE\plugins\com.st.stm32cube.common.mx_6.15.0.202507011659\\db\/plugins/mcufinder/images/
2025-08-08 12:08:05,885 [WARN] DbFile:41 - Overriding database path with different value: C:\Users\sheet\.stmcufinder\plugins\mcufinder/ => C:\Users\sheet\.stmcufinder\plugins\mcufinder
2025-08-08 12:08:05,885 [INFO] ApiDb:250 - Set database path to: C:\Users\sheet\.stmcufinder\plugins\mcufinder//mcu/
2025-08-08 12:08:05,885 [WARN] DbFile:41 - Overriding database path with different value: C:\Users\sheet\.stmcufinder\plugins\mcufinder/ => C:\Users\sheet\.stmcufinder\plugins\mcufinder
2025-08-08 12:08:05,885 [INFO] DbMcusAds:125 - Set database path to: C:\Users\sheet\.stmcufinder\plugins\mcufinder//mcu/
2025-08-08 12:08:05,885 [WARN] DbFile:41 - Overriding database path with different value: C:\Users\sheet\.stmcufinder\plugins\mcufinder/ => C:\Users\sheet\.stmcufinder\plugins\mcufinder
2025-08-08 12:08:05,885 [WARN] DbFile:41 - Overriding database path with different value: C:\Users\sheet\.stmcufinder\plugins\mcufinder/ => C:\Users\sheet\.stmcufinder\plugins\mcufinder
2025-08-08 12:08:05,885 [INFO] CrossReferenceDbSqlite:203 - Set database path to: C:\Users\sheet\.stmcufinder\plugins\mcufinder//mcu/cs/
2025-08-08 12:08:05,950 [INFO] MainPanel:274 - HeapMemory: 268435456
2025-08-08 12:08:06,029 [INFO] DbMcusXml:78 - Set database path to: C:\ST\STM32CubeIDE_1.19.0\STM32CubeIDE\plugins\com.st.stm32cube.common.mx_6.15.0.202507011659\\db\/mcu/
2025-08-08 12:08:06,029 [INFO] ApiDb:274 - Set plugin database path to: C:\ST\STM32CubeIDE_1.19.0\STM32CubeIDE\plugins\com.st.stm32cube.common.mx_6.15.0.202507011659\\db\/plugins/boardmanager/
2025-08-08 12:08:06,029 [INFO] ApiDb:261 - Set plugin images path to: C:\ST\STM32CubeIDE_1.19.0\STM32CubeIDE\plugins\com.st.stm32cube.common.mx_6.15.0.202507011659\\db\/plugins/mcufinder/images/
2025-08-08 12:08:06,029 [WARN] DbFile:41 - Overriding database path with different value: C:\Users\sheet\.stmcufinder\plugins\mcufinder/ => C:\Users\sheet\.stmcufinder\plugins\mcufinder
2025-08-08 12:08:06,029 [INFO] ApiDb:250 - Set database path to: C:\Users\sheet\.stmcufinder\plugins\mcufinder//mcu/
2025-08-08 12:08:06,029 [WARN] DbFile:41 - Overriding database path with different value: C:\Users\sheet\.stmcufinder\plugins\mcufinder/ => C:\Users\sheet\.stmcufinder\plugins\mcufinder
2025-08-08 12:08:06,030 [INFO] DbMcusAds:125 - Set database path to: C:\Users\sheet\.stmcufinder\plugins\mcufinder//mcu/
2025-08-08 12:08:06,030 [WARN] DbFile:41 - Overriding database path with different value: C:\Users\sheet\.stmcufinder\plugins\mcufinder/ => C:\Users\sheet\.stmcufinder\plugins\mcufinder
2025-08-08 12:08:06,030 [WARN] DbFile:41 - Overriding database path with different value: C:\Users\sheet\.stmcufinder\plugins\mcufinder/ => C:\Users\sheet\.stmcufinder\plugins\mcufinder
2025-08-08 12:08:06,030 [INFO] CrossReferenceDbSqlite:203 - Set database path to: C:\Users\sheet\.stmcufinder\plugins\mcufinder//mcu/cs/
2025-08-08 12:08:06,046 [INFO] ApplicationProperties:184 - Using Application install path: C:\ST\STM32CubeIDE_1.19.0\STM32CubeIDE\plugins\com.st.stm32cube.common.mx_6.15.0.202507011659
2025-08-08 12:08:06,047 [INFO] PluginManage:196 - Search for loadable plugins [exclusion list=, ]
2025-08-08 12:08:06,048 [INFO] PluginManage:310 - Check plugin analytics
2025-08-08 12:08:06,216 [INFO] AnalyticsPlugin:253 - Accepted Software Licenses: 
2025-08-08 12:08:06,217 [INFO] AnalyticsPlugin:255 - Accepted CMSIS Pack Licenses: 
2025-08-08 12:08:06,217 [INFO] AnalyticsPlugin:257 - Accepted Firmware Licenses: FW.F4.1.28.0
2025-08-08 12:08:06,219 [INFO] PluginManage:359 - Loaded plugin analytics (category:tool,tabindex:-1)
2025-08-08 12:08:06,219 [INFO] PluginManage:310 - Check plugin cadmodel
2025-08-08 12:08:06,225 [INFO] CADModel:105 - Init CAD model plugin
2025-08-08 12:08:06,225 [INFO] PluginManage:359 - Loaded plugin cadmodel (category:power,tabindex:5)
2025-08-08 12:08:06,225 [INFO] PluginManage:310 - Check plugin clock
2025-08-08 12:08:06,233 [INFO] PluginManage:359 - Loaded plugin clock (category:base,tabindex:2)
2025-08-08 12:08:06,234 [INFO] PluginManage:310 - Check plugin ddr
2025-08-08 12:08:06,235 [INFO] PluginManage:359 - Loaded plugin ddr (category:tool,tabindex:6)
2025-08-08 12:08:06,236 [INFO] PluginManage:310 - Check plugin filemanager
2025-08-08 12:08:06,348 [INFO] PluginManage:359 - Loaded plugin filemanager (category:base,tabindex:10)
2025-08-08 12:08:06,348 [INFO] PluginManage:310 - Check plugin ipmanager
2025-08-08 12:08:06,354 [INFO] PluginManage:359 - Loaded plugin ipmanager (category:base,tabindex:5)
2025-08-08 12:08:06,354 [INFO] PluginManage:310 - Check plugin lpbam
2025-08-08 12:08:06,362 [INFO] PluginManage:359 - Loaded plugin lpbam (category:base,tabindex:0)
2025-08-08 12:08:06,362 [INFO] PluginManage:310 - Check plugin memorymap
2025-08-08 12:08:06,374 [INFO] PluginManage:359 - Loaded plugin memorymap (category:base,tabindex:4)
2025-08-08 12:08:06,374 [INFO] PluginManage:310 - Check plugin pinoutandconfiguration
2025-08-08 12:08:06,382 [INFO] PluginManage:359 - Loaded plugin pinoutandconfiguration (category:base,tabindex:1)
2025-08-08 12:08:06,382 [INFO] PluginManage:310 - Check plugin pinoutconfig
2025-08-08 12:08:06,448 [WARN] SupportedApi:132 - Cannot load RTOS API schema: s4s-elt-must-match.1: The content of 'definitions' must match (annotation?, (simpleType | complexType)?, (unique | key | keyref)*)). A problem was found starting at: attribute.
2025-08-08 12:08:06,548 [INFO] PluginManage:359 - Loaded plugin pinoutconfig (category:base,tabindex:0)
2025-08-08 12:08:06,548 [INFO] PluginManage:310 - Check plugin power
2025-08-08 12:08:06,558 [INFO] PluginManage:359 - Loaded plugin power (category:power,tabindex:4)
2025-08-08 12:08:06,558 [INFO] PluginManage:310 - Check plugin projectmanager
2025-08-08 12:08:06,569 [INFO] PluginManage:359 - Loaded plugin projectmanager (category:projectmanager,tabindex:4)
2025-08-08 12:08:06,569 [INFO] PluginManage:310 - Check plugin rif
2025-08-08 12:08:06,576 [INFO] PluginManage:359 - Loaded plugin rif (category:base,tabindex:3)
2025-08-08 12:08:06,577 [INFO] PluginManage:310 - Check plugin thirdparty
2025-08-08 12:08:06,696 [INFO] PluginManage:359 - Loaded plugin thirdparty (category:base,tabindex:-1)
2025-08-08 12:08:06,696 [INFO] PluginManage:310 - Check plugin tools
2025-08-08 12:08:06,696 [WARN] IntegrityCheckThread:84 - waiting for thirdparty lock release [integrity check]
2025-08-08 12:08:06,696 [INFO] IntegrityCheckThread:86 - entering critical section [integrity check]
2025-08-08 12:08:06,697 [INFO] ThirdPartyUpdaterWithRetryManager:70 - Updater plugin not ready yet. [1/15]
2025-08-08 12:08:06,700 [INFO] PluginManage:359 - Loaded plugin tools (category:base,tabindex:7)
2025-08-08 12:08:06,700 [INFO] PluginManage:310 - Check plugin tutovideos
2025-08-08 12:08:06,863 [INFO] PluginManage:359 - Loaded plugin tutovideos (category:base,tabindex:-1)
2025-08-08 12:08:06,863 [INFO] PluginManage:310 - Check plugin updater
2025-08-08 12:08:06,882 [INFO] PluginManage:359 - Loaded plugin updater (category:base,tabindex:12)
2025-08-08 12:08:06,883 [INFO] PluginManage:310 - Check plugin userauth
2025-08-08 12:08:06,887 [INFO] UserAuth:118 - Init User Auth plugin
2025-08-08 12:08:06,887 [INFO] PluginManage:359 - Loaded plugin userauth (category:base,tabindex:14)
2025-08-08 12:08:06,888 [INFO] PluginManage:283 - PluginManage : Loaded plugins [18]
2025-08-08 12:08:07,049 [INFO] PinOutPanel:1589 - setPackage(No Configuration,No Configuration)
2025-08-08 12:08:07,117 [INFO] CADModel:165 - CPN selected for project level
2025-08-08 12:08:07,117 [INFO] CADModel:114 - Register for checkConnection events
2025-08-08 12:08:07,137 [INFO] IPUIPlugin:80 - create IPUIPlugin
2025-08-08 12:08:07,138 [INFO] PluginManager:220 - loadIPPluginJar : add adc
2025-08-08 12:08:07,142 [INFO] IPUIPlugin:80 - create IPUIPlugin
2025-08-08 12:08:07,142 [INFO] PluginManager:220 - loadIPPluginJar : add aes
2025-08-08 12:08:07,144 [INFO] IPUIPlugin:80 - create IPUIPlugin
2025-08-08 12:08:07,144 [INFO] PluginManager:220 - loadIPPluginJar : add can
2025-08-08 12:08:07,147 [INFO] IPUIPlugin:80 - create IPUIPlugin
2025-08-08 12:08:07,147 [INFO] PluginManager:220 - loadIPPluginJar : add comp
2025-08-08 12:08:07,150 [INFO] IPUIPlugin:80 - create IPUIPlugin
2025-08-08 12:08:07,150 [INFO] PluginManager:220 - loadIPPluginJar : add cryp
2025-08-08 12:08:07,154 [INFO] IPUIPlugin:80 - create IPUIPlugin
2025-08-08 12:08:07,154 [INFO] PluginManager:220 - loadIPPluginJar : add ddr_ctrl_phy
2025-08-08 12:08:07,158 [INFO] IPUIPlugin:80 - create IPUIPlugin
2025-08-08 12:08:07,158 [INFO] PluginManager:220 - loadIPPluginJar : add dfsdm
2025-08-08 12:08:07,163 [INFO] IPUIPlugin:80 - create IPUIPlugin
2025-08-08 12:08:07,163 [INFO] PluginManager:220 - loadIPPluginJar : add dma
2025-08-08 12:08:07,167 [INFO] IPUIPlugin:80 - create IPUIPlugin
2025-08-08 12:08:07,167 [INFO] PluginManager:220 - loadIPPluginJar : add dma3
2025-08-08 12:08:07,170 [INFO] IPUIPlugin:80 - create IPUIPlugin
2025-08-08 12:08:07,170 [INFO] PluginManager:220 - loadIPPluginJar : add extmemmanager
2025-08-08 12:08:07,172 [INFO] IPUIPlugin:80 - create IPUIPlugin
2025-08-08 12:08:07,172 [INFO] PluginManager:220 - loadIPPluginJar : add fatfs
2025-08-08 12:08:07,177 [INFO] IPUIPlugin:80 - create IPUIPlugin
2025-08-08 12:08:07,177 [INFO] PluginManager:220 - loadIPPluginJar : add fmc
2025-08-08 12:08:07,188 [INFO] IPUIPlugin:80 - create IPUIPlugin
2025-08-08 12:08:07,188 [INFO] PluginManager:220 - loadIPPluginJar : add freertos
2025-08-08 12:08:07,189 [INFO] IPUIPlugin:80 - create IPUIPlugin
2025-08-08 12:08:07,189 [INFO] PluginManager:220 - loadIPPluginJar : add genericplugin
2025-08-08 12:08:07,191 [INFO] IPUIPlugin:80 - create IPUIPlugin
2025-08-08 12:08:07,191 [INFO] PluginManager:220 - loadIPPluginJar : add gfxmmu
2025-08-08 12:08:07,195 [INFO] IPUIPlugin:80 - create IPUIPlugin
2025-08-08 12:08:07,195 [INFO] PluginManager:220 - loadIPPluginJar : add gic
2025-08-08 12:08:07,200 [INFO] IPUIPlugin:80 - create IPUIPlugin
2025-08-08 12:08:07,200 [INFO] PluginManager:220 - loadIPPluginJar : add gpio
2025-08-08 12:08:07,203 [INFO] IPUIPlugin:80 - create IPUIPlugin
2025-08-08 12:08:07,204 [INFO] PluginManager:220 - loadIPPluginJar : add gtzc
2025-08-08 12:08:07,207 [INFO] IPUIPlugin:80 - create IPUIPlugin
2025-08-08 12:08:07,207 [INFO] PluginManager:220 - loadIPPluginJar : add hash
2025-08-08 12:08:07,210 [INFO] IPUIPlugin:80 - create IPUIPlugin
2025-08-08 12:08:07,211 [INFO] PluginManager:220 - loadIPPluginJar : add i2c
2025-08-08 12:08:07,214 [INFO] IPUIPlugin:80 - create IPUIPlugin
2025-08-08 12:08:07,214 [INFO] PluginManager:220 - loadIPPluginJar : add i2s
2025-08-08 12:08:07,217 [INFO] IPUIPlugin:80 - create IPUIPlugin
2025-08-08 12:08:07,217 [INFO] PluginManager:220 - loadIPPluginJar : add i3c
2025-08-08 12:08:07,221 [INFO] IPUIPlugin:80 - create IPUIPlugin
2025-08-08 12:08:07,221 [INFO] PluginManager:220 - loadIPPluginJar : add ipddr
2025-08-08 12:08:07,227 [INFO] IPUIPlugin:80 - create IPUIPlugin
2025-08-08 12:08:07,227 [INFO] PluginManager:220 - loadIPPluginJar : add linkedlist
2025-08-08 12:08:07,229 [INFO] IPUIPlugin:80 - create IPUIPlugin
2025-08-08 12:08:07,230 [INFO] PluginManager:220 - loadIPPluginJar : add lorawan
2025-08-08 12:08:07,231 [INFO] IPUIPlugin:80 - create IPUIPlugin
2025-08-08 12:08:07,231 [INFO] PluginManager:220 - loadIPPluginJar : add ltdc
2025-08-08 12:08:07,236 [INFO] IPUIPlugin:80 - create IPUIPlugin
2025-08-08 12:08:07,236 [INFO] PluginManager:220 - loadIPPluginJar : add mdma
2025-08-08 12:08:07,238 [INFO] IPUIPlugin:80 - create IPUIPlugin
2025-08-08 12:08:07,238 [INFO] PluginManager:220 - loadIPPluginJar : add nvic
2025-08-08 12:08:07,240 [INFO] IPUIPlugin:80 - create IPUIPlugin
2025-08-08 12:08:07,240 [INFO] PluginManager:220 - loadIPPluginJar : add opamp
2025-08-08 12:08:07,243 [INFO] IPUIPlugin:80 - create IPUIPlugin
2025-08-08 12:08:07,243 [INFO] PluginManager:220 - loadIPPluginJar : add openamp
2025-08-08 12:08:07,245 [INFO] IPUIPlugin:80 - create IPUIPlugin
2025-08-08 12:08:07,246 [INFO] PluginManager:220 - loadIPPluginJar : add pdm2pcm
2025-08-08 12:08:07,251 [INFO] IPUIPlugin:80 - create IPUIPlugin
2025-08-08 12:08:07,253 [INFO] PluginManager:220 - loadIPPluginJar : add plateformsettings
2025-08-08 12:08:07,253 [INFO] IPUIPlugin:80 - create IPUIPlugin
2025-08-08 12:08:07,254 [INFO] PluginManager:220 - loadIPPluginJar : add quadspi
2025-08-08 12:08:07,255 [INFO] IPUIPlugin:80 - create IPUIPlugin
2025-08-08 12:08:07,256 [INFO] PluginManager:220 - loadIPPluginJar : add radio
2025-08-08 12:08:07,259 [INFO] IPUIPlugin:80 - create IPUIPlugin
2025-08-08 12:08:07,259 [INFO] PluginManager:220 - loadIPPluginJar : add resmgrutility
2025-08-08 12:08:07,262 [INFO] IPUIPlugin:80 - create IPUIPlugin
2025-08-08 12:08:07,262 [INFO] PluginManager:220 - loadIPPluginJar : add sai
2025-08-08 12:08:07,264 [INFO] IPUIPlugin:80 - create IPUIPlugin
2025-08-08 12:08:07,264 [INFO] PluginManager:220 - loadIPPluginJar : add spi
2025-08-08 12:08:07,269 [INFO] IPUIPlugin:80 - create IPUIPlugin
2025-08-08 12:08:07,269 [INFO] PluginManager:220 - loadIPPluginJar : add stm32_wpan
2025-08-08 12:08:07,271 [INFO] IPUIPlugin:80 - create IPUIPlugin
2025-08-08 12:08:07,271 [INFO] PluginManager:220 - loadIPPluginJar : add tim
2025-08-08 12:08:07,274 [INFO] IPUIPlugin:80 - create IPUIPlugin
2025-08-08 12:08:07,274 [INFO] PluginManager:220 - loadIPPluginJar : add touchsensing
2025-08-08 12:08:07,275 [INFO] IPUIPlugin:80 - create IPUIPlugin
2025-08-08 12:08:07,275 [INFO] PluginManager:220 - loadIPPluginJar : add tracer_emb
2025-08-08 12:08:07,277 [INFO] IPUIPlugin:80 - create IPUIPlugin
2025-08-08 12:08:07,277 [INFO] PluginManager:220 - loadIPPluginJar : add ts
2025-08-08 12:08:07,279 [INFO] IPUIPlugin:80 - create IPUIPlugin
2025-08-08 12:08:07,279 [INFO] PluginManager:220 - loadIPPluginJar : add tsc
2025-08-08 12:08:07,280 [INFO] IPUIPlugin:80 - create IPUIPlugin
2025-08-08 12:08:07,280 [INFO] PluginManager:220 - loadIPPluginJar : add ucpd
2025-08-08 12:08:07,283 [INFO] IPUIPlugin:80 - create IPUIPlugin
2025-08-08 12:08:07,283 [INFO] PluginManager:220 - loadIPPluginJar : add usart
2025-08-08 12:08:07,286 [INFO] IPUIPlugin:80 - create IPUIPlugin
2025-08-08 12:08:07,286 [INFO] PluginManager:220 - loadIPPluginJar : add usbx
2025-08-08 12:08:07,399 [FATAL] Updater:351 - Updater called before beeing initialized
2025-08-08 12:08:07,425 [INFO] RulesReader:64 - Compatibility file has been processed (317 Rules)
2025-08-08 12:08:07,433 [INFO] RulesReader:64 - Compatibility file has been processed (317 Rules)
2025-08-08 12:08:07,442 [INFO] CADModel:165 - CPN selected for project level
2025-08-08 12:08:07,442 [INFO] CADModel:114 - Register for checkConnection events
2025-08-08 12:08:07,442 [FATAL] Updater:351 - Updater called before beeing initialized
2025-08-08 12:08:07,442 [ERROR] CADModel:125 - Updater not yet initialized, retry later 
2025-08-08 12:08:07,563 [FATAL] Updater:351 - Updater called before beeing initialized
2025-08-08 12:08:07,565 [INFO] CADModel:165 - CPN selected for project level
2025-08-08 12:08:07,565 [INFO] CADModel:114 - Register for checkConnection events
2025-08-08 12:08:07,565 [FATAL] Updater:351 - Updater called before beeing initialized
2025-08-08 12:08:07,565 [ERROR] CADModel:125 - Updater not yet initialized, retry later 
2025-08-08 12:08:07,567 [FATAL] Updater:351 - Updater called before beeing initialized
2025-08-08 12:08:07,654 [FATAL] Updater:351 - Updater called before beeing initialized
2025-08-08 12:08:07,657 [INFO] DbMcusAds:53 - JSON generation date=Tue Jul 08 13:44:23 IST 2025 (1751962463582)
2025-08-08 12:08:07,657 [FATAL] Updater:351 - Updater called before beeing initialized
2025-08-08 12:08:07,684 [WARN] DetailPanel:346 - Failed to get advertising image, set to default
2025-08-08 12:08:07,742 [FATAL] Updater:351 - Updater called before beeing initialized
2025-08-08 12:08:07,743 [FATAL] Updater:351 - Updater called before beeing initialized
2025-08-08 12:08:07,743 [FATAL] Updater:351 - Updater called before beeing initialized
2025-08-08 12:08:07,743 [WARN] DetailPanel:346 - Failed to get advertising image, set to default
2025-08-08 12:08:07,744 [FATAL] Updater:351 - Updater called before beeing initialized
2025-08-08 12:08:07,778 [ERROR] Updater:1198 - MainUpdater not yet initialized. External WinMGr cannot be set.
2025-08-08 12:08:07,780 [INFO] Updater:1134 - Updater Version found : 6.15.0
2025-08-08 12:08:07,794 [INFO] ApplicationProperties:184 - Using Application install path: C:\ST\STM32CubeIDE_1.19.0\STM32CubeIDE\plugins\com.st.stm32cube.common.mx_6.15.0.202507011659
2025-08-08 12:08:09,377 [ERROR] LogOutputStream:75 - [STDERR_REDIRECT] Aug 08, 2025 12:08:09 PM java.util.prefs.WindowsPreferences <init>
2025-08-08 12:08:09,378 [ERROR] LogOutputStream:75 - [STDERR_REDIRECT] WARNING: Could not open/create prefs root node Software\JavaSoft\Prefs at root 0xffffffff80000002. Windows RegCreateKeyEx(...) returned error code 5.
2025-08-08 12:08:09,378 [ERROR] LogOutputStream:75 - [STDERR_REDIRECT] 
2025-08-08 12:08:09,699 [INFO] ThirdPartyUpdaterWithRetryManager:70 - Updater plugin not ready yet. [2/15]
2025-08-08 12:08:11,094 [INFO] MainUpdater:2872 - connection check result : 10
2025-08-08 12:08:11,095 [INFO] MainUpdater:289 - Updater Check For Update Now.
2025-08-08 12:08:11,095 [INFO] MicroXplorer:498 - Change Database Version : DB.6.0.150
2025-08-08 12:08:11,102 [INFO] McuFinderGlobals:63 - Set McuFinder mode to 2 (CubeIDE integrated)
2025-08-08 12:08:11,103 [INFO] UserAuth:487 - Internet connection configuration mode: 1
2025-08-08 12:08:11,146 [INFO] JxBrowserEngine:152 - Initiate JxBrowser Engine with user profile folder
2025-08-08 12:08:11,265 [INFO] CheckServerUpdateThread:120 - End of CheckServer Thread
2025-08-08 12:08:12,678 [INFO] WebApp:169 - Instantiating new browser for Auth
2025-08-08 12:08:13,122 [WARN] PackLoader:240 - Cannot read IP mode file for STMicroelectronics.FP-SNS-MOTENVWB1.1.4.0
2025-08-08 12:08:13,137 [WARN] PackLoader:240 - Cannot read IP mode file for STMicroelectronics.FP-ATR-ASTRA1.2.0.2
2025-08-08 12:08:13,141 [WARN] PackLoader:240 - Cannot read IP mode file for STMicroelectronics.FP-ATR-ASTRA1.2.0.1
2025-08-08 12:08:13,157 [WARN] PackLoader:240 - Cannot read IP mode file for STMicroelectronics.X-CUBE-SMBUS.2.1.0
2025-08-08 12:08:13,168 [WARN] PackLoader:240 - Cannot read IP mode file for STMicroelectronics.X-CUBE-WB05N.1.1.0
2025-08-08 12:08:13,175 [WARN] PackLoader:240 - Cannot read IP mode file for STMicroelectronics.X-CUBE-ST60.1.0.0
2025-08-08 12:08:13,207 [WARN] PackLoader:240 - Cannot read IP mode file for STMicroelectronics.X-CUBE-AZRTOS-F7.1.1.0
2025-08-08 12:08:13,255 [WARN] PackLoader:240 - Cannot read IP mode file for STMicroelectronics.X-CUBE-MEMS1.11.0.0
2025-08-08 12:08:13,420 [WARN] PackLoader:240 - Cannot read IP mode file for STMicroelectronics.FP-SNS-FLIGHT1.5.0.2
2025-08-08 12:08:13,435 [WARN] PackLoader:240 - Cannot read IP mode file for STMicroelectronics.X-CUBE-AZRTOS-H7.3.4.0
2025-08-08 12:08:13,442 [WARN] PackLoader:240 - Cannot read IP mode file for STMicroelectronics.X-CUBE-DISPLAY.3.0.0
2025-08-08 12:08:13,447 [WARN] PackLoader:240 - Cannot read IP mode file for STMicroelectronics.X-CUBE-BLE1.7.0.0
2025-08-08 12:08:13,453 [WARN] PackLoader:240 - Cannot read IP mode file for STMicroelectronics.X-CUBE-NFC10.1.0.0
2025-08-08 12:08:13,460 [WARN] PackLoader:240 - Cannot read IP mode file for STMicroelectronics.X-CUBE-BLEMGR.4.0.0
2025-08-08 12:08:13,469 [WARN] PackLoader:240 - Cannot read IP mode file for emotas.I-CUBE-CANOPEN.1.3.0
2025-08-08 12:08:13,475 [WARN] PackLoader:240 - Cannot read IP mode file for STMicroelectronics.X-CUBE-BLEMGR.3.1.0
2025-08-08 12:08:13,479 [WARN] PackLoader:240 - Cannot read IP mode file for STMicroelectronics.X-CUBE-AI.10.0.0
2025-08-08 12:08:13,493 [WARN] PackLoader:240 - Cannot read IP mode file for STMicroelectronics.FP-SNS-STBOX1.2.1.0
2025-08-08 12:08:13,497 [WARN] PackLoader:240 - Cannot read IP mode file for STMicroelectronics.FP-SNS-SMARTAG2.1.2.0
2025-08-08 12:08:13,501 [WARN] PackLoader:240 - Cannot read IP mode file for STMicroelectronics.FP-SNS-FLIGHT1.5.1.0
2025-08-08 12:08:13,537 [WARN] PackLoader:240 - Cannot read IP mode file for STMicroelectronics.X-CUBE-MEMS1.11.1.0
2025-08-08 12:08:13,650 [INFO] LogOutputStream:77 - [STDOUT_REDIRECT] 1 : Invalid condition id : UX_CORESTACK_Condition cause : null
2025-08-08 12:08:13,651 [INFO] LogOutputStream:77 - [STDOUT_REDIRECT] 1 : Invalid condition id : UX_CORESTACK_Condition cause : null
2025-08-08 12:08:13,651 [INFO] LogOutputStream:77 - [STDOUT_REDIRECT] 1 : Invalid condition id : UX_CORESTACK_Condition cause : null
2025-08-08 12:08:13,653 [INFO] LogOutputStream:77 - [STDOUT_REDIRECT] 1 : Invalid condition id : UX_CORESTACK_Condition cause : null
2025-08-08 12:08:13,655 [INFO] LogOutputStream:77 - [STDOUT_REDIRECT] 1 : Invalid condition id : UX_CORESTACK_Condition cause : null
2025-08-08 12:08:13,658 [WARN] PackLoader:240 - Cannot read IP mode file for STMicroelectronics.X-CUBE-AZRTOS-WL.2.0.0
2025-08-08 12:08:13,664 [WARN] PackLoader:240 - Cannot read IP mode file for STMicroelectronics.FP-SNS-MOTENV1.5.0.0
2025-08-08 12:08:13,668 [WARN] PackLoader:240 - Cannot read IP mode file for wolfSSL.I-CUBE-wolfMQTT.1.19.0
2025-08-08 12:08:13,676 [WARN] PackLoader:240 - Cannot read IP mode file for WES.I-CUBE-Cesium.1.3.0
2025-08-08 12:08:13,681 [WARN] PackLoader:240 - Cannot read IP mode file for STMicroelectronics.X-CUBE-BLE2.3.3.0
2025-08-08 12:08:13,692 [WARN] PackLoader:240 - Cannot read IP mode file for STMicroelectronics.X-CUBE-NFC9.1.0.0
2025-08-08 12:08:13,696 [WARN] PackLoader:240 - Cannot read IP mode file for STMicroelectronics.X-CUBE-BLE1.7.1.0
2025-08-08 12:08:13,702 [WARN] PackLoader:240 - Cannot read IP mode file for STMicroelectronics.X-CUBE-TCPP.4.1.0
2025-08-08 12:08:13,708 [WARN] PackLoader:240 - Cannot read IP mode file for STMicroelectronics.X-CUBE-EEPRMA1.5.2.0
2025-08-08 12:08:13,712 [WARN] PackLoader:240 - Cannot read IP mode file for STMicroelectronics.X-CUBE-AI.10.1.0
2025-08-08 12:08:13,734 [WARN] PackLoader:240 - Cannot read IP mode file for STMicroelectronics.X-CUBE-MEMS1.11.2.0
2025-08-08 12:08:13,804 [WARN] PackLoader:240 - Cannot read IP mode file for STMicroelectronics.X-CUBE-AZRTOS-G0.1.1.0
2025-08-08 12:08:13,818 [WARN] PackLoader:240 - Cannot read IP mode file for STMicroelectronics.X-CUBE-SAFEA1.1.2.2
2025-08-08 12:08:13,826 [WARN] PackLoader:240 - Cannot read IP mode file for STMicroelectronics.X-CUBE-NFC4.3.0.0
2025-08-08 12:08:13,843 [WARN] PackLoader:240 - Cannot read IP mode file for EmbeddedOffice.I-CUBE-FS-RTOS.1.0.1
2025-08-08 12:08:13,852 [WARN] PackLoader:240 - Cannot read IP mode file for STMicroelectronics.X-CUBE-WB05N.2.0.0
2025-08-08 12:08:13,859 [WARN] PackLoader:240 - Cannot read IP mode file for STMicroelectronics.X-CUBE-TCPP.4.2.0
2025-08-08 12:08:13,887 [WARN] PackLoader:240 - Cannot read IP mode file for RealThread.X-CUBE-RT-Thread_Nano.4.1.1
2025-08-08 12:08:13,893 [WARN] PackLoader:240 - Cannot read IP mode file for STMicroelectronics.FP-ATR-SIGFOX1.3.2.0
2025-08-08 12:08:13,899 [WARN] ConditionMgr:438 - getConditionDescription Invalid condition id : Cortex-A Device cause : null
2025-08-08 12:08:13,919 [WARN] ConditionMgr:1044 - genDependencies : Invalid condition id : Cortex-A Device cause : null
2025-08-08 12:08:13,919 [WARN] ConditionMgr:1044 - genDependencies : Invalid condition id : Cortex-A Device cause : null
2025-08-08 12:08:13,919 [WARN] ConditionMgr:1044 - genDependencies : Invalid condition id : Cortex-A Device cause : null
2025-08-08 12:08:13,923 [WARN] PackLoader:240 - Cannot read IP mode file for STMicroelectronics.X-CUBE-EEPRMA1.5.1.0
2025-08-08 12:08:13,928 [WARN] PackLoader:240 - Cannot read IP mode file for wolfSSL.I-CUBE-wolfSSL.5.7.4
2025-08-08 12:08:13,933 [WARN] PackLoader:240 - Cannot read IP mode file for ITTIA_DB.I-CUBE-ITTIADB.8.9.0
2025-08-08 12:08:13,940 [WARN] PackLoader:240 - Cannot read IP mode file for STMicroelectronics.X-CUBE-ST67W61.1.0.0
2025-08-08 12:08:13,943 [WARN] PackLoader:240 - Cannot read IP mode file for STMicroelectronics.X-CUBE-AI.10.2.0
2025-08-08 12:08:13,959 [WARN] PackLoader:240 - Cannot read IP mode file for SEGGER.I-CUBE-embOS.1.3.1
2025-08-08 12:08:13,997 [WARN] PackLoader:240 - Cannot read IP mode file for STMicroelectronics.X-CUBE-ALGOBUILD.1.4.0
2025-08-08 12:08:14,034 [WARN] PackLoader:240 - Cannot read IP mode file for STMicroelectronics.X-CUBE-MEMS1.11.3.0
2025-08-08 12:08:14,139 [WARN] PackLoader:240 - Cannot read IP mode file for STMicroelectronics.X-CUBE-AI.9.1.0
2025-08-08 12:08:14,144 [WARN] PackLoader:240 - Cannot read IP mode file for STMicroelectronics.X-CUBE-PM33A1.1.0.0
2025-08-08 12:08:14,155 [INFO] WebApp:463 - Apply proxy settings
2025-08-08 12:08:14,156 [INFO] WebApp:548 - Chromium requires no authentication
2025-08-08 12:08:14,158 [WARN] PackLoader:240 - Cannot read IP mode file for STMicroelectronics.X-CUBE-AZRTOS-F4.1.1.0
2025-08-08 12:08:14,164 [WARN] PackLoader:240 - Cannot read IP mode file for Avnet-IotConnect.X-CUBE-IoTC-DA16k-PMOD.1.0.0
2025-08-08 12:08:14,168 [WARN] PackLoader:240 - Cannot read IP mode file for STMicroelectronics.X-CUBE-ISPU.2.1.0
2025-08-08 12:08:14,172 [WARN] PackLoader:240 - Cannot read IP mode file for STMicroelectronics.X-CUBE-FREERTOS.1.2.0
2025-08-08 12:08:14,177 [WARN] PackLoader:240 - Cannot read IP mode file for STMicroelectronics.X-CUBE-NFC12.1.0.0
2025-08-08 12:08:14,179 [INFO] WebApp:491 - Direct internet connection detected
2025-08-08 12:08:14,191 [WARN] PackLoader:240 - Cannot read IP mode file for STMicroelectronics.X-CUBE-AZRTOS-L5.2.0.0
2025-08-08 12:08:14,201 [WARN] PackLoader:240 - Cannot read IP mode file for STMicroelectronics.X-CUBE-NFC6.3.1.0
2025-08-08 12:08:14,209 [WARN] PackLoader:240 - Cannot read IP mode file for STMicroelectronics.X-CUBE-DPower.1.2.0
2025-08-08 12:08:14,214 [WARN] PackLoader:240 - Cannot read IP mode file for STMicroelectronics.X-CUBE-FREERTOS.1.3.1
2025-08-08 12:08:14,219 [WARN] PackLoader:240 - Cannot read IP mode file for STMicroelectronics.X-CUBE-FREERTOS.1.3.0
2025-08-08 12:08:14,221 [INFO] WebApp:900 - Register for checkConnection events
2025-08-08 12:08:14,222 [INFO] WebApp:463 - Apply proxy settings
2025-08-08 12:08:14,222 [INFO] WebApp:548 - Chromium requires no authentication
2025-08-08 12:08:14,222 [INFO] WebApp:491 - Direct internet connection detected
2025-08-08 12:08:14,223 [WARN] PackLoader:240 - Cannot read IP mode file for STMicroelectronics.X-CUBE-NFC7.1.0.1
2025-08-08 12:08:14,227 [WARN] PackLoader:240 - Cannot read IP mode file for STMicroelectronics.FP-SNS-STAIOTCFT.1.0.0
2025-08-08 12:08:14,230 [WARN] PackLoader:240 - Cannot read IP mode file for STMicroelectronics.X-CUBE-DPower.1.3.0
2025-08-08 12:08:14,252 [WARN] ConditionMgr:438 - getConditionDescription Invalid condition id : LAN8742 Phy interface Condition cause : null
2025-08-08 12:08:14,252 [WARN] PackLoader:240 - Cannot read IP mode file for STMicroelectronics.X-CUBE-AZRTOS-L4.2.0.0
2025-08-08 12:08:14,253 [WARN] ConditionMgr:1044 - genDependencies : Invalid condition id : LAN8742 Phy interface Condition cause : null
2025-08-08 12:08:14,254 [WARN] ConditionMgr:1044 - genDependencies : Invalid condition id : LAN8742 Phy interface Condition cause : null
2025-08-08 12:08:14,254 [WARN] ConditionMgr:1044 - genDependencies : Invalid condition id : LAN8742 Phy interface Condition cause : null
2025-08-08 12:08:14,259 [WARN] PackLoader:240 - Cannot read IP mode file for STMicroelectronics.X-CUBE-SFXS2LP1.4.0.0
2025-08-08 12:08:14,275 [WARN] PackLoader:240 - Cannot read IP mode file for STMicroelectronics.X-CUBE-AZRTOS-H7.3.3.0
2025-08-08 12:08:14,285 [WARN] PackLoader:240 - Cannot read IP mode file for STMicroelectronics.X-CUBE-BLEMGR.4.1.0
2025-08-08 12:08:14,296 [WARN] PackLoader:240 - Cannot read IP mode file for STMicroelectronics.X-CUBE-IPS.3.0.0
2025-08-08 12:08:14,307 [WARN] ConditionMgr:438 - getConditionDescription Invalid condition id : UX DEVICE CLASS RTOS Condition cause : null
2025-08-08 12:08:14,307 [WARN] ConditionMgr:438 - getConditionDescription Invalid condition id : UX DEVICE CLASS RTOS Condition cause : null
2025-08-08 12:08:14,308 [WARN] PackLoader:240 - Cannot read IP mode file for STMicroelectronics.X-CUBE-AZRTOS-WB.2.0.0
2025-08-08 12:08:14,309 [WARN] ConditionMgr:1044 - genDependencies : Invalid condition id : UX DEVICE CLASS RTOS Condition cause : null
2025-08-08 12:08:14,309 [WARN] ConditionMgr:1044 - genDependencies : Invalid condition id : UX DEVICE CLASS RTOS Condition cause : null
2025-08-08 12:08:14,309 [WARN] ConditionMgr:1044 - genDependencies : Invalid condition id : UX DEVICE CLASS RTOS Condition cause : null
2025-08-08 12:08:14,309 [WARN] ConditionMgr:1044 - genDependencies : Invalid condition id : UX DEVICE CLASS RTOS Condition cause : null
2025-08-08 12:08:14,309 [WARN] ConditionMgr:1044 - genDependencies : Invalid condition id : UX DEVICE CLASS RTOS Condition cause : null
2025-08-08 12:08:14,314 [WARN] PackLoader:240 - Cannot read IP mode file for STMicroelectronics.X-CUBE-GNSS1.7.0.0
2025-08-08 12:08:14,318 [WARN] PackLoader:240 - Cannot read IP mode file for STMicroelectronics.X-CUBE-GNSS1.7.0.1
2025-08-08 12:08:14,323 [WARN] PackLoader:240 - Cannot read IP mode file for STMicroelectronics.X-CUBE-TOUCHGFX.4.25.0
2025-08-08 12:08:14,327 [WARN] PackLoader:240 - Cannot read IP mode file for STMicroelectronics.FP-SNS-STBOX1.2.0.0
2025-08-08 12:08:14,334 [WARN] PackLoader:240 - Cannot read IP mode file for STMicroelectronics.X-CUBE-SUBG2.5.0.0
2025-08-08 12:08:14,347 [WARN] PackLoader:240 - Cannot read IP mode file for STMicroelectronics.X-CUBE-AZRTOS-H7RS.1.1.0
2025-08-08 12:08:14,352 [WARN] PackLoader:240 - Cannot read IP mode file for Cesanta.I-CUBE-Mongoose.7.13.0
2025-08-08 12:08:14,359 [WARN] PackLoader:240 - Cannot read IP mode file for STMicroelectronics.X-CUBE-AZRTOS-G4.2.0.0
2025-08-08 12:08:14,362 [WARN] PackLoader:240 - Cannot read IP mode file for STMicroelectronics.X-CUBE-NFC7.2.0.0
2025-08-08 12:08:14,368 [WARN] PackLoader:240 - Cannot read IP mode file for STMicroelectronics.X-CUBE-IPS.3.1.0
2025-08-08 12:08:14,373 [WARN] PackLoader:240 - Cannot read IP mode file for STMicroelectronics.X-CUBE-ALS.1.0.2
2025-08-08 12:08:14,376 [WARN] PackLoader:240 - Cannot read IP mode file for STMicroelectronics.X-CUBE-TOUCHGFX.4.24.1
2025-08-08 12:08:14,379 [WARN] PackLoader:240 - Cannot read IP mode file for wolfSSL.I-CUBE-wolfTPM.3.4.0
2025-08-08 12:08:14,384 [WARN] PackLoader:240 - Cannot read IP mode file for portGmbH.I-Cube-SoM-uGOAL.1.1.0
2025-08-08 12:08:14,392 [WARN] PackLoader:240 - Cannot read IP mode file for STMicroelectronics.X-CUBE-AZRTOS-H7RS.1.0.0
2025-08-08 12:08:14,405 [WARN] PackLoader:240 - Cannot read IP mode file for STMicroelectronics.X-CUBE-TOF1.3.4.2
2025-08-08 12:08:14,422 [WARN] PackLoader:240 - Cannot read IP mode file for STMicroelectronics.X-CUBE-TOF1.3.4.3
2025-08-08 12:08:14,460 [WARN] PackLoader:240 - Cannot read IP mode file for Infineon.AIROC-Wi-Fi-Bluetooth-STM32.1.6.1
2025-08-08 12:08:14,470 [WARN] PackLoader:240 - Cannot read IP mode file for wolfSSL.I-CUBE-wolfSSH.1.4.17
2025-08-08 12:08:14,471 [INFO] ThirdParty:978 - Integrity check success = true
2025-08-08 12:08:14,471 [INFO] IntegrityCheckThread:100 - exiting critical section [integrity check]
2025-08-08 12:08:14,471 [INFO] IntegrityCheckThread:103 - End integrity checks thread
2025-08-08 12:08:14,637 [INFO] WebApp:225 - Starting web application
2025-08-08 12:08:14,638 [INFO] WebApp:593 - Web application path used C:\ST\STM32CubeIDE_1.19.0\STM32CubeIDE\plugins\com.st.stm32cube.common.mx_6.15.0.202507011659\db\plugins\mcufinder\reactClient1\index.html
2025-08-08 12:08:14,818 [INFO] UserAuth:487 - Internet connection configuration mode: 1
2025-08-08 12:08:16,287 [INFO] WebApp:191 - Connection restablished
2025-08-08 12:36:21,687 [INFO] WebApp:194 - Connection lost
2025-08-08 15:22:28,303 [ERROR] ConfigurationRetriever:142 - IOException on connection: sw-center.st.com
2025-08-08 15:22:28,305 [ERROR] ConfigurationRetriever:142 - IOException on connection: sw-center.st.com
2025-08-08 15:22:28,306 [ERROR] ConfigurationRetriever:142 - IOException on connection: sw-center.st.com
2025-08-08 15:24:02,372 [ERROR] ConfigurationRetriever:142 - IOException on connection: sw-center.st.com
2025-08-08 15:24:02,378 [ERROR] ConfigurationRetriever:142 - IOException on connection: sw-center.st.com
2025-08-08 15:24:02,379 [ERROR] ConfigurationRetriever:142 - IOException on connection: sw-center.st.com
2025-08-08 15:24:25,624 [ERROR] ConfigurationRetriever:142 - IOException on connection: sw-center.st.com
2025-08-08 15:24:25,626 [ERROR] ConfigurationRetriever:142 - IOException on connection: sw-center.st.com
2025-08-08 15:24:25,626 [ERROR] ConfigurationRetriever:142 - IOException on connection: sw-center.st.com
2025-08-08 15:24:59,755 [ERROR] ConfigurationRetriever:142 - IOException on connection: sw-center.st.com
2025-08-08 15:24:59,757 [ERROR] ConfigurationRetriever:142 - IOException on connection: sw-center.st.com
2025-08-08 15:24:59,759 [ERROR] ConfigurationRetriever:142 - IOException on connection: sw-center.st.com
2025-08-08 15:25:01,691 [ERROR] ConfigurationRetriever:142 - IOException on connection: sw-center.st.com
2025-08-08 15:25:01,693 [ERROR] ConfigurationRetriever:142 - IOException on connection: sw-center.st.com
2025-08-08 15:25:01,693 [ERROR] ConfigurationRetriever:142 - IOException on connection: sw-center.st.com
2025-08-08 15:26:03,462 [ERROR] ConfigurationRetriever:142 - IOException on connection: sw-center.st.com
2025-08-08 15:26:03,467 [ERROR] ConfigurationRetriever:142 - IOException on connection: sw-center.st.com
2025-08-08 15:26:03,468 [ERROR] ConfigurationRetriever:142 - IOException on connection: sw-center.st.com
2025-08-08 15:26:03,560 [ERROR] ConfigurationRetriever:142 - IOException on connection: sw-center.st.com
2025-08-08 15:26:03,561 [ERROR] ConfigurationRetriever:142 - IOException on connection: sw-center.st.com
2025-08-08 15:26:03,561 [ERROR] ConfigurationRetriever:142 - IOException on connection: sw-center.st.com
2025-08-08 15:26:32,295 [ERROR] ConfigurationRetriever:142 - IOException on connection: sw-center.st.com
2025-08-08 15:26:32,296 [ERROR] ConfigurationRetriever:142 - IOException on connection: sw-center.st.com
2025-08-08 15:26:32,296 [ERROR] ConfigurationRetriever:142 - IOException on connection: sw-center.st.com
2025-08-08 15:26:32,398 [ERROR] ConfigurationRetriever:142 - IOException on connection: sw-center.st.com
2025-08-08 15:26:32,398 [ERROR] ConfigurationRetriever:142 - IOException on connection: sw-center.st.com
2025-08-08 15:26:32,398 [ERROR] ConfigurationRetriever:142 - IOException on connection: sw-center.st.com
2025-08-08 15:26:56,366 [ERROR] ConfigurationRetriever:142 - IOException on connection: sw-center.st.com
2025-08-08 15:26:56,367 [ERROR] ConfigurationRetriever:142 - IOException on connection: sw-center.st.com
2025-08-08 15:26:56,368 [ERROR] ConfigurationRetriever:142 - IOException on connection: sw-center.st.com
2025-08-08 15:26:58,708 [ERROR] ConfigurationRetriever:142 - IOException on connection: sw-center.st.com
2025-08-08 15:26:58,709 [ERROR] ConfigurationRetriever:142 - IOException on connection: sw-center.st.com
2025-08-08 15:26:58,709 [ERROR] ConfigurationRetriever:142 - IOException on connection: sw-center.st.com
2025-08-08 15:27:44,029 [ERROR] ConfigurationRetriever:142 - IOException on connection: sw-center.st.com
2025-08-08 15:27:44,030 [ERROR] ConfigurationRetriever:142 - IOException on connection: sw-center.st.com
2025-08-08 15:27:44,031 [ERROR] ConfigurationRetriever:142 - IOException on connection: sw-center.st.com
2025-08-08 15:27:44,172 [ERROR] ConfigurationRetriever:142 - IOException on connection: sw-center.st.com
2025-08-08 15:27:44,173 [ERROR] ConfigurationRetriever:142 - IOException on connection: sw-center.st.com
2025-08-08 15:27:44,173 [ERROR] ConfigurationRetriever:142 - IOException on connection: sw-center.st.com
2025-08-08 15:30:11,182 [ERROR] ConfigurationRetriever:142 - IOException on connection: sw-center.st.com
2025-08-08 15:30:11,183 [ERROR] ConfigurationRetriever:142 - IOException on connection: sw-center.st.com
2025-08-08 15:30:11,184 [ERROR] ConfigurationRetriever:142 - IOException on connection: sw-center.st.com
2025-08-08 15:30:11,347 [ERROR] ConfigurationRetriever:142 - IOException on connection: sw-center.st.com
2025-08-08 15:30:11,347 [ERROR] ConfigurationRetriever:142 - IOException on connection: sw-center.st.com
2025-08-08 15:30:11,347 [ERROR] ConfigurationRetriever:142 - IOException on connection: sw-center.st.com
2025-08-08 17:25:44,626 [ERROR] ConfigurationRetriever:142 - IOException on connection: sw-center.st.com
2025-08-08 17:25:44,627 [ERROR] ConfigurationRetriever:142 - IOException on connection: sw-center.st.com
2025-08-08 17:25:44,629 [ERROR] ConfigurationRetriever:142 - IOException on connection: sw-center.st.com
2025-08-08 17:25:44,742 [ERROR] ConfigurationRetriever:142 - IOException on connection: sw-center.st.com
2025-08-08 17:25:44,742 [ERROR] ConfigurationRetriever:142 - IOException on connection: sw-center.st.com
2025-08-08 17:25:44,743 [ERROR] ConfigurationRetriever:142 - IOException on connection: sw-center.st.com
2025-08-08 17:26:51,418 [ERROR] ConfigurationRetriever:142 - IOException on connection: sw-center.st.com
2025-08-08 17:26:51,419 [ERROR] ConfigurationRetriever:142 - IOException on connection: sw-center.st.com
2025-08-08 17:26:51,423 [ERROR] ConfigurationRetriever:142 - IOException on connection: sw-center.st.com
2025-08-08 17:26:51,526 [ERROR] ConfigurationRetriever:142 - IOException on connection: sw-center.st.com
2025-08-08 17:26:51,527 [ERROR] ConfigurationRetriever:142 - IOException on connection: sw-center.st.com
2025-08-08 17:26:51,527 [ERROR] ConfigurationRetriever:142 - IOException on connection: sw-center.st.com
2025-08-08 17:41:04,407 [ERROR] ConfigurationRetriever:142 - IOException on connection: sw-center.st.com
2025-08-08 17:41:04,408 [ERROR] ConfigurationRetriever:142 - IOException on connection: sw-center.st.com
2025-08-08 17:41:04,408 [ERROR] ConfigurationRetriever:142 - IOException on connection: sw-center.st.com
2025-08-08 17:41:52,870 [ERROR] ConfigurationRetriever:142 - IOException on connection: sw-center.st.com
2025-08-08 17:41:52,872 [ERROR] ConfigurationRetriever:142 - IOException on connection: sw-center.st.com
2025-08-08 17:41:52,872 [ERROR] ConfigurationRetriever:142 - IOException on connection: sw-center.st.com
2025-08-08 17:58:25,760 [ERROR] ConfigurationRetriever:142 - IOException on connection: sw-center.st.com
2025-08-08 17:58:25,761 [ERROR] ConfigurationRetriever:142 - IOException on connection: sw-center.st.com
2025-08-08 17:58:25,761 [ERROR] ConfigurationRetriever:142 - IOException on connection: sw-center.st.com
2025-08-08 17:59:37,058 [ERROR] ConfigurationRetriever:142 - IOException on connection: sw-center.st.com
2025-08-08 17:59:37,061 [ERROR] ConfigurationRetriever:142 - IOException on connection: sw-center.st.com
2025-08-08 17:59:37,061 [ERROR] ConfigurationRetriever:142 - IOException on connection: sw-center.st.com
2025-08-08 18:00:11,419 [ERROR] ConfigurationRetriever:142 - IOException on connection: sw-center.st.com
2025-08-08 18:00:11,419 [ERROR] ConfigurationRetriever:142 - IOException on connection: sw-center.st.com
2025-08-08 18:00:11,420 [ERROR] ConfigurationRetriever:142 - IOException on connection: sw-center.st.com
2025-08-08 18:00:11,520 [ERROR] ConfigurationRetriever:142 - IOException on connection: sw-center.st.com
2025-08-08 18:00:11,520 [ERROR] ConfigurationRetriever:142 - IOException on connection: sw-center.st.com
2025-08-08 18:00:11,521 [ERROR] ConfigurationRetriever:142 - IOException on connection: sw-center.st.com
2025-08-08 18:02:35,061 [ERROR] ConfigurationRetriever:142 - IOException on connection: sw-center.st.com
2025-08-08 18:02:35,062 [ERROR] ConfigurationRetriever:142 - IOException on connection: sw-center.st.com
2025-08-08 18:02:35,062 [ERROR] ConfigurationRetriever:142 - IOException on connection: sw-center.st.com
2025-08-08 18:02:35,173 [ERROR] ConfigurationRetriever:142 - IOException on connection: sw-center.st.com
2025-08-08 18:02:35,173 [ERROR] ConfigurationRetriever:142 - IOException on connection: sw-center.st.com
2025-08-08 18:02:35,173 [ERROR] ConfigurationRetriever:142 - IOException on connection: sw-center.st.com
2025-08-08 18:03:29,479 [ERROR] ConfigurationRetriever:142 - IOException on connection: sw-center.st.com
2025-08-08 18:03:29,480 [ERROR] ConfigurationRetriever:142 - IOException on connection: sw-center.st.com
2025-08-08 18:03:29,480 [ERROR] ConfigurationRetriever:142 - IOException on connection: sw-center.st.com
2025-08-08 18:03:29,589 [ERROR] ConfigurationRetriever:142 - IOException on connection: sw-center.st.com
2025-08-08 18:03:29,590 [ERROR] ConfigurationRetriever:142 - IOException on connection: sw-center.st.com
2025-08-08 18:03:29,590 [ERROR] ConfigurationRetriever:142 - IOException on connection: sw-center.st.com
2025-08-08 18:04:03,728 [ERROR] ConfigurationRetriever:142 - IOException on connection: sw-center.st.com
2025-08-08 18:04:03,729 [ERROR] ConfigurationRetriever:142 - IOException on connection: sw-center.st.com
2025-08-08 18:04:03,730 [ERROR] ConfigurationRetriever:142 - IOException on connection: sw-center.st.com
2025-08-08 18:04:03,832 [ERROR] ConfigurationRetriever:142 - IOException on connection: sw-center.st.com
2025-08-08 18:04:03,833 [ERROR] ConfigurationRetriever:142 - IOException on connection: sw-center.st.com
2025-08-08 18:04:03,833 [ERROR] ConfigurationRetriever:142 - IOException on connection: sw-center.st.com
2025-08-08 18:05:46,427 [ERROR] ConfigurationRetriever:142 - IOException on connection: sw-center.st.com
2025-08-08 18:05:46,427 [ERROR] ConfigurationRetriever:142 - IOException on connection: sw-center.st.com
2025-08-08 18:05:46,428 [ERROR] ConfigurationRetriever:142 - IOException on connection: sw-center.st.com
2025-08-08 18:05:47,070 [ERROR] ConfigurationRetriever:142 - IOException on connection: sw-center.st.com
2025-08-08 18:05:47,071 [ERROR] ConfigurationRetriever:142 - IOException on connection: sw-center.st.com
2025-08-08 18:05:47,071 [ERROR] ConfigurationRetriever:142 - IOException on connection: sw-center.st.com
2025-08-08 18:06:18,957 [ERROR] ConfigurationRetriever:142 - IOException on connection: sw-center.st.com
2025-08-08 18:06:18,958 [ERROR] ConfigurationRetriever:142 - IOException on connection: sw-center.st.com
2025-08-08 18:06:18,958 [ERROR] ConfigurationRetriever:142 - IOException on connection: sw-center.st.com
2025-08-08 18:06:19,062 [ERROR] ConfigurationRetriever:142 - IOException on connection: sw-center.st.com
2025-08-08 18:06:19,062 [ERROR] ConfigurationRetriever:142 - IOException on connection: sw-center.st.com
2025-08-08 18:06:19,062 [ERROR] ConfigurationRetriever:142 - IOException on connection: sw-center.st.com
2025-08-08 18:07:45,516 [ERROR] ConfigurationRetriever:142 - IOException on connection: sw-center.st.com
2025-08-08 18:07:45,517 [ERROR] ConfigurationRetriever:142 - IOException on connection: sw-center.st.com
2025-08-08 18:07:45,517 [ERROR] ConfigurationRetriever:142 - IOException on connection: sw-center.st.com
2025-08-08 18:07:45,603 [ERROR] ConfigurationRetriever:142 - IOException on connection: sw-center.st.com
2025-08-08 18:07:45,604 [ERROR] ConfigurationRetriever:142 - IOException on connection: sw-center.st.com
2025-08-08 18:07:45,605 [ERROR] ConfigurationRetriever:142 - IOException on connection: sw-center.st.com
2025-08-08 18:08:28,361 [ERROR] ConfigurationRetriever:142 - IOException on connection: sw-center.st.com
2025-08-08 18:08:28,362 [ERROR] ConfigurationRetriever:142 - IOException on connection: sw-center.st.com
2025-08-08 18:08:28,362 [ERROR] ConfigurationRetriever:142 - IOException on connection: sw-center.st.com
2025-08-08 18:08:28,469 [ERROR] ConfigurationRetriever:142 - IOException on connection: sw-center.st.com
2025-08-08 18:08:28,469 [ERROR] ConfigurationRetriever:142 - IOException on connection: sw-center.st.com
2025-08-08 18:08:28,470 [ERROR] ConfigurationRetriever:142 - IOException on connection: sw-center.st.com
2025-08-08 20:14:35,088 [ERROR] ConfigurationRetriever:142 - IOException on connection: sw-center.st.com
2025-08-08 20:14:35,089 [ERROR] ConfigurationRetriever:142 - IOException on connection: sw-center.st.com
2025-08-08 20:14:35,089 [ERROR] ConfigurationRetriever:142 - IOException on connection: sw-center.st.com
2025-08-08 22:41:48,026 [ERROR] ConfigurationRetriever:142 - IOException on connection: sw-center.st.com
2025-08-08 22:41:48,026 [ERROR] ConfigurationRetriever:142 - IOException on connection: sw-center.st.com
2025-08-08 22:41:48,027 [ERROR] ConfigurationRetriever:142 - IOException on connection: sw-center.st.com
2025-08-08 22:48:23,088 [ERROR] ConfigurationRetriever:142 - IOException on connection: sw-center.st.com
2025-08-08 22:48:23,089 [ERROR] ConfigurationRetriever:142 - IOException on connection: sw-center.st.com
2025-08-08 22:48:23,089 [ERROR] ConfigurationRetriever:142 - IOException on connection: sw-center.st.com
2025-08-08 22:48:24,584 [ERROR] LogOutputStream:75 - [STDERR_REDIRECT] 
2025-08-08 22:48:24,591 [ERROR] LogOutputStream:75 - [STDERR_REDIRECT] 
2025-08-08 22:48:35,635 [INFO] Activator:176 - 


2025-08-08 22:48:35,636 [INFO] Activator:177 - !SESSION log4j initialized
2025-08-08 22:48:40,464 [INFO] LogOutputStream:77 - [STDOUT_REDIRECT] 
2025-08-08 22:48:40,908 [ERROR] ConfigurationRetriever:142 - IOException on connection: sw-center.st.com
2025-08-08 22:48:40,909 [ERROR] ConfigurationRetriever:142 - IOException on connection: sw-center.st.com
2025-08-08 22:48:40,910 [ERROR] ConfigurationRetriever:142 - IOException on connection: sw-center.st.com
2025-08-08 22:48:41,520 [INFO] ApplicationProperties:184 - Using Application install path: C:\ST\STM32CubeIDE_1.19.0\STM32CubeIDE\plugins\com.st.stm32cube.common.mx_6.15.0.202507011659
2025-08-08 22:48:41,555 [INFO] DbMcusXml:78 - Set database path to: C:\ST\STM32CubeIDE_1.19.0\STM32CubeIDE\plugins\com.st.stm32cube.common.mx_6.15.0.202507011659\\db\/mcu/
2025-08-08 22:48:41,555 [INFO] ApiDb:274 - Set plugin database path to: C:\ST\STM32CubeIDE_1.19.0\STM32CubeIDE\plugins\com.st.stm32cube.common.mx_6.15.0.202507011659\\db\/plugins/boardmanager/
2025-08-08 22:48:41,555 [WARN] ApiDb:259 - Overriding images path with different value:  => C:\ST\STM32CubeIDE_1.19.0\STM32CubeIDE\plugins\com.st.stm32cube.common.mx_6.15.0.202507011659\\db\/plugins/mcufinder/images/
2025-08-08 22:48:41,570 [INFO] ApiDb:250 - Set database path to: C:\Users\sheet\.stmcufinder\plugins\mcufinder//mcu/
2025-08-08 22:48:41,572 [INFO] DbMcusAds:125 - Set database path to: C:\Users\sheet\.stmcufinder\plugins\mcufinder//mcu/
2025-08-08 22:48:41,579 [INFO] CrossReferenceDbSqlite:203 - Set database path to: C:\Users\sheet\.stmcufinder\plugins\mcufinder//mcu/cs/
2025-08-08 22:48:41,750 [INFO] RulesReader:64 - Compatibility file has been processed (317 Rules)
2025-08-08 22:48:41,851 [INFO] DbMcusXml:78 - Set database path to: C:\ST\STM32CubeIDE_1.19.0\STM32CubeIDE\plugins\com.st.stm32cube.common.mx_6.15.0.202507011659\\db\/mcu/
2025-08-08 22:48:41,851 [INFO] ApiDb:274 - Set plugin database path to: C:\ST\STM32CubeIDE_1.19.0\STM32CubeIDE\plugins\com.st.stm32cube.common.mx_6.15.0.202507011659\\db\/plugins/boardmanager/
2025-08-08 22:48:41,853 [INFO] ApiDb:261 - Set plugin images path to: C:\ST\STM32CubeIDE_1.19.0\STM32CubeIDE\plugins\com.st.stm32cube.common.mx_6.15.0.202507011659\\db\/plugins/mcufinder/images/
2025-08-08 22:48:41,853 [WARN] DbFile:41 - Overriding database path with different value: C:\Users\sheet\.stmcufinder\plugins\mcufinder/ => C:\Users\sheet\.stmcufinder\plugins\mcufinder
2025-08-08 22:48:41,853 [INFO] ApiDb:250 - Set database path to: C:\Users\sheet\.stmcufinder\plugins\mcufinder//mcu/
2025-08-08 22:48:41,853 [WARN] DbFile:41 - Overriding database path with different value: C:\Users\sheet\.stmcufinder\plugins\mcufinder/ => C:\Users\sheet\.stmcufinder\plugins\mcufinder
2025-08-08 22:48:41,853 [INFO] DbMcusAds:125 - Set database path to: C:\Users\sheet\.stmcufinder\plugins\mcufinder//mcu/
2025-08-08 22:48:41,853 [WARN] DbFile:41 - Overriding database path with different value: C:\Users\sheet\.stmcufinder\plugins\mcufinder/ => C:\Users\sheet\.stmcufinder\plugins\mcufinder
2025-08-08 22:48:41,853 [WARN] DbFile:41 - Overriding database path with different value: C:\Users\sheet\.stmcufinder\plugins\mcufinder/ => C:\Users\sheet\.stmcufinder\plugins\mcufinder
2025-08-08 22:48:41,853 [INFO] CrossReferenceDbSqlite:203 - Set database path to: C:\Users\sheet\.stmcufinder\plugins\mcufinder//mcu/cs/
2025-08-08 22:48:41,948 [INFO] MainPanel:274 - HeapMemory: 268435456
2025-08-08 22:48:42,090 [INFO] DbMcusXml:78 - Set database path to: C:\ST\STM32CubeIDE_1.19.0\STM32CubeIDE\plugins\com.st.stm32cube.common.mx_6.15.0.202507011659\\db\/mcu/
2025-08-08 22:48:42,090 [INFO] ApiDb:274 - Set plugin database path to: C:\ST\STM32CubeIDE_1.19.0\STM32CubeIDE\plugins\com.st.stm32cube.common.mx_6.15.0.202507011659\\db\/plugins/boardmanager/
2025-08-08 22:48:42,090 [INFO] ApiDb:261 - Set plugin images path to: C:\ST\STM32CubeIDE_1.19.0\STM32CubeIDE\plugins\com.st.stm32cube.common.mx_6.15.0.202507011659\\db\/plugins/mcufinder/images/
2025-08-08 22:48:42,091 [WARN] DbFile:41 - Overriding database path with different value: C:\Users\sheet\.stmcufinder\plugins\mcufinder/ => C:\Users\sheet\.stmcufinder\plugins\mcufinder
2025-08-08 22:48:42,091 [INFO] ApiDb:250 - Set database path to: C:\Users\sheet\.stmcufinder\plugins\mcufinder//mcu/
2025-08-08 22:48:42,091 [WARN] DbFile:41 - Overriding database path with different value: C:\Users\sheet\.stmcufinder\plugins\mcufinder/ => C:\Users\sheet\.stmcufinder\plugins\mcufinder
2025-08-08 22:48:42,091 [INFO] DbMcusAds:125 - Set database path to: C:\Users\sheet\.stmcufinder\plugins\mcufinder//mcu/
2025-08-08 22:48:42,091 [WARN] DbFile:41 - Overriding database path with different value: C:\Users\sheet\.stmcufinder\plugins\mcufinder/ => C:\Users\sheet\.stmcufinder\plugins\mcufinder
2025-08-08 22:48:42,091 [WARN] DbFile:41 - Overriding database path with different value: C:\Users\sheet\.stmcufinder\plugins\mcufinder/ => C:\Users\sheet\.stmcufinder\plugins\mcufinder
2025-08-08 22:48:42,091 [INFO] CrossReferenceDbSqlite:203 - Set database path to: C:\Users\sheet\.stmcufinder\plugins\mcufinder//mcu/cs/
2025-08-08 22:48:42,115 [INFO] ApplicationProperties:184 - Using Application install path: C:\ST\STM32CubeIDE_1.19.0\STM32CubeIDE\plugins\com.st.stm32cube.common.mx_6.15.0.202507011659
2025-08-08 22:48:42,117 [INFO] PluginManage:196 - Search for loadable plugins [exclusion list=, ]
2025-08-08 22:48:42,119 [INFO] PluginManage:310 - Check plugin analytics
2025-08-08 22:48:42,351 [INFO] AnalyticsPlugin:253 - Accepted Software Licenses: 
2025-08-08 22:48:42,352 [INFO] AnalyticsPlugin:255 - Accepted CMSIS Pack Licenses: 
2025-08-08 22:48:42,352 [INFO] AnalyticsPlugin:257 - Accepted Firmware Licenses: FW.F4.1.28.0
2025-08-08 22:48:42,354 [INFO] PluginManage:359 - Loaded plugin analytics (category:tool,tabindex:-1)
2025-08-08 22:48:42,354 [INFO] PluginManage:310 - Check plugin cadmodel
2025-08-08 22:48:42,354 [ERROR] ConfigurationRetriever:142 - IOException on connection: sw-center.st.com
2025-08-08 22:48:42,356 [ERROR] ConfigurationRetriever:142 - IOException on connection: sw-center.st.com
2025-08-08 22:48:42,357 [ERROR] ConfigurationRetriever:142 - IOException on connection: sw-center.st.com
2025-08-08 22:48:42,363 [INFO] CADModel:105 - Init CAD model plugin
2025-08-08 22:48:42,363 [INFO] PluginManage:359 - Loaded plugin cadmodel (category:power,tabindex:5)
2025-08-08 22:48:42,363 [INFO] PluginManage:310 - Check plugin clock
2025-08-08 22:48:42,376 [INFO] PluginManage:359 - Loaded plugin clock (category:base,tabindex:2)
2025-08-08 22:48:42,376 [INFO] PluginManage:310 - Check plugin ddr
2025-08-08 22:48:42,380 [INFO] PluginManage:359 - Loaded plugin ddr (category:tool,tabindex:6)
2025-08-08 22:48:42,380 [INFO] PluginManage:310 - Check plugin filemanager
2025-08-08 22:48:42,575 [INFO] PluginManage:359 - Loaded plugin filemanager (category:base,tabindex:10)
2025-08-08 22:48:42,575 [INFO] PluginManage:310 - Check plugin ipmanager
2025-08-08 22:48:42,583 [INFO] PluginManage:359 - Loaded plugin ipmanager (category:base,tabindex:5)
2025-08-08 22:48:42,583 [INFO] PluginManage:310 - Check plugin lpbam
2025-08-08 22:48:42,593 [INFO] PluginManage:359 - Loaded plugin lpbam (category:base,tabindex:0)
2025-08-08 22:48:42,593 [INFO] PluginManage:310 - Check plugin memorymap
2025-08-08 22:48:42,611 [INFO] PluginManage:359 - Loaded plugin memorymap (category:base,tabindex:4)
2025-08-08 22:48:42,611 [INFO] PluginManage:310 - Check plugin pinoutandconfiguration
2025-08-08 22:48:42,623 [INFO] PluginManage:359 - Loaded plugin pinoutandconfiguration (category:base,tabindex:1)
2025-08-08 22:48:42,623 [INFO] PluginManage:310 - Check plugin pinoutconfig
2025-08-08 22:48:42,741 [WARN] SupportedApi:132 - Cannot load RTOS API schema: s4s-elt-must-match.1: The content of 'definitions' must match (annotation?, (simpleType | complexType)?, (unique | key | keyref)*)). A problem was found starting at: attribute.
2025-08-08 22:48:42,915 [INFO] PluginManage:359 - Loaded plugin pinoutconfig (category:base,tabindex:0)
2025-08-08 22:48:42,915 [INFO] PluginManage:310 - Check plugin power
2025-08-08 22:48:42,927 [INFO] PluginManage:359 - Loaded plugin power (category:power,tabindex:4)
2025-08-08 22:48:42,928 [INFO] PluginManage:310 - Check plugin projectmanager
2025-08-08 22:48:42,945 [INFO] PluginManage:359 - Loaded plugin projectmanager (category:projectmanager,tabindex:4)
2025-08-08 22:48:42,945 [INFO] PluginManage:310 - Check plugin rif
2025-08-08 22:48:42,959 [INFO] PluginManage:359 - Loaded plugin rif (category:base,tabindex:3)
2025-08-08 22:48:42,959 [INFO] PluginManage:310 - Check plugin thirdparty
2025-08-08 22:48:43,119 [INFO] PluginManage:359 - Loaded plugin thirdparty (category:base,tabindex:-1)
2025-08-08 22:48:43,119 [INFO] PluginManage:310 - Check plugin tools
2025-08-08 22:48:43,120 [WARN] IntegrityCheckThread:84 - waiting for thirdparty lock release [integrity check]
2025-08-08 22:48:43,120 [INFO] IntegrityCheckThread:86 - entering critical section [integrity check]
2025-08-08 22:48:43,120 [INFO] ThirdPartyUpdaterWithRetryManager:70 - Updater plugin not ready yet. [1/15]
2025-08-08 22:48:43,123 [INFO] PluginManage:359 - Loaded plugin tools (category:base,tabindex:7)
2025-08-08 22:48:43,124 [INFO] PluginManage:310 - Check plugin tutovideos
2025-08-08 22:48:43,368 [INFO] PluginManage:359 - Loaded plugin tutovideos (category:base,tabindex:-1)
2025-08-08 22:48:43,368 [INFO] PluginManage:310 - Check plugin updater
2025-08-08 22:48:43,393 [INFO] PluginManage:359 - Loaded plugin updater (category:base,tabindex:12)
2025-08-08 22:48:43,394 [INFO] PluginManage:310 - Check plugin userauth
2025-08-08 22:48:43,399 [INFO] UserAuth:118 - Init User Auth plugin
2025-08-08 22:48:43,400 [INFO] PluginManage:359 - Loaded plugin userauth (category:base,tabindex:14)
2025-08-08 22:48:43,400 [INFO] PluginManage:283 - PluginManage : Loaded plugins [18]
2025-08-08 22:48:43,634 [INFO] PinOutPanel:1589 - setPackage(No Configuration,No Configuration)
2025-08-08 22:48:43,727 [INFO] CADModel:165 - CPN selected for project level
2025-08-08 22:48:43,728 [INFO] CADModel:114 - Register for checkConnection events
2025-08-08 22:48:43,752 [INFO] IPUIPlugin:80 - create IPUIPlugin
2025-08-08 22:48:43,752 [INFO] PluginManager:220 - loadIPPluginJar : add adc
2025-08-08 22:48:43,756 [INFO] IPUIPlugin:80 - create IPUIPlugin
2025-08-08 22:48:43,756 [INFO] PluginManager:220 - loadIPPluginJar : add aes
2025-08-08 22:48:43,760 [INFO] IPUIPlugin:80 - create IPUIPlugin
2025-08-08 22:48:43,760 [INFO] PluginManager:220 - loadIPPluginJar : add can
2025-08-08 22:48:43,763 [INFO] IPUIPlugin:80 - create IPUIPlugin
2025-08-08 22:48:43,763 [INFO] PluginManager:220 - loadIPPluginJar : add comp
2025-08-08 22:48:43,766 [INFO] IPUIPlugin:80 - create IPUIPlugin
2025-08-08 22:48:43,766 [INFO] PluginManager:220 - loadIPPluginJar : add cryp
2025-08-08 22:48:43,771 [INFO] IPUIPlugin:80 - create IPUIPlugin
2025-08-08 22:48:43,771 [INFO] PluginManager:220 - loadIPPluginJar : add ddr_ctrl_phy
2025-08-08 22:48:43,775 [INFO] IPUIPlugin:80 - create IPUIPlugin
2025-08-08 22:48:43,775 [INFO] PluginManager:220 - loadIPPluginJar : add dfsdm
2025-08-08 22:48:43,782 [INFO] IPUIPlugin:80 - create IPUIPlugin
2025-08-08 22:48:43,782 [INFO] PluginManager:220 - loadIPPluginJar : add dma
2025-08-08 22:48:43,786 [INFO] IPUIPlugin:80 - create IPUIPlugin
2025-08-08 22:48:43,786 [INFO] PluginManager:220 - loadIPPluginJar : add dma3
2025-08-08 22:48:43,790 [INFO] IPUIPlugin:80 - create IPUIPlugin
2025-08-08 22:48:43,790 [INFO] PluginManager:220 - loadIPPluginJar : add extmemmanager
2025-08-08 22:48:43,792 [INFO] IPUIPlugin:80 - create IPUIPlugin
2025-08-08 22:48:43,792 [INFO] PluginManager:220 - loadIPPluginJar : add fatfs
2025-08-08 22:48:43,797 [INFO] IPUIPlugin:80 - create IPUIPlugin
2025-08-08 22:48:43,797 [INFO] PluginManager:220 - loadIPPluginJar : add fmc
2025-08-08 22:48:43,805 [INFO] IPUIPlugin:80 - create IPUIPlugin
2025-08-08 22:48:43,805 [INFO] PluginManager:220 - loadIPPluginJar : add freertos
2025-08-08 22:48:43,807 [INFO] IPUIPlugin:80 - create IPUIPlugin
2025-08-08 22:48:43,807 [INFO] PluginManager:220 - loadIPPluginJar : add genericplugin
2025-08-08 22:48:43,810 [INFO] IPUIPlugin:80 - create IPUIPlugin
2025-08-08 22:48:43,810 [INFO] PluginManager:220 - loadIPPluginJar : add gfxmmu
2025-08-08 22:48:43,816 [INFO] IPUIPlugin:80 - create IPUIPlugin
2025-08-08 22:48:43,816 [INFO] PluginManager:220 - loadIPPluginJar : add gic
2025-08-08 22:48:43,822 [INFO] IPUIPlugin:80 - create IPUIPlugin
2025-08-08 22:48:43,822 [INFO] PluginManager:220 - loadIPPluginJar : add gpio
2025-08-08 22:48:43,826 [INFO] IPUIPlugin:80 - create IPUIPlugin
2025-08-08 22:48:43,826 [INFO] PluginManager:220 - loadIPPluginJar : add gtzc
2025-08-08 22:48:43,829 [INFO] IPUIPlugin:80 - create IPUIPlugin
2025-08-08 22:48:43,829 [INFO] PluginManager:220 - loadIPPluginJar : add hash
2025-08-08 22:48:43,833 [INFO] IPUIPlugin:80 - create IPUIPlugin
2025-08-08 22:48:43,833 [INFO] PluginManager:220 - loadIPPluginJar : add i2c
2025-08-08 22:48:43,838 [INFO] IPUIPlugin:80 - create IPUIPlugin
2025-08-08 22:48:43,838 [INFO] PluginManager:220 - loadIPPluginJar : add i2s
2025-08-08 22:48:43,842 [INFO] IPUIPlugin:80 - create IPUIPlugin
2025-08-08 22:48:43,842 [INFO] PluginManager:220 - loadIPPluginJar : add i3c
2025-08-08 22:48:43,846 [INFO] IPUIPlugin:80 - create IPUIPlugin
2025-08-08 22:48:43,846 [INFO] PluginManager:220 - loadIPPluginJar : add ipddr
2025-08-08 22:48:43,855 [INFO] IPUIPlugin:80 - create IPUIPlugin
2025-08-08 22:48:43,856 [INFO] PluginManager:220 - loadIPPluginJar : add linkedlist
2025-08-08 22:48:43,859 [INFO] IPUIPlugin:80 - create IPUIPlugin
2025-08-08 22:48:43,860 [INFO] PluginManager:220 - loadIPPluginJar : add lorawan
2025-08-08 22:48:43,862 [INFO] IPUIPlugin:80 - create IPUIPlugin
2025-08-08 22:48:43,862 [INFO] PluginManager:220 - loadIPPluginJar : add ltdc
2025-08-08 22:48:43,868 [INFO] IPUIPlugin:80 - create IPUIPlugin
2025-08-08 22:48:43,868 [INFO] PluginManager:220 - loadIPPluginJar : add mdma
2025-08-08 22:48:43,873 [INFO] IPUIPlugin:80 - create IPUIPlugin
2025-08-08 22:48:43,873 [INFO] PluginManager:220 - loadIPPluginJar : add nvic
2025-08-08 22:48:43,876 [INFO] IPUIPlugin:80 - create IPUIPlugin
2025-08-08 22:48:43,876 [INFO] PluginManager:220 - loadIPPluginJar : add opamp
2025-08-08 22:48:43,880 [INFO] IPUIPlugin:80 - create IPUIPlugin
2025-08-08 22:48:43,880 [INFO] PluginManager:220 - loadIPPluginJar : add openamp
2025-08-08 22:48:43,884 [INFO] IPUIPlugin:80 - create IPUIPlugin
2025-08-08 22:48:43,884 [INFO] PluginManager:220 - loadIPPluginJar : add pdm2pcm
2025-08-08 22:48:43,891 [INFO] IPUIPlugin:80 - create IPUIPlugin
2025-08-08 22:48:43,894 [INFO] PluginManager:220 - loadIPPluginJar : add plateformsettings
2025-08-08 22:48:43,896 [INFO] IPUIPlugin:80 - create IPUIPlugin
2025-08-08 22:48:43,896 [INFO] PluginManager:220 - loadIPPluginJar : add quadspi
2025-08-08 22:48:43,898 [INFO] IPUIPlugin:80 - create IPUIPlugin
2025-08-08 22:48:43,899 [INFO] PluginManager:220 - loadIPPluginJar : add radio
2025-08-08 22:48:43,904 [INFO] IPUIPlugin:80 - create IPUIPlugin
2025-08-08 22:48:43,904 [INFO] PluginManager:220 - loadIPPluginJar : add resmgrutility
2025-08-08 22:48:43,908 [INFO] IPUIPlugin:80 - create IPUIPlugin
2025-08-08 22:48:43,908 [INFO] PluginManager:220 - loadIPPluginJar : add sai
2025-08-08 22:48:43,912 [INFO] IPUIPlugin:80 - create IPUIPlugin
2025-08-08 22:48:43,912 [INFO] PluginManager:220 - loadIPPluginJar : add spi
2025-08-08 22:48:43,919 [INFO] IPUIPlugin:80 - create IPUIPlugin
2025-08-08 22:48:43,919 [INFO] PluginManager:220 - loadIPPluginJar : add stm32_wpan
2025-08-08 22:48:43,923 [INFO] IPUIPlugin:80 - create IPUIPlugin
2025-08-08 22:48:43,923 [INFO] PluginManager:220 - loadIPPluginJar : add tim
2025-08-08 22:48:43,927 [INFO] IPUIPlugin:80 - create IPUIPlugin
2025-08-08 22:48:43,928 [INFO] PluginManager:220 - loadIPPluginJar : add touchsensing
2025-08-08 22:48:43,930 [INFO] IPUIPlugin:80 - create IPUIPlugin
2025-08-08 22:48:43,930 [INFO] PluginManager:220 - loadIPPluginJar : add tracer_emb
2025-08-08 22:48:43,932 [INFO] IPUIPlugin:80 - create IPUIPlugin
2025-08-08 22:48:43,932 [INFO] PluginManager:220 - loadIPPluginJar : add ts
2025-08-08 22:48:43,935 [INFO] IPUIPlugin:80 - create IPUIPlugin
2025-08-08 22:48:43,935 [INFO] PluginManager:220 - loadIPPluginJar : add tsc
2025-08-08 22:48:43,938 [INFO] IPUIPlugin:80 - create IPUIPlugin
2025-08-08 22:48:43,938 [INFO] PluginManager:220 - loadIPPluginJar : add ucpd
2025-08-08 22:48:43,941 [INFO] IPUIPlugin:80 - create IPUIPlugin
2025-08-08 22:48:43,942 [INFO] PluginManager:220 - loadIPPluginJar : add usart
2025-08-08 22:48:43,945 [INFO] IPUIPlugin:80 - create IPUIPlugin
2025-08-08 22:48:43,945 [INFO] PluginManager:220 - loadIPPluginJar : add usbx
2025-08-08 22:48:44,081 [FATAL] Updater:351 - Updater called before beeing initialized
2025-08-08 22:48:44,117 [INFO] RulesReader:64 - Compatibility file has been processed (317 Rules)
2025-08-08 22:48:44,129 [INFO] RulesReader:64 - Compatibility file has been processed (317 Rules)
2025-08-08 22:48:44,137 [INFO] CADModel:165 - CPN selected for project level
2025-08-08 22:48:44,137 [INFO] CADModel:114 - Register for checkConnection events
2025-08-08 22:48:44,137 [FATAL] Updater:351 - Updater called before beeing initialized
2025-08-08 22:48:44,137 [ERROR] CADModel:125 - Updater not yet initialized, retry later 
2025-08-08 22:48:44,267 [FATAL] Updater:351 - Updater called before beeing initialized
2025-08-08 22:48:44,269 [INFO] CADModel:165 - CPN selected for project level
2025-08-08 22:48:44,269 [INFO] CADModel:114 - Register for checkConnection events
2025-08-08 22:48:44,269 [FATAL] Updater:351 - Updater called before beeing initialized
2025-08-08 22:48:44,269 [ERROR] CADModel:125 - Updater not yet initialized, retry later 
2025-08-08 22:48:44,273 [FATAL] Updater:351 - Updater called before beeing initialized
2025-08-08 22:48:44,379 [FATAL] Updater:351 - Updater called before beeing initialized
2025-08-08 22:48:44,383 [INFO] DbMcusAds:53 - JSON generation date=Tue Jul 08 13:44:23 IST 2025 (1751962463582)
2025-08-08 22:48:44,383 [FATAL] Updater:351 - Updater called before beeing initialized
2025-08-08 22:48:44,414 [WARN] DetailPanel:346 - Failed to get advertising image, set to default
2025-08-08 22:48:44,482 [FATAL] Updater:351 - Updater called before beeing initialized
2025-08-08 22:48:44,484 [FATAL] Updater:351 - Updater called before beeing initialized
2025-08-08 22:48:44,484 [FATAL] Updater:351 - Updater called before beeing initialized
2025-08-08 22:48:44,484 [WARN] DetailPanel:346 - Failed to get advertising image, set to default
2025-08-08 22:48:44,485 [FATAL] Updater:351 - Updater called before beeing initialized
2025-08-08 22:48:44,525 [ERROR] Updater:1198 - MainUpdater not yet initialized. External WinMGr cannot be set.
2025-08-08 22:48:44,526 [INFO] Updater:1134 - Updater Version found : 6.15.0
2025-08-08 22:48:44,550 [INFO] ApplicationProperties:184 - Using Application install path: C:\ST\STM32CubeIDE_1.19.0\STM32CubeIDE\plugins\com.st.stm32cube.common.mx_6.15.0.202507011659
2025-08-08 22:48:46,123 [INFO] ThirdPartyUpdaterWithRetryManager:70 - Updater plugin not ready yet. [2/15]
2025-08-08 22:48:46,147 [ERROR] LogOutputStream:75 - [STDERR_REDIRECT] Aug 08, 2025 10:48:46 PM java.util.prefs.WindowsPreferences <init>
2025-08-08 22:48:46,149 [ERROR] LogOutputStream:75 - [STDERR_REDIRECT] WARNING: Could not open/create prefs root node Software\JavaSoft\Prefs at root 0xffffffff80000002. Windows RegCreateKeyEx(...) returned error code 5.
2025-08-08 22:48:46,150 [ERROR] LogOutputStream:75 - [STDERR_REDIRECT] 
2025-08-08 22:48:46,400 [INFO] MainUpdater:2872 - connection check result : 22
2025-08-08 22:48:46,400 [INFO] MainUpdater:289 - Updater Check For Update Now.
2025-08-08 22:48:46,400 [INFO] MicroXplorer:498 - Change Database Version : DB.6.0.150
2025-08-08 22:48:46,410 [INFO] McuFinderGlobals:63 - Set McuFinder mode to 2 (CubeIDE integrated)
2025-08-08 22:48:46,413 [INFO] UserAuth:487 - Internet connection configuration mode: 2
2025-08-08 22:48:46,429 [INFO] UserAuth:487 - Internet connection configuration mode: 2
2025-08-08 22:48:46,577 [INFO] CheckServerUpdateThread:120 - End of CheckServer Thread
2025-08-08 22:48:49,332 [WARN] PackLoader:240 - Cannot read IP mode file for STMicroelectronics.FP-SNS-MOTENVWB1.1.4.0
2025-08-08 22:48:49,341 [WARN] PackLoader:240 - Cannot read IP mode file for STMicroelectronics.FP-ATR-ASTRA1.2.0.2
2025-08-08 22:48:49,346 [WARN] PackLoader:240 - Cannot read IP mode file for STMicroelectronics.FP-ATR-ASTRA1.2.0.1
2025-08-08 22:48:49,373 [WARN] PackLoader:240 - Cannot read IP mode file for STMicroelectronics.X-CUBE-SMBUS.2.1.0
2025-08-08 22:48:49,382 [WARN] PackLoader:240 - Cannot read IP mode file for STMicroelectronics.X-CUBE-WB05N.1.1.0
2025-08-08 22:48:49,389 [WARN] PackLoader:240 - Cannot read IP mode file for STMicroelectronics.X-CUBE-ST60.1.0.0
2025-08-08 22:48:49,425 [WARN] PackLoader:240 - Cannot read IP mode file for STMicroelectronics.X-CUBE-AZRTOS-F7.1.1.0
2025-08-08 22:48:49,475 [WARN] PackLoader:240 - Cannot read IP mode file for STMicroelectronics.X-CUBE-MEMS1.11.0.0
2025-08-08 22:48:49,596 [WARN] PackLoader:240 - Cannot read IP mode file for STMicroelectronics.FP-SNS-FLIGHT1.5.0.2
2025-08-08 22:48:49,661 [WARN] PackLoader:240 - Cannot read IP mode file for STMicroelectronics.X-CUBE-AZRTOS-H7.3.4.0
2025-08-08 22:48:49,708 [WARN] PackLoader:240 - Cannot read IP mode file for STMicroelectronics.X-CUBE-DISPLAY.3.0.0
2025-08-08 22:48:49,718 [WARN] PackLoader:240 - Cannot read IP mode file for STMicroelectronics.X-CUBE-BLE1.7.0.0
2025-08-08 22:48:49,727 [WARN] PackLoader:240 - Cannot read IP mode file for STMicroelectronics.X-CUBE-NFC10.1.0.0
2025-08-08 22:48:49,741 [WARN] PackLoader:240 - Cannot read IP mode file for STMicroelectronics.X-CUBE-BLEMGR.4.0.0
2025-08-08 22:48:49,750 [WARN] PackLoader:240 - Cannot read IP mode file for emotas.I-CUBE-CANOPEN.1.3.0
2025-08-08 22:48:49,758 [WARN] PackLoader:240 - Cannot read IP mode file for STMicroelectronics.X-CUBE-BLEMGR.3.1.0
2025-08-08 22:48:49,764 [WARN] PackLoader:240 - Cannot read IP mode file for STMicroelectronics.X-CUBE-AI.10.0.0
2025-08-08 22:48:49,774 [WARN] PackLoader:240 - Cannot read IP mode file for STMicroelectronics.FP-SNS-STBOX1.2.1.0
2025-08-08 22:48:49,789 [WARN] PackLoader:240 - Cannot read IP mode file for STMicroelectronics.FP-SNS-SMARTAG2.1.2.0
2025-08-08 22:48:49,800 [WARN] PackLoader:240 - Cannot read IP mode file for STMicroelectronics.FP-SNS-FLIGHT1.5.1.0
2025-08-08 22:48:49,844 [WARN] PackLoader:240 - Cannot read IP mode file for STMicroelectronics.X-CUBE-MEMS1.11.1.0
2025-08-08 22:48:49,910 [INFO] LogOutputStream:77 - [STDOUT_REDIRECT] 1 : Invalid condition id : UX_CORESTACK_Condition cause : null
2025-08-08 22:48:49,911 [INFO] LogOutputStream:77 - [STDOUT_REDIRECT] 1 : Invalid condition id : UX_CORESTACK_Condition cause : null
2025-08-08 22:48:49,912 [INFO] LogOutputStream:77 - [STDOUT_REDIRECT] 1 : Invalid condition id : UX_CORESTACK_Condition cause : null
2025-08-08 22:48:49,914 [INFO] LogOutputStream:77 - [STDOUT_REDIRECT] 1 : Invalid condition id : UX_CORESTACK_Condition cause : null
2025-08-08 22:48:49,915 [INFO] LogOutputStream:77 - [STDOUT_REDIRECT] 1 : Invalid condition id : UX_CORESTACK_Condition cause : null
2025-08-08 22:48:49,917 [WARN] PackLoader:240 - Cannot read IP mode file for STMicroelectronics.X-CUBE-AZRTOS-WL.2.0.0
2025-08-08 22:48:49,923 [WARN] PackLoader:240 - Cannot read IP mode file for STMicroelectronics.FP-SNS-MOTENV1.5.0.0
2025-08-08 22:48:49,929 [WARN] PackLoader:240 - Cannot read IP mode file for wolfSSL.I-CUBE-wolfMQTT.1.19.0
2025-08-08 22:48:49,937 [WARN] PackLoader:240 - Cannot read IP mode file for WES.I-CUBE-Cesium.1.3.0
2025-08-08 22:48:49,943 [WARN] PackLoader:240 - Cannot read IP mode file for STMicroelectronics.X-CUBE-BLE2.3.3.0
2025-08-08 22:48:49,950 [WARN] PackLoader:240 - Cannot read IP mode file for STMicroelectronics.X-CUBE-NFC9.1.0.0
2025-08-08 22:48:49,955 [WARN] PackLoader:240 - Cannot read IP mode file for STMicroelectronics.X-CUBE-BLE1.7.1.0
2025-08-08 22:48:49,959 [WARN] PackLoader:240 - Cannot read IP mode file for STMicroelectronics.X-CUBE-TCPP.4.1.0
2025-08-08 22:48:49,964 [WARN] PackLoader:240 - Cannot read IP mode file for STMicroelectronics.X-CUBE-EEPRMA1.5.2.0
2025-08-08 22:48:49,968 [WARN] PackLoader:240 - Cannot read IP mode file for STMicroelectronics.X-CUBE-AI.10.1.0
2025-08-08 22:48:50,000 [WARN] PackLoader:240 - Cannot read IP mode file for STMicroelectronics.X-CUBE-MEMS1.11.2.0
2025-08-08 22:48:50,078 [WARN] PackLoader:240 - Cannot read IP mode file for STMicroelectronics.X-CUBE-AZRTOS-G0.1.1.0
2025-08-08 22:48:50,085 [WARN] PackLoader:240 - Cannot read IP mode file for STMicroelectronics.X-CUBE-SAFEA1.1.2.2
2025-08-08 22:48:50,092 [WARN] PackLoader:240 - Cannot read IP mode file for STMicroelectronics.X-CUBE-NFC4.3.0.0
2025-08-08 22:48:50,100 [WARN] PackLoader:240 - Cannot read IP mode file for EmbeddedOffice.I-CUBE-FS-RTOS.1.0.1
2025-08-08 22:48:50,105 [WARN] PackLoader:240 - Cannot read IP mode file for STMicroelectronics.X-CUBE-WB05N.2.0.0
2025-08-08 22:48:50,111 [WARN] PackLoader:240 - Cannot read IP mode file for STMicroelectronics.X-CUBE-TCPP.4.2.0
2025-08-08 22:48:50,120 [WARN] PackLoader:240 - Cannot read IP mode file for RealThread.X-CUBE-RT-Thread_Nano.4.1.1
2025-08-08 22:48:50,124 [WARN] PackLoader:240 - Cannot read IP mode file for STMicroelectronics.FP-ATR-SIGFOX1.3.2.0
2025-08-08 22:48:50,130 [WARN] ConditionMgr:438 - getConditionDescription Invalid condition id : Cortex-A Device cause : null
2025-08-08 22:48:50,146 [WARN] ConditionMgr:1044 - genDependencies : Invalid condition id : Cortex-A Device cause : null
2025-08-08 22:48:50,146 [WARN] ConditionMgr:1044 - genDependencies : Invalid condition id : Cortex-A Device cause : null
2025-08-08 22:48:50,146 [WARN] ConditionMgr:1044 - genDependencies : Invalid condition id : Cortex-A Device cause : null
2025-08-08 22:48:50,151 [WARN] PackLoader:240 - Cannot read IP mode file for STMicroelectronics.X-CUBE-EEPRMA1.5.1.0
2025-08-08 22:48:50,155 [WARN] PackLoader:240 - Cannot read IP mode file for wolfSSL.I-CUBE-wolfSSL.5.7.4
2025-08-08 22:48:50,161 [WARN] PackLoader:240 - Cannot read IP mode file for ITTIA_DB.I-CUBE-ITTIADB.8.9.0
2025-08-08 22:48:50,167 [WARN] PackLoader:240 - Cannot read IP mode file for STMicroelectronics.X-CUBE-ST67W61.1.0.0
2025-08-08 22:48:50,172 [WARN] PackLoader:240 - Cannot read IP mode file for STMicroelectronics.X-CUBE-AI.10.2.0
2025-08-08 22:48:50,194 [WARN] PackLoader:240 - Cannot read IP mode file for SEGGER.I-CUBE-embOS.1.3.1
2025-08-08 22:48:50,226 [WARN] PackLoader:240 - Cannot read IP mode file for STMicroelectronics.X-CUBE-ALGOBUILD.1.4.0
2025-08-08 22:48:50,287 [WARN] PackLoader:240 - Cannot read IP mode file for STMicroelectronics.X-CUBE-MEMS1.11.3.0
2025-08-08 22:48:50,367 [WARN] PackLoader:240 - Cannot read IP mode file for STMicroelectronics.X-CUBE-AI.9.1.0
2025-08-08 22:48:50,372 [WARN] PackLoader:240 - Cannot read IP mode file for STMicroelectronics.X-CUBE-PM33A1.1.0.0
2025-08-08 22:48:50,385 [WARN] PackLoader:240 - Cannot read IP mode file for STMicroelectronics.X-CUBE-AZRTOS-F4.1.1.0
2025-08-08 22:48:50,393 [WARN] PackLoader:240 - Cannot read IP mode file for Avnet-IotConnect.X-CUBE-IoTC-DA16k-PMOD.1.0.0
2025-08-08 22:48:50,398 [WARN] PackLoader:240 - Cannot read IP mode file for STMicroelectronics.X-CUBE-ISPU.2.1.0
2025-08-08 22:48:50,403 [WARN] PackLoader:240 - Cannot read IP mode file for STMicroelectronics.X-CUBE-FREERTOS.1.2.0
2025-08-08 22:48:50,410 [WARN] PackLoader:240 - Cannot read IP mode file for STMicroelectronics.X-CUBE-NFC12.1.0.0
2025-08-08 22:48:50,422 [WARN] PackLoader:240 - Cannot read IP mode file for STMicroelectronics.X-CUBE-AZRTOS-L5.2.0.0
2025-08-08 22:48:50,430 [WARN] PackLoader:240 - Cannot read IP mode file for STMicroelectronics.X-CUBE-NFC6.3.1.0
2025-08-08 22:48:50,437 [WARN] PackLoader:240 - Cannot read IP mode file for STMicroelectronics.X-CUBE-DPower.1.2.0
2025-08-08 22:48:50,442 [WARN] PackLoader:240 - Cannot read IP mode file for STMicroelectronics.X-CUBE-FREERTOS.1.3.1
2025-08-08 22:48:50,447 [WARN] PackLoader:240 - Cannot read IP mode file for STMicroelectronics.X-CUBE-FREERTOS.1.3.0
2025-08-08 22:48:50,454 [WARN] PackLoader:240 - Cannot read IP mode file for STMicroelectronics.X-CUBE-NFC7.1.0.1
2025-08-08 22:48:50,459 [WARN] PackLoader:240 - Cannot read IP mode file for STMicroelectronics.FP-SNS-STAIOTCFT.1.0.0
2025-08-08 22:48:50,463 [WARN] PackLoader:240 - Cannot read IP mode file for STMicroelectronics.X-CUBE-DPower.1.3.0
2025-08-08 22:48:50,477 [WARN] ConditionMgr:438 - getConditionDescription Invalid condition id : LAN8742 Phy interface Condition cause : null
2025-08-08 22:48:50,477 [WARN] PackLoader:240 - Cannot read IP mode file for STMicroelectronics.X-CUBE-AZRTOS-L4.2.0.0
2025-08-08 22:48:50,479 [WARN] ConditionMgr:1044 - genDependencies : Invalid condition id : LAN8742 Phy interface Condition cause : null
2025-08-08 22:48:50,479 [WARN] ConditionMgr:1044 - genDependencies : Invalid condition id : LAN8742 Phy interface Condition cause : null
2025-08-08 22:48:50,479 [WARN] ConditionMgr:1044 - genDependencies : Invalid condition id : LAN8742 Phy interface Condition cause : null
2025-08-08 22:48:50,487 [WARN] PackLoader:240 - Cannot read IP mode file for STMicroelectronics.X-CUBE-SFXS2LP1.4.0.0
2025-08-08 22:48:50,500 [WARN] PackLoader:240 - Cannot read IP mode file for STMicroelectronics.X-CUBE-AZRTOS-H7.3.3.0
2025-08-08 22:48:50,510 [WARN] PackLoader:240 - Cannot read IP mode file for STMicroelectronics.X-CUBE-BLEMGR.4.1.0
2025-08-08 22:48:50,524 [WARN] PackLoader:240 - Cannot read IP mode file for STMicroelectronics.X-CUBE-IPS.3.0.0
2025-08-08 22:48:50,535 [WARN] ConditionMgr:438 - getConditionDescription Invalid condition id : UX DEVICE CLASS RTOS Condition cause : null
2025-08-08 22:48:50,536 [WARN] ConditionMgr:438 - getConditionDescription Invalid condition id : UX DEVICE CLASS RTOS Condition cause : null
2025-08-08 22:48:50,537 [WARN] PackLoader:240 - Cannot read IP mode file for STMicroelectronics.X-CUBE-AZRTOS-WB.2.0.0
2025-08-08 22:48:50,537 [WARN] ConditionMgr:1044 - genDependencies : Invalid condition id : UX DEVICE CLASS RTOS Condition cause : null
2025-08-08 22:48:50,537 [WARN] ConditionMgr:1044 - genDependencies : Invalid condition id : UX DEVICE CLASS RTOS Condition cause : null
2025-08-08 22:48:50,538 [WARN] ConditionMgr:1044 - genDependencies : Invalid condition id : UX DEVICE CLASS RTOS Condition cause : null
2025-08-08 22:48:50,538 [WARN] ConditionMgr:1044 - genDependencies : Invalid condition id : UX DEVICE CLASS RTOS Condition cause : null
2025-08-08 22:48:50,538 [WARN] ConditionMgr:1044 - genDependencies : Invalid condition id : UX DEVICE CLASS RTOS Condition cause : null
2025-08-08 22:48:50,543 [WARN] PackLoader:240 - Cannot read IP mode file for STMicroelectronics.X-CUBE-GNSS1.7.0.0
2025-08-08 22:48:50,548 [WARN] PackLoader:240 - Cannot read IP mode file for STMicroelectronics.X-CUBE-GNSS1.7.0.1
2025-08-08 22:48:50,555 [WARN] PackLoader:240 - Cannot read IP mode file for STMicroelectronics.X-CUBE-TOUCHGFX.4.25.0
2025-08-08 22:48:50,560 [WARN] PackLoader:240 - Cannot read IP mode file for STMicroelectronics.FP-SNS-STBOX1.2.0.0
2025-08-08 22:48:50,571 [WARN] PackLoader:240 - Cannot read IP mode file for STMicroelectronics.X-CUBE-SUBG2.5.0.0
2025-08-08 22:48:50,586 [WARN] PackLoader:240 - Cannot read IP mode file for STMicroelectronics.X-CUBE-AZRTOS-H7RS.1.1.0
2025-08-08 22:48:50,592 [WARN] PackLoader:240 - Cannot read IP mode file for Cesanta.I-CUBE-Mongoose.7.13.0
2025-08-08 22:48:50,605 [WARN] PackLoader:240 - Cannot read IP mode file for STMicroelectronics.X-CUBE-AZRTOS-G4.2.0.0
2025-08-08 22:48:50,611 [WARN] PackLoader:240 - Cannot read IP mode file for STMicroelectronics.X-CUBE-NFC7.2.0.0
2025-08-08 22:48:50,617 [WARN] PackLoader:240 - Cannot read IP mode file for STMicroelectronics.X-CUBE-IPS.3.1.0
2025-08-08 22:48:50,623 [WARN] PackLoader:240 - Cannot read IP mode file for STMicroelectronics.X-CUBE-ALS.1.0.2
2025-08-08 22:48:50,627 [WARN] PackLoader:240 - Cannot read IP mode file for STMicroelectronics.X-CUBE-TOUCHGFX.4.24.1
2025-08-08 22:48:50,631 [WARN] PackLoader:240 - Cannot read IP mode file for wolfSSL.I-CUBE-wolfTPM.3.4.0
2025-08-08 22:48:50,636 [WARN] PackLoader:240 - Cannot read IP mode file for portGmbH.I-Cube-SoM-uGOAL.1.1.0
2025-08-08 22:48:50,646 [WARN] PackLoader:240 - Cannot read IP mode file for STMicroelectronics.X-CUBE-AZRTOS-H7RS.1.0.0
2025-08-08 22:48:50,655 [WARN] PackLoader:240 - Cannot read IP mode file for STMicroelectronics.X-CUBE-TOF1.3.4.2
2025-08-08 22:48:50,666 [WARN] PackLoader:240 - Cannot read IP mode file for STMicroelectronics.X-CUBE-TOF1.3.4.3
2025-08-08 22:48:50,683 [WARN] PackLoader:240 - Cannot read IP mode file for Infineon.AIROC-Wi-Fi-Bluetooth-STM32.1.6.1
2025-08-08 22:48:50,687 [WARN] PackLoader:240 - Cannot read IP mode file for wolfSSL.I-CUBE-wolfSSH.1.4.17
2025-08-08 22:48:50,688 [INFO] ThirdParty:978 - Integrity check success = true
2025-08-08 22:48:50,688 [INFO] IntegrityCheckThread:100 - exiting critical section [integrity check]
2025-08-08 22:48:50,688 [INFO] IntegrityCheckThread:103 - End integrity checks thread
2025-08-08 22:49:10,360 [ERROR] ConfigurationRetriever:142 - IOException on connection: sw-center.st.com
2025-08-08 22:49:10,360 [ERROR] ConfigurationRetriever:142 - IOException on connection: sw-center.st.com
2025-08-08 22:49:10,361 [ERROR] ConfigurationRetriever:142 - IOException on connection: sw-center.st.com
2025-08-08 22:49:11,276 [ERROR] LogOutputStream:75 - [STDERR_REDIRECT] 
