2025-08-19 14:41:27,967 [INFO] Activator:176 - 


2025-08-19 14:41:27,979 [INFO] Activator:177 - !SESSION log4j initialized
2025-08-19 14:41:49,283 [INFO] LogOutputStream:77 - [STDOUT_REDIRECT] 
2025-08-19 14:41:49,664 [ERROR] ConfigurationRetriever:142 - IOException on connection: sw-center.st.com
2025-08-19 14:41:49,665 [ERROR] ConfigurationRetriever:142 - IOException on connection: sw-center.st.com
2025-08-19 14:41:49,666 [ERROR] ConfigurationRetriever:142 - IOException on connection: sw-center.st.com
2025-08-19 14:41:53,124 [INFO] ApplicationProperties:184 - Using Application install path: C:\ST\STM32CubeIDE_1.19.0\STM32CubeIDE\plugins\com.st.stm32cube.common.mx_6.15.0.202507011659
2025-08-19 14:41:54,166 [INFO] DbMcusXml:78 - Set database path to: C:\ST\STM32CubeIDE_1.19.0\STM32CubeIDE\plugins\com.st.stm32cube.common.mx_6.15.0.202507011659\\db\/mcu/
2025-08-19 14:41:54,211 [INFO] ApiDb:274 - Set plugin database path to: C:\ST\STM32CubeIDE_1.19.0\STM32CubeIDE\plugins\com.st.stm32cube.common.mx_6.15.0.202507011659\\db\/plugins/boardmanager/
2025-08-19 14:41:54,211 [WARN] ApiDb:259 - Overriding images path with different value:  => C:\ST\STM32CubeIDE_1.19.0\STM32CubeIDE\plugins\com.st.stm32cube.common.mx_6.15.0.202507011659\\db\/plugins/mcufinder/images/
2025-08-19 14:41:54,916 [INFO] ApiDb:250 - Set database path to: C:\Users\sheet\.stmcufinder\plugins\mcufinder//mcu/
2025-08-19 14:41:54,922 [INFO] DbMcusAds:125 - Set database path to: C:\Users\sheet\.stmcufinder\plugins\mcufinder//mcu/
2025-08-19 14:41:55,062 [INFO] CrossReferenceDbSqlite:203 - Set database path to: C:\Users\sheet\.stmcufinder\plugins\mcufinder//mcu/cs/
2025-08-19 14:41:57,896 [INFO] RulesReader:64 - Compatibility file has been processed (317 Rules)
2025-08-19 14:41:58,193 [INFO] DbMcusXml:78 - Set database path to: C:\ST\STM32CubeIDE_1.19.0\STM32CubeIDE\plugins\com.st.stm32cube.common.mx_6.15.0.202507011659\\db\/mcu/
2025-08-19 14:41:58,195 [INFO] ApiDb:274 - Set plugin database path to: C:\ST\STM32CubeIDE_1.19.0\STM32CubeIDE\plugins\com.st.stm32cube.common.mx_6.15.0.202507011659\\db\/plugins/boardmanager/
2025-08-19 14:41:58,196 [INFO] ApiDb:261 - Set plugin images path to: C:\ST\STM32CubeIDE_1.19.0\STM32CubeIDE\plugins\com.st.stm32cube.common.mx_6.15.0.202507011659\\db\/plugins/mcufinder/images/
2025-08-19 14:41:58,196 [WARN] DbFile:41 - Overriding database path with different value: C:\Users\sheet\.stmcufinder\plugins\mcufinder/ => C:\Users\sheet\.stmcufinder\plugins\mcufinder
2025-08-19 14:41:58,196 [INFO] ApiDb:250 - Set database path to: C:\Users\sheet\.stmcufinder\plugins\mcufinder//mcu/
2025-08-19 14:41:58,197 [WARN] DbFile:41 - Overriding database path with different value: C:\Users\sheet\.stmcufinder\plugins\mcufinder/ => C:\Users\sheet\.stmcufinder\plugins\mcufinder
2025-08-19 14:41:58,197 [INFO] DbMcusAds:125 - Set database path to: C:\Users\sheet\.stmcufinder\plugins\mcufinder//mcu/
2025-08-19 14:41:58,197 [WARN] DbFile:41 - Overriding database path with different value: C:\Users\sheet\.stmcufinder\plugins\mcufinder/ => C:\Users\sheet\.stmcufinder\plugins\mcufinder
2025-08-19 14:41:58,197 [WARN] DbFile:41 - Overriding database path with different value: C:\Users\sheet\.stmcufinder\plugins\mcufinder/ => C:\Users\sheet\.stmcufinder\plugins\mcufinder
2025-08-19 14:41:58,198 [INFO] CrossReferenceDbSqlite:203 - Set database path to: C:\Users\sheet\.stmcufinder\plugins\mcufinder//mcu/cs/
2025-08-19 14:41:58,448 [INFO] MainPanel:274 - HeapMemory: 268435456
2025-08-19 14:41:58,916 [INFO] DbMcusXml:78 - Set database path to: C:\ST\STM32CubeIDE_1.19.0\STM32CubeIDE\plugins\com.st.stm32cube.common.mx_6.15.0.202507011659\\db\/mcu/
2025-08-19 14:41:58,917 [INFO] ApiDb:274 - Set plugin database path to: C:\ST\STM32CubeIDE_1.19.0\STM32CubeIDE\plugins\com.st.stm32cube.common.mx_6.15.0.202507011659\\db\/plugins/boardmanager/
2025-08-19 14:41:58,917 [INFO] ApiDb:261 - Set plugin images path to: C:\ST\STM32CubeIDE_1.19.0\STM32CubeIDE\plugins\com.st.stm32cube.common.mx_6.15.0.202507011659\\db\/plugins/mcufinder/images/
2025-08-19 14:41:58,921 [WARN] DbFile:41 - Overriding database path with different value: C:\Users\sheet\.stmcufinder\plugins\mcufinder/ => C:\Users\sheet\.stmcufinder\plugins\mcufinder
2025-08-19 14:41:58,921 [INFO] ApiDb:250 - Set database path to: C:\Users\sheet\.stmcufinder\plugins\mcufinder//mcu/
2025-08-19 14:41:58,923 [WARN] DbFile:41 - Overriding database path with different value: C:\Users\sheet\.stmcufinder\plugins\mcufinder/ => C:\Users\sheet\.stmcufinder\plugins\mcufinder
2025-08-19 14:41:58,924 [INFO] DbMcusAds:125 - Set database path to: C:\Users\sheet\.stmcufinder\plugins\mcufinder//mcu/
2025-08-19 14:41:58,924 [WARN] DbFile:41 - Overriding database path with different value: C:\Users\sheet\.stmcufinder\plugins\mcufinder/ => C:\Users\sheet\.stmcufinder\plugins\mcufinder
2025-08-19 14:41:58,924 [WARN] DbFile:41 - Overriding database path with different value: C:\Users\sheet\.stmcufinder\plugins\mcufinder/ => C:\Users\sheet\.stmcufinder\plugins\mcufinder
2025-08-19 14:41:58,924 [INFO] CrossReferenceDbSqlite:203 - Set database path to: C:\Users\sheet\.stmcufinder\plugins\mcufinder//mcu/cs/
2025-08-19 14:41:59,010 [INFO] ApplicationProperties:184 - Using Application install path: C:\ST\STM32CubeIDE_1.19.0\STM32CubeIDE\plugins\com.st.stm32cube.common.mx_6.15.0.202507011659
2025-08-19 14:41:59,018 [INFO] PluginManage:196 - Search for loadable plugins [exclusion list=, ]
2025-08-19 14:41:59,018 [INFO] PluginManage:310 - Check plugin analytics
2025-08-19 14:41:59,649 [INFO] AnalyticsPlugin:253 - Accepted Software Licenses: 
2025-08-19 14:41:59,649 [INFO] AnalyticsPlugin:255 - Accepted CMSIS Pack Licenses: 
2025-08-19 14:41:59,649 [INFO] AnalyticsPlugin:257 - Accepted Firmware Licenses: FW.F4.1.28.0
2025-08-19 14:41:59,659 [INFO] PluginManage:359 - Loaded plugin analytics (category:tool,tabindex:-1)
2025-08-19 14:41:59,667 [INFO] PluginManage:310 - Check plugin cadmodel
2025-08-19 14:41:59,678 [INFO] CADModel:105 - Init CAD model plugin
2025-08-19 14:41:59,678 [INFO] PluginManage:359 - Loaded plugin cadmodel (category:power,tabindex:5)
2025-08-19 14:41:59,684 [INFO] PluginManage:310 - Check plugin clock
2025-08-19 14:41:59,711 [INFO] PluginManage:359 - Loaded plugin clock (category:base,tabindex:2)
2025-08-19 14:41:59,711 [INFO] PluginManage:310 - Check plugin ddr
2025-08-19 14:41:59,722 [INFO] PluginManage:359 - Loaded plugin ddr (category:tool,tabindex:6)
2025-08-19 14:41:59,726 [INFO] PluginManage:310 - Check plugin filemanager
2025-08-19 14:42:00,370 [INFO] PluginManage:359 - Loaded plugin filemanager (category:base,tabindex:10)
2025-08-19 14:42:00,370 [INFO] PluginManage:310 - Check plugin ipmanager
2025-08-19 14:42:00,383 [INFO] PluginManage:359 - Loaded plugin ipmanager (category:base,tabindex:5)
2025-08-19 14:42:00,383 [INFO] PluginManage:310 - Check plugin lpbam
2025-08-19 14:42:00,424 [INFO] PluginManage:359 - Loaded plugin lpbam (category:base,tabindex:0)
2025-08-19 14:42:00,424 [INFO] PluginManage:310 - Check plugin memorymap
2025-08-19 14:42:00,483 [INFO] PluginManage:359 - Loaded plugin memorymap (category:base,tabindex:4)
2025-08-19 14:42:00,483 [INFO] PluginManage:310 - Check plugin pinoutandconfiguration
2025-08-19 14:42:00,514 [INFO] PluginManage:359 - Loaded plugin pinoutandconfiguration (category:base,tabindex:1)
2025-08-19 14:42:00,514 [INFO] PluginManage:310 - Check plugin pinoutconfig
2025-08-19 14:42:00,892 [WARN] SupportedApi:132 - Cannot load RTOS API schema: s4s-elt-must-match.1: The content of 'definitions' must match (annotation?, (simpleType | complexType)?, (unique | key | keyref)*)). A problem was found starting at: attribute.
2025-08-19 14:42:01,610 [INFO] PluginManage:359 - Loaded plugin pinoutconfig (category:base,tabindex:0)
2025-08-19 14:42:01,610 [INFO] PluginManage:310 - Check plugin power
2025-08-19 14:42:01,653 [INFO] PluginManage:359 - Loaded plugin power (category:power,tabindex:4)
2025-08-19 14:42:01,653 [INFO] PluginManage:310 - Check plugin projectmanager
2025-08-19 14:42:01,757 [INFO] PluginManage:359 - Loaded plugin projectmanager (category:projectmanager,tabindex:4)
2025-08-19 14:42:01,761 [INFO] PluginManage:310 - Check plugin rif
2025-08-19 14:42:01,818 [INFO] PluginManage:359 - Loaded plugin rif (category:base,tabindex:3)
2025-08-19 14:42:01,821 [INFO] PluginManage:310 - Check plugin thirdparty
2025-08-19 14:42:02,409 [INFO] PluginManage:359 - Loaded plugin thirdparty (category:base,tabindex:-1)
2025-08-19 14:42:02,409 [WARN] IntegrityCheckThread:84 - waiting for thirdparty lock release [integrity check]
2025-08-19 14:42:02,409 [INFO] PluginManage:310 - Check plugin tools
2025-08-19 14:42:02,409 [INFO] IntegrityCheckThread:86 - entering critical section [integrity check]
2025-08-19 14:42:02,416 [INFO] ThirdPartyUpdaterWithRetryManager:70 - Updater plugin not ready yet. [1/15]
2025-08-19 14:42:02,444 [INFO] PluginManage:359 - Loaded plugin tools (category:base,tabindex:7)
2025-08-19 14:42:02,444 [INFO] PluginManage:310 - Check plugin tutovideos
2025-08-19 14:42:03,466 [INFO] PluginManage:359 - Loaded plugin tutovideos (category:base,tabindex:-1)
2025-08-19 14:42:03,466 [INFO] PluginManage:310 - Check plugin updater
2025-08-19 14:42:03,553 [INFO] PluginManage:359 - Loaded plugin updater (category:base,tabindex:12)
2025-08-19 14:42:03,553 [INFO] PluginManage:310 - Check plugin userauth
2025-08-19 14:42:03,562 [INFO] UserAuth:118 - Init User Auth plugin
2025-08-19 14:42:03,572 [INFO] PluginManage:359 - Loaded plugin userauth (category:base,tabindex:14)
2025-08-19 14:42:03,572 [INFO] PluginManage:283 - PluginManage : Loaded plugins [18]
2025-08-19 14:42:04,811 [INFO] PinOutPanel:1589 - setPackage(No Configuration,No Configuration)
2025-08-19 14:42:05,311 [INFO] CADModel:165 - CPN selected for project level
2025-08-19 14:42:05,311 [INFO] CADModel:114 - Register for checkConnection events
2025-08-19 14:42:05,368 [INFO] IPUIPlugin:80 - create IPUIPlugin
2025-08-19 14:42:05,371 [INFO] PluginManager:220 - loadIPPluginJar : add adc
2025-08-19 14:42:05,376 [INFO] IPUIPlugin:80 - create IPUIPlugin
2025-08-19 14:42:05,376 [INFO] PluginManager:220 - loadIPPluginJar : add aes
2025-08-19 14:42:05,387 [INFO] IPUIPlugin:80 - create IPUIPlugin
2025-08-19 14:42:05,387 [INFO] PluginManager:220 - loadIPPluginJar : add can
2025-08-19 14:42:05,393 [INFO] IPUIPlugin:80 - create IPUIPlugin
2025-08-19 14:42:05,393 [INFO] PluginManager:220 - loadIPPluginJar : add comp
2025-08-19 14:42:05,401 [INFO] IPUIPlugin:80 - create IPUIPlugin
2025-08-19 14:42:05,401 [INFO] PluginManager:220 - loadIPPluginJar : add cryp
2025-08-19 14:42:05,409 [INFO] IPUIPlugin:80 - create IPUIPlugin
2025-08-19 14:42:05,409 [INFO] PluginManager:220 - loadIPPluginJar : add ddr_ctrl_phy
2025-08-19 14:42:05,421 [INFO] ThirdPartyUpdaterWithRetryManager:70 - Updater plugin not ready yet. [2/15]
2025-08-19 14:42:05,421 [INFO] IPUIPlugin:80 - create IPUIPlugin
2025-08-19 14:42:05,421 [INFO] PluginManager:220 - loadIPPluginJar : add dfsdm
2025-08-19 14:42:05,437 [INFO] IPUIPlugin:80 - create IPUIPlugin
2025-08-19 14:42:05,437 [INFO] PluginManager:220 - loadIPPluginJar : add dma
2025-08-19 14:42:05,445 [INFO] IPUIPlugin:80 - create IPUIPlugin
2025-08-19 14:42:05,445 [INFO] PluginManager:220 - loadIPPluginJar : add dma3
2025-08-19 14:42:05,460 [INFO] IPUIPlugin:80 - create IPUIPlugin
2025-08-19 14:42:05,460 [INFO] PluginManager:220 - loadIPPluginJar : add extmemmanager
2025-08-19 14:42:05,471 [INFO] IPUIPlugin:80 - create IPUIPlugin
2025-08-19 14:42:05,471 [INFO] PluginManager:220 - loadIPPluginJar : add fatfs
2025-08-19 14:42:05,487 [INFO] IPUIPlugin:80 - create IPUIPlugin
2025-08-19 14:42:05,487 [INFO] PluginManager:220 - loadIPPluginJar : add fmc
2025-08-19 14:42:05,525 [INFO] IPUIPlugin:80 - create IPUIPlugin
2025-08-19 14:42:05,525 [INFO] PluginManager:220 - loadIPPluginJar : add freertos
2025-08-19 14:42:05,529 [INFO] IPUIPlugin:80 - create IPUIPlugin
2025-08-19 14:42:05,529 [INFO] PluginManager:220 - loadIPPluginJar : add genericplugin
2025-08-19 14:42:05,547 [INFO] IPUIPlugin:80 - create IPUIPlugin
2025-08-19 14:42:05,547 [INFO] PluginManager:220 - loadIPPluginJar : add gfxmmu
2025-08-19 14:42:05,573 [INFO] IPUIPlugin:80 - create IPUIPlugin
2025-08-19 14:42:05,575 [INFO] PluginManager:220 - loadIPPluginJar : add gic
2025-08-19 14:42:05,593 [INFO] IPUIPlugin:80 - create IPUIPlugin
2025-08-19 14:42:05,593 [INFO] PluginManager:220 - loadIPPluginJar : add gpio
2025-08-19 14:42:05,608 [INFO] IPUIPlugin:80 - create IPUIPlugin
2025-08-19 14:42:05,608 [INFO] PluginManager:220 - loadIPPluginJar : add gtzc
2025-08-19 14:42:05,612 [INFO] IPUIPlugin:80 - create IPUIPlugin
2025-08-19 14:42:05,612 [INFO] PluginManager:220 - loadIPPluginJar : add hash
2025-08-19 14:42:05,622 [INFO] IPUIPlugin:80 - create IPUIPlugin
2025-08-19 14:42:05,622 [INFO] PluginManager:220 - loadIPPluginJar : add i2c
2025-08-19 14:42:05,637 [INFO] IPUIPlugin:80 - create IPUIPlugin
2025-08-19 14:42:05,637 [INFO] PluginManager:220 - loadIPPluginJar : add i2s
2025-08-19 14:42:05,647 [INFO] IPUIPlugin:80 - create IPUIPlugin
2025-08-19 14:42:05,653 [INFO] PluginManager:220 - loadIPPluginJar : add i3c
2025-08-19 14:42:05,664 [INFO] IPUIPlugin:80 - create IPUIPlugin
2025-08-19 14:42:05,664 [INFO] PluginManager:220 - loadIPPluginJar : add ipddr
2025-08-19 14:42:05,721 [INFO] IPUIPlugin:80 - create IPUIPlugin
2025-08-19 14:42:05,721 [INFO] PluginManager:220 - loadIPPluginJar : add linkedlist
2025-08-19 14:42:05,742 [INFO] IPUIPlugin:80 - create IPUIPlugin
2025-08-19 14:42:05,744 [INFO] PluginManager:220 - loadIPPluginJar : add lorawan
2025-08-19 14:42:05,755 [INFO] IPUIPlugin:80 - create IPUIPlugin
2025-08-19 14:42:05,755 [INFO] PluginManager:220 - loadIPPluginJar : add ltdc
2025-08-19 14:42:05,783 [INFO] IPUIPlugin:80 - create IPUIPlugin
2025-08-19 14:42:05,783 [INFO] PluginManager:220 - loadIPPluginJar : add mdma
2025-08-19 14:42:05,805 [INFO] IPUIPlugin:80 - create IPUIPlugin
2025-08-19 14:42:05,805 [INFO] PluginManager:220 - loadIPPluginJar : add nvic
2025-08-19 14:42:05,823 [INFO] IPUIPlugin:80 - create IPUIPlugin
2025-08-19 14:42:05,826 [INFO] PluginManager:220 - loadIPPluginJar : add opamp
2025-08-19 14:42:05,847 [INFO] IPUIPlugin:80 - create IPUIPlugin
2025-08-19 14:42:05,847 [INFO] PluginManager:220 - loadIPPluginJar : add openamp
2025-08-19 14:42:05,855 [INFO] IPUIPlugin:80 - create IPUIPlugin
2025-08-19 14:42:05,855 [INFO] PluginManager:220 - loadIPPluginJar : add pdm2pcm
2025-08-19 14:42:05,876 [INFO] IPUIPlugin:80 - create IPUIPlugin
2025-08-19 14:42:05,881 [INFO] PluginManager:220 - loadIPPluginJar : add plateformsettings
2025-08-19 14:42:05,888 [INFO] IPUIPlugin:80 - create IPUIPlugin
2025-08-19 14:42:05,888 [INFO] PluginManager:220 - loadIPPluginJar : add quadspi
2025-08-19 14:42:05,891 [INFO] IPUIPlugin:80 - create IPUIPlugin
2025-08-19 14:42:05,896 [INFO] PluginManager:220 - loadIPPluginJar : add radio
2025-08-19 14:42:05,914 [INFO] IPUIPlugin:80 - create IPUIPlugin
2025-08-19 14:42:05,914 [INFO] PluginManager:220 - loadIPPluginJar : add resmgrutility
2025-08-19 14:42:05,932 [INFO] IPUIPlugin:80 - create IPUIPlugin
2025-08-19 14:42:05,933 [INFO] PluginManager:220 - loadIPPluginJar : add sai
2025-08-19 14:42:05,943 [INFO] IPUIPlugin:80 - create IPUIPlugin
2025-08-19 14:42:05,943 [INFO] PluginManager:220 - loadIPPluginJar : add spi
2025-08-19 14:42:05,960 [INFO] IPUIPlugin:80 - create IPUIPlugin
2025-08-19 14:42:05,962 [INFO] PluginManager:220 - loadIPPluginJar : add stm32_wpan
2025-08-19 14:42:05,966 [INFO] IPUIPlugin:80 - create IPUIPlugin
2025-08-19 14:42:05,966 [INFO] PluginManager:220 - loadIPPluginJar : add tim
2025-08-19 14:42:05,975 [INFO] IPUIPlugin:80 - create IPUIPlugin
2025-08-19 14:42:05,975 [INFO] PluginManager:220 - loadIPPluginJar : add touchsensing
2025-08-19 14:42:05,994 [INFO] IPUIPlugin:80 - create IPUIPlugin
2025-08-19 14:42:05,994 [INFO] PluginManager:220 - loadIPPluginJar : add tracer_emb
2025-08-19 14:42:06,010 [INFO] IPUIPlugin:80 - create IPUIPlugin
2025-08-19 14:42:06,010 [INFO] PluginManager:220 - loadIPPluginJar : add ts
2025-08-19 14:42:06,020 [INFO] IPUIPlugin:80 - create IPUIPlugin
2025-08-19 14:42:06,020 [INFO] PluginManager:220 - loadIPPluginJar : add tsc
2025-08-19 14:42:06,029 [INFO] IPUIPlugin:80 - create IPUIPlugin
2025-08-19 14:42:06,031 [INFO] PluginManager:220 - loadIPPluginJar : add ucpd
2025-08-19 14:42:06,039 [INFO] IPUIPlugin:80 - create IPUIPlugin
2025-08-19 14:42:06,039 [INFO] PluginManager:220 - loadIPPluginJar : add usart
2025-08-19 14:42:06,051 [INFO] IPUIPlugin:80 - create IPUIPlugin
2025-08-19 14:42:06,051 [INFO] PluginManager:220 - loadIPPluginJar : add usbx
2025-08-19 14:42:06,367 [FATAL] Updater:351 - Updater called before beeing initialized
2025-08-19 14:42:07,099 [INFO] RulesReader:64 - Compatibility file has been processed (317 Rules)
2025-08-19 14:42:07,851 [INFO] RulesReader:64 - Compatibility file has been processed (317 Rules)
2025-08-19 14:42:08,043 [INFO] CADModel:165 - CPN selected for project level
2025-08-19 14:42:08,043 [INFO] CADModel:114 - Register for checkConnection events
2025-08-19 14:42:08,043 [FATAL] Updater:351 - Updater called before beeing initialized
2025-08-19 14:42:08,043 [ERROR] CADModel:125 - Updater not yet initialized, retry later 
2025-08-19 14:42:08,456 [INFO] ThirdPartyUpdaterWithRetryManager:70 - Updater plugin not ready yet. [3/15]
2025-08-19 14:42:09,509 [FATAL] Updater:351 - Updater called before beeing initialized
2025-08-19 14:42:09,517 [INFO] CADModel:165 - CPN selected for project level
2025-08-19 14:42:09,517 [INFO] CADModel:114 - Register for checkConnection events
2025-08-19 14:42:09,517 [FATAL] Updater:351 - Updater called before beeing initialized
2025-08-19 14:42:09,517 [ERROR] CADModel:125 - Updater not yet initialized, retry later 
2025-08-19 14:42:09,525 [FATAL] Updater:351 - Updater called before beeing initialized
2025-08-19 14:42:10,274 [FATAL] Updater:351 - Updater called before beeing initialized
2025-08-19 14:42:10,299 [INFO] DbMcusAds:53 - JSON generation date=Tue Jul 08 13:44:23 IST 2025 (1751962463582)
2025-08-19 14:42:10,299 [FATAL] Updater:351 - Updater called before beeing initialized
2025-08-19 14:42:10,768 [WARN] DetailPanel:346 - Failed to get advertising image, set to default
2025-08-19 14:42:11,156 [FATAL] Updater:351 - Updater called before beeing initialized
2025-08-19 14:42:11,163 [FATAL] Updater:351 - Updater called before beeing initialized
2025-08-19 14:42:11,165 [FATAL] Updater:351 - Updater called before beeing initialized
2025-08-19 14:42:11,165 [WARN] DetailPanel:346 - Failed to get advertising image, set to default
2025-08-19 14:42:11,171 [FATAL] Updater:351 - Updater called before beeing initialized
2025-08-19 14:42:11,417 [ERROR] Updater:1198 - MainUpdater not yet initialized. External WinMGr cannot be set.
2025-08-19 14:42:11,427 [INFO] Updater:1134 - Updater Version found : 6.15.0
2025-08-19 14:42:11,458 [FATAL] Updater:351 - Updater called before beeing initialized
2025-08-19 14:42:11,458 [ERROR] IntegrityCheckThread:130 - Cannot retrieve database content from updater: error 21
2025-08-19 14:42:11,460 [INFO] ThirdParty:978 - Integrity check success = false
2025-08-19 14:42:11,460 [INFO] IntegrityCheckThread:100 - exiting critical section [integrity check]
2025-08-19 14:42:11,460 [INFO] IntegrityCheckThread:103 - End integrity checks thread
2025-08-19 14:42:11,526 [INFO] ApplicationProperties:184 - Using Application install path: C:\ST\STM32CubeIDE_1.19.0\STM32CubeIDE\plugins\com.st.stm32cube.common.mx_6.15.0.202507011659
2025-08-19 14:42:13,490 [ERROR] LogOutputStream:75 - [STDERR_REDIRECT] Aug 19, 2025 2:42:13 PM java.util.prefs.WindowsPreferences <init>
2025-08-19 14:42:13,495 [ERROR] LogOutputStream:75 - [STDERR_REDIRECT] WARNING: Could not open/create prefs root node Software\JavaSoft\Prefs at root 0xffffffff80000002. Windows RegCreateKeyEx(...) returned error code 5.
2025-08-19 14:42:13,496 [ERROR] LogOutputStream:75 - [STDERR_REDIRECT] 
2025-08-19 14:42:14,787 [INFO] MainUpdater:2872 - connection check result : 10
2025-08-19 14:42:14,788 [INFO] MainUpdater:3604 - Updater definition file requires update
2025-08-19 14:42:14,789 [INFO] MainUpdater:289 - Updater Check For Update Now.
2025-08-19 14:42:14,790 [INFO] MicroXplorer:498 - Change Database Version : DB.6.0.150
2025-08-19 14:42:14,808 [INFO] McuFinderGlobals:63 - Set McuFinder mode to 2 (CubeIDE integrated)
2025-08-19 14:42:14,812 [INFO] UserAuth:487 - Internet connection configuration mode: 1
2025-08-19 14:42:14,895 [INFO] JxBrowserEngine:152 - Initiate JxBrowser Engine with user profile folder
2025-08-19 14:42:15,443 [INFO] ServerAccessManage:452 - Complete download http(s) 200
2025-08-19 14:42:15,466 [INFO] ServerAccessManage:509 - Download File updaters.zip
2025-08-19 14:42:16,507 [INFO] FileExtend:248 - Unzip File : updaters.zip
2025-08-19 14:42:16,507 [INFO] FileExtend:263 - Standard Zip Deflate
2025-08-19 14:42:19,807 [INFO] ServerAccessManage:452 - Complete download http(s) 200
2025-08-19 14:42:19,808 [INFO] ServerAccessManage:509 - Download File PacksControlFlags.xml
2025-08-19 14:42:20,180 [INFO] WebApp:169 - Instantiating new browser for Auth
2025-08-19 14:42:20,338 [INFO] ServerAccessManage:452 - Complete download http(s) 200
2025-08-19 14:42:20,339 [INFO] ServerAccessManage:509 - Download File cubemx.pidx
2025-08-19 14:42:20,822 [INFO] LoadServerUpdatesThread:375 - End of LoadServerUpdate Thread
2025-08-19 14:42:21,202 [INFO] CheckServerUpdateThread:120 - End of CheckServer Thread
2025-08-19 14:42:22,809 [INFO] WebApp:463 - Apply proxy settings
2025-08-19 14:42:22,809 [INFO] WebApp:548 - Chromium requires no authentication
2025-08-19 14:42:22,844 [INFO] WebApp:491 - Direct internet connection detected
2025-08-19 14:42:22,930 [INFO] WebApp:900 - Register for checkConnection events
2025-08-19 14:42:22,930 [INFO] WebApp:463 - Apply proxy settings
2025-08-19 14:42:22,931 [INFO] WebApp:548 - Chromium requires no authentication
2025-08-19 14:42:22,933 [INFO] WebApp:491 - Direct internet connection detected
2025-08-19 14:42:23,610 [INFO] WebApp:225 - Starting web application
2025-08-19 14:42:23,611 [INFO] WebApp:593 - Web application path used C:\ST\STM32CubeIDE_1.19.0\STM32CubeIDE\plugins\com.st.stm32cube.common.mx_6.15.0.202507011659\db\plugins\mcufinder\reactClient1\index.html
2025-08-19 14:42:24,029 [INFO] UserAuth:487 - Internet connection configuration mode: 1
2025-08-19 14:42:24,067 [INFO] WebApp:191 - Connection restablished
2025-08-19 15:23:20,434 [INFO] WebApp:194 - Connection lost
2025-08-19 15:23:21,409 [INFO] WebApp:191 - Connection restablished
2025-08-19 15:27:23,904 [INFO] WebApp:194 - Connection lost
2025-08-19 15:27:25,059 [INFO] WebApp:191 - Connection restablished
2025-08-19 15:52:09,948 [ERROR] ConfigurationRetriever:142 - IOException on connection: Connect timed out
2025-08-19 15:56:27,990 [ERROR] AdobePublisher:162 - Exception while opening the connection: java.net.SocketTimeoutException: Connect timed out
2025-08-19 16:04:58,265 [ERROR] LogOutputStream:75 - [STDERR_REDIRECT] 
2025-08-19 16:04:58,267 [ERROR] LogOutputStream:75 - [STDERR_REDIRECT] 
2025-08-19 21:29:23,466 [INFO] Activator:176 - 


2025-08-19 21:29:23,484 [INFO] Activator:177 - !SESSION log4j initialized
2025-08-19 21:29:57,832 [INFO] LogOutputStream:77 - [STDOUT_REDIRECT] 
2025-08-19 21:30:01,587 [INFO] ApplicationProperties:184 - Using Application install path: C:\ST\STM32CubeIDE_1.19.0\STM32CubeIDE\plugins\com.st.stm32cube.common.mx_6.15.0.202507011659
2025-08-19 21:30:01,631 [INFO] DbMcusXml:78 - Set database path to: C:\ST\STM32CubeIDE_1.19.0\STM32CubeIDE\plugins\com.st.stm32cube.common.mx_6.15.0.202507011659\\db\/mcu/
2025-08-19 21:30:01,632 [INFO] ApiDb:274 - Set plugin database path to: C:\ST\STM32CubeIDE_1.19.0\STM32CubeIDE\plugins\com.st.stm32cube.common.mx_6.15.0.202507011659\\db\/plugins/boardmanager/
2025-08-19 21:30:01,633 [WARN] ApiDb:259 - Overriding images path with different value:  => C:\ST\STM32CubeIDE_1.19.0\STM32CubeIDE\plugins\com.st.stm32cube.common.mx_6.15.0.202507011659\\db\/plugins/mcufinder/images/
2025-08-19 21:30:01,659 [INFO] ApiDb:250 - Set database path to: C:\Users\sheet\.stmcufinder\plugins\mcufinder//mcu/
2025-08-19 21:30:01,662 [INFO] DbMcusAds:125 - Set database path to: C:\Users\sheet\.stmcufinder\plugins\mcufinder//mcu/
2025-08-19 21:30:01,668 [INFO] CrossReferenceDbSqlite:203 - Set database path to: C:\Users\sheet\.stmcufinder\plugins\mcufinder//mcu/cs/
2025-08-19 21:30:02,395 [INFO] RulesReader:64 - Compatibility file has been processed (317 Rules)
2025-08-19 21:30:02,691 [INFO] DbMcusXml:78 - Set database path to: C:\ST\STM32CubeIDE_1.19.0\STM32CubeIDE\plugins\com.st.stm32cube.common.mx_6.15.0.202507011659\\db\/mcu/
2025-08-19 21:30:02,691 [INFO] ApiDb:274 - Set plugin database path to: C:\ST\STM32CubeIDE_1.19.0\STM32CubeIDE\plugins\com.st.stm32cube.common.mx_6.15.0.202507011659\\db\/plugins/boardmanager/
2025-08-19 21:30:02,693 [INFO] ApiDb:261 - Set plugin images path to: C:\ST\STM32CubeIDE_1.19.0\STM32CubeIDE\plugins\com.st.stm32cube.common.mx_6.15.0.202507011659\\db\/plugins/mcufinder/images/
2025-08-19 21:30:02,693 [WARN] DbFile:41 - Overriding database path with different value: C:\Users\sheet\.stmcufinder\plugins\mcufinder/ => C:\Users\sheet\.stmcufinder\plugins\mcufinder
2025-08-19 21:30:02,693 [INFO] ApiDb:250 - Set database path to: C:\Users\sheet\.stmcufinder\plugins\mcufinder//mcu/
2025-08-19 21:30:02,693 [WARN] DbFile:41 - Overriding database path with different value: C:\Users\sheet\.stmcufinder\plugins\mcufinder/ => C:\Users\sheet\.stmcufinder\plugins\mcufinder
2025-08-19 21:30:02,693 [INFO] DbMcusAds:125 - Set database path to: C:\Users\sheet\.stmcufinder\plugins\mcufinder//mcu/
2025-08-19 21:30:02,694 [WARN] DbFile:41 - Overriding database path with different value: C:\Users\sheet\.stmcufinder\plugins\mcufinder/ => C:\Users\sheet\.stmcufinder\plugins\mcufinder
2025-08-19 21:30:02,694 [WARN] DbFile:41 - Overriding database path with different value: C:\Users\sheet\.stmcufinder\plugins\mcufinder/ => C:\Users\sheet\.stmcufinder\plugins\mcufinder
2025-08-19 21:30:02,694 [INFO] CrossReferenceDbSqlite:203 - Set database path to: C:\Users\sheet\.stmcufinder\plugins\mcufinder//mcu/cs/
2025-08-19 21:30:03,014 [INFO] MainPanel:274 - HeapMemory: 268435456
2025-08-19 21:30:03,544 [INFO] DbMcusXml:78 - Set database path to: C:\ST\STM32CubeIDE_1.19.0\STM32CubeIDE\plugins\com.st.stm32cube.common.mx_6.15.0.202507011659\\db\/mcu/
2025-08-19 21:30:03,545 [INFO] ApiDb:274 - Set plugin database path to: C:\ST\STM32CubeIDE_1.19.0\STM32CubeIDE\plugins\com.st.stm32cube.common.mx_6.15.0.202507011659\\db\/plugins/boardmanager/
2025-08-19 21:30:03,545 [INFO] ApiDb:261 - Set plugin images path to: C:\ST\STM32CubeIDE_1.19.0\STM32CubeIDE\plugins\com.st.stm32cube.common.mx_6.15.0.202507011659\\db\/plugins/mcufinder/images/
2025-08-19 21:30:03,546 [WARN] DbFile:41 - Overriding database path with different value: C:\Users\sheet\.stmcufinder\plugins\mcufinder/ => C:\Users\sheet\.stmcufinder\plugins\mcufinder
2025-08-19 21:30:03,546 [INFO] ApiDb:250 - Set database path to: C:\Users\sheet\.stmcufinder\plugins\mcufinder//mcu/
2025-08-19 21:30:03,546 [WARN] DbFile:41 - Overriding database path with different value: C:\Users\sheet\.stmcufinder\plugins\mcufinder/ => C:\Users\sheet\.stmcufinder\plugins\mcufinder
2025-08-19 21:30:03,546 [INFO] DbMcusAds:125 - Set database path to: C:\Users\sheet\.stmcufinder\plugins\mcufinder//mcu/
2025-08-19 21:30:03,546 [WARN] DbFile:41 - Overriding database path with different value: C:\Users\sheet\.stmcufinder\plugins\mcufinder/ => C:\Users\sheet\.stmcufinder\plugins\mcufinder
2025-08-19 21:30:03,546 [WARN] DbFile:41 - Overriding database path with different value: C:\Users\sheet\.stmcufinder\plugins\mcufinder/ => C:\Users\sheet\.stmcufinder\plugins\mcufinder
2025-08-19 21:30:03,547 [INFO] CrossReferenceDbSqlite:203 - Set database path to: C:\Users\sheet\.stmcufinder\plugins\mcufinder//mcu/cs/
2025-08-19 21:30:03,614 [INFO] ApplicationProperties:184 - Using Application install path: C:\ST\STM32CubeIDE_1.19.0\STM32CubeIDE\plugins\com.st.stm32cube.common.mx_6.15.0.202507011659
2025-08-19 21:30:03,629 [INFO] PluginManage:196 - Search for loadable plugins [exclusion list=, ]
2025-08-19 21:30:03,633 [INFO] PluginManage:310 - Check plugin analytics
2025-08-19 21:30:06,987 [ERROR] ConfigurationRetriever:142 - IOException on connection: Read timed out
2025-08-19 21:30:07,105 [INFO] AnalyticsPlugin:253 - Accepted Software Licenses: 
2025-08-19 21:30:07,107 [INFO] AnalyticsPlugin:255 - Accepted CMSIS Pack Licenses: 
2025-08-19 21:30:07,108 [INFO] AnalyticsPlugin:257 - Accepted Firmware Licenses: FW.F4.1.28.0
2025-08-19 21:30:07,384 [INFO] PluginManage:359 - Loaded plugin analytics (category:tool,tabindex:-1)
2025-08-19 21:30:07,384 [INFO] PluginManage:310 - Check plugin cadmodel
2025-08-19 21:30:07,583 [INFO] CADModel:105 - Init CAD model plugin
2025-08-19 21:30:07,584 [INFO] PluginManage:359 - Loaded plugin cadmodel (category:power,tabindex:5)
2025-08-19 21:30:07,587 [INFO] PluginManage:310 - Check plugin clock
2025-08-19 21:30:07,632 [INFO] PluginManage:359 - Loaded plugin clock (category:base,tabindex:2)
2025-08-19 21:30:07,633 [INFO] PluginManage:310 - Check plugin ddr
2025-08-19 21:30:07,643 [INFO] PluginManage:359 - Loaded plugin ddr (category:tool,tabindex:6)
2025-08-19 21:30:07,643 [INFO] PluginManage:310 - Check plugin filemanager
2025-08-19 21:30:08,243 [INFO] PluginManage:359 - Loaded plugin filemanager (category:base,tabindex:10)
2025-08-19 21:30:08,243 [INFO] PluginManage:310 - Check plugin ipmanager
2025-08-19 21:30:08,253 [INFO] PluginManage:359 - Loaded plugin ipmanager (category:base,tabindex:5)
2025-08-19 21:30:08,254 [INFO] PluginManage:310 - Check plugin lpbam
2025-08-19 21:30:08,268 [INFO] PluginManage:359 - Loaded plugin lpbam (category:base,tabindex:0)
2025-08-19 21:30:08,268 [INFO] PluginManage:310 - Check plugin memorymap
2025-08-19 21:30:08,292 [INFO] PluginManage:359 - Loaded plugin memorymap (category:base,tabindex:4)
2025-08-19 21:30:08,292 [INFO] PluginManage:310 - Check plugin pinoutandconfiguration
2025-08-19 21:30:08,443 [INFO] PluginManage:359 - Loaded plugin pinoutandconfiguration (category:base,tabindex:1)
2025-08-19 21:30:08,443 [INFO] PluginManage:310 - Check plugin pinoutconfig
2025-08-19 21:30:09,588 [WARN] SupportedApi:132 - Cannot load RTOS API schema: s4s-elt-must-match.1: The content of 'definitions' must match (annotation?, (simpleType | complexType)?, (unique | key | keyref)*)). A problem was found starting at: attribute.
2025-08-19 21:30:10,089 [INFO] PluginManage:359 - Loaded plugin pinoutconfig (category:base,tabindex:0)
2025-08-19 21:30:10,090 [INFO] PluginManage:310 - Check plugin power
2025-08-19 21:30:10,135 [INFO] PluginManage:359 - Loaded plugin power (category:power,tabindex:4)
2025-08-19 21:30:10,136 [INFO] PluginManage:310 - Check plugin projectmanager
2025-08-19 21:30:10,427 [INFO] PluginManage:359 - Loaded plugin projectmanager (category:projectmanager,tabindex:4)
2025-08-19 21:30:10,427 [INFO] PluginManage:310 - Check plugin rif
2025-08-19 21:30:10,464 [INFO] PluginManage:359 - Loaded plugin rif (category:base,tabindex:3)
2025-08-19 21:30:10,466 [INFO] PluginManage:310 - Check plugin thirdparty
2025-08-19 21:30:11,115 [WARN] IntegrityCheckThread:84 - waiting for thirdparty lock release [integrity check]
2025-08-19 21:30:11,116 [INFO] IntegrityCheckThread:86 - entering critical section [integrity check]
2025-08-19 21:30:11,117 [INFO] ThirdPartyUpdaterWithRetryManager:70 - Updater plugin not ready yet. [1/15]
2025-08-19 21:30:11,117 [INFO] PluginManage:359 - Loaded plugin thirdparty (category:base,tabindex:-1)
2025-08-19 21:30:11,117 [INFO] PluginManage:310 - Check plugin tools
2025-08-19 21:30:11,123 [INFO] PluginManage:359 - Loaded plugin tools (category:base,tabindex:7)
2025-08-19 21:30:11,124 [INFO] PluginManage:310 - Check plugin tutovideos
2025-08-19 21:30:11,766 [INFO] PluginManage:359 - Loaded plugin tutovideos (category:base,tabindex:-1)
2025-08-19 21:30:11,766 [INFO] PluginManage:310 - Check plugin updater
2025-08-19 21:30:11,912 [INFO] PluginManage:359 - Loaded plugin updater (category:base,tabindex:12)
2025-08-19 21:30:11,913 [INFO] PluginManage:310 - Check plugin userauth
2025-08-19 21:30:11,923 [INFO] UserAuth:118 - Init User Auth plugin
2025-08-19 21:30:11,925 [INFO] PluginManage:359 - Loaded plugin userauth (category:base,tabindex:14)
2025-08-19 21:30:11,926 [INFO] PluginManage:283 - PluginManage : Loaded plugins [18]
2025-08-19 21:30:12,701 [INFO] PinOutPanel:1589 - setPackage(No Configuration,No Configuration)
2025-08-19 21:30:12,951 [INFO] CADModel:165 - CPN selected for project level
2025-08-19 21:30:12,952 [INFO] CADModel:114 - Register for checkConnection events
2025-08-19 21:30:13,017 [INFO] IPUIPlugin:80 - create IPUIPlugin
2025-08-19 21:30:13,018 [INFO] PluginManager:220 - loadIPPluginJar : add adc
2025-08-19 21:30:13,027 [INFO] IPUIPlugin:80 - create IPUIPlugin
2025-08-19 21:30:13,029 [INFO] PluginManager:220 - loadIPPluginJar : add aes
2025-08-19 21:30:13,035 [INFO] IPUIPlugin:80 - create IPUIPlugin
2025-08-19 21:30:13,036 [INFO] PluginManager:220 - loadIPPluginJar : add can
2025-08-19 21:30:13,042 [INFO] IPUIPlugin:80 - create IPUIPlugin
2025-08-19 21:30:13,043 [INFO] PluginManager:220 - loadIPPluginJar : add comp
2025-08-19 21:30:13,050 [INFO] IPUIPlugin:80 - create IPUIPlugin
2025-08-19 21:30:13,051 [INFO] PluginManager:220 - loadIPPluginJar : add cryp
2025-08-19 21:30:13,059 [INFO] IPUIPlugin:80 - create IPUIPlugin
2025-08-19 21:30:13,059 [INFO] PluginManager:220 - loadIPPluginJar : add ddr_ctrl_phy
2025-08-19 21:30:13,068 [INFO] IPUIPlugin:80 - create IPUIPlugin
2025-08-19 21:30:13,068 [INFO] PluginManager:220 - loadIPPluginJar : add dfsdm
2025-08-19 21:30:13,087 [INFO] IPUIPlugin:80 - create IPUIPlugin
2025-08-19 21:30:13,088 [INFO] PluginManager:220 - loadIPPluginJar : add dma
2025-08-19 21:30:13,101 [INFO] IPUIPlugin:80 - create IPUIPlugin
2025-08-19 21:30:13,102 [INFO] PluginManager:220 - loadIPPluginJar : add dma3
2025-08-19 21:30:13,107 [INFO] IPUIPlugin:80 - create IPUIPlugin
2025-08-19 21:30:13,107 [INFO] PluginManager:220 - loadIPPluginJar : add extmemmanager
2025-08-19 21:30:13,114 [INFO] IPUIPlugin:80 - create IPUIPlugin
2025-08-19 21:30:13,114 [INFO] PluginManager:220 - loadIPPluginJar : add fatfs
2025-08-19 21:30:13,126 [INFO] IPUIPlugin:80 - create IPUIPlugin
2025-08-19 21:30:13,128 [INFO] PluginManager:220 - loadIPPluginJar : add fmc
2025-08-19 21:30:13,147 [INFO] IPUIPlugin:80 - create IPUIPlugin
2025-08-19 21:30:13,148 [INFO] PluginManager:220 - loadIPPluginJar : add freertos
2025-08-19 21:30:13,152 [INFO] IPUIPlugin:80 - create IPUIPlugin
2025-08-19 21:30:13,152 [INFO] PluginManager:220 - loadIPPluginJar : add genericplugin
2025-08-19 21:30:13,161 [INFO] IPUIPlugin:80 - create IPUIPlugin
2025-08-19 21:30:13,161 [INFO] PluginManager:220 - loadIPPluginJar : add gfxmmu
2025-08-19 21:30:13,172 [INFO] IPUIPlugin:80 - create IPUIPlugin
2025-08-19 21:30:13,172 [INFO] PluginManager:220 - loadIPPluginJar : add gic
2025-08-19 21:30:13,181 [INFO] IPUIPlugin:80 - create IPUIPlugin
2025-08-19 21:30:13,182 [INFO] PluginManager:220 - loadIPPluginJar : add gpio
2025-08-19 21:30:13,190 [INFO] IPUIPlugin:80 - create IPUIPlugin
2025-08-19 21:30:13,192 [INFO] PluginManager:220 - loadIPPluginJar : add gtzc
2025-08-19 21:30:13,200 [INFO] IPUIPlugin:80 - create IPUIPlugin
2025-08-19 21:30:13,200 [INFO] PluginManager:220 - loadIPPluginJar : add hash
2025-08-19 21:30:13,209 [INFO] IPUIPlugin:80 - create IPUIPlugin
2025-08-19 21:30:13,210 [INFO] PluginManager:220 - loadIPPluginJar : add i2c
2025-08-19 21:30:13,216 [INFO] IPUIPlugin:80 - create IPUIPlugin
2025-08-19 21:30:13,216 [INFO] PluginManager:220 - loadIPPluginJar : add i2s
2025-08-19 21:30:13,223 [INFO] IPUIPlugin:80 - create IPUIPlugin
2025-08-19 21:30:13,224 [INFO] PluginManager:220 - loadIPPluginJar : add i3c
2025-08-19 21:30:13,233 [INFO] IPUIPlugin:80 - create IPUIPlugin
2025-08-19 21:30:13,233 [INFO] PluginManager:220 - loadIPPluginJar : add ipddr
2025-08-19 21:30:13,250 [INFO] IPUIPlugin:80 - create IPUIPlugin
2025-08-19 21:30:13,251 [INFO] PluginManager:220 - loadIPPluginJar : add linkedlist
2025-08-19 21:30:13,258 [INFO] IPUIPlugin:80 - create IPUIPlugin
2025-08-19 21:30:13,258 [INFO] PluginManager:220 - loadIPPluginJar : add lorawan
2025-08-19 21:30:13,262 [INFO] IPUIPlugin:80 - create IPUIPlugin
2025-08-19 21:30:13,263 [INFO] PluginManager:220 - loadIPPluginJar : add ltdc
2025-08-19 21:30:13,276 [INFO] IPUIPlugin:80 - create IPUIPlugin
2025-08-19 21:30:13,277 [INFO] PluginManager:220 - loadIPPluginJar : add mdma
2025-08-19 21:30:13,284 [INFO] IPUIPlugin:80 - create IPUIPlugin
2025-08-19 21:30:13,284 [INFO] PluginManager:220 - loadIPPluginJar : add nvic
2025-08-19 21:30:13,292 [INFO] IPUIPlugin:80 - create IPUIPlugin
2025-08-19 21:30:13,293 [INFO] PluginManager:220 - loadIPPluginJar : add opamp
2025-08-19 21:30:13,302 [INFO] IPUIPlugin:80 - create IPUIPlugin
2025-08-19 21:30:13,302 [INFO] PluginManager:220 - loadIPPluginJar : add openamp
2025-08-19 21:30:13,310 [INFO] IPUIPlugin:80 - create IPUIPlugin
2025-08-19 21:30:13,311 [INFO] PluginManager:220 - loadIPPluginJar : add pdm2pcm
2025-08-19 21:30:13,324 [INFO] IPUIPlugin:80 - create IPUIPlugin
2025-08-19 21:30:13,332 [INFO] PluginManager:220 - loadIPPluginJar : add plateformsettings
2025-08-19 21:30:13,336 [INFO] IPUIPlugin:80 - create IPUIPlugin
2025-08-19 21:30:13,336 [INFO] PluginManager:220 - loadIPPluginJar : add quadspi
2025-08-19 21:30:13,341 [INFO] IPUIPlugin:80 - create IPUIPlugin
2025-08-19 21:30:13,342 [INFO] PluginManager:220 - loadIPPluginJar : add radio
2025-08-19 21:30:13,351 [INFO] IPUIPlugin:80 - create IPUIPlugin
2025-08-19 21:30:13,351 [INFO] PluginManager:220 - loadIPPluginJar : add resmgrutility
2025-08-19 21:30:13,361 [INFO] IPUIPlugin:80 - create IPUIPlugin
2025-08-19 21:30:13,361 [INFO] PluginManager:220 - loadIPPluginJar : add sai
2025-08-19 21:30:13,368 [INFO] IPUIPlugin:80 - create IPUIPlugin
2025-08-19 21:30:13,368 [INFO] PluginManager:220 - loadIPPluginJar : add spi
2025-08-19 21:30:13,383 [INFO] IPUIPlugin:80 - create IPUIPlugin
2025-08-19 21:30:13,383 [INFO] PluginManager:220 - loadIPPluginJar : add stm32_wpan
2025-08-19 21:30:13,388 [INFO] IPUIPlugin:80 - create IPUIPlugin
2025-08-19 21:30:13,388 [INFO] PluginManager:220 - loadIPPluginJar : add tim
2025-08-19 21:30:13,397 [INFO] IPUIPlugin:80 - create IPUIPlugin
2025-08-19 21:30:13,398 [INFO] PluginManager:220 - loadIPPluginJar : add touchsensing
2025-08-19 21:30:13,403 [INFO] IPUIPlugin:80 - create IPUIPlugin
2025-08-19 21:30:13,403 [INFO] PluginManager:220 - loadIPPluginJar : add tracer_emb
2025-08-19 21:30:13,411 [INFO] IPUIPlugin:80 - create IPUIPlugin
2025-08-19 21:30:13,411 [INFO] PluginManager:220 - loadIPPluginJar : add ts
2025-08-19 21:30:13,416 [INFO] IPUIPlugin:80 - create IPUIPlugin
2025-08-19 21:30:13,416 [INFO] PluginManager:220 - loadIPPluginJar : add tsc
2025-08-19 21:30:13,421 [INFO] IPUIPlugin:80 - create IPUIPlugin
2025-08-19 21:30:13,422 [INFO] PluginManager:220 - loadIPPluginJar : add ucpd
2025-08-19 21:30:13,428 [INFO] IPUIPlugin:80 - create IPUIPlugin
2025-08-19 21:30:13,428 [INFO] PluginManager:220 - loadIPPluginJar : add usart
2025-08-19 21:30:13,437 [INFO] IPUIPlugin:80 - create IPUIPlugin
2025-08-19 21:30:13,437 [INFO] PluginManager:220 - loadIPPluginJar : add usbx
2025-08-19 21:30:13,649 [FATAL] Updater:351 - Updater called before beeing initialized
2025-08-19 21:30:13,738 [INFO] RulesReader:64 - Compatibility file has been processed (317 Rules)
2025-08-19 21:30:13,780 [INFO] RulesReader:64 - Compatibility file has been processed (317 Rules)
2025-08-19 21:30:14,023 [INFO] CADModel:165 - CPN selected for project level
2025-08-19 21:30:14,029 [INFO] CADModel:114 - Register for checkConnection events
2025-08-19 21:30:14,030 [FATAL] Updater:351 - Updater called before beeing initialized
2025-08-19 21:30:14,030 [ERROR] CADModel:125 - Updater not yet initialized, retry later 
2025-08-19 21:30:14,131 [INFO] ThirdPartyUpdaterWithRetryManager:70 - Updater plugin not ready yet. [2/15]
2025-08-19 21:30:14,499 [FATAL] Updater:351 - Updater called before beeing initialized
2025-08-19 21:30:14,503 [INFO] CADModel:165 - CPN selected for project level
2025-08-19 21:30:14,503 [INFO] CADModel:114 - Register for checkConnection events
2025-08-19 21:30:14,503 [FATAL] Updater:351 - Updater called before beeing initialized
2025-08-19 21:30:14,504 [ERROR] CADModel:125 - Updater not yet initialized, retry later 
2025-08-19 21:30:14,513 [FATAL] Updater:351 - Updater called before beeing initialized
2025-08-19 21:30:14,738 [FATAL] Updater:351 - Updater called before beeing initialized
2025-08-19 21:30:14,747 [INFO] DbMcusAds:53 - JSON generation date=Tue Jul 08 13:44:23 IST 2025 (1751962463582)
2025-08-19 21:30:14,748 [FATAL] Updater:351 - Updater called before beeing initialized
2025-08-19 21:30:14,849 [WARN] DetailPanel:346 - Failed to get advertising image, set to default
2025-08-19 21:30:15,046 [FATAL] Updater:351 - Updater called before beeing initialized
2025-08-19 21:30:15,050 [FATAL] Updater:351 - Updater called before beeing initialized
2025-08-19 21:30:15,050 [FATAL] Updater:351 - Updater called before beeing initialized
2025-08-19 21:30:15,051 [WARN] DetailPanel:346 - Failed to get advertising image, set to default
2025-08-19 21:30:15,053 [FATAL] Updater:351 - Updater called before beeing initialized
2025-08-19 21:30:15,171 [ERROR] Updater:1198 - MainUpdater not yet initialized. External WinMGr cannot be set.
2025-08-19 21:30:15,175 [INFO] Updater:1134 - Updater Version found : 6.15.0
2025-08-19 21:30:15,215 [INFO] ApplicationProperties:184 - Using Application install path: C:\ST\STM32CubeIDE_1.19.0\STM32CubeIDE\plugins\com.st.stm32cube.common.mx_6.15.0.202507011659
2025-08-19 21:30:16,864 [ERROR] LogOutputStream:75 - [STDERR_REDIRECT] Aug 19, 2025 9:30:16 PM java.util.prefs.WindowsPreferences <init>
2025-08-19 21:30:16,867 [ERROR] LogOutputStream:75 - [STDERR_REDIRECT] WARNING: Could not open/create prefs root node Software\JavaSoft\Prefs at root 0xffffffff80000002. Windows RegCreateKeyEx(...) returned error code 5.
2025-08-19 21:30:16,868 [ERROR] LogOutputStream:75 - [STDERR_REDIRECT] 
2025-08-19 21:30:17,140 [FATAL] Updater:351 - Updater called before beeing initialized
2025-08-19 21:30:17,147 [ERROR] IntegrityCheckThread:130 - Cannot retrieve database content from updater: error 21
2025-08-19 21:30:17,147 [INFO] ThirdParty:978 - Integrity check success = false
2025-08-19 21:30:17,147 [INFO] IntegrityCheckThread:100 - exiting critical section [integrity check]
2025-08-19 21:30:17,147 [INFO] IntegrityCheckThread:103 - End integrity checks thread
2025-08-19 21:30:25,332 [WARN] CheckConnectionManager:291 - Warning during Server Connection :  timeout Connect to sw-center.st.com:443 [sw-center.st.com/106.51.45.64, sw-center.st.com/106.51.45.26] failed: Read timed out
2025-08-19 21:30:29,662 [INFO] MainUpdater:2872 - connection check result : 10
2025-08-19 21:30:29,668 [INFO] MainUpdater:289 - Updater Check For Update Now.
2025-08-19 21:30:29,682 [INFO] MicroXplorer:498 - Change Database Version : DB.6.0.150
2025-08-19 21:30:29,817 [INFO] McuFinderGlobals:63 - Set McuFinder mode to 2 (CubeIDE integrated)
2025-08-19 21:30:29,832 [INFO] UserAuth:487 - Internet connection configuration mode: 1
2025-08-19 21:30:29,951 [INFO] JxBrowserEngine:152 - Initiate JxBrowser Engine with user profile folder
2025-08-19 21:30:30,624 [INFO] CheckServerUpdateThread:120 - End of CheckServer Thread
2025-08-19 21:30:34,044 [INFO] WebApp:169 - Instantiating new browser for Auth
2025-08-19 21:30:36,529 [INFO] WebApp:463 - Apply proxy settings
2025-08-19 21:30:36,538 [INFO] WebApp:548 - Chromium requires no authentication
2025-08-19 21:30:36,563 [INFO] WebApp:491 - Direct internet connection detected
2025-08-19 21:30:36,746 [INFO] WebApp:900 - Register for checkConnection events
2025-08-19 21:30:36,746 [INFO] WebApp:463 - Apply proxy settings
2025-08-19 21:30:36,746 [INFO] WebApp:548 - Chromium requires no authentication
2025-08-19 21:30:36,746 [INFO] WebApp:491 - Direct internet connection detected
2025-08-19 21:30:37,351 [INFO] WebApp:191 - Connection restablished
2025-08-19 21:30:37,926 [INFO] WebApp:225 - Starting web application
2025-08-19 21:30:37,926 [INFO] WebApp:593 - Web application path used C:\ST\STM32CubeIDE_1.19.0\STM32CubeIDE\plugins\com.st.stm32cube.common.mx_6.15.0.202507011659\db\plugins\mcufinder\reactClient1\index.html
2025-08-19 21:30:38,613 [INFO] UserAuth:487 - Internet connection configuration mode: 1
2025-08-19 21:31:19,615 [INFO] WebApp:194 - Connection lost
2025-08-19 21:31:20,561 [INFO] WebApp:191 - Connection restablished
2025-08-19 21:36:05,065 [ERROR] LogOutputStream:75 - [STDERR_REDIRECT] 
2025-08-19 21:36:05,066 [ERROR] LogOutputStream:75 - [STDERR_REDIRECT] 
2025-08-19 21:42:24,798 [INFO] Activator:176 - 


2025-08-19 21:42:24,800 [INFO] Activator:177 - !SESSION log4j initialized
2025-08-19 21:42:30,413 [INFO] LogOutputStream:77 - [STDOUT_REDIRECT] 
2025-08-19 21:42:33,723 [INFO] ApplicationProperties:184 - Using Application install path: C:\ST\STM32CubeIDE_1.19.0\STM32CubeIDE\plugins\com.st.stm32cube.common.mx_6.15.0.202507011659
2025-08-19 21:42:33,743 [INFO] DbMcusXml:78 - Set database path to: C:\ST\STM32CubeIDE_1.19.0\STM32CubeIDE\plugins\com.st.stm32cube.common.mx_6.15.0.202507011659\\db\/mcu/
2025-08-19 21:42:33,743 [INFO] ApiDb:274 - Set plugin database path to: C:\ST\STM32CubeIDE_1.19.0\STM32CubeIDE\plugins\com.st.stm32cube.common.mx_6.15.0.202507011659\\db\/plugins/boardmanager/
2025-08-19 21:42:33,743 [WARN] ApiDb:259 - Overriding images path with different value:  => C:\ST\STM32CubeIDE_1.19.0\STM32CubeIDE\plugins\com.st.stm32cube.common.mx_6.15.0.202507011659\\db\/plugins/mcufinder/images/
2025-08-19 21:42:33,772 [INFO] ApiDb:250 - Set database path to: C:\Users\sheet\.stmcufinder\plugins\mcufinder//mcu/
2025-08-19 21:42:33,775 [INFO] DbMcusAds:125 - Set database path to: C:\Users\sheet\.stmcufinder\plugins\mcufinder//mcu/
2025-08-19 21:42:33,779 [INFO] CrossReferenceDbSqlite:203 - Set database path to: C:\Users\sheet\.stmcufinder\plugins\mcufinder//mcu/cs/
2025-08-19 21:42:34,043 [INFO] RulesReader:64 - Compatibility file has been processed (317 Rules)
2025-08-19 21:42:34,233 [INFO] DbMcusXml:78 - Set database path to: C:\ST\STM32CubeIDE_1.19.0\STM32CubeIDE\plugins\com.st.stm32cube.common.mx_6.15.0.202507011659\\db\/mcu/
2025-08-19 21:42:34,233 [INFO] ApiDb:274 - Set plugin database path to: C:\ST\STM32CubeIDE_1.19.0\STM32CubeIDE\plugins\com.st.stm32cube.common.mx_6.15.0.202507011659\\db\/plugins/boardmanager/
2025-08-19 21:42:34,233 [INFO] ApiDb:261 - Set plugin images path to: C:\ST\STM32CubeIDE_1.19.0\STM32CubeIDE\plugins\com.st.stm32cube.common.mx_6.15.0.202507011659\\db\/plugins/mcufinder/images/
2025-08-19 21:42:34,233 [WARN] DbFile:41 - Overriding database path with different value: C:\Users\sheet\.stmcufinder\plugins\mcufinder/ => C:\Users\sheet\.stmcufinder\plugins\mcufinder
2025-08-19 21:42:34,233 [INFO] ApiDb:250 - Set database path to: C:\Users\sheet\.stmcufinder\plugins\mcufinder//mcu/
2025-08-19 21:42:34,233 [WARN] DbFile:41 - Overriding database path with different value: C:\Users\sheet\.stmcufinder\plugins\mcufinder/ => C:\Users\sheet\.stmcufinder\plugins\mcufinder
2025-08-19 21:42:34,233 [INFO] DbMcusAds:125 - Set database path to: C:\Users\sheet\.stmcufinder\plugins\mcufinder//mcu/
2025-08-19 21:42:34,233 [WARN] DbFile:41 - Overriding database path with different value: C:\Users\sheet\.stmcufinder\plugins\mcufinder/ => C:\Users\sheet\.stmcufinder\plugins\mcufinder
2025-08-19 21:42:34,233 [WARN] DbFile:41 - Overriding database path with different value: C:\Users\sheet\.stmcufinder\plugins\mcufinder/ => C:\Users\sheet\.stmcufinder\plugins\mcufinder
2025-08-19 21:42:34,233 [INFO] CrossReferenceDbSqlite:203 - Set database path to: C:\Users\sheet\.stmcufinder\plugins\mcufinder//mcu/cs/
2025-08-19 21:42:34,709 [INFO] MainPanel:274 - HeapMemory: 268435456
2025-08-19 21:42:34,955 [INFO] DbMcusXml:78 - Set database path to: C:\ST\STM32CubeIDE_1.19.0\STM32CubeIDE\plugins\com.st.stm32cube.common.mx_6.15.0.202507011659\\db\/mcu/
2025-08-19 21:42:34,955 [INFO] ApiDb:274 - Set plugin database path to: C:\ST\STM32CubeIDE_1.19.0\STM32CubeIDE\plugins\com.st.stm32cube.common.mx_6.15.0.202507011659\\db\/plugins/boardmanager/
2025-08-19 21:42:34,955 [INFO] ApiDb:261 - Set plugin images path to: C:\ST\STM32CubeIDE_1.19.0\STM32CubeIDE\plugins\com.st.stm32cube.common.mx_6.15.0.202507011659\\db\/plugins/mcufinder/images/
2025-08-19 21:42:34,957 [WARN] DbFile:41 - Overriding database path with different value: C:\Users\sheet\.stmcufinder\plugins\mcufinder/ => C:\Users\sheet\.stmcufinder\plugins\mcufinder
2025-08-19 21:42:34,957 [INFO] ApiDb:250 - Set database path to: C:\Users\sheet\.stmcufinder\plugins\mcufinder//mcu/
2025-08-19 21:42:34,957 [WARN] DbFile:41 - Overriding database path with different value: C:\Users\sheet\.stmcufinder\plugins\mcufinder/ => C:\Users\sheet\.stmcufinder\plugins\mcufinder
2025-08-19 21:42:34,957 [INFO] DbMcusAds:125 - Set database path to: C:\Users\sheet\.stmcufinder\plugins\mcufinder//mcu/
2025-08-19 21:42:34,957 [WARN] DbFile:41 - Overriding database path with different value: C:\Users\sheet\.stmcufinder\plugins\mcufinder/ => C:\Users\sheet\.stmcufinder\plugins\mcufinder
2025-08-19 21:42:34,959 [WARN] DbFile:41 - Overriding database path with different value: C:\Users\sheet\.stmcufinder\plugins\mcufinder/ => C:\Users\sheet\.stmcufinder\plugins\mcufinder
2025-08-19 21:42:34,959 [INFO] CrossReferenceDbSqlite:203 - Set database path to: C:\Users\sheet\.stmcufinder\plugins\mcufinder//mcu/cs/
2025-08-19 21:42:35,001 [INFO] ApplicationProperties:184 - Using Application install path: C:\ST\STM32CubeIDE_1.19.0\STM32CubeIDE\plugins\com.st.stm32cube.common.mx_6.15.0.202507011659
2025-08-19 21:42:35,001 [INFO] PluginManage:196 - Search for loadable plugins [exclusion list=, ]
2025-08-19 21:42:35,001 [INFO] PluginManage:310 - Check plugin analytics
2025-08-19 21:42:35,551 [INFO] AnalyticsPlugin:253 - Accepted Software Licenses: 
2025-08-19 21:42:35,553 [INFO] AnalyticsPlugin:255 - Accepted CMSIS Pack Licenses: 
2025-08-19 21:42:35,561 [INFO] AnalyticsPlugin:257 - Accepted Firmware Licenses: FW.F4.1.28.0
2025-08-19 21:42:35,566 [INFO] PluginManage:359 - Loaded plugin analytics (category:tool,tabindex:-1)
2025-08-19 21:42:35,569 [INFO] PluginManage:310 - Check plugin cadmodel
2025-08-19 21:42:35,580 [INFO] CADModel:105 - Init CAD model plugin
2025-08-19 21:42:35,580 [INFO] PluginManage:359 - Loaded plugin cadmodel (category:power,tabindex:5)
2025-08-19 21:42:35,583 [INFO] PluginManage:310 - Check plugin clock
2025-08-19 21:42:35,603 [INFO] PluginManage:359 - Loaded plugin clock (category:base,tabindex:2)
2025-08-19 21:42:35,603 [INFO] PluginManage:310 - Check plugin ddr
2025-08-19 21:42:35,607 [INFO] PluginManage:359 - Loaded plugin ddr (category:tool,tabindex:6)
2025-08-19 21:42:35,609 [INFO] PluginManage:310 - Check plugin filemanager
2025-08-19 21:42:35,995 [INFO] PluginManage:359 - Loaded plugin filemanager (category:base,tabindex:10)
2025-08-19 21:42:35,995 [INFO] PluginManage:310 - Check plugin ipmanager
2025-08-19 21:42:36,009 [INFO] PluginManage:359 - Loaded plugin ipmanager (category:base,tabindex:5)
2025-08-19 21:42:36,011 [INFO] PluginManage:310 - Check plugin lpbam
2025-08-19 21:42:36,028 [INFO] PluginManage:359 - Loaded plugin lpbam (category:base,tabindex:0)
2025-08-19 21:42:36,028 [INFO] PluginManage:310 - Check plugin memorymap
2025-08-19 21:42:36,051 [INFO] PluginManage:359 - Loaded plugin memorymap (category:base,tabindex:4)
2025-08-19 21:42:36,051 [INFO] PluginManage:310 - Check plugin pinoutandconfiguration
2025-08-19 21:42:36,070 [INFO] PluginManage:359 - Loaded plugin pinoutandconfiguration (category:base,tabindex:1)
2025-08-19 21:42:36,070 [INFO] PluginManage:310 - Check plugin pinoutconfig
2025-08-19 21:42:36,373 [WARN] SupportedApi:132 - Cannot load RTOS API schema: s4s-elt-must-match.1: The content of 'definitions' must match (annotation?, (simpleType | complexType)?, (unique | key | keyref)*)). A problem was found starting at: attribute.
2025-08-19 21:42:36,684 [INFO] PluginManage:359 - Loaded plugin pinoutconfig (category:base,tabindex:0)
2025-08-19 21:42:36,686 [INFO] PluginManage:310 - Check plugin power
2025-08-19 21:42:36,721 [INFO] PluginManage:359 - Loaded plugin power (category:power,tabindex:4)
2025-08-19 21:42:36,721 [INFO] PluginManage:310 - Check plugin projectmanager
2025-08-19 21:42:36,842 [INFO] PluginManage:359 - Loaded plugin projectmanager (category:projectmanager,tabindex:4)
2025-08-19 21:42:36,844 [INFO] PluginManage:310 - Check plugin rif
2025-08-19 21:42:36,860 [INFO] PluginManage:359 - Loaded plugin rif (category:base,tabindex:3)
2025-08-19 21:42:36,860 [INFO] PluginManage:310 - Check plugin thirdparty
2025-08-19 21:42:37,183 [WARN] IntegrityCheckThread:84 - waiting for thirdparty lock release [integrity check]
2025-08-19 21:42:37,183 [INFO] IntegrityCheckThread:86 - entering critical section [integrity check]
2025-08-19 21:42:37,183 [INFO] ThirdPartyUpdaterWithRetryManager:70 - Updater plugin not ready yet. [1/15]
2025-08-19 21:42:37,183 [INFO] PluginManage:359 - Loaded plugin thirdparty (category:base,tabindex:-1)
2025-08-19 21:42:37,183 [INFO] PluginManage:310 - Check plugin tools
2025-08-19 21:42:37,188 [INFO] PluginManage:359 - Loaded plugin tools (category:base,tabindex:7)
2025-08-19 21:42:37,188 [INFO] PluginManage:310 - Check plugin tutovideos
2025-08-19 21:42:37,669 [INFO] PluginManage:359 - Loaded plugin tutovideos (category:base,tabindex:-1)
2025-08-19 21:42:37,669 [INFO] PluginManage:310 - Check plugin updater
2025-08-19 21:42:37,714 [INFO] PluginManage:359 - Loaded plugin updater (category:base,tabindex:12)
2025-08-19 21:42:37,718 [INFO] PluginManage:310 - Check plugin userauth
2025-08-19 21:42:37,721 [INFO] UserAuth:118 - Init User Auth plugin
2025-08-19 21:42:37,721 [INFO] PluginManage:359 - Loaded plugin userauth (category:base,tabindex:14)
2025-08-19 21:42:37,721 [INFO] PluginManage:283 - PluginManage : Loaded plugins [18]
2025-08-19 21:42:38,189 [INFO] PinOutPanel:1589 - setPackage(No Configuration,No Configuration)
2025-08-19 21:42:38,395 [INFO] CADModel:165 - CPN selected for project level
2025-08-19 21:42:38,401 [INFO] CADModel:114 - Register for checkConnection events
2025-08-19 21:42:38,437 [INFO] IPUIPlugin:80 - create IPUIPlugin
2025-08-19 21:42:38,439 [INFO] PluginManager:220 - loadIPPluginJar : add adc
2025-08-19 21:42:38,443 [INFO] IPUIPlugin:80 - create IPUIPlugin
2025-08-19 21:42:38,443 [INFO] PluginManager:220 - loadIPPluginJar : add aes
2025-08-19 21:42:38,450 [INFO] IPUIPlugin:80 - create IPUIPlugin
2025-08-19 21:42:38,450 [INFO] PluginManager:220 - loadIPPluginJar : add can
2025-08-19 21:42:38,450 [INFO] IPUIPlugin:80 - create IPUIPlugin
2025-08-19 21:42:38,450 [INFO] PluginManager:220 - loadIPPluginJar : add comp
2025-08-19 21:42:38,450 [INFO] IPUIPlugin:80 - create IPUIPlugin
2025-08-19 21:42:38,450 [INFO] PluginManager:220 - loadIPPluginJar : add cryp
2025-08-19 21:42:38,464 [INFO] IPUIPlugin:80 - create IPUIPlugin
2025-08-19 21:42:38,464 [INFO] PluginManager:220 - loadIPPluginJar : add ddr_ctrl_phy
2025-08-19 21:42:38,469 [INFO] IPUIPlugin:80 - create IPUIPlugin
2025-08-19 21:42:38,469 [INFO] PluginManager:220 - loadIPPluginJar : add dfsdm
2025-08-19 21:42:38,484 [INFO] IPUIPlugin:80 - create IPUIPlugin
2025-08-19 21:42:38,486 [INFO] PluginManager:220 - loadIPPluginJar : add dma
2025-08-19 21:42:38,488 [INFO] IPUIPlugin:80 - create IPUIPlugin
2025-08-19 21:42:38,488 [INFO] PluginManager:220 - loadIPPluginJar : add dma3
2025-08-19 21:42:38,498 [INFO] IPUIPlugin:80 - create IPUIPlugin
2025-08-19 21:42:38,498 [INFO] PluginManager:220 - loadIPPluginJar : add extmemmanager
2025-08-19 21:42:38,502 [INFO] IPUIPlugin:80 - create IPUIPlugin
2025-08-19 21:42:38,502 [INFO] PluginManager:220 - loadIPPluginJar : add fatfs
2025-08-19 21:42:38,512 [INFO] IPUIPlugin:80 - create IPUIPlugin
2025-08-19 21:42:38,512 [INFO] PluginManager:220 - loadIPPluginJar : add fmc
2025-08-19 21:42:38,517 [INFO] IPUIPlugin:80 - create IPUIPlugin
2025-08-19 21:42:38,517 [INFO] PluginManager:220 - loadIPPluginJar : add freertos
2025-08-19 21:42:38,527 [INFO] IPUIPlugin:80 - create IPUIPlugin
2025-08-19 21:42:38,527 [INFO] PluginManager:220 - loadIPPluginJar : add genericplugin
2025-08-19 21:42:38,527 [INFO] IPUIPlugin:80 - create IPUIPlugin
2025-08-19 21:42:38,527 [INFO] PluginManager:220 - loadIPPluginJar : add gfxmmu
2025-08-19 21:42:38,543 [INFO] IPUIPlugin:80 - create IPUIPlugin
2025-08-19 21:42:38,543 [INFO] PluginManager:220 - loadIPPluginJar : add gic
2025-08-19 21:42:38,543 [INFO] IPUIPlugin:80 - create IPUIPlugin
2025-08-19 21:42:38,543 [INFO] PluginManager:220 - loadIPPluginJar : add gpio
2025-08-19 21:42:38,559 [INFO] IPUIPlugin:80 - create IPUIPlugin
2025-08-19 21:42:38,559 [INFO] PluginManager:220 - loadIPPluginJar : add gtzc
2025-08-19 21:42:38,567 [INFO] IPUIPlugin:80 - create IPUIPlugin
2025-08-19 21:42:38,567 [INFO] PluginManager:220 - loadIPPluginJar : add hash
2025-08-19 21:42:38,574 [INFO] IPUIPlugin:80 - create IPUIPlugin
2025-08-19 21:42:38,574 [INFO] PluginManager:220 - loadIPPluginJar : add i2c
2025-08-19 21:42:38,579 [INFO] IPUIPlugin:80 - create IPUIPlugin
2025-08-19 21:42:38,579 [INFO] PluginManager:220 - loadIPPluginJar : add i2s
2025-08-19 21:42:38,585 [INFO] IPUIPlugin:80 - create IPUIPlugin
2025-08-19 21:42:38,587 [INFO] PluginManager:220 - loadIPPluginJar : add i3c
2025-08-19 21:42:38,595 [INFO] IPUIPlugin:80 - create IPUIPlugin
2025-08-19 21:42:38,595 [INFO] PluginManager:220 - loadIPPluginJar : add ipddr
2025-08-19 21:42:38,608 [INFO] IPUIPlugin:80 - create IPUIPlugin
2025-08-19 21:42:38,610 [INFO] PluginManager:220 - loadIPPluginJar : add linkedlist
2025-08-19 21:42:38,616 [INFO] IPUIPlugin:80 - create IPUIPlugin
2025-08-19 21:42:38,616 [INFO] PluginManager:220 - loadIPPluginJar : add lorawan
2025-08-19 21:42:38,618 [INFO] IPUIPlugin:80 - create IPUIPlugin
2025-08-19 21:42:38,618 [INFO] PluginManager:220 - loadIPPluginJar : add ltdc
2025-08-19 21:42:38,635 [INFO] IPUIPlugin:80 - create IPUIPlugin
2025-08-19 21:42:38,635 [INFO] PluginManager:220 - loadIPPluginJar : add mdma
2025-08-19 21:42:38,638 [INFO] IPUIPlugin:80 - create IPUIPlugin
2025-08-19 21:42:38,638 [INFO] PluginManager:220 - loadIPPluginJar : add nvic
2025-08-19 21:42:38,638 [INFO] IPUIPlugin:80 - create IPUIPlugin
2025-08-19 21:42:38,638 [INFO] PluginManager:220 - loadIPPluginJar : add opamp
2025-08-19 21:42:38,656 [INFO] IPUIPlugin:80 - create IPUIPlugin
2025-08-19 21:42:38,656 [INFO] PluginManager:220 - loadIPPluginJar : add openamp
2025-08-19 21:42:38,662 [INFO] IPUIPlugin:80 - create IPUIPlugin
2025-08-19 21:42:38,664 [INFO] PluginManager:220 - loadIPPluginJar : add pdm2pcm
2025-08-19 21:42:38,687 [INFO] IPUIPlugin:80 - create IPUIPlugin
2025-08-19 21:42:38,689 [INFO] PluginManager:220 - loadIPPluginJar : add plateformsettings
2025-08-19 21:42:38,689 [INFO] IPUIPlugin:80 - create IPUIPlugin
2025-08-19 21:42:38,689 [INFO] PluginManager:220 - loadIPPluginJar : add quadspi
2025-08-19 21:42:38,701 [INFO] IPUIPlugin:80 - create IPUIPlugin
2025-08-19 21:42:38,703 [INFO] PluginManager:220 - loadIPPluginJar : add radio
2025-08-19 21:42:38,709 [INFO] IPUIPlugin:80 - create IPUIPlugin
2025-08-19 21:42:38,711 [INFO] PluginManager:220 - loadIPPluginJar : add resmgrutility
2025-08-19 21:42:38,717 [INFO] IPUIPlugin:80 - create IPUIPlugin
2025-08-19 21:42:38,717 [INFO] PluginManager:220 - loadIPPluginJar : add sai
2025-08-19 21:42:38,725 [INFO] IPUIPlugin:80 - create IPUIPlugin
2025-08-19 21:42:38,725 [INFO] PluginManager:220 - loadIPPluginJar : add spi
2025-08-19 21:42:38,738 [INFO] IPUIPlugin:80 - create IPUIPlugin
2025-08-19 21:42:38,738 [INFO] PluginManager:220 - loadIPPluginJar : add stm32_wpan
2025-08-19 21:42:38,742 [INFO] IPUIPlugin:80 - create IPUIPlugin
2025-08-19 21:42:38,742 [INFO] PluginManager:220 - loadIPPluginJar : add tim
2025-08-19 21:42:38,748 [INFO] IPUIPlugin:80 - create IPUIPlugin
2025-08-19 21:42:38,748 [INFO] PluginManager:220 - loadIPPluginJar : add touchsensing
2025-08-19 21:42:38,748 [INFO] IPUIPlugin:80 - create IPUIPlugin
2025-08-19 21:42:38,756 [INFO] PluginManager:220 - loadIPPluginJar : add tracer_emb
2025-08-19 21:42:38,756 [INFO] IPUIPlugin:80 - create IPUIPlugin
2025-08-19 21:42:38,756 [INFO] PluginManager:220 - loadIPPluginJar : add ts
2025-08-19 21:42:38,756 [INFO] IPUIPlugin:80 - create IPUIPlugin
2025-08-19 21:42:38,756 [INFO] PluginManager:220 - loadIPPluginJar : add tsc
2025-08-19 21:42:38,766 [INFO] IPUIPlugin:80 - create IPUIPlugin
2025-08-19 21:42:38,766 [INFO] PluginManager:220 - loadIPPluginJar : add ucpd
2025-08-19 21:42:38,772 [INFO] IPUIPlugin:80 - create IPUIPlugin
2025-08-19 21:42:38,772 [INFO] PluginManager:220 - loadIPPluginJar : add usart
2025-08-19 21:42:38,778 [INFO] IPUIPlugin:80 - create IPUIPlugin
2025-08-19 21:42:38,778 [INFO] PluginManager:220 - loadIPPluginJar : add usbx
2025-08-19 21:42:39,019 [FATAL] Updater:351 - Updater called before beeing initialized
2025-08-19 21:42:39,162 [INFO] RulesReader:64 - Compatibility file has been processed (317 Rules)
2025-08-19 21:42:39,189 [INFO] RulesReader:64 - Compatibility file has been processed (317 Rules)
2025-08-19 21:42:39,205 [INFO] CADModel:165 - CPN selected for project level
2025-08-19 21:42:39,205 [INFO] CADModel:114 - Register for checkConnection events
2025-08-19 21:42:39,205 [FATAL] Updater:351 - Updater called before beeing initialized
2025-08-19 21:42:39,205 [ERROR] CADModel:125 - Updater not yet initialized, retry later 
2025-08-19 21:42:39,585 [FATAL] Updater:351 - Updater called before beeing initialized
2025-08-19 21:42:39,585 [INFO] CADModel:165 - CPN selected for project level
2025-08-19 21:42:39,585 [INFO] CADModel:114 - Register for checkConnection events
2025-08-19 21:42:39,585 [FATAL] Updater:351 - Updater called before beeing initialized
2025-08-19 21:42:39,585 [ERROR] CADModel:125 - Updater not yet initialized, retry later 
2025-08-19 21:42:39,601 [FATAL] Updater:351 - Updater called before beeing initialized
2025-08-19 21:42:39,886 [FATAL] Updater:351 - Updater called before beeing initialized
2025-08-19 21:42:39,902 [INFO] DbMcusAds:53 - JSON generation date=Tue Jul 08 13:44:23 IST 2025 (1751962463582)
2025-08-19 21:42:39,902 [FATAL] Updater:351 - Updater called before beeing initialized
2025-08-19 21:42:39,981 [WARN] DetailPanel:346 - Failed to get advertising image, set to default
2025-08-19 21:42:40,187 [INFO] ThirdPartyUpdaterWithRetryManager:70 - Updater plugin not ready yet. [2/15]
2025-08-19 21:42:40,187 [FATAL] Updater:351 - Updater called before beeing initialized
2025-08-19 21:42:40,202 [FATAL] Updater:351 - Updater called before beeing initialized
2025-08-19 21:42:40,202 [FATAL] Updater:351 - Updater called before beeing initialized
2025-08-19 21:42:40,202 [WARN] DetailPanel:346 - Failed to get advertising image, set to default
2025-08-19 21:42:40,202 [FATAL] Updater:351 - Updater called before beeing initialized
2025-08-19 21:42:40,314 [ERROR] Updater:1198 - MainUpdater not yet initialized. External WinMGr cannot be set.
2025-08-19 21:42:40,314 [INFO] Updater:1134 - Updater Version found : 6.15.0
2025-08-19 21:42:40,361 [INFO] ApplicationProperties:184 - Using Application install path: C:\ST\STM32CubeIDE_1.19.0\STM32CubeIDE\plugins\com.st.stm32cube.common.mx_6.15.0.202507011659
2025-08-19 21:42:42,016 [ERROR] LogOutputStream:75 - [STDERR_REDIRECT] Aug 19, 2025 9:42:42 PM java.util.prefs.WindowsPreferences <init>
2025-08-19 21:42:42,020 [ERROR] LogOutputStream:75 - [STDERR_REDIRECT] WARNING: Could not open/create prefs root node Software\JavaSoft\Prefs at root 0xffffffff80000002. Windows RegCreateKeyEx(...) returned error code 5.
2025-08-19 21:42:42,020 [ERROR] LogOutputStream:75 - [STDERR_REDIRECT] 
2025-08-19 21:42:43,028 [INFO] MainUpdater:2872 - connection check result : 10
2025-08-19 21:42:43,030 [INFO] MainUpdater:289 - Updater Check For Update Now.
2025-08-19 21:42:43,032 [INFO] MicroXplorer:498 - Change Database Version : DB.6.0.150
2025-08-19 21:42:43,095 [INFO] McuFinderGlobals:63 - Set McuFinder mode to 2 (CubeIDE integrated)
2025-08-19 21:42:43,099 [INFO] UserAuth:487 - Internet connection configuration mode: 1
2025-08-19 21:42:43,172 [INFO] JxBrowserEngine:152 - Initiate JxBrowser Engine with user profile folder
2025-08-19 21:42:43,188 [WARN] MainUpdater:1193 - Updater busy. Cannot search thirdparties
2025-08-19 21:42:43,188 [INFO] ThirdPartyUpdaterWithRetryManager:96 - Updater plugin is busy. [1/15]
2025-08-19 21:42:43,557 [INFO] CheckServerUpdateThread:120 - End of CheckServer Thread
2025-08-19 21:42:44,741 [INFO] WebApp:169 - Instantiating new browser for Auth
2025-08-19 21:42:46,132 [INFO] WebApp:463 - Apply proxy settings
2025-08-19 21:42:46,132 [INFO] WebApp:548 - Chromium requires no authentication
2025-08-19 21:42:46,179 [INFO] WebApp:491 - Direct internet connection detected
2025-08-19 21:42:46,327 [INFO] WebApp:900 - Register for checkConnection events
2025-08-19 21:42:46,327 [INFO] WebApp:463 - Apply proxy settings
2025-08-19 21:42:46,327 [INFO] WebApp:548 - Chromium requires no authentication
2025-08-19 21:42:46,327 [INFO] WebApp:491 - Direct internet connection detected
2025-08-19 21:42:47,116 [INFO] WebApp:191 - Connection restablished
2025-08-19 21:42:47,642 [INFO] WebApp:225 - Starting web application
2025-08-19 21:42:47,644 [INFO] WebApp:593 - Web application path used C:\ST\STM32CubeIDE_1.19.0\STM32CubeIDE\plugins\com.st.stm32cube.common.mx_6.15.0.202507011659\db\plugins\mcufinder\reactClient1\index.html
2025-08-19 21:42:47,770 [INFO] UserAuth:487 - Internet connection configuration mode: 1
2025-08-19 21:42:48,491 [WARN] PackLoader:240 - Cannot read IP mode file for STMicroelectronics.FP-SNS-MOTENVWB1.1.4.0
2025-08-19 21:42:48,720 [WARN] PackLoader:240 - Cannot read IP mode file for STMicroelectronics.FP-ATR-ASTRA1.2.0.2
2025-08-19 21:42:48,894 [WARN] PackLoader:240 - Cannot read IP mode file for STMicroelectronics.FP-ATR-ASTRA1.2.0.1
2025-08-19 21:42:48,975 [WARN] PackLoader:240 - Cannot read IP mode file for STMicroelectronics.X-CUBE-SMBUS.2.1.0
2025-08-19 21:42:49,370 [WARN] PackLoader:240 - Cannot read IP mode file for STMicroelectronics.X-CUBE-WB05N.1.1.0
2025-08-19 21:42:49,395 [WARN] PackLoader:240 - Cannot read IP mode file for STMicroelectronics.X-CUBE-ST60.1.0.0
2025-08-19 21:42:49,779 [WARN] PackLoader:240 - Cannot read IP mode file for STMicroelectronics.X-CUBE-AZRTOS-F7.1.1.0
2025-08-19 21:42:50,500 [WARN] PackLoader:240 - Cannot read IP mode file for STMicroelectronics.X-CUBE-MEMS1.11.0.0
2025-08-19 21:42:51,366 [WARN] PackLoader:240 - Cannot read IP mode file for STMicroelectronics.FP-SNS-FLIGHT1.5.0.2
2025-08-19 21:42:51,433 [WARN] PackLoader:240 - Cannot read IP mode file for STMicroelectronics.X-CUBE-AZRTOS-H7.3.4.0
2025-08-19 21:42:51,499 [WARN] PackLoader:240 - Cannot read IP mode file for STMicroelectronics.X-CUBE-DISPLAY.3.0.0
2025-08-19 21:42:51,566 [WARN] PackLoader:240 - Cannot read IP mode file for STMicroelectronics.X-CUBE-BLE1.7.0.0
2025-08-19 21:42:51,594 [WARN] PackLoader:240 - Cannot read IP mode file for STMicroelectronics.X-CUBE-NFC10.1.0.0
2025-08-19 21:42:51,642 [WARN] PackLoader:240 - Cannot read IP mode file for STMicroelectronics.X-CUBE-BLEMGR.4.0.0
2025-08-19 21:42:51,674 [WARN] PackLoader:240 - Cannot read IP mode file for emotas.I-CUBE-CANOPEN.1.3.0
2025-08-19 21:42:51,716 [WARN] PackLoader:240 - Cannot read IP mode file for STMicroelectronics.X-CUBE-BLEMGR.3.1.0
2025-08-19 21:42:51,749 [WARN] PackLoader:240 - Cannot read IP mode file for STMicroelectronics.X-CUBE-AI.10.0.0
2025-08-19 21:42:51,782 [WARN] PackLoader:240 - Cannot read IP mode file for STMicroelectronics.FP-SNS-STBOX1.2.1.0
2025-08-19 21:42:51,816 [WARN] PackLoader:240 - Cannot read IP mode file for STMicroelectronics.FP-SNS-SMARTAG2.1.2.0
2025-08-19 21:42:51,826 [WARN] PackLoader:240 - Cannot read IP mode file for STMicroelectronics.FP-SNS-FLIGHT1.5.1.0
2025-08-19 21:42:52,032 [WARN] PackLoader:240 - Cannot read IP mode file for STMicroelectronics.X-CUBE-MEMS1.11.1.0
2025-08-19 21:42:52,495 [INFO] LogOutputStream:77 - [STDOUT_REDIRECT] 1 : Invalid condition id : UX_CORESTACK_Condition cause : null
2025-08-19 21:42:52,495 [INFO] LogOutputStream:77 - [STDOUT_REDIRECT] 1 : Invalid condition id : UX_CORESTACK_Condition cause : null
2025-08-19 21:42:52,511 [INFO] LogOutputStream:77 - [STDOUT_REDIRECT] 1 : Invalid condition id : UX_CORESTACK_Condition cause : null
2025-08-19 21:42:52,511 [INFO] LogOutputStream:77 - [STDOUT_REDIRECT] 1 : Invalid condition id : UX_CORESTACK_Condition cause : null
2025-08-19 21:42:52,511 [INFO] LogOutputStream:77 - [STDOUT_REDIRECT] 1 : Invalid condition id : UX_CORESTACK_Condition cause : null
2025-08-19 21:42:52,669 [WARN] PackLoader:240 - Cannot read IP mode file for STMicroelectronics.X-CUBE-AZRTOS-WL.2.0.0
2025-08-19 21:42:52,828 [WARN] PackLoader:240 - Cannot read IP mode file for STMicroelectronics.FP-SNS-MOTENV1.5.0.0
2025-08-19 21:42:53,495 [WARN] PackLoader:240 - Cannot read IP mode file for wolfSSL.I-CUBE-wolfMQTT.1.19.0
2025-08-19 21:42:53,751 [WARN] PackLoader:240 - Cannot read IP mode file for WES.I-CUBE-Cesium.1.3.0
2025-08-19 21:42:53,799 [WARN] PackLoader:240 - Cannot read IP mode file for STMicroelectronics.X-CUBE-BLE2.3.3.0
2025-08-19 21:42:53,878 [WARN] PackLoader:240 - Cannot read IP mode file for STMicroelectronics.X-CUBE-NFC9.1.0.0
2025-08-19 21:42:53,894 [WARN] PackLoader:240 - Cannot read IP mode file for STMicroelectronics.X-CUBE-BLE1.7.1.0
2025-08-19 21:42:53,910 [WARN] PackLoader:240 - Cannot read IP mode file for STMicroelectronics.X-CUBE-TCPP.4.1.0
2025-08-19 21:42:53,910 [WARN] PackLoader:240 - Cannot read IP mode file for STMicroelectronics.X-CUBE-EEPRMA1.5.2.0
2025-08-19 21:42:53,926 [WARN] PackLoader:240 - Cannot read IP mode file for STMicroelectronics.X-CUBE-AI.10.1.0
2025-08-19 21:42:54,578 [WARN] PackLoader:240 - Cannot read IP mode file for STMicroelectronics.X-CUBE-MEMS1.11.2.0
2025-08-19 21:42:54,939 [WARN] PackLoader:240 - Cannot read IP mode file for STMicroelectronics.X-CUBE-AZRTOS-G0.1.1.0
2025-08-19 21:42:54,956 [WARN] PackLoader:240 - Cannot read IP mode file for STMicroelectronics.X-CUBE-SAFEA1.1.2.2
2025-08-19 21:42:54,969 [WARN] PackLoader:240 - Cannot read IP mode file for STMicroelectronics.X-CUBE-NFC4.3.0.0
2025-08-19 21:42:54,990 [WARN] PackLoader:240 - Cannot read IP mode file for EmbeddedOffice.I-CUBE-FS-RTOS.1.0.1
2025-08-19 21:42:55,004 [WARN] PackLoader:240 - Cannot read IP mode file for STMicroelectronics.X-CUBE-WB05N.2.0.0
2025-08-19 21:42:55,344 [WARN] PackLoader:240 - Cannot read IP mode file for STMicroelectronics.X-CUBE-TCPP.4.2.0
2025-08-19 21:42:55,392 [WARN] PackLoader:240 - Cannot read IP mode file for RealThread.X-CUBE-RT-Thread_Nano.4.1.1
2025-08-19 21:42:55,408 [WARN] PackLoader:240 - Cannot read IP mode file for STMicroelectronics.FP-ATR-SIGFOX1.3.2.0
2025-08-19 21:42:55,424 [WARN] ConditionMgr:438 - getConditionDescription Invalid condition id : Cortex-A Device cause : null
2025-08-19 21:42:55,519 [WARN] ConditionMgr:1044 - genDependencies : Invalid condition id : Cortex-A Device cause : null
2025-08-19 21:42:55,519 [WARN] ConditionMgr:1044 - genDependencies : Invalid condition id : Cortex-A Device cause : null
2025-08-19 21:42:55,519 [WARN] ConditionMgr:1044 - genDependencies : Invalid condition id : Cortex-A Device cause : null
2025-08-19 21:42:55,535 [WARN] PackLoader:240 - Cannot read IP mode file for STMicroelectronics.X-CUBE-EEPRMA1.5.1.0
2025-08-19 21:42:55,583 [WARN] PackLoader:240 - Cannot read IP mode file for wolfSSL.I-CUBE-wolfSSL.5.7.4
2025-08-19 21:42:55,598 [WARN] PackLoader:240 - Cannot read IP mode file for ITTIA_DB.I-CUBE-ITTIADB.8.9.0
2025-08-19 21:42:55,630 [WARN] PackLoader:240 - Cannot read IP mode file for STMicroelectronics.X-CUBE-ST67W61.1.0.0
2025-08-19 21:42:55,630 [WARN] PackLoader:240 - Cannot read IP mode file for STMicroelectronics.X-CUBE-AI.10.2.0
2025-08-19 21:42:55,694 [WARN] PackLoader:240 - Cannot read IP mode file for SEGGER.I-CUBE-embOS.1.3.1
2025-08-19 21:42:56,075 [WARN] PackLoader:240 - Cannot read IP mode file for STMicroelectronics.X-CUBE-ALGOBUILD.1.4.0
2025-08-19 21:42:56,186 [WARN] PackLoader:240 - Cannot read IP mode file for STMicroelectronics.X-CUBE-MEMS1.11.3.0
2025-08-19 21:42:56,854 [WARN] PackLoader:240 - Cannot read IP mode file for STMicroelectronics.X-CUBE-AI.9.1.0
2025-08-19 21:42:56,854 [WARN] PackLoader:240 - Cannot read IP mode file for STMicroelectronics.X-CUBE-PM33A1.1.0.0
2025-08-19 21:42:56,870 [WARN] PackLoader:240 - Cannot read IP mode file for STMicroelectronics.X-CUBE-AZRTOS-F4.1.1.0
2025-08-19 21:42:56,902 [WARN] PackLoader:240 - Cannot read IP mode file for Avnet-IotConnect.X-CUBE-IoTC-DA16k-PMOD.1.0.0
2025-08-19 21:42:56,902 [WARN] PackLoader:240 - Cannot read IP mode file for STMicroelectronics.X-CUBE-ISPU.2.1.0
2025-08-19 21:42:56,918 [WARN] PackLoader:240 - Cannot read IP mode file for STMicroelectronics.X-CUBE-FREERTOS.1.2.0
2025-08-19 21:42:56,965 [WARN] PackLoader:240 - Cannot read IP mode file for STMicroelectronics.X-CUBE-NFC12.1.0.0
2025-08-19 21:42:57,140 [WARN] PackLoader:240 - Cannot read IP mode file for STMicroelectronics.X-CUBE-AZRTOS-L5.2.0.0
2025-08-19 21:42:57,172 [WARN] PackLoader:240 - Cannot read IP mode file for STMicroelectronics.X-CUBE-NFC6.3.1.0
2025-08-19 21:42:57,267 [WARN] PackLoader:240 - Cannot read IP mode file for STMicroelectronics.X-CUBE-DPower.1.2.0
2025-08-19 21:42:57,282 [WARN] PackLoader:240 - Cannot read IP mode file for STMicroelectronics.X-CUBE-FREERTOS.1.3.1
2025-08-19 21:42:57,298 [WARN] PackLoader:240 - Cannot read IP mode file for STMicroelectronics.X-CUBE-FREERTOS.1.3.0
2025-08-19 21:42:57,490 [WARN] PackLoader:240 - Cannot read IP mode file for STMicroelectronics.X-CUBE-NFC7.1.0.1
2025-08-19 21:42:57,522 [WARN] PackLoader:240 - Cannot read IP mode file for STMicroelectronics.FP-SNS-STAIOTCFT.1.0.0
2025-08-19 21:42:57,537 [WARN] PackLoader:240 - Cannot read IP mode file for STMicroelectronics.X-CUBE-DPower.1.3.0
2025-08-19 21:42:57,569 [WARN] ConditionMgr:438 - getConditionDescription Invalid condition id : LAN8742 Phy interface Condition cause : null
2025-08-19 21:42:57,569 [WARN] PackLoader:240 - Cannot read IP mode file for STMicroelectronics.X-CUBE-AZRTOS-L4.2.0.0
2025-08-19 21:42:57,569 [WARN] ConditionMgr:1044 - genDependencies : Invalid condition id : LAN8742 Phy interface Condition cause : null
2025-08-19 21:42:57,569 [WARN] ConditionMgr:1044 - genDependencies : Invalid condition id : LAN8742 Phy interface Condition cause : null
2025-08-19 21:42:57,585 [WARN] ConditionMgr:1044 - genDependencies : Invalid condition id : LAN8742 Phy interface Condition cause : null
2025-08-19 21:42:57,601 [WARN] PackLoader:240 - Cannot read IP mode file for STMicroelectronics.X-CUBE-SFXS2LP1.4.0.0
2025-08-19 21:42:57,760 [WARN] PackLoader:240 - Cannot read IP mode file for STMicroelectronics.X-CUBE-AZRTOS-H7.3.3.0
2025-08-19 21:42:57,903 [WARN] PackLoader:240 - Cannot read IP mode file for STMicroelectronics.X-CUBE-BLEMGR.4.1.0
2025-08-19 21:42:57,919 [WARN] PackLoader:240 - Cannot read IP mode file for STMicroelectronics.X-CUBE-IPS.3.0.0
2025-08-19 21:42:57,951 [WARN] ConditionMgr:438 - getConditionDescription Invalid condition id : UX DEVICE CLASS RTOS Condition cause : null
2025-08-19 21:42:57,951 [WARN] ConditionMgr:438 - getConditionDescription Invalid condition id : UX DEVICE CLASS RTOS Condition cause : null
2025-08-19 21:42:57,951 [WARN] PackLoader:240 - Cannot read IP mode file for STMicroelectronics.X-CUBE-AZRTOS-WB.2.0.0
2025-08-19 21:42:57,951 [WARN] ConditionMgr:1044 - genDependencies : Invalid condition id : UX DEVICE CLASS RTOS Condition cause : null
2025-08-19 21:42:57,951 [WARN] ConditionMgr:1044 - genDependencies : Invalid condition id : UX DEVICE CLASS RTOS Condition cause : null
2025-08-19 21:42:57,951 [WARN] ConditionMgr:1044 - genDependencies : Invalid condition id : UX DEVICE CLASS RTOS Condition cause : null
2025-08-19 21:42:57,951 [WARN] ConditionMgr:1044 - genDependencies : Invalid condition id : UX DEVICE CLASS RTOS Condition cause : null
2025-08-19 21:42:57,951 [WARN] ConditionMgr:1044 - genDependencies : Invalid condition id : UX DEVICE CLASS RTOS Condition cause : null
2025-08-19 21:42:57,967 [WARN] PackLoader:240 - Cannot read IP mode file for STMicroelectronics.X-CUBE-GNSS1.7.0.0
2025-08-19 21:42:57,982 [WARN] PackLoader:240 - Cannot read IP mode file for STMicroelectronics.X-CUBE-GNSS1.7.0.1
2025-08-19 21:42:57,998 [WARN] PackLoader:240 - Cannot read IP mode file for STMicroelectronics.X-CUBE-TOUCHGFX.4.25.0
2025-08-19 21:42:58,014 [WARN] PackLoader:240 - Cannot read IP mode file for STMicroelectronics.FP-SNS-STBOX1.2.0.0
2025-08-19 21:42:58,030 [WARN] PackLoader:240 - Cannot read IP mode file for STMicroelectronics.X-CUBE-SUBG2.5.0.0
2025-08-19 21:42:58,078 [WARN] PackLoader:240 - Cannot read IP mode file for STMicroelectronics.X-CUBE-AZRTOS-H7RS.1.1.0
2025-08-19 21:42:58,094 [WARN] PackLoader:240 - Cannot read IP mode file for Cesanta.I-CUBE-Mongoose.7.13.0
2025-08-19 21:42:58,125 [WARN] PackLoader:240 - Cannot read IP mode file for STMicroelectronics.X-CUBE-AZRTOS-G4.2.0.0
2025-08-19 21:42:58,125 [WARN] PackLoader:240 - Cannot read IP mode file for STMicroelectronics.X-CUBE-NFC7.2.0.0
2025-08-19 21:42:58,157 [WARN] PackLoader:240 - Cannot read IP mode file for STMicroelectronics.X-CUBE-IPS.3.1.0
2025-08-19 21:42:58,173 [WARN] PackLoader:240 - Cannot read IP mode file for STMicroelectronics.X-CUBE-ALS.1.0.2
2025-08-19 21:42:58,189 [WARN] PackLoader:240 - Cannot read IP mode file for STMicroelectronics.X-CUBE-TOUCHGFX.4.24.1
2025-08-19 21:42:58,205 [WARN] PackLoader:240 - Cannot read IP mode file for wolfSSL.I-CUBE-wolfTPM.3.4.0
2025-08-19 21:42:58,221 [WARN] PackLoader:240 - Cannot read IP mode file for portGmbH.I-Cube-SoM-uGOAL.1.1.0
2025-08-19 21:42:58,253 [WARN] PackLoader:240 - Cannot read IP mode file for STMicroelectronics.X-CUBE-AZRTOS-H7RS.1.0.0
2025-08-19 21:42:58,269 [WARN] PackLoader:240 - Cannot read IP mode file for STMicroelectronics.X-CUBE-TOF1.3.4.2
2025-08-19 21:42:58,316 [WARN] PackLoader:240 - Cannot read IP mode file for STMicroelectronics.X-CUBE-TOF1.3.4.3
2025-08-19 21:42:58,380 [WARN] PackLoader:240 - Cannot read IP mode file for Infineon.AIROC-Wi-Fi-Bluetooth-STM32.1.6.1
2025-08-19 21:42:58,396 [WARN] PackLoader:240 - Cannot read IP mode file for wolfSSL.I-CUBE-wolfSSH.1.4.17
2025-08-19 21:42:58,412 [INFO] ThirdParty:978 - Integrity check success = true
2025-08-19 21:42:58,412 [INFO] IntegrityCheckThread:100 - exiting critical section [integrity check]
2025-08-19 21:42:58,412 [INFO] IntegrityCheckThread:103 - End integrity checks thread
2025-08-19 21:58:39,066 [ERROR] ConfigurationRetriever:142 - IOException on connection: sw-center.st.com
2025-08-19 21:58:39,067 [ERROR] ConfigurationRetriever:142 - IOException on connection: sw-center.st.com
2025-08-19 21:58:39,068 [ERROR] ConfigurationRetriever:142 - IOException on connection: sw-center.st.com
2025-08-19 21:58:40,374 [ERROR] LogOutputStream:75 - [STDERR_REDIRECT] 
