2025-09-05 19:11:34,172 [INFO] Activator:176 - 


2025-09-05 19:11:34,181 [INFO] Activator:177 - !SESSION log4j initialized
2025-09-05 19:11:41,920 [INFO] LogOutputStream:77 - [STDOUT_REDIRECT] 
2025-09-05 19:11:43,659 [INFO] ApplicationProperties:184 - Using Application install path: C:\ST\STM32CubeIDE_1.19.0\STM32CubeIDE\plugins\com.st.stm32cube.common.mx_6.15.0.202507011659
2025-09-05 19:11:43,688 [INFO] DbMcusXml:78 - Set database path to: C:\ST\STM32CubeIDE_1.19.0\STM32CubeIDE\plugins\com.st.stm32cube.common.mx_6.15.0.202507011659\\db\/mcu/
2025-09-05 19:11:43,688 [INFO] ApiDb:274 - Set plugin database path to: C:\ST\STM32CubeIDE_1.19.0\STM32CubeIDE\plugins\com.st.stm32cube.common.mx_6.15.0.202507011659\\db\/plugins/boardmanager/
2025-09-05 19:11:43,688 [WARN] ApiDb:259 - Overriding images path with different value:  => C:\ST\STM32CubeIDE_1.19.0\STM32CubeIDE\plugins\com.st.stm32cube.common.mx_6.15.0.202507011659\\db\/plugins/mcufinder/images/
2025-09-05 19:11:43,698 [INFO] ApiDb:250 - Set database path to: C:\Users\sheet\.stmcufinder\plugins\mcufinder//mcu/
2025-09-05 19:11:43,704 [INFO] DbMcusAds:125 - Set database path to: C:\Users\sheet\.stmcufinder\plugins\mcufinder//mcu/
2025-09-05 19:11:43,706 [INFO] CrossReferenceDbSqlite:203 - Set database path to: C:\Users\sheet\.stmcufinder\plugins\mcufinder//mcu/cs/
2025-09-05 19:11:43,927 [INFO] RulesReader:64 - Compatibility file has been processed (317 Rules)
2025-09-05 19:11:44,054 [INFO] DbMcusXml:78 - Set database path to: C:\ST\STM32CubeIDE_1.19.0\STM32CubeIDE\plugins\com.st.stm32cube.common.mx_6.15.0.202507011659\\db\/mcu/
2025-09-05 19:11:44,054 [INFO] ApiDb:274 - Set plugin database path to: C:\ST\STM32CubeIDE_1.19.0\STM32CubeIDE\plugins\com.st.stm32cube.common.mx_6.15.0.202507011659\\db\/plugins/boardmanager/
2025-09-05 19:11:44,054 [INFO] ApiDb:261 - Set plugin images path to: C:\ST\STM32CubeIDE_1.19.0\STM32CubeIDE\plugins\com.st.stm32cube.common.mx_6.15.0.202507011659\\db\/plugins/mcufinder/images/
2025-09-05 19:11:44,054 [WARN] DbFile:41 - Overriding database path with different value: C:\Users\sheet\.stmcufinder\plugins\mcufinder/ => C:\Users\sheet\.stmcufinder\plugins\mcufinder
2025-09-05 19:11:44,054 [INFO] ApiDb:250 - Set database path to: C:\Users\sheet\.stmcufinder\plugins\mcufinder//mcu/
2025-09-05 19:11:44,054 [WARN] DbFile:41 - Overriding database path with different value: C:\Users\sheet\.stmcufinder\plugins\mcufinder/ => C:\Users\sheet\.stmcufinder\plugins\mcufinder
2025-09-05 19:11:44,054 [INFO] DbMcusAds:125 - Set database path to: C:\Users\sheet\.stmcufinder\plugins\mcufinder//mcu/
2025-09-05 19:11:44,054 [WARN] DbFile:41 - Overriding database path with different value: C:\Users\sheet\.stmcufinder\plugins\mcufinder/ => C:\Users\sheet\.stmcufinder\plugins\mcufinder
2025-09-05 19:11:44,054 [WARN] DbFile:41 - Overriding database path with different value: C:\Users\sheet\.stmcufinder\plugins\mcufinder/ => C:\Users\sheet\.stmcufinder\plugins\mcufinder
2025-09-05 19:11:44,054 [INFO] CrossReferenceDbSqlite:203 - Set database path to: C:\Users\sheet\.stmcufinder\plugins\mcufinder//mcu/cs/
2025-09-05 19:11:44,206 [INFO] MainPanel:274 - HeapMemory: 268435456
2025-09-05 19:11:44,434 [INFO] DbMcusXml:78 - Set database path to: C:\ST\STM32CubeIDE_1.19.0\STM32CubeIDE\plugins\com.st.stm32cube.common.mx_6.15.0.202507011659\\db\/mcu/
2025-09-05 19:11:44,434 [INFO] ApiDb:274 - Set plugin database path to: C:\ST\STM32CubeIDE_1.19.0\STM32CubeIDE\plugins\com.st.stm32cube.common.mx_6.15.0.202507011659\\db\/plugins/boardmanager/
2025-09-05 19:11:44,434 [INFO] ApiDb:261 - Set plugin images path to: C:\ST\STM32CubeIDE_1.19.0\STM32CubeIDE\plugins\com.st.stm32cube.common.mx_6.15.0.202507011659\\db\/plugins/mcufinder/images/
2025-09-05 19:11:44,434 [WARN] DbFile:41 - Overriding database path with different value: C:\Users\sheet\.stmcufinder\plugins\mcufinder/ => C:\Users\sheet\.stmcufinder\plugins\mcufinder
2025-09-05 19:11:44,434 [INFO] ApiDb:250 - Set database path to: C:\Users\sheet\.stmcufinder\plugins\mcufinder//mcu/
2025-09-05 19:11:44,434 [WARN] DbFile:41 - Overriding database path with different value: C:\Users\sheet\.stmcufinder\plugins\mcufinder/ => C:\Users\sheet\.stmcufinder\plugins\mcufinder
2025-09-05 19:11:44,434 [INFO] DbMcusAds:125 - Set database path to: C:\Users\sheet\.stmcufinder\plugins\mcufinder//mcu/
2025-09-05 19:11:44,434 [WARN] DbFile:41 - Overriding database path with different value: C:\Users\sheet\.stmcufinder\plugins\mcufinder/ => C:\Users\sheet\.stmcufinder\plugins\mcufinder
2025-09-05 19:11:44,434 [WARN] DbFile:41 - Overriding database path with different value: C:\Users\sheet\.stmcufinder\plugins\mcufinder/ => C:\Users\sheet\.stmcufinder\plugins\mcufinder
2025-09-05 19:11:44,434 [INFO] CrossReferenceDbSqlite:203 - Set database path to: C:\Users\sheet\.stmcufinder\plugins\mcufinder//mcu/cs/
2025-09-05 19:11:44,481 [INFO] ApplicationProperties:184 - Using Application install path: C:\ST\STM32CubeIDE_1.19.0\STM32CubeIDE\plugins\com.st.stm32cube.common.mx_6.15.0.202507011659
2025-09-05 19:11:44,497 [INFO] PluginManage:196 - Search for loadable plugins [exclusion list=, ]
2025-09-05 19:11:44,502 [INFO] PluginManage:310 - Check plugin analytics
2025-09-05 19:11:44,876 [INFO] AnalyticsPlugin:253 - Accepted Software Licenses: 
2025-09-05 19:11:44,876 [INFO] AnalyticsPlugin:255 - Accepted CMSIS Pack Licenses: 
2025-09-05 19:11:44,876 [INFO] AnalyticsPlugin:257 - Accepted Firmware Licenses: FW.F4.1.28.0
2025-09-05 19:11:44,883 [INFO] PluginManage:359 - Loaded plugin analytics (category:tool,tabindex:-1)
2025-09-05 19:11:44,885 [INFO] PluginManage:310 - Check plugin cadmodel
2025-09-05 19:11:44,901 [INFO] CADModel:105 - Init CAD model plugin
2025-09-05 19:11:44,901 [INFO] PluginManage:359 - Loaded plugin cadmodel (category:power,tabindex:5)
2025-09-05 19:11:44,901 [INFO] PluginManage:310 - Check plugin clock
2025-09-05 19:11:44,919 [INFO] PluginManage:359 - Loaded plugin clock (category:base,tabindex:2)
2025-09-05 19:11:44,919 [INFO] PluginManage:310 - Check plugin ddr
2025-09-05 19:11:44,923 [INFO] PluginManage:359 - Loaded plugin ddr (category:tool,tabindex:6)
2025-09-05 19:11:44,923 [INFO] PluginManage:310 - Check plugin filemanager
2025-09-05 19:11:45,322 [INFO] PluginManage:359 - Loaded plugin filemanager (category:base,tabindex:10)
2025-09-05 19:11:45,322 [INFO] PluginManage:310 - Check plugin ipmanager
2025-09-05 19:11:45,342 [INFO] PluginManage:359 - Loaded plugin ipmanager (category:base,tabindex:5)
2025-09-05 19:11:45,342 [INFO] PluginManage:310 - Check plugin lpbam
2025-09-05 19:11:45,362 [INFO] PluginManage:359 - Loaded plugin lpbam (category:base,tabindex:0)
2025-09-05 19:11:45,364 [INFO] PluginManage:310 - Check plugin memorymap
2025-09-05 19:11:45,401 [INFO] PluginManage:359 - Loaded plugin memorymap (category:base,tabindex:4)
2025-09-05 19:11:45,401 [INFO] PluginManage:310 - Check plugin pinoutandconfiguration
2025-09-05 19:11:45,422 [INFO] PluginManage:359 - Loaded plugin pinoutandconfiguration (category:base,tabindex:1)
2025-09-05 19:11:45,426 [INFO] PluginManage:310 - Check plugin pinoutconfig
2025-09-05 19:11:45,597 [WARN] SupportedApi:132 - Cannot load RTOS API schema: s4s-elt-must-match.1: The content of 'definitions' must match (annotation?, (simpleType | complexType)?, (unique | key | keyref)*)). A problem was found starting at: attribute.
2025-09-05 19:11:45,986 [INFO] PluginManage:359 - Loaded plugin pinoutconfig (category:base,tabindex:0)
2025-09-05 19:11:45,986 [INFO] PluginManage:310 - Check plugin power
2025-09-05 19:11:46,002 [INFO] PluginManage:359 - Loaded plugin power (category:power,tabindex:4)
2025-09-05 19:11:46,002 [INFO] PluginManage:310 - Check plugin projectmanager
2025-09-05 19:11:46,033 [INFO] PluginManage:359 - Loaded plugin projectmanager (category:projectmanager,tabindex:4)
2025-09-05 19:11:46,033 [INFO] PluginManage:310 - Check plugin rif
2025-09-05 19:11:46,033 [INFO] PluginManage:359 - Loaded plugin rif (category:base,tabindex:3)
2025-09-05 19:11:46,033 [INFO] PluginManage:310 - Check plugin thirdparty
2025-09-05 19:11:46,319 [INFO] PluginManage:359 - Loaded plugin thirdparty (category:base,tabindex:-1)
2025-09-05 19:11:46,319 [INFO] PluginManage:310 - Check plugin tools
2025-09-05 19:11:46,319 [WARN] IntegrityCheckThread:84 - waiting for thirdparty lock release [integrity check]
2025-09-05 19:11:46,319 [INFO] IntegrityCheckThread:86 - entering critical section [integrity check]
2025-09-05 19:11:46,319 [INFO] ThirdPartyUpdaterWithRetryManager:70 - Updater plugin not ready yet. [1/15]
2025-09-05 19:11:46,335 [INFO] PluginManage:359 - Loaded plugin tools (category:base,tabindex:7)
2025-09-05 19:11:46,335 [INFO] PluginManage:310 - Check plugin tutovideos
2025-09-05 19:11:46,684 [INFO] PluginManage:359 - Loaded plugin tutovideos (category:base,tabindex:-1)
2025-09-05 19:11:46,684 [INFO] PluginManage:310 - Check plugin updater
2025-09-05 19:11:46,733 [INFO] PluginManage:359 - Loaded plugin updater (category:base,tabindex:12)
2025-09-05 19:11:46,733 [INFO] PluginManage:310 - Check plugin userauth
2025-09-05 19:11:46,747 [INFO] UserAuth:118 - Init User Auth plugin
2025-09-05 19:11:46,754 [INFO] PluginManage:359 - Loaded plugin userauth (category:base,tabindex:14)
2025-09-05 19:11:46,754 [INFO] PluginManage:283 - PluginManage : Loaded plugins [18]
2025-09-05 19:11:47,145 [INFO] PinOutPanel:1589 - setPackage(No Configuration,No Configuration)
2025-09-05 19:11:47,289 [INFO] CADModel:165 - CPN selected for project level
2025-09-05 19:11:47,289 [INFO] CADModel:114 - Register for checkConnection events
2025-09-05 19:11:47,304 [INFO] IPUIPlugin:80 - create IPUIPlugin
2025-09-05 19:11:47,320 [INFO] PluginManager:220 - loadIPPluginJar : add adc
2025-09-05 19:11:47,320 [INFO] IPUIPlugin:80 - create IPUIPlugin
2025-09-05 19:11:47,320 [INFO] PluginManager:220 - loadIPPluginJar : add aes
2025-09-05 19:11:47,320 [INFO] IPUIPlugin:80 - create IPUIPlugin
2025-09-05 19:11:47,320 [INFO] PluginManager:220 - loadIPPluginJar : add can
2025-09-05 19:11:47,336 [INFO] IPUIPlugin:80 - create IPUIPlugin
2025-09-05 19:11:47,336 [INFO] PluginManager:220 - loadIPPluginJar : add comp
2025-09-05 19:11:47,336 [INFO] IPUIPlugin:80 - create IPUIPlugin
2025-09-05 19:11:47,336 [INFO] PluginManager:220 - loadIPPluginJar : add cryp
2025-09-05 19:11:47,336 [INFO] IPUIPlugin:80 - create IPUIPlugin
2025-09-05 19:11:47,336 [INFO] PluginManager:220 - loadIPPluginJar : add ddr_ctrl_phy
2025-09-05 19:11:47,336 [INFO] IPUIPlugin:80 - create IPUIPlugin
2025-09-05 19:11:47,336 [INFO] PluginManager:220 - loadIPPluginJar : add dfsdm
2025-09-05 19:11:47,360 [INFO] IPUIPlugin:80 - create IPUIPlugin
2025-09-05 19:11:47,360 [INFO] PluginManager:220 - loadIPPluginJar : add dma
2025-09-05 19:11:47,368 [INFO] IPUIPlugin:80 - create IPUIPlugin
2025-09-05 19:11:47,368 [INFO] PluginManager:220 - loadIPPluginJar : add dma3
2025-09-05 19:11:47,368 [INFO] IPUIPlugin:80 - create IPUIPlugin
2025-09-05 19:11:47,368 [INFO] PluginManager:220 - loadIPPluginJar : add extmemmanager
2025-09-05 19:11:47,368 [INFO] IPUIPlugin:80 - create IPUIPlugin
2025-09-05 19:11:47,368 [INFO] PluginManager:220 - loadIPPluginJar : add fatfs
2025-09-05 19:11:47,400 [INFO] IPUIPlugin:80 - create IPUIPlugin
2025-09-05 19:11:47,400 [INFO] PluginManager:220 - loadIPPluginJar : add fmc
2025-09-05 19:11:47,417 [INFO] IPUIPlugin:80 - create IPUIPlugin
2025-09-05 19:11:47,417 [INFO] PluginManager:220 - loadIPPluginJar : add freertos
2025-09-05 19:11:47,417 [INFO] IPUIPlugin:80 - create IPUIPlugin
2025-09-05 19:11:47,417 [INFO] PluginManager:220 - loadIPPluginJar : add genericplugin
2025-09-05 19:11:47,417 [INFO] IPUIPlugin:80 - create IPUIPlugin
2025-09-05 19:11:47,417 [INFO] PluginManager:220 - loadIPPluginJar : add gfxmmu
2025-09-05 19:11:47,417 [INFO] IPUIPlugin:80 - create IPUIPlugin
2025-09-05 19:11:47,417 [INFO] PluginManager:220 - loadIPPluginJar : add gic
2025-09-05 19:11:47,432 [INFO] IPUIPlugin:80 - create IPUIPlugin
2025-09-05 19:11:47,432 [INFO] PluginManager:220 - loadIPPluginJar : add gpio
2025-09-05 19:11:47,432 [INFO] IPUIPlugin:80 - create IPUIPlugin
2025-09-05 19:11:47,432 [INFO] PluginManager:220 - loadIPPluginJar : add gtzc
2025-09-05 19:11:47,432 [INFO] IPUIPlugin:80 - create IPUIPlugin
2025-09-05 19:11:47,432 [INFO] PluginManager:220 - loadIPPluginJar : add hash
2025-09-05 19:11:47,432 [INFO] IPUIPlugin:80 - create IPUIPlugin
2025-09-05 19:11:47,432 [INFO] PluginManager:220 - loadIPPluginJar : add i2c
2025-09-05 19:11:47,448 [INFO] IPUIPlugin:80 - create IPUIPlugin
2025-09-05 19:11:47,448 [INFO] PluginManager:220 - loadIPPluginJar : add i2s
2025-09-05 19:11:47,448 [INFO] IPUIPlugin:80 - create IPUIPlugin
2025-09-05 19:11:47,448 [INFO] PluginManager:220 - loadIPPluginJar : add i3c
2025-09-05 19:11:47,448 [INFO] IPUIPlugin:80 - create IPUIPlugin
2025-09-05 19:11:47,448 [INFO] PluginManager:220 - loadIPPluginJar : add ipddr
2025-09-05 19:11:47,464 [INFO] IPUIPlugin:80 - create IPUIPlugin
2025-09-05 19:11:47,464 [INFO] PluginManager:220 - loadIPPluginJar : add linkedlist
2025-09-05 19:11:47,464 [INFO] IPUIPlugin:80 - create IPUIPlugin
2025-09-05 19:11:47,464 [INFO] PluginManager:220 - loadIPPluginJar : add lorawan
2025-09-05 19:11:47,464 [INFO] IPUIPlugin:80 - create IPUIPlugin
2025-09-05 19:11:47,464 [INFO] PluginManager:220 - loadIPPluginJar : add ltdc
2025-09-05 19:11:47,480 [INFO] IPUIPlugin:80 - create IPUIPlugin
2025-09-05 19:11:47,480 [INFO] PluginManager:220 - loadIPPluginJar : add mdma
2025-09-05 19:11:47,480 [INFO] IPUIPlugin:80 - create IPUIPlugin
2025-09-05 19:11:47,480 [INFO] PluginManager:220 - loadIPPluginJar : add nvic
2025-09-05 19:11:47,480 [INFO] IPUIPlugin:80 - create IPUIPlugin
2025-09-05 19:11:47,480 [INFO] PluginManager:220 - loadIPPluginJar : add opamp
2025-09-05 19:11:47,480 [INFO] IPUIPlugin:80 - create IPUIPlugin
2025-09-05 19:11:47,480 [INFO] PluginManager:220 - loadIPPluginJar : add openamp
2025-09-05 19:11:47,496 [INFO] IPUIPlugin:80 - create IPUIPlugin
2025-09-05 19:11:47,496 [INFO] PluginManager:220 - loadIPPluginJar : add pdm2pcm
2025-09-05 19:11:47,496 [INFO] IPUIPlugin:80 - create IPUIPlugin
2025-09-05 19:11:47,496 [INFO] PluginManager:220 - loadIPPluginJar : add plateformsettings
2025-09-05 19:11:47,496 [INFO] IPUIPlugin:80 - create IPUIPlugin
2025-09-05 19:11:47,496 [INFO] PluginManager:220 - loadIPPluginJar : add quadspi
2025-09-05 19:11:47,512 [INFO] IPUIPlugin:80 - create IPUIPlugin
2025-09-05 19:11:47,512 [INFO] PluginManager:220 - loadIPPluginJar : add radio
2025-09-05 19:11:47,512 [INFO] IPUIPlugin:80 - create IPUIPlugin
2025-09-05 19:11:47,512 [INFO] PluginManager:220 - loadIPPluginJar : add resmgrutility
2025-09-05 19:11:47,512 [INFO] IPUIPlugin:80 - create IPUIPlugin
2025-09-05 19:11:47,512 [INFO] PluginManager:220 - loadIPPluginJar : add sai
2025-09-05 19:11:47,528 [INFO] IPUIPlugin:80 - create IPUIPlugin
2025-09-05 19:11:47,528 [INFO] PluginManager:220 - loadIPPluginJar : add spi
2025-09-05 19:11:47,528 [INFO] IPUIPlugin:80 - create IPUIPlugin
2025-09-05 19:11:47,528 [INFO] PluginManager:220 - loadIPPluginJar : add stm32_wpan
2025-09-05 19:11:47,528 [INFO] IPUIPlugin:80 - create IPUIPlugin
2025-09-05 19:11:47,528 [INFO] PluginManager:220 - loadIPPluginJar : add tim
2025-09-05 19:11:47,543 [INFO] IPUIPlugin:80 - create IPUIPlugin
2025-09-05 19:11:47,543 [INFO] PluginManager:220 - loadIPPluginJar : add touchsensing
2025-09-05 19:11:47,543 [INFO] IPUIPlugin:80 - create IPUIPlugin
2025-09-05 19:11:47,543 [INFO] PluginManager:220 - loadIPPluginJar : add tracer_emb
2025-09-05 19:11:47,543 [INFO] IPUIPlugin:80 - create IPUIPlugin
2025-09-05 19:11:47,543 [INFO] PluginManager:220 - loadIPPluginJar : add ts
2025-09-05 19:11:47,543 [INFO] IPUIPlugin:80 - create IPUIPlugin
2025-09-05 19:11:47,543 [INFO] PluginManager:220 - loadIPPluginJar : add tsc
2025-09-05 19:11:47,559 [INFO] IPUIPlugin:80 - create IPUIPlugin
2025-09-05 19:11:47,559 [INFO] PluginManager:220 - loadIPPluginJar : add ucpd
2025-09-05 19:11:47,575 [INFO] IPUIPlugin:80 - create IPUIPlugin
2025-09-05 19:11:47,575 [INFO] PluginManager:220 - loadIPPluginJar : add usart
2025-09-05 19:11:47,575 [INFO] IPUIPlugin:80 - create IPUIPlugin
2025-09-05 19:11:47,575 [INFO] PluginManager:220 - loadIPPluginJar : add usbx
2025-09-05 19:11:47,785 [FATAL] Updater:351 - Updater called before beeing initialized
2025-09-05 19:11:47,898 [INFO] RulesReader:64 - Compatibility file has been processed (317 Rules)
2025-09-05 19:11:47,926 [INFO] RulesReader:64 - Compatibility file has been processed (317 Rules)
2025-09-05 19:11:47,942 [INFO] CADModel:165 - CPN selected for project level
2025-09-05 19:11:47,942 [INFO] CADModel:114 - Register for checkConnection events
2025-09-05 19:11:47,942 [FATAL] Updater:351 - Updater called before beeing initialized
2025-09-05 19:11:47,942 [ERROR] CADModel:125 - Updater not yet initialized, retry later 
2025-09-05 19:11:48,165 [FATAL] Updater:351 - Updater called before beeing initialized
2025-09-05 19:11:48,181 [INFO] CADModel:165 - CPN selected for project level
2025-09-05 19:11:48,181 [INFO] CADModel:114 - Register for checkConnection events
2025-09-05 19:11:48,181 [FATAL] Updater:351 - Updater called before beeing initialized
2025-09-05 19:11:48,181 [ERROR] CADModel:125 - Updater not yet initialized, retry later 
2025-09-05 19:11:48,181 [FATAL] Updater:351 - Updater called before beeing initialized
2025-09-05 19:11:48,373 [FATAL] Updater:351 - Updater called before beeing initialized
2025-09-05 19:11:48,373 [INFO] DbMcusAds:53 - JSON generation date=Tue Jul 08 13:44:23 IST 2025 (1751962463582)
2025-09-05 19:11:48,373 [FATAL] Updater:351 - Updater called before beeing initialized
2025-09-05 19:11:48,421 [WARN] DetailPanel:346 - Failed to get advertising image, set to default
2025-09-05 19:11:48,523 [FATAL] Updater:351 - Updater called before beeing initialized
2025-09-05 19:11:48,523 [FATAL] Updater:351 - Updater called before beeing initialized
2025-09-05 19:11:48,523 [FATAL] Updater:351 - Updater called before beeing initialized
2025-09-05 19:11:48,523 [WARN] DetailPanel:346 - Failed to get advertising image, set to default
2025-09-05 19:11:48,523 [FATAL] Updater:351 - Updater called before beeing initialized
2025-09-05 19:11:48,609 [ERROR] Updater:1198 - MainUpdater not yet initialized. External WinMGr cannot be set.
2025-09-05 19:11:48,609 [INFO] Updater:1134 - Updater Version found : 6.15.0
2025-09-05 19:11:48,629 [INFO] ApplicationProperties:184 - Using Application install path: C:\ST\STM32CubeIDE_1.19.0\STM32CubeIDE\plugins\com.st.stm32cube.common.mx_6.15.0.202507011659
2025-09-05 19:11:49,348 [INFO] ThirdPartyUpdaterWithRetryManager:70 - Updater plugin not ready yet. [2/15]
2025-09-05 19:11:50,245 [ERROR] LogOutputStream:75 - [STDERR_REDIRECT] Sep 05, 2025 7:11:50 PM java.util.prefs.WindowsPreferences <init>
2025-09-05 19:11:50,245 [ERROR] LogOutputStream:75 - [STDERR_REDIRECT] WARNING: Could not open/create prefs root node Software\JavaSoft\Prefs at root 0xffffffff80000002. Windows RegCreateKeyEx(...) returned error code 5.
2025-09-05 19:11:50,245 [ERROR] LogOutputStream:75 - [STDERR_REDIRECT] 
2025-09-05 19:11:50,691 [INFO] MainUpdater:2872 - connection check result : 10
2025-09-05 19:11:50,691 [INFO] MainUpdater:3604 - Updater definition file requires update
2025-09-05 19:11:50,691 [INFO] MainUpdater:289 - Updater Check For Update Now.
2025-09-05 19:11:50,691 [INFO] MicroXplorer:498 - Change Database Version : DB.6.0.150
2025-09-05 19:11:50,691 [INFO] McuFinderGlobals:63 - Set McuFinder mode to 2 (CubeIDE integrated)
2025-09-05 19:11:50,691 [INFO] UserAuth:487 - Internet connection configuration mode: 1
2025-09-05 19:11:50,707 [INFO] ServerAccessManage:452 - Complete download http(s) 200
2025-09-05 19:11:50,723 [INFO] ServerAccessManage:509 - Download File updaters.zip
2025-09-05 19:11:50,739 [INFO] JxBrowserEngine:152 - Initiate JxBrowser Engine with user profile folder
2025-09-05 19:11:50,786 [INFO] FileExtend:248 - Unzip File : updaters.zip
2025-09-05 19:11:50,786 [INFO] FileExtend:263 - Standard Zip Deflate
2025-09-05 19:11:51,389 [INFO] ServerAccessManage:452 - Complete download http(s) 200
2025-09-05 19:11:51,389 [INFO] ServerAccessManage:509 - Download File PacksControlFlags.xml
2025-09-05 19:11:51,531 [INFO] ServerAccessManage:452 - Complete download http(s) 200
2025-09-05 19:11:51,531 [INFO] ServerAccessManage:509 - Download File cubemx.pidx
2025-09-05 19:11:52,356 [WARN] MainUpdater:1193 - Updater busy. Cannot search thirdparties
2025-09-05 19:11:52,359 [INFO] ThirdPartyUpdaterWithRetryManager:96 - Updater plugin is busy. [1/15]
2025-09-05 19:11:52,894 [INFO] ServerAccessManage:452 - Complete download http(s) 200
2025-09-05 19:11:52,894 [INFO] ServerAccessManage:509 - Download File STMicroelectronics.X-CUBE-STSE01.pdsc
2025-09-05 19:11:52,942 [INFO] WebApp:169 - Instantiating new browser for Auth
2025-09-05 19:11:54,027 [WARN] PackLoader:240 - Cannot read IP mode file for STMicroelectronics.X-CUBE-STSE01.1.0.0
2025-09-05 19:11:54,059 [INFO] PopulateThirdPartyThread:66 - Ending populate Thread
2025-09-05 19:11:54,062 [INFO] ThirdParty:1030 - CMSIS Pack Vendor :STMicroelectronics X-CUBE-STSE01 1.0.0
2025-09-05 19:11:54,062 [INFO] LoadServerUpdatesThread:375 - End of LoadServerUpdate Thread
2025-09-05 19:11:54,169 [INFO] CheckServerUpdateThread:120 - End of CheckServer Thread
2025-09-05 19:11:54,397 [INFO] WebApp:463 - Apply proxy settings
2025-09-05 19:11:54,397 [INFO] WebApp:548 - Chromium requires no authentication
2025-09-05 19:11:54,418 [INFO] WebApp:491 - Direct internet connection detected
2025-09-05 19:11:54,471 [INFO] WebApp:900 - Register for checkConnection events
2025-09-05 19:11:54,471 [INFO] WebApp:463 - Apply proxy settings
2025-09-05 19:11:54,471 [INFO] WebApp:548 - Chromium requires no authentication
2025-09-05 19:11:54,471 [INFO] WebApp:491 - Direct internet connection detected
2025-09-05 19:11:54,697 [INFO] WebApp:191 - Connection restablished
2025-09-05 19:11:54,782 [INFO] WebApp:225 - Starting web application
2025-09-05 19:11:54,782 [INFO] WebApp:593 - Web application path used C:\ST\STM32CubeIDE_1.19.0\STM32CubeIDE\plugins\com.st.stm32cube.common.mx_6.15.0.202507011659\db\plugins\mcufinder\reactClient1\index.html
2025-09-05 19:11:54,935 [INFO] UserAuth:487 - Internet connection configuration mode: 1
2025-09-05 19:11:55,790 [WARN] PackLoader:240 - Cannot read IP mode file for STMicroelectronics.FP-SNS-MOTENVWB1.1.4.0
2025-09-05 19:11:55,807 [WARN] PackLoader:240 - Cannot read IP mode file for STMicroelectronics.FP-ATR-ASTRA1.2.0.2
2025-09-05 19:11:55,823 [WARN] PackLoader:240 - Cannot read IP mode file for STMicroelectronics.FP-ATR-ASTRA1.2.0.1
2025-09-05 19:11:55,856 [WARN] PackLoader:240 - Cannot read IP mode file for STMicroelectronics.X-CUBE-SMBUS.2.1.0
2025-09-05 19:11:55,874 [WARN] PackLoader:240 - Cannot read IP mode file for STMicroelectronics.X-CUBE-WB05N.1.1.0
2025-09-05 19:11:55,890 [WARN] PackLoader:240 - Cannot read IP mode file for STMicroelectronics.X-CUBE-ST60.1.0.0
2025-09-05 19:11:55,969 [WARN] PackLoader:240 - Cannot read IP mode file for STMicroelectronics.X-CUBE-AZRTOS-F7.1.1.0
2025-09-05 19:11:56,071 [WARN] PackLoader:240 - Cannot read IP mode file for STMicroelectronics.X-CUBE-MEMS1.11.0.0
2025-09-05 19:11:56,268 [WARN] PackLoader:240 - Cannot read IP mode file for STMicroelectronics.FP-SNS-FLIGHT1.5.0.2
2025-09-05 19:11:56,272 [WARN] PackLoader:240 - Cannot read IP mode file for STMicroelectronics.X-CUBE-AZRTOS-H7.3.4.0
2025-09-05 19:11:56,300 [WARN] PackLoader:240 - Cannot read IP mode file for STMicroelectronics.X-CUBE-DISPLAY.3.0.0
2025-09-05 19:11:56,306 [WARN] PackLoader:240 - Cannot read IP mode file for STMicroelectronics.X-CUBE-BLE1.7.0.0
2025-09-05 19:11:56,306 [WARN] PackLoader:240 - Cannot read IP mode file for STMicroelectronics.X-CUBE-NFC10.1.0.0
2025-09-05 19:11:56,323 [WARN] PackLoader:240 - Cannot read IP mode file for STMicroelectronics.X-CUBE-BLEMGR.4.0.0
2025-09-05 19:11:56,323 [WARN] PackLoader:240 - Cannot read IP mode file for emotas.I-CUBE-CANOPEN.1.3.0
2025-09-05 19:11:56,344 [WARN] PackLoader:240 - Cannot read IP mode file for STMicroelectronics.X-CUBE-BLEMGR.3.1.0
2025-09-05 19:11:56,352 [WARN] PackLoader:240 - Cannot read IP mode file for STMicroelectronics.X-CUBE-AI.10.0.0
2025-09-05 19:11:56,356 [WARN] PackLoader:240 - Cannot read IP mode file for STMicroelectronics.FP-SNS-STBOX1.2.1.0
2025-09-05 19:11:56,356 [WARN] PackLoader:240 - Cannot read IP mode file for STMicroelectronics.FP-SNS-SMARTAG2.1.2.0
2025-09-05 19:11:56,371 [WARN] PackLoader:240 - Cannot read IP mode file for STMicroelectronics.FP-SNS-FLIGHT1.5.1.0
2025-09-05 19:11:56,421 [WARN] PackLoader:240 - Cannot read IP mode file for STMicroelectronics.X-CUBE-MEMS1.11.1.0
2025-09-05 19:11:56,527 [INFO] LogOutputStream:77 - [STDOUT_REDIRECT] 1 : Invalid condition id : UX_CORESTACK_Condition cause : null
2025-09-05 19:11:56,527 [INFO] LogOutputStream:77 - [STDOUT_REDIRECT] 1 : Invalid condition id : UX_CORESTACK_Condition cause : null
2025-09-05 19:11:56,527 [INFO] LogOutputStream:77 - [STDOUT_REDIRECT] 1 : Invalid condition id : UX_CORESTACK_Condition cause : null
2025-09-05 19:11:56,527 [INFO] LogOutputStream:77 - [STDOUT_REDIRECT] 1 : Invalid condition id : UX_CORESTACK_Condition cause : null
2025-09-05 19:11:56,527 [INFO] LogOutputStream:77 - [STDOUT_REDIRECT] 1 : Invalid condition id : UX_CORESTACK_Condition cause : null
2025-09-05 19:11:56,534 [WARN] PackLoader:240 - Cannot read IP mode file for STMicroelectronics.X-CUBE-AZRTOS-WL.2.0.0
2025-09-05 19:11:56,540 [WARN] PackLoader:240 - Cannot read IP mode file for STMicroelectronics.FP-SNS-MOTENV1.5.0.0
2025-09-05 19:11:56,550 [WARN] PackLoader:240 - Cannot read IP mode file for wolfSSL.I-CUBE-wolfMQTT.1.19.0
2025-09-05 19:11:56,558 [WARN] PackLoader:240 - Cannot read IP mode file for WES.I-CUBE-Cesium.1.3.0
2025-09-05 19:11:56,564 [WARN] PackLoader:240 - Cannot read IP mode file for STMicroelectronics.X-CUBE-BLE2.3.3.0
2025-09-05 19:11:56,571 [WARN] PackLoader:240 - Cannot read IP mode file for STMicroelectronics.X-CUBE-NFC9.1.0.0
2025-09-05 19:11:56,572 [WARN] PackLoader:240 - Cannot read IP mode file for STMicroelectronics.X-CUBE-BLE1.7.1.0
2025-09-05 19:11:56,572 [WARN] PackLoader:240 - Cannot read IP mode file for STMicroelectronics.X-CUBE-TCPP.4.1.0
2025-09-05 19:11:56,588 [WARN] PackLoader:240 - Cannot read IP mode file for STMicroelectronics.X-CUBE-EEPRMA1.5.2.0
2025-09-05 19:11:56,588 [WARN] PackLoader:240 - Cannot read IP mode file for STMicroelectronics.X-CUBE-AI.10.1.0
2025-09-05 19:11:56,622 [WARN] PackLoader:240 - Cannot read IP mode file for STMicroelectronics.X-CUBE-MEMS1.11.2.0
2025-09-05 19:11:56,739 [WARN] PackLoader:240 - Cannot read IP mode file for STMicroelectronics.X-CUBE-AZRTOS-G0.1.1.0
2025-09-05 19:11:56,739 [WARN] PackLoader:240 - Cannot read IP mode file for STMicroelectronics.X-CUBE-SAFEA1.1.2.2
2025-09-05 19:11:56,755 [WARN] PackLoader:240 - Cannot read IP mode file for STMicroelectronics.X-CUBE-NFC4.3.0.0
2025-09-05 19:11:56,765 [WARN] PackLoader:240 - Cannot read IP mode file for EmbeddedOffice.I-CUBE-FS-RTOS.1.0.1
2025-09-05 19:11:56,774 [WARN] PackLoader:240 - Cannot read IP mode file for STMicroelectronics.X-CUBE-WB05N.2.0.0
2025-09-05 19:11:56,780 [WARN] PackLoader:240 - Cannot read IP mode file for STMicroelectronics.X-CUBE-TCPP.4.2.0
2025-09-05 19:11:56,787 [WARN] PackLoader:240 - Cannot read IP mode file for RealThread.X-CUBE-RT-Thread_Nano.4.1.1
2025-09-05 19:11:56,789 [WARN] PackLoader:240 - Cannot read IP mode file for STMicroelectronics.FP-ATR-SIGFOX1.3.2.0
2025-09-05 19:11:56,789 [WARN] ConditionMgr:438 - getConditionDescription Invalid condition id : Cortex-A Device cause : null
2025-09-05 19:11:56,811 [WARN] ConditionMgr:1044 - genDependencies : Invalid condition id : Cortex-A Device cause : null
2025-09-05 19:11:56,811 [WARN] ConditionMgr:1044 - genDependencies : Invalid condition id : Cortex-A Device cause : null
2025-09-05 19:11:56,811 [WARN] ConditionMgr:1044 - genDependencies : Invalid condition id : Cortex-A Device cause : null
2025-09-05 19:11:56,820 [WARN] PackLoader:240 - Cannot read IP mode file for STMicroelectronics.X-CUBE-EEPRMA1.5.1.0
2025-09-05 19:11:56,822 [WARN] PackLoader:240 - Cannot read IP mode file for wolfSSL.I-CUBE-wolfSSL.5.7.4
2025-09-05 19:11:56,837 [WARN] PackLoader:240 - Cannot read IP mode file for ITTIA_DB.I-CUBE-ITTIADB.8.9.0
2025-09-05 19:11:56,839 [WARN] PackLoader:240 - Cannot read IP mode file for STMicroelectronics.X-CUBE-ST67W61.1.0.0
2025-09-05 19:11:56,855 [WARN] PackLoader:240 - Cannot read IP mode file for STMicroelectronics.X-CUBE-AI.10.2.0
2025-09-05 19:11:56,887 [WARN] PackLoader:240 - Cannot read IP mode file for SEGGER.I-CUBE-embOS.1.3.1
2025-09-05 19:11:56,919 [WARN] PackLoader:240 - Cannot read IP mode file for STMicroelectronics.X-CUBE-ALGOBUILD.1.4.0
2025-09-05 19:11:56,955 [WARN] PackLoader:240 - Cannot read IP mode file for STMicroelectronics.X-CUBE-MEMS1.11.3.0
2025-09-05 19:11:57,104 [WARN] PackLoader:240 - Cannot read IP mode file for STMicroelectronics.X-CUBE-AI.9.1.0
2025-09-05 19:11:57,109 [WARN] PackLoader:240 - Cannot read IP mode file for STMicroelectronics.X-CUBE-PM33A1.1.0.0
2025-09-05 19:11:57,205 [WARN] PackLoader:240 - Cannot read IP mode file for STMicroelectronics.X-CUBE-AZRTOS-F4.1.1.0
2025-09-05 19:11:57,295 [WARN] PackLoader:240 - Cannot read IP mode file for Avnet-IotConnect.X-CUBE-IoTC-DA16k-PMOD.1.0.0
2025-09-05 19:11:57,315 [WARN] PackLoader:240 - Cannot read IP mode file for STMicroelectronics.X-CUBE-ISPU.2.1.0
2025-09-05 19:11:57,329 [WARN] PackLoader:240 - Cannot read IP mode file for STMicroelectronics.X-CUBE-FREERTOS.1.2.0
2025-09-05 19:11:57,339 [WARN] PackLoader:240 - Cannot read IP mode file for STMicroelectronics.X-CUBE-NFC12.1.0.0
2025-09-05 19:11:57,355 [WARN] PackLoader:240 - Cannot read IP mode file for STMicroelectronics.X-CUBE-AZRTOS-L5.2.0.0
2025-09-05 19:11:57,355 [WARN] PackLoader:240 - Cannot read IP mode file for STMicroelectronics.X-CUBE-NFC6.3.1.0
2025-09-05 19:11:57,373 [WARN] PackLoader:240 - Cannot read IP mode file for STMicroelectronics.X-CUBE-DPower.1.2.0
2025-09-05 19:11:57,382 [WARN] PackLoader:240 - Cannot read IP mode file for STMicroelectronics.X-CUBE-FREERTOS.1.3.1
2025-09-05 19:11:57,387 [WARN] PackLoader:240 - Cannot read IP mode file for STMicroelectronics.X-CUBE-FREERTOS.1.3.0
2025-09-05 19:11:57,387 [WARN] PackLoader:240 - Cannot read IP mode file for STMicroelectronics.X-CUBE-NFC7.1.0.1
2025-09-05 19:11:57,411 [WARN] PackLoader:240 - Cannot read IP mode file for STMicroelectronics.FP-SNS-STAIOTCFT.1.0.0
2025-09-05 19:11:57,421 [WARN] PackLoader:240 - Cannot read IP mode file for STMicroelectronics.X-CUBE-DPower.1.3.0
2025-09-05 19:11:57,451 [WARN] ConditionMgr:438 - getConditionDescription Invalid condition id : LAN8742 Phy interface Condition cause : null
2025-09-05 19:11:57,454 [WARN] PackLoader:240 - Cannot read IP mode file for STMicroelectronics.X-CUBE-AZRTOS-L4.2.0.0
2025-09-05 19:11:57,455 [WARN] ConditionMgr:1044 - genDependencies : Invalid condition id : LAN8742 Phy interface Condition cause : null
2025-09-05 19:11:57,455 [WARN] ConditionMgr:1044 - genDependencies : Invalid condition id : LAN8742 Phy interface Condition cause : null
2025-09-05 19:11:57,455 [WARN] ConditionMgr:1044 - genDependencies : Invalid condition id : LAN8742 Phy interface Condition cause : null
2025-09-05 19:11:57,471 [WARN] PackLoader:240 - Cannot read IP mode file for STMicroelectronics.X-CUBE-SFXS2LP1.4.0.0
2025-09-05 19:11:57,505 [WARN] PackLoader:240 - Cannot read IP mode file for STMicroelectronics.X-CUBE-AZRTOS-H7.3.3.0
2025-09-05 19:11:57,525 [WARN] PackLoader:240 - Cannot read IP mode file for STMicroelectronics.X-CUBE-BLEMGR.4.1.0
2025-09-05 19:11:57,550 [WARN] PackLoader:240 - Cannot read IP mode file for STMicroelectronics.X-CUBE-IPS.3.0.0
2025-09-05 19:11:57,571 [WARN] ConditionMgr:438 - getConditionDescription Invalid condition id : UX DEVICE CLASS RTOS Condition cause : null
2025-09-05 19:11:57,575 [WARN] ConditionMgr:438 - getConditionDescription Invalid condition id : UX DEVICE CLASS RTOS Condition cause : null
2025-09-05 19:11:57,581 [WARN] PackLoader:240 - Cannot read IP mode file for STMicroelectronics.X-CUBE-AZRTOS-WB.2.0.0
2025-09-05 19:11:57,583 [WARN] ConditionMgr:1044 - genDependencies : Invalid condition id : UX DEVICE CLASS RTOS Condition cause : null
2025-09-05 19:11:57,583 [WARN] ConditionMgr:1044 - genDependencies : Invalid condition id : UX DEVICE CLASS RTOS Condition cause : null
2025-09-05 19:11:57,585 [WARN] ConditionMgr:1044 - genDependencies : Invalid condition id : UX DEVICE CLASS RTOS Condition cause : null
2025-09-05 19:11:57,585 [WARN] ConditionMgr:1044 - genDependencies : Invalid condition id : UX DEVICE CLASS RTOS Condition cause : null
2025-09-05 19:11:57,585 [WARN] ConditionMgr:1044 - genDependencies : Invalid condition id : UX DEVICE CLASS RTOS Condition cause : null
2025-09-05 19:11:57,591 [WARN] PackLoader:240 - Cannot read IP mode file for STMicroelectronics.X-CUBE-GNSS1.7.0.0
2025-09-05 19:11:57,591 [WARN] PackLoader:240 - Cannot read IP mode file for STMicroelectronics.X-CUBE-GNSS1.7.0.1
2025-09-05 19:11:57,609 [WARN] PackLoader:240 - Cannot read IP mode file for STMicroelectronics.X-CUBE-TOUCHGFX.4.25.0
2025-09-05 19:11:57,617 [WARN] PackLoader:240 - Cannot read IP mode file for STMicroelectronics.FP-SNS-STBOX1.2.0.0
2025-09-05 19:11:57,627 [WARN] PackLoader:240 - Cannot read IP mode file for STMicroelectronics.X-CUBE-SUBG2.5.0.0
2025-09-05 19:11:57,654 [WARN] PackLoader:240 - Cannot read IP mode file for STMicroelectronics.X-CUBE-AZRTOS-H7RS.1.1.0
2025-09-05 19:11:57,671 [WARN] PackLoader:240 - Cannot read IP mode file for Cesanta.I-CUBE-Mongoose.7.13.0
2025-09-05 19:11:57,688 [WARN] PackLoader:240 - Cannot read IP mode file for STMicroelectronics.X-CUBE-AZRTOS-G4.2.0.0
2025-09-05 19:11:57,703 [WARN] PackLoader:240 - Cannot read IP mode file for STMicroelectronics.X-CUBE-NFC7.2.0.0
2025-09-05 19:11:57,720 [WARN] PackLoader:240 - Cannot read IP mode file for STMicroelectronics.X-CUBE-IPS.3.1.0
2025-09-05 19:11:57,733 [WARN] PackLoader:240 - Cannot read IP mode file for STMicroelectronics.X-CUBE-ALS.1.0.2
2025-09-05 19:11:57,739 [WARN] PackLoader:240 - Cannot read IP mode file for STMicroelectronics.X-CUBE-TOUCHGFX.4.24.1
2025-09-05 19:11:57,747 [WARN] PackLoader:240 - Cannot read IP mode file for STMicroelectronics.X-CUBE-STSE01.1.0.0
2025-09-05 19:11:57,754 [WARN] PackLoader:240 - Cannot read IP mode file for wolfSSL.I-CUBE-wolfTPM.3.4.0
2025-09-05 19:11:57,754 [WARN] PackLoader:240 - Cannot read IP mode file for portGmbH.I-Cube-SoM-uGOAL.1.1.0
2025-09-05 19:11:57,771 [WARN] PackLoader:240 - Cannot read IP mode file for STMicroelectronics.X-CUBE-AZRTOS-H7RS.1.0.0
2025-09-05 19:11:57,789 [WARN] PackLoader:240 - Cannot read IP mode file for STMicroelectronics.X-CUBE-TOF1.3.4.2
2025-09-05 19:11:57,804 [WARN] PackLoader:240 - Cannot read IP mode file for STMicroelectronics.X-CUBE-TOF1.3.4.3
2025-09-05 19:11:57,821 [WARN] PackLoader:240 - Cannot read IP mode file for Infineon.AIROC-Wi-Fi-Bluetooth-STM32.1.6.1
2025-09-05 19:11:57,837 [WARN] PackLoader:240 - Cannot read IP mode file for wolfSSL.I-CUBE-wolfSSH.1.4.17
2025-09-05 19:11:57,837 [INFO] ThirdParty:978 - Integrity check success = true
2025-09-05 19:11:57,837 [INFO] IntegrityCheckThread:100 - exiting critical section [integrity check]
2025-09-05 19:11:57,837 [INFO] IntegrityCheckThread:103 - End integrity checks thread
