2025-08-07 21:21:04,319 [INFO] Activator:176 - 


2025-08-07 21:21:04,324 [INFO] Activator:177 - !SESSION log4j initialized
2025-08-07 21:21:08,282 [INFO] LogOutputStream:77 - [STDOUT_REDIRECT] 
2025-08-07 21:21:08,613 [ERROR] ConfigurationRetriever:142 - IOException on connection: sw-center.st.com
2025-08-07 21:21:08,614 [ERROR] ConfigurationRetriever:142 - IOException on connection: sw-center.st.com
2025-08-07 21:21:08,614 [ERROR] ConfigurationRetriever:142 - IOException on connection: sw-center.st.com
2025-08-07 21:21:09,100 [INFO] ApplicationProperties:184 - Using Application install path: C:\ST\STM32CubeIDE_1.19.0\STM32CubeIDE\plugins\com.st.stm32cube.common.mx_6.15.0.202507011659
2025-08-07 21:21:09,122 [INFO] DbMcusXml:78 - Set database path to: C:\ST\STM32CubeIDE_1.19.0\STM32CubeIDE\plugins\com.st.stm32cube.common.mx_6.15.0.202507011659\\db\/mcu/
2025-08-07 21:21:09,123 [INFO] ApiDb:274 - Set plugin database path to: C:\ST\STM32CubeIDE_1.19.0\STM32CubeIDE\plugins\com.st.stm32cube.common.mx_6.15.0.202507011659\\db\/plugins/boardmanager/
2025-08-07 21:21:09,123 [WARN] ApiDb:259 - Overriding images path with different value:  => C:\ST\STM32CubeIDE_1.19.0\STM32CubeIDE\plugins\com.st.stm32cube.common.mx_6.15.0.202507011659\\db\/plugins/mcufinder/images/
2025-08-07 21:21:09,132 [INFO] ApiDb:250 - Set database path to: C:\Users\sheet\.stmcufinder\plugins\mcufinder//mcu/
2025-08-07 21:21:09,133 [INFO] DbMcusAds:125 - Set database path to: C:\Users\sheet\.stmcufinder\plugins\mcufinder//mcu/
2025-08-07 21:21:09,136 [INFO] CrossReferenceDbSqlite:203 - Set database path to: C:\Users\sheet\.stmcufinder\plugins\mcufinder//mcu/cs/
2025-08-07 21:21:09,301 [INFO] RulesReader:64 - Compatibility file has been processed (317 Rules)
2025-08-07 21:21:09,369 [INFO] DbMcusXml:78 - Set database path to: C:\ST\STM32CubeIDE_1.19.0\STM32CubeIDE\plugins\com.st.stm32cube.common.mx_6.15.0.202507011659\\db\/mcu/
2025-08-07 21:21:09,369 [INFO] ApiDb:274 - Set plugin database path to: C:\ST\STM32CubeIDE_1.19.0\STM32CubeIDE\plugins\com.st.stm32cube.common.mx_6.15.0.202507011659\\db\/plugins/boardmanager/
2025-08-07 21:21:09,370 [INFO] ApiDb:261 - Set plugin images path to: C:\ST\STM32CubeIDE_1.19.0\STM32CubeIDE\plugins\com.st.stm32cube.common.mx_6.15.0.202507011659\\db\/plugins/mcufinder/images/
2025-08-07 21:21:09,370 [WARN] DbFile:41 - Overriding database path with different value: C:\Users\sheet\.stmcufinder\plugins\mcufinder/ => C:\Users\sheet\.stmcufinder\plugins\mcufinder
2025-08-07 21:21:09,370 [INFO] ApiDb:250 - Set database path to: C:\Users\sheet\.stmcufinder\plugins\mcufinder//mcu/
2025-08-07 21:21:09,370 [WARN] DbFile:41 - Overriding database path with different value: C:\Users\sheet\.stmcufinder\plugins\mcufinder/ => C:\Users\sheet\.stmcufinder\plugins\mcufinder
2025-08-07 21:21:09,370 [INFO] DbMcusAds:125 - Set database path to: C:\Users\sheet\.stmcufinder\plugins\mcufinder//mcu/
2025-08-07 21:21:09,370 [WARN] DbFile:41 - Overriding database path with different value: C:\Users\sheet\.stmcufinder\plugins\mcufinder/ => C:\Users\sheet\.stmcufinder\plugins\mcufinder
2025-08-07 21:21:09,370 [WARN] DbFile:41 - Overriding database path with different value: C:\Users\sheet\.stmcufinder\plugins\mcufinder/ => C:\Users\sheet\.stmcufinder\plugins\mcufinder
2025-08-07 21:21:09,370 [INFO] CrossReferenceDbSqlite:203 - Set database path to: C:\Users\sheet\.stmcufinder\plugins\mcufinder//mcu/cs/
2025-08-07 21:21:09,437 [INFO] MainPanel:274 - HeapMemory: 268435456
2025-08-07 21:21:09,601 [INFO] DbMcusXml:78 - Set database path to: C:\ST\STM32CubeIDE_1.19.0\STM32CubeIDE\plugins\com.st.stm32cube.common.mx_6.15.0.202507011659\\db\/mcu/
2025-08-07 21:21:09,601 [INFO] ApiDb:274 - Set plugin database path to: C:\ST\STM32CubeIDE_1.19.0\STM32CubeIDE\plugins\com.st.stm32cube.common.mx_6.15.0.202507011659\\db\/plugins/boardmanager/
2025-08-07 21:21:09,601 [INFO] ApiDb:261 - Set plugin images path to: C:\ST\STM32CubeIDE_1.19.0\STM32CubeIDE\plugins\com.st.stm32cube.common.mx_6.15.0.202507011659\\db\/plugins/mcufinder/images/
2025-08-07 21:21:09,601 [WARN] DbFile:41 - Overriding database path with different value: C:\Users\sheet\.stmcufinder\plugins\mcufinder/ => C:\Users\sheet\.stmcufinder\plugins\mcufinder
2025-08-07 21:21:09,601 [INFO] ApiDb:250 - Set database path to: C:\Users\sheet\.stmcufinder\plugins\mcufinder//mcu/
2025-08-07 21:21:09,601 [WARN] DbFile:41 - Overriding database path with different value: C:\Users\sheet\.stmcufinder\plugins\mcufinder/ => C:\Users\sheet\.stmcufinder\plugins\mcufinder
2025-08-07 21:21:09,601 [INFO] DbMcusAds:125 - Set database path to: C:\Users\sheet\.stmcufinder\plugins\mcufinder//mcu/
2025-08-07 21:21:09,601 [WARN] DbFile:41 - Overriding database path with different value: C:\Users\sheet\.stmcufinder\plugins\mcufinder/ => C:\Users\sheet\.stmcufinder\plugins\mcufinder
2025-08-07 21:21:09,601 [WARN] DbFile:41 - Overriding database path with different value: C:\Users\sheet\.stmcufinder\plugins\mcufinder/ => C:\Users\sheet\.stmcufinder\plugins\mcufinder
2025-08-07 21:21:09,602 [INFO] CrossReferenceDbSqlite:203 - Set database path to: C:\Users\sheet\.stmcufinder\plugins\mcufinder//mcu/cs/
2025-08-07 21:21:09,619 [INFO] ApplicationProperties:184 - Using Application install path: C:\ST\STM32CubeIDE_1.19.0\STM32CubeIDE\plugins\com.st.stm32cube.common.mx_6.15.0.202507011659
2025-08-07 21:21:09,620 [INFO] PluginManage:196 - Search for loadable plugins [exclusion list=, ]
2025-08-07 21:21:09,621 [INFO] PluginManage:310 - Check plugin analytics
2025-08-07 21:21:09,811 [INFO] AnalyticsPlugin:253 - Accepted Software Licenses: 
2025-08-07 21:21:09,811 [INFO] AnalyticsPlugin:255 - Accepted CMSIS Pack Licenses: 
2025-08-07 21:21:09,811 [INFO] AnalyticsPlugin:257 - Accepted Firmware Licenses: FW.F4.1.28.0
2025-08-07 21:21:09,814 [ERROR] ConfigurationRetriever:142 - IOException on connection: sw-center.st.com
2025-08-07 21:21:09,815 [INFO] PluginManage:359 - Loaded plugin analytics (category:tool,tabindex:-1)
2025-08-07 21:21:09,815 [INFO] PluginManage:310 - Check plugin cadmodel
2025-08-07 21:21:09,815 [ERROR] ConfigurationRetriever:142 - IOException on connection: sw-center.st.com
2025-08-07 21:21:09,815 [ERROR] ConfigurationRetriever:142 - IOException on connection: sw-center.st.com
2025-08-07 21:21:09,823 [INFO] CADModel:105 - Init CAD model plugin
2025-08-07 21:21:09,823 [INFO] PluginManage:359 - Loaded plugin cadmodel (category:power,tabindex:5)
2025-08-07 21:21:09,824 [INFO] PluginManage:310 - Check plugin clock
2025-08-07 21:21:09,835 [INFO] PluginManage:359 - Loaded plugin clock (category:base,tabindex:2)
2025-08-07 21:21:09,835 [INFO] PluginManage:310 - Check plugin ddr
2025-08-07 21:21:09,838 [INFO] PluginManage:359 - Loaded plugin ddr (category:tool,tabindex:6)
2025-08-07 21:21:09,838 [INFO] PluginManage:310 - Check plugin filemanager
2025-08-07 21:21:09,983 [INFO] PluginManage:359 - Loaded plugin filemanager (category:base,tabindex:10)
2025-08-07 21:21:09,984 [INFO] PluginManage:310 - Check plugin ipmanager
2025-08-07 21:21:09,991 [INFO] PluginManage:359 - Loaded plugin ipmanager (category:base,tabindex:5)
2025-08-07 21:21:09,991 [INFO] PluginManage:310 - Check plugin lpbam
2025-08-07 21:21:10,001 [INFO] PluginManage:359 - Loaded plugin lpbam (category:base,tabindex:0)
2025-08-07 21:21:10,002 [INFO] PluginManage:310 - Check plugin memorymap
2025-08-07 21:21:10,015 [INFO] PluginManage:359 - Loaded plugin memorymap (category:base,tabindex:4)
2025-08-07 21:21:10,015 [INFO] PluginManage:310 - Check plugin pinoutandconfiguration
2025-08-07 21:21:10,027 [INFO] PluginManage:359 - Loaded plugin pinoutandconfiguration (category:base,tabindex:1)
2025-08-07 21:21:10,028 [INFO] PluginManage:310 - Check plugin pinoutconfig
2025-08-07 21:21:10,111 [WARN] SupportedApi:132 - Cannot load RTOS API schema: s4s-elt-must-match.1: The content of 'definitions' must match (annotation?, (simpleType | complexType)?, (unique | key | keyref)*)). A problem was found starting at: attribute.
2025-08-07 21:21:10,238 [INFO] PluginManage:359 - Loaded plugin pinoutconfig (category:base,tabindex:0)
2025-08-07 21:21:10,238 [INFO] PluginManage:310 - Check plugin power
2025-08-07 21:21:10,246 [INFO] PluginManage:359 - Loaded plugin power (category:power,tabindex:4)
2025-08-07 21:21:10,246 [INFO] PluginManage:310 - Check plugin projectmanager
2025-08-07 21:21:10,260 [INFO] PluginManage:359 - Loaded plugin projectmanager (category:projectmanager,tabindex:4)
2025-08-07 21:21:10,260 [INFO] PluginManage:310 - Check plugin rif
2025-08-07 21:21:10,270 [INFO] PluginManage:359 - Loaded plugin rif (category:base,tabindex:3)
2025-08-07 21:21:10,270 [INFO] PluginManage:310 - Check plugin thirdparty
2025-08-07 21:21:10,414 [INFO] PluginManage:359 - Loaded plugin thirdparty (category:base,tabindex:-1)
2025-08-07 21:21:10,414 [WARN] IntegrityCheckThread:84 - waiting for thirdparty lock release [integrity check]
2025-08-07 21:21:10,415 [INFO] PluginManage:310 - Check plugin tools
2025-08-07 21:21:10,415 [INFO] IntegrityCheckThread:86 - entering critical section [integrity check]
2025-08-07 21:21:10,415 [INFO] ThirdPartyUpdaterWithRetryManager:70 - Updater plugin not ready yet. [1/15]
2025-08-07 21:21:10,418 [INFO] PluginManage:359 - Loaded plugin tools (category:base,tabindex:7)
2025-08-07 21:21:10,418 [INFO] PluginManage:310 - Check plugin tutovideos
2025-08-07 21:21:10,609 [INFO] PluginManage:359 - Loaded plugin tutovideos (category:base,tabindex:-1)
2025-08-07 21:21:10,609 [INFO] PluginManage:310 - Check plugin updater
2025-08-07 21:21:10,635 [INFO] PluginManage:359 - Loaded plugin updater (category:base,tabindex:12)
2025-08-07 21:21:10,635 [INFO] PluginManage:310 - Check plugin userauth
2025-08-07 21:21:10,639 [INFO] UserAuth:118 - Init User Auth plugin
2025-08-07 21:21:10,640 [INFO] PluginManage:359 - Loaded plugin userauth (category:base,tabindex:14)
2025-08-07 21:21:10,640 [INFO] PluginManage:283 - PluginManage : Loaded plugins [18]
2025-08-07 21:21:10,839 [INFO] PinOutPanel:1589 - setPackage(No Configuration,No Configuration)
2025-08-07 21:21:10,963 [INFO] CADModel:165 - CPN selected for project level
2025-08-07 21:21:10,964 [INFO] CADModel:114 - Register for checkConnection events
2025-08-07 21:21:10,988 [INFO] IPUIPlugin:80 - create IPUIPlugin
2025-08-07 21:21:10,988 [INFO] PluginManager:220 - loadIPPluginJar : add adc
2025-08-07 21:21:10,992 [INFO] IPUIPlugin:80 - create IPUIPlugin
2025-08-07 21:21:10,992 [INFO] PluginManager:220 - loadIPPluginJar : add aes
2025-08-07 21:21:10,996 [INFO] IPUIPlugin:80 - create IPUIPlugin
2025-08-07 21:21:10,996 [INFO] PluginManager:220 - loadIPPluginJar : add can
2025-08-07 21:21:10,998 [INFO] IPUIPlugin:80 - create IPUIPlugin
2025-08-07 21:21:10,998 [INFO] PluginManager:220 - loadIPPluginJar : add comp
2025-08-07 21:21:11,001 [INFO] IPUIPlugin:80 - create IPUIPlugin
2025-08-07 21:21:11,001 [INFO] PluginManager:220 - loadIPPluginJar : add cryp
2025-08-07 21:21:11,005 [INFO] IPUIPlugin:80 - create IPUIPlugin
2025-08-07 21:21:11,005 [INFO] PluginManager:220 - loadIPPluginJar : add ddr_ctrl_phy
2025-08-07 21:21:11,009 [INFO] IPUIPlugin:80 - create IPUIPlugin
2025-08-07 21:21:11,009 [INFO] PluginManager:220 - loadIPPluginJar : add dfsdm
2025-08-07 21:21:11,015 [INFO] IPUIPlugin:80 - create IPUIPlugin
2025-08-07 21:21:11,016 [INFO] PluginManager:220 - loadIPPluginJar : add dma
2025-08-07 21:21:11,019 [INFO] IPUIPlugin:80 - create IPUIPlugin
2025-08-07 21:21:11,020 [INFO] PluginManager:220 - loadIPPluginJar : add dma3
2025-08-07 21:21:11,023 [INFO] IPUIPlugin:80 - create IPUIPlugin
2025-08-07 21:21:11,023 [INFO] PluginManager:220 - loadIPPluginJar : add extmemmanager
2025-08-07 21:21:11,025 [INFO] IPUIPlugin:80 - create IPUIPlugin
2025-08-07 21:21:11,025 [INFO] PluginManager:220 - loadIPPluginJar : add fatfs
2025-08-07 21:21:11,030 [INFO] IPUIPlugin:80 - create IPUIPlugin
2025-08-07 21:21:11,030 [INFO] PluginManager:220 - loadIPPluginJar : add fmc
2025-08-07 21:21:11,037 [INFO] IPUIPlugin:80 - create IPUIPlugin
2025-08-07 21:21:11,037 [INFO] PluginManager:220 - loadIPPluginJar : add freertos
2025-08-07 21:21:11,039 [INFO] IPUIPlugin:80 - create IPUIPlugin
2025-08-07 21:21:11,039 [INFO] PluginManager:220 - loadIPPluginJar : add genericplugin
2025-08-07 21:21:11,042 [INFO] IPUIPlugin:80 - create IPUIPlugin
2025-08-07 21:21:11,042 [INFO] PluginManager:220 - loadIPPluginJar : add gfxmmu
2025-08-07 21:21:11,047 [INFO] IPUIPlugin:80 - create IPUIPlugin
2025-08-07 21:21:11,047 [INFO] PluginManager:220 - loadIPPluginJar : add gic
2025-08-07 21:21:11,052 [INFO] IPUIPlugin:80 - create IPUIPlugin
2025-08-07 21:21:11,053 [INFO] PluginManager:220 - loadIPPluginJar : add gpio
2025-08-07 21:21:11,056 [INFO] IPUIPlugin:80 - create IPUIPlugin
2025-08-07 21:21:11,056 [INFO] PluginManager:220 - loadIPPluginJar : add gtzc
2025-08-07 21:21:11,060 [INFO] IPUIPlugin:80 - create IPUIPlugin
2025-08-07 21:21:11,060 [INFO] PluginManager:220 - loadIPPluginJar : add hash
2025-08-07 21:21:11,064 [INFO] IPUIPlugin:80 - create IPUIPlugin
2025-08-07 21:21:11,064 [INFO] PluginManager:220 - loadIPPluginJar : add i2c
2025-08-07 21:21:11,067 [INFO] IPUIPlugin:80 - create IPUIPlugin
2025-08-07 21:21:11,068 [INFO] PluginManager:220 - loadIPPluginJar : add i2s
2025-08-07 21:21:11,071 [INFO] IPUIPlugin:80 - create IPUIPlugin
2025-08-07 21:21:11,071 [INFO] PluginManager:220 - loadIPPluginJar : add i3c
2025-08-07 21:21:11,076 [INFO] IPUIPlugin:80 - create IPUIPlugin
2025-08-07 21:21:11,076 [INFO] PluginManager:220 - loadIPPluginJar : add ipddr
2025-08-07 21:21:11,085 [INFO] IPUIPlugin:80 - create IPUIPlugin
2025-08-07 21:21:11,085 [INFO] PluginManager:220 - loadIPPluginJar : add linkedlist
2025-08-07 21:21:11,089 [INFO] IPUIPlugin:80 - create IPUIPlugin
2025-08-07 21:21:11,089 [INFO] PluginManager:220 - loadIPPluginJar : add lorawan
2025-08-07 21:21:11,091 [INFO] IPUIPlugin:80 - create IPUIPlugin
2025-08-07 21:21:11,091 [INFO] PluginManager:220 - loadIPPluginJar : add ltdc
2025-08-07 21:21:11,097 [INFO] IPUIPlugin:80 - create IPUIPlugin
2025-08-07 21:21:11,098 [INFO] PluginManager:220 - loadIPPluginJar : add mdma
2025-08-07 21:21:11,101 [INFO] IPUIPlugin:80 - create IPUIPlugin
2025-08-07 21:21:11,102 [INFO] PluginManager:220 - loadIPPluginJar : add nvic
2025-08-07 21:21:11,105 [INFO] IPUIPlugin:80 - create IPUIPlugin
2025-08-07 21:21:11,105 [INFO] PluginManager:220 - loadIPPluginJar : add opamp
2025-08-07 21:21:11,110 [INFO] IPUIPlugin:80 - create IPUIPlugin
2025-08-07 21:21:11,110 [INFO] PluginManager:220 - loadIPPluginJar : add openamp
2025-08-07 21:21:11,113 [INFO] IPUIPlugin:80 - create IPUIPlugin
2025-08-07 21:21:11,113 [INFO] PluginManager:220 - loadIPPluginJar : add pdm2pcm
2025-08-07 21:21:11,120 [INFO] IPUIPlugin:80 - create IPUIPlugin
2025-08-07 21:21:11,122 [INFO] PluginManager:220 - loadIPPluginJar : add plateformsettings
2025-08-07 21:21:11,126 [INFO] IPUIPlugin:80 - create IPUIPlugin
2025-08-07 21:21:11,126 [INFO] PluginManager:220 - loadIPPluginJar : add quadspi
2025-08-07 21:21:11,128 [INFO] IPUIPlugin:80 - create IPUIPlugin
2025-08-07 21:21:11,129 [INFO] PluginManager:220 - loadIPPluginJar : add radio
2025-08-07 21:21:11,134 [INFO] IPUIPlugin:80 - create IPUIPlugin
2025-08-07 21:21:11,134 [INFO] PluginManager:220 - loadIPPluginJar : add resmgrutility
2025-08-07 21:21:11,137 [INFO] IPUIPlugin:80 - create IPUIPlugin
2025-08-07 21:21:11,137 [INFO] PluginManager:220 - loadIPPluginJar : add sai
2025-08-07 21:21:11,140 [INFO] IPUIPlugin:80 - create IPUIPlugin
2025-08-07 21:21:11,141 [INFO] PluginManager:220 - loadIPPluginJar : add spi
2025-08-07 21:21:11,147 [INFO] IPUIPlugin:80 - create IPUIPlugin
2025-08-07 21:21:11,147 [INFO] PluginManager:220 - loadIPPluginJar : add stm32_wpan
2025-08-07 21:21:11,150 [INFO] IPUIPlugin:80 - create IPUIPlugin
2025-08-07 21:21:11,150 [INFO] PluginManager:220 - loadIPPluginJar : add tim
2025-08-07 21:21:11,153 [INFO] IPUIPlugin:80 - create IPUIPlugin
2025-08-07 21:21:11,153 [INFO] PluginManager:220 - loadIPPluginJar : add touchsensing
2025-08-07 21:21:11,155 [INFO] IPUIPlugin:80 - create IPUIPlugin
2025-08-07 21:21:11,156 [INFO] PluginManager:220 - loadIPPluginJar : add tracer_emb
2025-08-07 21:21:11,158 [INFO] IPUIPlugin:80 - create IPUIPlugin
2025-08-07 21:21:11,158 [INFO] PluginManager:220 - loadIPPluginJar : add ts
2025-08-07 21:21:11,159 [INFO] IPUIPlugin:80 - create IPUIPlugin
2025-08-07 21:21:11,159 [INFO] PluginManager:220 - loadIPPluginJar : add tsc
2025-08-07 21:21:11,161 [INFO] IPUIPlugin:80 - create IPUIPlugin
2025-08-07 21:21:11,161 [INFO] PluginManager:220 - loadIPPluginJar : add ucpd
2025-08-07 21:21:11,164 [INFO] IPUIPlugin:80 - create IPUIPlugin
2025-08-07 21:21:11,164 [INFO] PluginManager:220 - loadIPPluginJar : add usart
2025-08-07 21:21:11,168 [INFO] IPUIPlugin:80 - create IPUIPlugin
2025-08-07 21:21:11,168 [INFO] PluginManager:220 - loadIPPluginJar : add usbx
2025-08-07 21:21:11,295 [FATAL] Updater:351 - Updater called before beeing initialized
2025-08-07 21:21:11,325 [INFO] RulesReader:64 - Compatibility file has been processed (317 Rules)
2025-08-07 21:21:11,336 [INFO] RulesReader:64 - Compatibility file has been processed (317 Rules)
2025-08-07 21:21:11,345 [INFO] CADModel:165 - CPN selected for project level
2025-08-07 21:21:11,345 [INFO] CADModel:114 - Register for checkConnection events
2025-08-07 21:21:11,346 [FATAL] Updater:351 - Updater called before beeing initialized
2025-08-07 21:21:11,346 [ERROR] CADModel:125 - Updater not yet initialized, retry later 
2025-08-07 21:21:11,488 [FATAL] Updater:351 - Updater called before beeing initialized
2025-08-07 21:21:11,491 [INFO] CADModel:165 - CPN selected for project level
2025-08-07 21:21:11,491 [INFO] CADModel:114 - Register for checkConnection events
2025-08-07 21:21:11,491 [FATAL] Updater:351 - Updater called before beeing initialized
2025-08-07 21:21:11,491 [ERROR] CADModel:125 - Updater not yet initialized, retry later 
2025-08-07 21:21:11,495 [FATAL] Updater:351 - Updater called before beeing initialized
2025-08-07 21:21:11,601 [FATAL] Updater:351 - Updater called before beeing initialized
2025-08-07 21:21:11,604 [INFO] DbMcusAds:53 - JSON generation date=Tue Jul 08 13:44:23 IST 2025 (1751962463582)
2025-08-07 21:21:11,605 [FATAL] Updater:351 - Updater called before beeing initialized
2025-08-07 21:21:11,631 [WARN] DetailPanel:346 - Failed to get advertising image, set to default
2025-08-07 21:21:11,701 [FATAL] Updater:351 - Updater called before beeing initialized
2025-08-07 21:21:11,703 [FATAL] Updater:351 - Updater called before beeing initialized
2025-08-07 21:21:11,703 [FATAL] Updater:351 - Updater called before beeing initialized
2025-08-07 21:21:11,703 [WARN] DetailPanel:346 - Failed to get advertising image, set to default
2025-08-07 21:21:11,704 [FATAL] Updater:351 - Updater called before beeing initialized
2025-08-07 21:21:11,763 [ERROR] Updater:1198 - MainUpdater not yet initialized. External WinMGr cannot be set.
2025-08-07 21:21:11,765 [INFO] Updater:1134 - Updater Version found : 6.15.0
2025-08-07 21:21:11,784 [INFO] ApplicationProperties:184 - Using Application install path: C:\ST\STM32CubeIDE_1.19.0\STM32CubeIDE\plugins\com.st.stm32cube.common.mx_6.15.0.202507011659
2025-08-07 21:21:13,383 [ERROR] LogOutputStream:75 - [STDERR_REDIRECT] Aug 07, 2025 9:21:13 PM java.util.prefs.WindowsPreferences <init>
2025-08-07 21:21:13,385 [ERROR] LogOutputStream:75 - [STDERR_REDIRECT] WARNING: Could not open/create prefs root node Software\JavaSoft\Prefs at root 0xffffffff80000002. Windows RegCreateKeyEx(...) returned error code 5.
2025-08-07 21:21:13,387 [ERROR] LogOutputStream:75 - [STDERR_REDIRECT] 
2025-08-07 21:21:13,417 [INFO] ThirdPartyUpdaterWithRetryManager:70 - Updater plugin not ready yet. [2/15]
2025-08-07 21:21:13,651 [INFO] MainUpdater:2872 - connection check result : 22
2025-08-07 21:21:13,652 [INFO] MainUpdater:289 - Updater Check For Update Now.
2025-08-07 21:21:13,652 [INFO] MicroXplorer:498 - Change Database Version : DB.6.0.150
2025-08-07 21:21:13,697 [INFO] McuFinderGlobals:63 - Set McuFinder mode to 2 (CubeIDE integrated)
2025-08-07 21:21:13,699 [INFO] UserAuth:487 - Internet connection configuration mode: 2
2025-08-07 21:21:13,707 [INFO] UserAuth:487 - Internet connection configuration mode: 2
2025-08-07 21:21:13,832 [INFO] CheckServerUpdateThread:120 - End of CheckServer Thread
2025-08-07 21:21:16,660 [WARN] PackLoader:240 - Cannot read IP mode file for STMicroelectronics.FP-SNS-MOTENVWB1.1.4.0
2025-08-07 21:21:16,667 [WARN] PackLoader:240 - Cannot read IP mode file for STMicroelectronics.FP-ATR-ASTRA1.2.0.2
2025-08-07 21:21:16,671 [WARN] PackLoader:240 - Cannot read IP mode file for STMicroelectronics.FP-ATR-ASTRA1.2.0.1
2025-08-07 21:21:16,681 [WARN] PackLoader:240 - Cannot read IP mode file for STMicroelectronics.X-CUBE-SMBUS.2.1.0
2025-08-07 21:21:16,692 [WARN] PackLoader:240 - Cannot read IP mode file for STMicroelectronics.X-CUBE-WB05N.1.1.0
2025-08-07 21:21:16,699 [WARN] PackLoader:240 - Cannot read IP mode file for STMicroelectronics.X-CUBE-ST60.1.0.0
2025-08-07 21:21:16,741 [WARN] PackLoader:240 - Cannot read IP mode file for STMicroelectronics.X-CUBE-AZRTOS-F7.1.1.0
2025-08-07 21:21:16,788 [WARN] PackLoader:240 - Cannot read IP mode file for STMicroelectronics.X-CUBE-MEMS1.11.0.0
2025-08-07 21:21:16,921 [WARN] PackLoader:240 - Cannot read IP mode file for STMicroelectronics.FP-SNS-FLIGHT1.5.0.2
2025-08-07 21:21:16,938 [WARN] PackLoader:240 - Cannot read IP mode file for STMicroelectronics.X-CUBE-AZRTOS-H7.3.4.0
2025-08-07 21:21:16,958 [WARN] PackLoader:240 - Cannot read IP mode file for STMicroelectronics.X-CUBE-DISPLAY.3.0.0
2025-08-07 21:21:16,967 [WARN] PackLoader:240 - Cannot read IP mode file for STMicroelectronics.X-CUBE-BLE1.7.0.0
2025-08-07 21:21:16,972 [WARN] PackLoader:240 - Cannot read IP mode file for STMicroelectronics.X-CUBE-NFC10.1.0.0
2025-08-07 21:21:16,980 [WARN] PackLoader:240 - Cannot read IP mode file for STMicroelectronics.X-CUBE-BLEMGR.4.0.0
2025-08-07 21:21:16,986 [WARN] PackLoader:240 - Cannot read IP mode file for emotas.I-CUBE-CANOPEN.1.3.0
2025-08-07 21:21:16,991 [WARN] PackLoader:240 - Cannot read IP mode file for STMicroelectronics.X-CUBE-BLEMGR.3.1.0
2025-08-07 21:21:16,995 [WARN] PackLoader:240 - Cannot read IP mode file for STMicroelectronics.X-CUBE-AI.10.0.0
2025-08-07 21:21:17,001 [WARN] PackLoader:240 - Cannot read IP mode file for STMicroelectronics.FP-SNS-STBOX1.2.1.0
2025-08-07 21:21:17,007 [WARN] PackLoader:240 - Cannot read IP mode file for STMicroelectronics.FP-SNS-SMARTAG2.1.2.0
2025-08-07 21:21:17,010 [WARN] PackLoader:240 - Cannot read IP mode file for STMicroelectronics.FP-SNS-FLIGHT1.5.1.0
2025-08-07 21:21:17,053 [WARN] PackLoader:240 - Cannot read IP mode file for STMicroelectronics.X-CUBE-MEMS1.11.1.0
2025-08-07 21:21:17,183 [INFO] LogOutputStream:77 - [STDOUT_REDIRECT] 1 : Invalid condition id : UX_CORESTACK_Condition cause : null
2025-08-07 21:21:17,184 [INFO] LogOutputStream:77 - [STDOUT_REDIRECT] 1 : Invalid condition id : UX_CORESTACK_Condition cause : null
2025-08-07 21:21:17,185 [INFO] LogOutputStream:77 - [STDOUT_REDIRECT] 1 : Invalid condition id : UX_CORESTACK_Condition cause : null
2025-08-07 21:21:17,186 [INFO] LogOutputStream:77 - [STDOUT_REDIRECT] 1 : Invalid condition id : UX_CORESTACK_Condition cause : null
2025-08-07 21:21:17,187 [INFO] LogOutputStream:77 - [STDOUT_REDIRECT] 1 : Invalid condition id : UX_CORESTACK_Condition cause : null
2025-08-07 21:21:17,188 [WARN] PackLoader:240 - Cannot read IP mode file for STMicroelectronics.X-CUBE-AZRTOS-WL.2.0.0
2025-08-07 21:21:17,192 [WARN] PackLoader:240 - Cannot read IP mode file for STMicroelectronics.FP-SNS-MOTENV1.5.0.0
2025-08-07 21:21:17,195 [WARN] PackLoader:240 - Cannot read IP mode file for wolfSSL.I-CUBE-wolfMQTT.1.19.0
2025-08-07 21:21:17,200 [WARN] PackLoader:240 - Cannot read IP mode file for WES.I-CUBE-Cesium.1.3.0
2025-08-07 21:21:17,204 [WARN] PackLoader:240 - Cannot read IP mode file for STMicroelectronics.X-CUBE-BLE2.3.3.0
2025-08-07 21:21:17,208 [WARN] PackLoader:240 - Cannot read IP mode file for STMicroelectronics.X-CUBE-NFC9.1.0.0
2025-08-07 21:21:17,212 [WARN] PackLoader:240 - Cannot read IP mode file for STMicroelectronics.X-CUBE-BLE1.7.1.0
2025-08-07 21:21:17,215 [WARN] PackLoader:240 - Cannot read IP mode file for STMicroelectronics.X-CUBE-TCPP.4.1.0
2025-08-07 21:21:17,219 [WARN] PackLoader:240 - Cannot read IP mode file for STMicroelectronics.X-CUBE-EEPRMA1.5.2.0
2025-08-07 21:21:17,226 [WARN] PackLoader:240 - Cannot read IP mode file for STMicroelectronics.X-CUBE-AI.10.1.0
2025-08-07 21:21:17,247 [WARN] PackLoader:240 - Cannot read IP mode file for STMicroelectronics.X-CUBE-MEMS1.11.2.0
2025-08-07 21:21:17,320 [WARN] PackLoader:240 - Cannot read IP mode file for STMicroelectronics.X-CUBE-AZRTOS-G0.1.1.0
2025-08-07 21:21:17,326 [WARN] PackLoader:240 - Cannot read IP mode file for STMicroelectronics.X-CUBE-SAFEA1.1.2.2
2025-08-07 21:21:17,330 [WARN] PackLoader:240 - Cannot read IP mode file for STMicroelectronics.X-CUBE-NFC4.3.0.0
2025-08-07 21:21:17,337 [WARN] PackLoader:240 - Cannot read IP mode file for EmbeddedOffice.I-CUBE-FS-RTOS.1.0.1
2025-08-07 21:21:17,345 [WARN] PackLoader:240 - Cannot read IP mode file for STMicroelectronics.X-CUBE-WB05N.2.0.0
2025-08-07 21:21:17,348 [WARN] PackLoader:240 - Cannot read IP mode file for STMicroelectronics.X-CUBE-TCPP.4.2.0
2025-08-07 21:21:17,352 [WARN] PackLoader:240 - Cannot read IP mode file for RealThread.X-CUBE-RT-Thread_Nano.4.1.1
2025-08-07 21:21:17,355 [WARN] PackLoader:240 - Cannot read IP mode file for STMicroelectronics.FP-ATR-SIGFOX1.3.2.0
2025-08-07 21:21:17,359 [WARN] ConditionMgr:438 - getConditionDescription Invalid condition id : Cortex-A Device cause : null
2025-08-07 21:21:17,369 [WARN] ConditionMgr:1044 - genDependencies : Invalid condition id : Cortex-A Device cause : null
2025-08-07 21:21:17,369 [WARN] ConditionMgr:1044 - genDependencies : Invalid condition id : Cortex-A Device cause : null
2025-08-07 21:21:17,369 [WARN] ConditionMgr:1044 - genDependencies : Invalid condition id : Cortex-A Device cause : null
2025-08-07 21:21:17,373 [WARN] PackLoader:240 - Cannot read IP mode file for STMicroelectronics.X-CUBE-EEPRMA1.5.1.0
2025-08-07 21:21:17,377 [WARN] PackLoader:240 - Cannot read IP mode file for wolfSSL.I-CUBE-wolfSSL.5.7.4
2025-08-07 21:21:17,381 [WARN] PackLoader:240 - Cannot read IP mode file for ITTIA_DB.I-CUBE-ITTIADB.8.9.0
2025-08-07 21:21:17,387 [WARN] PackLoader:240 - Cannot read IP mode file for STMicroelectronics.X-CUBE-ST67W61.1.0.0
2025-08-07 21:21:17,390 [WARN] PackLoader:240 - Cannot read IP mode file for STMicroelectronics.X-CUBE-AI.10.2.0
2025-08-07 21:21:17,407 [WARN] PackLoader:240 - Cannot read IP mode file for SEGGER.I-CUBE-embOS.1.3.1
2025-08-07 21:21:17,432 [WARN] PackLoader:240 - Cannot read IP mode file for STMicroelectronics.X-CUBE-ALGOBUILD.1.4.0
2025-08-07 21:21:17,457 [WARN] PackLoader:240 - Cannot read IP mode file for STMicroelectronics.X-CUBE-MEMS1.11.3.0
2025-08-07 21:21:17,607 [WARN] PackLoader:240 - Cannot read IP mode file for STMicroelectronics.X-CUBE-AI.9.1.0
2025-08-07 21:21:17,611 [WARN] PackLoader:240 - Cannot read IP mode file for STMicroelectronics.X-CUBE-PM33A1.1.0.0
2025-08-07 21:21:17,619 [WARN] PackLoader:240 - Cannot read IP mode file for STMicroelectronics.X-CUBE-AZRTOS-F4.1.1.0
2025-08-07 21:21:17,623 [WARN] PackLoader:240 - Cannot read IP mode file for Avnet-IotConnect.X-CUBE-IoTC-DA16k-PMOD.1.0.0
2025-08-07 21:21:17,625 [WARN] PackLoader:240 - Cannot read IP mode file for STMicroelectronics.X-CUBE-ISPU.2.1.0
2025-08-07 21:21:17,629 [WARN] PackLoader:240 - Cannot read IP mode file for STMicroelectronics.X-CUBE-FREERTOS.1.2.0
2025-08-07 21:21:17,633 [WARN] PackLoader:240 - Cannot read IP mode file for STMicroelectronics.X-CUBE-NFC12.1.0.0
2025-08-07 21:21:17,644 [WARN] PackLoader:240 - Cannot read IP mode file for STMicroelectronics.X-CUBE-AZRTOS-L5.2.0.0
2025-08-07 21:21:17,651 [WARN] PackLoader:240 - Cannot read IP mode file for STMicroelectronics.X-CUBE-NFC6.3.1.0
2025-08-07 21:21:17,655 [WARN] PackLoader:240 - Cannot read IP mode file for STMicroelectronics.X-CUBE-DPower.1.2.0
2025-08-07 21:21:17,659 [WARN] PackLoader:240 - Cannot read IP mode file for STMicroelectronics.X-CUBE-FREERTOS.1.3.1
2025-08-07 21:21:17,663 [WARN] PackLoader:240 - Cannot read IP mode file for STMicroelectronics.X-CUBE-FREERTOS.1.3.0
2025-08-07 21:21:17,668 [WARN] PackLoader:240 - Cannot read IP mode file for STMicroelectronics.X-CUBE-NFC7.1.0.1
2025-08-07 21:21:17,671 [WARN] PackLoader:240 - Cannot read IP mode file for STMicroelectronics.FP-SNS-STAIOTCFT.1.0.0
2025-08-07 21:21:17,674 [WARN] PackLoader:240 - Cannot read IP mode file for STMicroelectronics.X-CUBE-DPower.1.3.0
2025-08-07 21:21:17,686 [WARN] ConditionMgr:438 - getConditionDescription Invalid condition id : LAN8742 Phy interface Condition cause : null
2025-08-07 21:21:17,686 [WARN] PackLoader:240 - Cannot read IP mode file for STMicroelectronics.X-CUBE-AZRTOS-L4.2.0.0
2025-08-07 21:21:17,687 [WARN] ConditionMgr:1044 - genDependencies : Invalid condition id : LAN8742 Phy interface Condition cause : null
2025-08-07 21:21:17,687 [WARN] ConditionMgr:1044 - genDependencies : Invalid condition id : LAN8742 Phy interface Condition cause : null
2025-08-07 21:21:17,688 [WARN] ConditionMgr:1044 - genDependencies : Invalid condition id : LAN8742 Phy interface Condition cause : null
2025-08-07 21:21:17,693 [WARN] PackLoader:240 - Cannot read IP mode file for STMicroelectronics.X-CUBE-SFXS2LP1.4.0.0
2025-08-07 21:21:17,712 [WARN] PackLoader:240 - Cannot read IP mode file for STMicroelectronics.X-CUBE-AZRTOS-H7.3.3.0
2025-08-07 21:21:17,722 [WARN] PackLoader:240 - Cannot read IP mode file for STMicroelectronics.X-CUBE-BLEMGR.4.1.0
2025-08-07 21:21:17,731 [WARN] PackLoader:240 - Cannot read IP mode file for STMicroelectronics.X-CUBE-IPS.3.0.0
2025-08-07 21:21:17,741 [WARN] ConditionMgr:438 - getConditionDescription Invalid condition id : UX DEVICE CLASS RTOS Condition cause : null
2025-08-07 21:21:17,741 [WARN] ConditionMgr:438 - getConditionDescription Invalid condition id : UX DEVICE CLASS RTOS Condition cause : null
2025-08-07 21:21:17,742 [WARN] PackLoader:240 - Cannot read IP mode file for STMicroelectronics.X-CUBE-AZRTOS-WB.2.0.0
2025-08-07 21:21:17,743 [WARN] ConditionMgr:1044 - genDependencies : Invalid condition id : UX DEVICE CLASS RTOS Condition cause : null
2025-08-07 21:21:17,743 [WARN] ConditionMgr:1044 - genDependencies : Invalid condition id : UX DEVICE CLASS RTOS Condition cause : null
2025-08-07 21:21:17,743 [WARN] ConditionMgr:1044 - genDependencies : Invalid condition id : UX DEVICE CLASS RTOS Condition cause : null
2025-08-07 21:21:17,743 [WARN] ConditionMgr:1044 - genDependencies : Invalid condition id : UX DEVICE CLASS RTOS Condition cause : null
2025-08-07 21:21:17,743 [WARN] ConditionMgr:1044 - genDependencies : Invalid condition id : UX DEVICE CLASS RTOS Condition cause : null
2025-08-07 21:21:17,748 [WARN] PackLoader:240 - Cannot read IP mode file for STMicroelectronics.X-CUBE-GNSS1.7.0.0
2025-08-07 21:21:17,752 [WARN] PackLoader:240 - Cannot read IP mode file for STMicroelectronics.X-CUBE-GNSS1.7.0.1
2025-08-07 21:21:17,757 [WARN] PackLoader:240 - Cannot read IP mode file for STMicroelectronics.X-CUBE-TOUCHGFX.4.25.0
2025-08-07 21:21:17,761 [WARN] PackLoader:240 - Cannot read IP mode file for STMicroelectronics.FP-SNS-STBOX1.2.0.0
2025-08-07 21:21:17,769 [WARN] PackLoader:240 - Cannot read IP mode file for STMicroelectronics.X-CUBE-SUBG2.5.0.0
2025-08-07 21:21:17,781 [WARN] PackLoader:240 - Cannot read IP mode file for STMicroelectronics.X-CUBE-AZRTOS-H7RS.1.1.0
2025-08-07 21:21:17,786 [WARN] PackLoader:240 - Cannot read IP mode file for Cesanta.I-CUBE-Mongoose.7.13.0
2025-08-07 21:21:17,793 [WARN] PackLoader:240 - Cannot read IP mode file for STMicroelectronics.X-CUBE-AZRTOS-G4.2.0.0
2025-08-07 21:21:17,797 [WARN] PackLoader:240 - Cannot read IP mode file for STMicroelectronics.X-CUBE-NFC7.2.0.0
2025-08-07 21:21:17,804 [WARN] PackLoader:240 - Cannot read IP mode file for STMicroelectronics.X-CUBE-IPS.3.1.0
2025-08-07 21:21:17,811 [WARN] PackLoader:240 - Cannot read IP mode file for STMicroelectronics.X-CUBE-ALS.1.0.2
2025-08-07 21:21:17,814 [WARN] PackLoader:240 - Cannot read IP mode file for STMicroelectronics.X-CUBE-TOUCHGFX.4.24.1
2025-08-07 21:21:17,816 [WARN] PackLoader:240 - Cannot read IP mode file for wolfSSL.I-CUBE-wolfTPM.3.4.0
2025-08-07 21:21:17,822 [WARN] PackLoader:240 - Cannot read IP mode file for portGmbH.I-Cube-SoM-uGOAL.1.1.0
2025-08-07 21:21:17,830 [WARN] PackLoader:240 - Cannot read IP mode file for STMicroelectronics.X-CUBE-AZRTOS-H7RS.1.0.0
2025-08-07 21:21:17,837 [WARN] PackLoader:240 - Cannot read IP mode file for STMicroelectronics.X-CUBE-TOF1.3.4.2
2025-08-07 21:21:17,849 [WARN] PackLoader:240 - Cannot read IP mode file for STMicroelectronics.X-CUBE-TOF1.3.4.3
2025-08-07 21:21:17,866 [WARN] PackLoader:240 - Cannot read IP mode file for Infineon.AIROC-Wi-Fi-Bluetooth-STM32.1.6.1
2025-08-07 21:21:17,878 [WARN] PackLoader:240 - Cannot read IP mode file for wolfSSL.I-CUBE-wolfSSH.1.4.17
2025-08-07 21:21:17,879 [INFO] ThirdParty:978 - Integrity check success = true
2025-08-07 21:21:17,879 [INFO] IntegrityCheckThread:100 - exiting critical section [integrity check]
2025-08-07 21:21:17,879 [INFO] IntegrityCheckThread:103 - End integrity checks thread
