2025-08-11 15:35:50,185 [INFO] Activator:176 - 


2025-08-11 15:35:50,189 [INFO] Activator:177 - !SESSION log4j initialized
2025-08-11 15:35:54,609 [INFO] LogOutputStream:77 - [STDOUT_REDIRECT] 
2025-08-11 15:35:55,058 [ERROR] ConfigurationRetriever:142 - IOException on connection: sw-center.st.com
2025-08-11 15:35:55,060 [ERROR] ConfigurationRetriever:142 - IOException on connection: sw-center.st.com
2025-08-11 15:35:55,061 [ERROR] ConfigurationRetriever:142 - IOException on connection: sw-center.st.com
2025-08-11 15:35:55,563 [INFO] ApplicationProperties:184 - Using Application install path: C:\ST\STM32CubeIDE_1.19.0\STM32CubeIDE\plugins\com.st.stm32cube.common.mx_6.15.0.202507011659
2025-08-11 15:35:55,587 [INFO] DbMcusXml:78 - Set database path to: C:\ST\STM32CubeIDE_1.19.0\STM32CubeIDE\plugins\com.st.stm32cube.common.mx_6.15.0.202507011659\\db\/mcu/
2025-08-11 15:35:55,588 [INFO] ApiDb:274 - Set plugin database path to: C:\ST\STM32CubeIDE_1.19.0\STM32CubeIDE\plugins\com.st.stm32cube.common.mx_6.15.0.202507011659\\db\/plugins/boardmanager/
2025-08-11 15:35:55,588 [WARN] ApiDb:259 - Overriding images path with different value:  => C:\ST\STM32CubeIDE_1.19.0\STM32CubeIDE\plugins\com.st.stm32cube.common.mx_6.15.0.202507011659\\db\/plugins/mcufinder/images/
2025-08-11 15:35:55,598 [INFO] ApiDb:250 - Set database path to: C:\Users\sheet\.stmcufinder\plugins\mcufinder//mcu/
2025-08-11 15:35:55,600 [INFO] DbMcusAds:125 - Set database path to: C:\Users\sheet\.stmcufinder\plugins\mcufinder//mcu/
2025-08-11 15:35:55,602 [INFO] CrossReferenceDbSqlite:203 - Set database path to: C:\Users\sheet\.stmcufinder\plugins\mcufinder//mcu/cs/
2025-08-11 15:35:55,713 [INFO] RulesReader:64 - Compatibility file has been processed (317 Rules)
2025-08-11 15:35:55,783 [INFO] DbMcusXml:78 - Set database path to: C:\ST\STM32CubeIDE_1.19.0\STM32CubeIDE\plugins\com.st.stm32cube.common.mx_6.15.0.202507011659\\db\/mcu/
2025-08-11 15:35:55,783 [INFO] ApiDb:274 - Set plugin database path to: C:\ST\STM32CubeIDE_1.19.0\STM32CubeIDE\plugins\com.st.stm32cube.common.mx_6.15.0.202507011659\\db\/plugins/boardmanager/
2025-08-11 15:35:55,784 [INFO] ApiDb:261 - Set plugin images path to: C:\ST\STM32CubeIDE_1.19.0\STM32CubeIDE\plugins\com.st.stm32cube.common.mx_6.15.0.202507011659\\db\/plugins/mcufinder/images/
2025-08-11 15:35:55,784 [WARN] DbFile:41 - Overriding database path with different value: C:\Users\sheet\.stmcufinder\plugins\mcufinder/ => C:\Users\sheet\.stmcufinder\plugins\mcufinder
2025-08-11 15:35:55,784 [INFO] ApiDb:250 - Set database path to: C:\Users\sheet\.stmcufinder\plugins\mcufinder//mcu/
2025-08-11 15:35:55,784 [WARN] DbFile:41 - Overriding database path with different value: C:\Users\sheet\.stmcufinder\plugins\mcufinder/ => C:\Users\sheet\.stmcufinder\plugins\mcufinder
2025-08-11 15:35:55,784 [INFO] DbMcusAds:125 - Set database path to: C:\Users\sheet\.stmcufinder\plugins\mcufinder//mcu/
2025-08-11 15:35:55,784 [WARN] DbFile:41 - Overriding database path with different value: C:\Users\sheet\.stmcufinder\plugins\mcufinder/ => C:\Users\sheet\.stmcufinder\plugins\mcufinder
2025-08-11 15:35:55,784 [WARN] DbFile:41 - Overriding database path with different value: C:\Users\sheet\.stmcufinder\plugins\mcufinder/ => C:\Users\sheet\.stmcufinder\plugins\mcufinder
2025-08-11 15:35:55,784 [INFO] CrossReferenceDbSqlite:203 - Set database path to: C:\Users\sheet\.stmcufinder\plugins\mcufinder//mcu/cs/
2025-08-11 15:35:55,857 [INFO] MainPanel:274 - HeapMemory: 268435456
2025-08-11 15:35:55,992 [INFO] DbMcusXml:78 - Set database path to: C:\ST\STM32CubeIDE_1.19.0\STM32CubeIDE\plugins\com.st.stm32cube.common.mx_6.15.0.202507011659\\db\/mcu/
2025-08-11 15:35:55,993 [INFO] ApiDb:274 - Set plugin database path to: C:\ST\STM32CubeIDE_1.19.0\STM32CubeIDE\plugins\com.st.stm32cube.common.mx_6.15.0.202507011659\\db\/plugins/boardmanager/
2025-08-11 15:35:55,993 [INFO] ApiDb:261 - Set plugin images path to: C:\ST\STM32CubeIDE_1.19.0\STM32CubeIDE\plugins\com.st.stm32cube.common.mx_6.15.0.202507011659\\db\/plugins/mcufinder/images/
2025-08-11 15:35:55,993 [WARN] DbFile:41 - Overriding database path with different value: C:\Users\sheet\.stmcufinder\plugins\mcufinder/ => C:\Users\sheet\.stmcufinder\plugins\mcufinder
2025-08-11 15:35:55,993 [INFO] ApiDb:250 - Set database path to: C:\Users\sheet\.stmcufinder\plugins\mcufinder//mcu/
2025-08-11 15:35:55,994 [WARN] DbFile:41 - Overriding database path with different value: C:\Users\sheet\.stmcufinder\plugins\mcufinder/ => C:\Users\sheet\.stmcufinder\plugins\mcufinder
2025-08-11 15:35:55,994 [INFO] DbMcusAds:125 - Set database path to: C:\Users\sheet\.stmcufinder\plugins\mcufinder//mcu/
2025-08-11 15:35:55,994 [WARN] DbFile:41 - Overriding database path with different value: C:\Users\sheet\.stmcufinder\plugins\mcufinder/ => C:\Users\sheet\.stmcufinder\plugins\mcufinder
2025-08-11 15:35:55,994 [WARN] DbFile:41 - Overriding database path with different value: C:\Users\sheet\.stmcufinder\plugins\mcufinder/ => C:\Users\sheet\.stmcufinder\plugins\mcufinder
2025-08-11 15:35:55,994 [INFO] CrossReferenceDbSqlite:203 - Set database path to: C:\Users\sheet\.stmcufinder\plugins\mcufinder//mcu/cs/
2025-08-11 15:35:56,014 [INFO] ApplicationProperties:184 - Using Application install path: C:\ST\STM32CubeIDE_1.19.0\STM32CubeIDE\plugins\com.st.stm32cube.common.mx_6.15.0.202507011659
2025-08-11 15:35:56,016 [INFO] PluginManage:196 - Search for loadable plugins [exclusion list=, ]
2025-08-11 15:35:56,018 [INFO] PluginManage:310 - Check plugin analytics
2025-08-11 15:35:56,247 [INFO] AnalyticsPlugin:253 - Accepted Software Licenses: 
2025-08-11 15:35:56,247 [INFO] AnalyticsPlugin:255 - Accepted CMSIS Pack Licenses: 
2025-08-11 15:35:56,249 [INFO] AnalyticsPlugin:257 - Accepted Firmware Licenses: FW.F4.1.28.0
2025-08-11 15:35:56,255 [INFO] PluginManage:359 - Loaded plugin analytics (category:tool,tabindex:-1)
2025-08-11 15:35:56,255 [ERROR] ConfigurationRetriever:142 - IOException on connection: sw-center.st.com
2025-08-11 15:35:56,256 [INFO] PluginManage:310 - Check plugin cadmodel
2025-08-11 15:35:56,256 [ERROR] ConfigurationRetriever:142 - IOException on connection: sw-center.st.com
2025-08-11 15:35:56,257 [ERROR] ConfigurationRetriever:142 - IOException on connection: sw-center.st.com
2025-08-11 15:35:56,264 [INFO] CADModel:105 - Init CAD model plugin
2025-08-11 15:35:56,264 [INFO] PluginManage:359 - Loaded plugin cadmodel (category:power,tabindex:5)
2025-08-11 15:35:56,265 [INFO] PluginManage:310 - Check plugin clock
2025-08-11 15:35:56,275 [INFO] PluginManage:359 - Loaded plugin clock (category:base,tabindex:2)
2025-08-11 15:35:56,275 [INFO] PluginManage:310 - Check plugin ddr
2025-08-11 15:35:56,277 [INFO] PluginManage:359 - Loaded plugin ddr (category:tool,tabindex:6)
2025-08-11 15:35:56,277 [INFO] PluginManage:310 - Check plugin filemanager
2025-08-11 15:35:56,436 [INFO] PluginManage:359 - Loaded plugin filemanager (category:base,tabindex:10)
2025-08-11 15:35:56,437 [INFO] PluginManage:310 - Check plugin ipmanager
2025-08-11 15:35:56,443 [INFO] PluginManage:359 - Loaded plugin ipmanager (category:base,tabindex:5)
2025-08-11 15:35:56,443 [INFO] PluginManage:310 - Check plugin lpbam
2025-08-11 15:35:56,450 [INFO] PluginManage:359 - Loaded plugin lpbam (category:base,tabindex:0)
2025-08-11 15:35:56,450 [INFO] PluginManage:310 - Check plugin memorymap
2025-08-11 15:35:56,464 [INFO] PluginManage:359 - Loaded plugin memorymap (category:base,tabindex:4)
2025-08-11 15:35:56,464 [INFO] PluginManage:310 - Check plugin pinoutandconfiguration
2025-08-11 15:35:56,477 [INFO] PluginManage:359 - Loaded plugin pinoutandconfiguration (category:base,tabindex:1)
2025-08-11 15:35:56,478 [INFO] PluginManage:310 - Check plugin pinoutconfig
2025-08-11 15:35:56,562 [WARN] SupportedApi:132 - Cannot load RTOS API schema: s4s-elt-must-match.1: The content of 'definitions' must match (annotation?, (simpleType | complexType)?, (unique | key | keyref)*)). A problem was found starting at: attribute.
2025-08-11 15:35:56,681 [INFO] PluginManage:359 - Loaded plugin pinoutconfig (category:base,tabindex:0)
2025-08-11 15:35:56,682 [INFO] PluginManage:310 - Check plugin power
2025-08-11 15:35:56,690 [INFO] PluginManage:359 - Loaded plugin power (category:power,tabindex:4)
2025-08-11 15:35:56,690 [INFO] PluginManage:310 - Check plugin projectmanager
2025-08-11 15:35:56,734 [INFO] PluginManage:359 - Loaded plugin projectmanager (category:projectmanager,tabindex:4)
2025-08-11 15:35:56,734 [INFO] PluginManage:310 - Check plugin rif
2025-08-11 15:35:56,745 [INFO] PluginManage:359 - Loaded plugin rif (category:base,tabindex:3)
2025-08-11 15:35:56,745 [INFO] PluginManage:310 - Check plugin thirdparty
2025-08-11 15:35:56,901 [WARN] IntegrityCheckThread:84 - waiting for thirdparty lock release [integrity check]
2025-08-11 15:35:56,901 [INFO] IntegrityCheckThread:86 - entering critical section [integrity check]
2025-08-11 15:35:56,901 [INFO] PluginManage:359 - Loaded plugin thirdparty (category:base,tabindex:-1)
2025-08-11 15:35:56,901 [INFO] ThirdPartyUpdaterWithRetryManager:70 - Updater plugin not ready yet. [1/15]
2025-08-11 15:35:56,901 [INFO] PluginManage:310 - Check plugin tools
2025-08-11 15:35:56,905 [INFO] PluginManage:359 - Loaded plugin tools (category:base,tabindex:7)
2025-08-11 15:35:56,905 [INFO] PluginManage:310 - Check plugin tutovideos
2025-08-11 15:35:57,208 [INFO] PluginManage:359 - Loaded plugin tutovideos (category:base,tabindex:-1)
2025-08-11 15:35:57,208 [INFO] PluginManage:310 - Check plugin updater
2025-08-11 15:35:57,228 [INFO] PluginManage:359 - Loaded plugin updater (category:base,tabindex:12)
2025-08-11 15:35:57,230 [INFO] PluginManage:310 - Check plugin userauth
2025-08-11 15:35:57,234 [INFO] UserAuth:118 - Init User Auth plugin
2025-08-11 15:35:57,235 [INFO] PluginManage:359 - Loaded plugin userauth (category:base,tabindex:14)
2025-08-11 15:35:57,235 [INFO] PluginManage:283 - PluginManage : Loaded plugins [18]
2025-08-11 15:35:57,453 [INFO] PinOutPanel:1589 - setPackage(No Configuration,No Configuration)
2025-08-11 15:35:57,525 [INFO] CADModel:165 - CPN selected for project level
2025-08-11 15:35:57,525 [INFO] CADModel:114 - Register for checkConnection events
2025-08-11 15:35:57,549 [INFO] IPUIPlugin:80 - create IPUIPlugin
2025-08-11 15:35:57,549 [INFO] PluginManager:220 - loadIPPluginJar : add adc
2025-08-11 15:35:57,553 [INFO] IPUIPlugin:80 - create IPUIPlugin
2025-08-11 15:35:57,554 [INFO] PluginManager:220 - loadIPPluginJar : add aes
2025-08-11 15:35:57,558 [INFO] IPUIPlugin:80 - create IPUIPlugin
2025-08-11 15:35:57,558 [INFO] PluginManager:220 - loadIPPluginJar : add can
2025-08-11 15:35:57,561 [INFO] IPUIPlugin:80 - create IPUIPlugin
2025-08-11 15:35:57,561 [INFO] PluginManager:220 - loadIPPluginJar : add comp
2025-08-11 15:35:57,564 [INFO] IPUIPlugin:80 - create IPUIPlugin
2025-08-11 15:35:57,565 [INFO] PluginManager:220 - loadIPPluginJar : add cryp
2025-08-11 15:35:57,576 [INFO] IPUIPlugin:80 - create IPUIPlugin
2025-08-11 15:35:57,576 [INFO] PluginManager:220 - loadIPPluginJar : add ddr_ctrl_phy
2025-08-11 15:35:57,580 [INFO] IPUIPlugin:80 - create IPUIPlugin
2025-08-11 15:35:57,581 [INFO] PluginManager:220 - loadIPPluginJar : add dfsdm
2025-08-11 15:35:57,588 [INFO] IPUIPlugin:80 - create IPUIPlugin
2025-08-11 15:35:57,589 [INFO] PluginManager:220 - loadIPPluginJar : add dma
2025-08-11 15:35:57,594 [INFO] IPUIPlugin:80 - create IPUIPlugin
2025-08-11 15:35:57,594 [INFO] PluginManager:220 - loadIPPluginJar : add dma3
2025-08-11 15:35:57,599 [INFO] IPUIPlugin:80 - create IPUIPlugin
2025-08-11 15:35:57,599 [INFO] PluginManager:220 - loadIPPluginJar : add extmemmanager
2025-08-11 15:35:57,601 [INFO] IPUIPlugin:80 - create IPUIPlugin
2025-08-11 15:35:57,601 [INFO] PluginManager:220 - loadIPPluginJar : add fatfs
2025-08-11 15:35:57,609 [INFO] IPUIPlugin:80 - create IPUIPlugin
2025-08-11 15:35:57,609 [INFO] PluginManager:220 - loadIPPluginJar : add fmc
2025-08-11 15:35:57,630 [INFO] IPUIPlugin:80 - create IPUIPlugin
2025-08-11 15:35:57,631 [INFO] PluginManager:220 - loadIPPluginJar : add freertos
2025-08-11 15:35:57,632 [INFO] IPUIPlugin:80 - create IPUIPlugin
2025-08-11 15:35:57,633 [INFO] PluginManager:220 - loadIPPluginJar : add genericplugin
2025-08-11 15:35:57,636 [INFO] IPUIPlugin:80 - create IPUIPlugin
2025-08-11 15:35:57,636 [INFO] PluginManager:220 - loadIPPluginJar : add gfxmmu
2025-08-11 15:35:57,643 [INFO] IPUIPlugin:80 - create IPUIPlugin
2025-08-11 15:35:57,643 [INFO] PluginManager:220 - loadIPPluginJar : add gic
2025-08-11 15:35:57,648 [INFO] IPUIPlugin:80 - create IPUIPlugin
2025-08-11 15:35:57,648 [INFO] PluginManager:220 - loadIPPluginJar : add gpio
2025-08-11 15:35:57,652 [INFO] IPUIPlugin:80 - create IPUIPlugin
2025-08-11 15:35:57,652 [INFO] PluginManager:220 - loadIPPluginJar : add gtzc
2025-08-11 15:35:57,656 [INFO] IPUIPlugin:80 - create IPUIPlugin
2025-08-11 15:35:57,657 [INFO] PluginManager:220 - loadIPPluginJar : add hash
2025-08-11 15:35:57,660 [INFO] IPUIPlugin:80 - create IPUIPlugin
2025-08-11 15:35:57,661 [INFO] PluginManager:220 - loadIPPluginJar : add i2c
2025-08-11 15:35:57,663 [INFO] IPUIPlugin:80 - create IPUIPlugin
2025-08-11 15:35:57,663 [INFO] PluginManager:220 - loadIPPluginJar : add i2s
2025-08-11 15:35:57,666 [INFO] IPUIPlugin:80 - create IPUIPlugin
2025-08-11 15:35:57,666 [INFO] PluginManager:220 - loadIPPluginJar : add i3c
2025-08-11 15:35:57,669 [INFO] IPUIPlugin:80 - create IPUIPlugin
2025-08-11 15:35:57,669 [INFO] PluginManager:220 - loadIPPluginJar : add ipddr
2025-08-11 15:35:57,677 [INFO] IPUIPlugin:80 - create IPUIPlugin
2025-08-11 15:35:57,677 [INFO] PluginManager:220 - loadIPPluginJar : add linkedlist
2025-08-11 15:35:57,680 [INFO] IPUIPlugin:80 - create IPUIPlugin
2025-08-11 15:35:57,680 [INFO] PluginManager:220 - loadIPPluginJar : add lorawan
2025-08-11 15:35:57,682 [INFO] IPUIPlugin:80 - create IPUIPlugin
2025-08-11 15:35:57,683 [INFO] PluginManager:220 - loadIPPluginJar : add ltdc
2025-08-11 15:35:57,690 [INFO] IPUIPlugin:80 - create IPUIPlugin
2025-08-11 15:35:57,690 [INFO] PluginManager:220 - loadIPPluginJar : add mdma
2025-08-11 15:35:57,696 [INFO] IPUIPlugin:80 - create IPUIPlugin
2025-08-11 15:35:57,696 [INFO] PluginManager:220 - loadIPPluginJar : add nvic
2025-08-11 15:35:57,698 [INFO] IPUIPlugin:80 - create IPUIPlugin
2025-08-11 15:35:57,698 [INFO] PluginManager:220 - loadIPPluginJar : add opamp
2025-08-11 15:35:57,705 [INFO] IPUIPlugin:80 - create IPUIPlugin
2025-08-11 15:35:57,705 [INFO] PluginManager:220 - loadIPPluginJar : add openamp
2025-08-11 15:35:57,710 [INFO] IPUIPlugin:80 - create IPUIPlugin
2025-08-11 15:35:57,711 [INFO] PluginManager:220 - loadIPPluginJar : add pdm2pcm
2025-08-11 15:35:57,715 [INFO] IPUIPlugin:80 - create IPUIPlugin
2025-08-11 15:35:57,717 [INFO] PluginManager:220 - loadIPPluginJar : add plateformsettings
2025-08-11 15:35:57,718 [INFO] IPUIPlugin:80 - create IPUIPlugin
2025-08-11 15:35:57,718 [INFO] PluginManager:220 - loadIPPluginJar : add quadspi
2025-08-11 15:35:57,721 [INFO] IPUIPlugin:80 - create IPUIPlugin
2025-08-11 15:35:57,721 [INFO] PluginManager:220 - loadIPPluginJar : add radio
2025-08-11 15:35:57,726 [INFO] IPUIPlugin:80 - create IPUIPlugin
2025-08-11 15:35:57,726 [INFO] PluginManager:220 - loadIPPluginJar : add resmgrutility
2025-08-11 15:35:57,728 [INFO] IPUIPlugin:80 - create IPUIPlugin
2025-08-11 15:35:57,729 [INFO] PluginManager:220 - loadIPPluginJar : add sai
2025-08-11 15:35:57,731 [INFO] IPUIPlugin:80 - create IPUIPlugin
2025-08-11 15:35:57,731 [INFO] PluginManager:220 - loadIPPluginJar : add spi
2025-08-11 15:35:57,737 [INFO] IPUIPlugin:80 - create IPUIPlugin
2025-08-11 15:35:57,737 [INFO] PluginManager:220 - loadIPPluginJar : add stm32_wpan
2025-08-11 15:35:57,739 [INFO] IPUIPlugin:80 - create IPUIPlugin
2025-08-11 15:35:57,739 [INFO] PluginManager:220 - loadIPPluginJar : add tim
2025-08-11 15:35:57,741 [INFO] IPUIPlugin:80 - create IPUIPlugin
2025-08-11 15:35:57,742 [INFO] PluginManager:220 - loadIPPluginJar : add touchsensing
2025-08-11 15:35:57,744 [INFO] IPUIPlugin:80 - create IPUIPlugin
2025-08-11 15:35:57,744 [INFO] PluginManager:220 - loadIPPluginJar : add tracer_emb
2025-08-11 15:35:57,746 [INFO] IPUIPlugin:80 - create IPUIPlugin
2025-08-11 15:35:57,746 [INFO] PluginManager:220 - loadIPPluginJar : add ts
2025-08-11 15:35:57,748 [INFO] IPUIPlugin:80 - create IPUIPlugin
2025-08-11 15:35:57,748 [INFO] PluginManager:220 - loadIPPluginJar : add tsc
2025-08-11 15:35:57,751 [INFO] IPUIPlugin:80 - create IPUIPlugin
2025-08-11 15:35:57,751 [INFO] PluginManager:220 - loadIPPluginJar : add ucpd
2025-08-11 15:35:57,753 [INFO] IPUIPlugin:80 - create IPUIPlugin
2025-08-11 15:35:57,753 [INFO] PluginManager:220 - loadIPPluginJar : add usart
2025-08-11 15:35:57,756 [INFO] IPUIPlugin:80 - create IPUIPlugin
2025-08-11 15:35:57,756 [INFO] PluginManager:220 - loadIPPluginJar : add usbx
2025-08-11 15:35:57,882 [FATAL] Updater:351 - Updater called before beeing initialized
2025-08-11 15:35:57,959 [INFO] RulesReader:64 - Compatibility file has been processed (317 Rules)
2025-08-11 15:35:57,970 [INFO] RulesReader:64 - Compatibility file has been processed (317 Rules)
2025-08-11 15:35:57,979 [INFO] CADModel:165 - CPN selected for project level
2025-08-11 15:35:57,979 [INFO] CADModel:114 - Register for checkConnection events
2025-08-11 15:35:57,980 [FATAL] Updater:351 - Updater called before beeing initialized
2025-08-11 15:35:57,980 [ERROR] CADModel:125 - Updater not yet initialized, retry later 
2025-08-11 15:35:58,117 [FATAL] Updater:351 - Updater called before beeing initialized
2025-08-11 15:35:58,118 [INFO] CADModel:165 - CPN selected for project level
2025-08-11 15:35:58,119 [INFO] CADModel:114 - Register for checkConnection events
2025-08-11 15:35:58,119 [FATAL] Updater:351 - Updater called before beeing initialized
2025-08-11 15:35:58,119 [ERROR] CADModel:125 - Updater not yet initialized, retry later 
2025-08-11 15:35:58,122 [FATAL] Updater:351 - Updater called before beeing initialized
2025-08-11 15:35:58,230 [FATAL] Updater:351 - Updater called before beeing initialized
2025-08-11 15:35:58,233 [INFO] DbMcusAds:53 - JSON generation date=Tue Jul 08 13:44:23 IST 2025 (1751962463582)
2025-08-11 15:35:58,234 [FATAL] Updater:351 - Updater called before beeing initialized
2025-08-11 15:35:58,264 [WARN] DetailPanel:346 - Failed to get advertising image, set to default
2025-08-11 15:35:58,325 [FATAL] Updater:351 - Updater called before beeing initialized
2025-08-11 15:35:58,327 [FATAL] Updater:351 - Updater called before beeing initialized
2025-08-11 15:35:58,328 [FATAL] Updater:351 - Updater called before beeing initialized
2025-08-11 15:35:58,328 [WARN] DetailPanel:346 - Failed to get advertising image, set to default
2025-08-11 15:35:58,329 [FATAL] Updater:351 - Updater called before beeing initialized
2025-08-11 15:35:58,368 [ERROR] Updater:1198 - MainUpdater not yet initialized. External WinMGr cannot be set.
2025-08-11 15:35:58,371 [INFO] Updater:1134 - Updater Version found : 6.15.0
2025-08-11 15:35:58,389 [INFO] ApplicationProperties:184 - Using Application install path: C:\ST\STM32CubeIDE_1.19.0\STM32CubeIDE\plugins\com.st.stm32cube.common.mx_6.15.0.202507011659
2025-08-11 15:35:59,915 [INFO] ThirdPartyUpdaterWithRetryManager:70 - Updater plugin not ready yet. [2/15]
2025-08-11 15:35:59,989 [ERROR] LogOutputStream:75 - [STDERR_REDIRECT] Aug 11, 2025 3:35:59 PM java.util.prefs.WindowsPreferences <init>
2025-08-11 15:35:59,989 [ERROR] LogOutputStream:75 - [STDERR_REDIRECT] WARNING: Could not open/create prefs root node Software\JavaSoft\Prefs at root 0xffffffff80000002. Windows RegCreateKeyEx(...) returned error code 5.
2025-08-11 15:35:59,989 [ERROR] LogOutputStream:75 - [STDERR_REDIRECT] 
2025-08-11 15:36:00,234 [INFO] MainUpdater:2872 - connection check result : 22
2025-08-11 15:36:00,235 [INFO] MainUpdater:289 - Updater Check For Update Now.
2025-08-11 15:36:00,235 [INFO] MicroXplorer:498 - Change Database Version : DB.6.0.150
2025-08-11 15:36:00,249 [INFO] McuFinderGlobals:63 - Set McuFinder mode to 2 (CubeIDE integrated)
2025-08-11 15:36:00,250 [INFO] UserAuth:487 - Internet connection configuration mode: 2
2025-08-11 15:36:00,261 [INFO] UserAuth:487 - Internet connection configuration mode: 2
2025-08-11 15:36:00,438 [INFO] CheckServerUpdateThread:120 - End of CheckServer Thread
2025-08-11 15:36:03,187 [WARN] PackLoader:240 - Cannot read IP mode file for STMicroelectronics.FP-SNS-MOTENVWB1.1.4.0
2025-08-11 15:36:03,193 [WARN] PackLoader:240 - Cannot read IP mode file for STMicroelectronics.FP-ATR-ASTRA1.2.0.2
2025-08-11 15:36:03,195 [WARN] PackLoader:240 - Cannot read IP mode file for STMicroelectronics.FP-ATR-ASTRA1.2.0.1
2025-08-11 15:36:03,211 [WARN] PackLoader:240 - Cannot read IP mode file for STMicroelectronics.X-CUBE-SMBUS.2.1.0
2025-08-11 15:36:03,218 [WARN] PackLoader:240 - Cannot read IP mode file for STMicroelectronics.X-CUBE-WB05N.1.1.0
2025-08-11 15:36:03,234 [WARN] PackLoader:240 - Cannot read IP mode file for STMicroelectronics.X-CUBE-ST60.1.0.0
2025-08-11 15:36:03,263 [WARN] PackLoader:240 - Cannot read IP mode file for STMicroelectronics.X-CUBE-AZRTOS-F7.1.1.0
2025-08-11 15:36:03,308 [WARN] PackLoader:240 - Cannot read IP mode file for STMicroelectronics.X-CUBE-MEMS1.11.0.0
2025-08-11 15:36:03,467 [WARN] PackLoader:240 - Cannot read IP mode file for STMicroelectronics.FP-SNS-FLIGHT1.5.0.2
2025-08-11 15:36:03,490 [WARN] PackLoader:240 - Cannot read IP mode file for STMicroelectronics.X-CUBE-AZRTOS-H7.3.4.0
2025-08-11 15:36:03,500 [WARN] PackLoader:240 - Cannot read IP mode file for STMicroelectronics.X-CUBE-DISPLAY.3.0.0
2025-08-11 15:36:03,507 [WARN] PackLoader:240 - Cannot read IP mode file for STMicroelectronics.X-CUBE-BLE1.7.0.0
2025-08-11 15:36:03,513 [WARN] PackLoader:240 - Cannot read IP mode file for STMicroelectronics.X-CUBE-NFC10.1.0.0
2025-08-11 15:36:03,524 [WARN] PackLoader:240 - Cannot read IP mode file for STMicroelectronics.X-CUBE-BLEMGR.4.0.0
2025-08-11 15:36:03,531 [WARN] PackLoader:240 - Cannot read IP mode file for emotas.I-CUBE-CANOPEN.1.3.0
2025-08-11 15:36:03,540 [WARN] PackLoader:240 - Cannot read IP mode file for STMicroelectronics.X-CUBE-BLEMGR.3.1.0
2025-08-11 15:36:03,550 [WARN] PackLoader:240 - Cannot read IP mode file for STMicroelectronics.X-CUBE-AI.10.0.0
2025-08-11 15:36:03,561 [WARN] PackLoader:240 - Cannot read IP mode file for STMicroelectronics.FP-SNS-STBOX1.2.1.0
2025-08-11 15:36:03,573 [WARN] PackLoader:240 - Cannot read IP mode file for STMicroelectronics.FP-SNS-SMARTAG2.1.2.0
2025-08-11 15:36:03,579 [WARN] PackLoader:240 - Cannot read IP mode file for STMicroelectronics.FP-SNS-FLIGHT1.5.1.0
2025-08-11 15:36:03,605 [WARN] PackLoader:240 - Cannot read IP mode file for STMicroelectronics.X-CUBE-MEMS1.11.1.0
2025-08-11 15:36:03,686 [INFO] LogOutputStream:77 - [STDOUT_REDIRECT] 1 : Invalid condition id : UX_CORESTACK_Condition cause : null
2025-08-11 15:36:03,687 [INFO] LogOutputStream:77 - [STDOUT_REDIRECT] 1 : Invalid condition id : UX_CORESTACK_Condition cause : null
2025-08-11 15:36:03,688 [INFO] LogOutputStream:77 - [STDOUT_REDIRECT] 1 : Invalid condition id : UX_CORESTACK_Condition cause : null
2025-08-11 15:36:03,689 [INFO] LogOutputStream:77 - [STDOUT_REDIRECT] 1 : Invalid condition id : UX_CORESTACK_Condition cause : null
2025-08-11 15:36:03,690 [INFO] LogOutputStream:77 - [STDOUT_REDIRECT] 1 : Invalid condition id : UX_CORESTACK_Condition cause : null
2025-08-11 15:36:03,692 [WARN] PackLoader:240 - Cannot read IP mode file for STMicroelectronics.X-CUBE-AZRTOS-WL.2.0.0
2025-08-11 15:36:03,698 [WARN] PackLoader:240 - Cannot read IP mode file for STMicroelectronics.FP-SNS-MOTENV1.5.0.0
2025-08-11 15:36:03,702 [WARN] PackLoader:240 - Cannot read IP mode file for wolfSSL.I-CUBE-wolfMQTT.1.19.0
2025-08-11 15:36:03,708 [WARN] PackLoader:240 - Cannot read IP mode file for WES.I-CUBE-Cesium.1.3.0
2025-08-11 15:36:03,712 [WARN] PackLoader:240 - Cannot read IP mode file for STMicroelectronics.X-CUBE-BLE2.3.3.0
2025-08-11 15:36:03,717 [WARN] PackLoader:240 - Cannot read IP mode file for STMicroelectronics.X-CUBE-NFC9.1.0.0
2025-08-11 15:36:03,725 [WARN] PackLoader:240 - Cannot read IP mode file for STMicroelectronics.X-CUBE-BLE1.7.1.0
2025-08-11 15:36:03,729 [WARN] PackLoader:240 - Cannot read IP mode file for STMicroelectronics.X-CUBE-TCPP.4.1.0
2025-08-11 15:36:03,735 [WARN] PackLoader:240 - Cannot read IP mode file for STMicroelectronics.X-CUBE-EEPRMA1.5.2.0
2025-08-11 15:36:03,738 [WARN] PackLoader:240 - Cannot read IP mode file for STMicroelectronics.X-CUBE-AI.10.1.0
2025-08-11 15:36:03,767 [WARN] PackLoader:240 - Cannot read IP mode file for STMicroelectronics.X-CUBE-MEMS1.11.2.0
2025-08-11 15:36:03,952 [WARN] PackLoader:240 - Cannot read IP mode file for STMicroelectronics.X-CUBE-AZRTOS-G0.1.1.0
2025-08-11 15:36:03,959 [WARN] PackLoader:240 - Cannot read IP mode file for STMicroelectronics.X-CUBE-SAFEA1.1.2.2
2025-08-11 15:36:03,963 [WARN] PackLoader:240 - Cannot read IP mode file for STMicroelectronics.X-CUBE-NFC4.3.0.0
2025-08-11 15:36:03,972 [WARN] PackLoader:240 - Cannot read IP mode file for EmbeddedOffice.I-CUBE-FS-RTOS.1.0.1
2025-08-11 15:36:03,977 [WARN] PackLoader:240 - Cannot read IP mode file for STMicroelectronics.X-CUBE-WB05N.2.0.0
2025-08-11 15:36:03,981 [WARN] PackLoader:240 - Cannot read IP mode file for STMicroelectronics.X-CUBE-TCPP.4.2.0
2025-08-11 15:36:03,985 [WARN] PackLoader:240 - Cannot read IP mode file for RealThread.X-CUBE-RT-Thread_Nano.4.1.1
2025-08-11 15:36:03,988 [WARN] PackLoader:240 - Cannot read IP mode file for STMicroelectronics.FP-ATR-SIGFOX1.3.2.0
2025-08-11 15:36:03,992 [WARN] ConditionMgr:438 - getConditionDescription Invalid condition id : Cortex-A Device cause : null
2025-08-11 15:36:04,001 [WARN] ConditionMgr:1044 - genDependencies : Invalid condition id : Cortex-A Device cause : null
2025-08-11 15:36:04,001 [WARN] ConditionMgr:1044 - genDependencies : Invalid condition id : Cortex-A Device cause : null
2025-08-11 15:36:04,002 [WARN] ConditionMgr:1044 - genDependencies : Invalid condition id : Cortex-A Device cause : null
2025-08-11 15:36:04,004 [WARN] PackLoader:240 - Cannot read IP mode file for STMicroelectronics.X-CUBE-EEPRMA1.5.1.0
2025-08-11 15:36:04,008 [WARN] PackLoader:240 - Cannot read IP mode file for wolfSSL.I-CUBE-wolfSSL.5.7.4
2025-08-11 15:36:04,012 [WARN] PackLoader:240 - Cannot read IP mode file for ITTIA_DB.I-CUBE-ITTIADB.8.9.0
2025-08-11 15:36:04,015 [WARN] PackLoader:240 - Cannot read IP mode file for STMicroelectronics.X-CUBE-ST67W61.1.0.0
2025-08-11 15:36:04,018 [WARN] PackLoader:240 - Cannot read IP mode file for STMicroelectronics.X-CUBE-AI.10.2.0
2025-08-11 15:36:04,036 [WARN] PackLoader:240 - Cannot read IP mode file for SEGGER.I-CUBE-embOS.1.3.1
2025-08-11 15:36:04,057 [WARN] PackLoader:240 - Cannot read IP mode file for STMicroelectronics.X-CUBE-ALGOBUILD.1.4.0
2025-08-11 15:36:04,077 [WARN] PackLoader:240 - Cannot read IP mode file for STMicroelectronics.X-CUBE-MEMS1.11.3.0
2025-08-11 15:36:04,141 [WARN] PackLoader:240 - Cannot read IP mode file for STMicroelectronics.X-CUBE-AI.9.1.0
2025-08-11 15:36:04,145 [WARN] PackLoader:240 - Cannot read IP mode file for STMicroelectronics.X-CUBE-PM33A1.1.0.0
2025-08-11 15:36:04,154 [WARN] PackLoader:240 - Cannot read IP mode file for STMicroelectronics.X-CUBE-AZRTOS-F4.1.1.0
2025-08-11 15:36:04,159 [WARN] PackLoader:240 - Cannot read IP mode file for Avnet-IotConnect.X-CUBE-IoTC-DA16k-PMOD.1.0.0
2025-08-11 15:36:04,162 [WARN] PackLoader:240 - Cannot read IP mode file for STMicroelectronics.X-CUBE-ISPU.2.1.0
2025-08-11 15:36:04,166 [WARN] PackLoader:240 - Cannot read IP mode file for STMicroelectronics.X-CUBE-FREERTOS.1.2.0
2025-08-11 15:36:04,171 [WARN] PackLoader:240 - Cannot read IP mode file for STMicroelectronics.X-CUBE-NFC12.1.0.0
2025-08-11 15:36:04,184 [WARN] PackLoader:240 - Cannot read IP mode file for STMicroelectronics.X-CUBE-AZRTOS-L5.2.0.0
2025-08-11 15:36:04,192 [WARN] PackLoader:240 - Cannot read IP mode file for STMicroelectronics.X-CUBE-NFC6.3.1.0
2025-08-11 15:36:04,209 [WARN] PackLoader:240 - Cannot read IP mode file for STMicroelectronics.X-CUBE-DPower.1.2.0
2025-08-11 15:36:04,228 [WARN] PackLoader:240 - Cannot read IP mode file for STMicroelectronics.X-CUBE-FREERTOS.1.3.1
2025-08-11 15:36:04,253 [WARN] PackLoader:240 - Cannot read IP mode file for STMicroelectronics.X-CUBE-FREERTOS.1.3.0
2025-08-11 15:36:04,277 [WARN] PackLoader:240 - Cannot read IP mode file for STMicroelectronics.X-CUBE-NFC7.1.0.1
2025-08-11 15:36:04,282 [WARN] PackLoader:240 - Cannot read IP mode file for STMicroelectronics.FP-SNS-STAIOTCFT.1.0.0
2025-08-11 15:36:04,288 [WARN] PackLoader:240 - Cannot read IP mode file for STMicroelectronics.X-CUBE-DPower.1.3.0
2025-08-11 15:36:04,299 [WARN] ConditionMgr:438 - getConditionDescription Invalid condition id : LAN8742 Phy interface Condition cause : null
2025-08-11 15:36:04,300 [WARN] PackLoader:240 - Cannot read IP mode file for STMicroelectronics.X-CUBE-AZRTOS-L4.2.0.0
2025-08-11 15:36:04,301 [WARN] ConditionMgr:1044 - genDependencies : Invalid condition id : LAN8742 Phy interface Condition cause : null
2025-08-11 15:36:04,301 [WARN] ConditionMgr:1044 - genDependencies : Invalid condition id : LAN8742 Phy interface Condition cause : null
2025-08-11 15:36:04,301 [WARN] ConditionMgr:1044 - genDependencies : Invalid condition id : LAN8742 Phy interface Condition cause : null
2025-08-11 15:36:04,307 [WARN] PackLoader:240 - Cannot read IP mode file for STMicroelectronics.X-CUBE-SFXS2LP1.4.0.0
2025-08-11 15:36:04,317 [WARN] PackLoader:240 - Cannot read IP mode file for STMicroelectronics.X-CUBE-AZRTOS-H7.3.3.0
2025-08-11 15:36:04,324 [WARN] PackLoader:240 - Cannot read IP mode file for STMicroelectronics.X-CUBE-BLEMGR.4.1.0
2025-08-11 15:36:04,331 [WARN] PackLoader:240 - Cannot read IP mode file for STMicroelectronics.X-CUBE-IPS.3.0.0
2025-08-11 15:36:04,339 [WARN] ConditionMgr:438 - getConditionDescription Invalid condition id : UX DEVICE CLASS RTOS Condition cause : null
2025-08-11 15:36:04,340 [WARN] ConditionMgr:438 - getConditionDescription Invalid condition id : UX DEVICE CLASS RTOS Condition cause : null
2025-08-11 15:36:04,340 [WARN] PackLoader:240 - Cannot read IP mode file for STMicroelectronics.X-CUBE-AZRTOS-WB.2.0.0
2025-08-11 15:36:04,341 [WARN] ConditionMgr:1044 - genDependencies : Invalid condition id : UX DEVICE CLASS RTOS Condition cause : null
2025-08-11 15:36:04,341 [WARN] ConditionMgr:1044 - genDependencies : Invalid condition id : UX DEVICE CLASS RTOS Condition cause : null
2025-08-11 15:36:04,341 [WARN] ConditionMgr:1044 - genDependencies : Invalid condition id : UX DEVICE CLASS RTOS Condition cause : null
2025-08-11 15:36:04,341 [WARN] ConditionMgr:1044 - genDependencies : Invalid condition id : UX DEVICE CLASS RTOS Condition cause : null
2025-08-11 15:36:04,341 [WARN] ConditionMgr:1044 - genDependencies : Invalid condition id : UX DEVICE CLASS RTOS Condition cause : null
2025-08-11 15:36:04,346 [WARN] PackLoader:240 - Cannot read IP mode file for STMicroelectronics.X-CUBE-GNSS1.7.0.0
2025-08-11 15:36:04,349 [WARN] PackLoader:240 - Cannot read IP mode file for STMicroelectronics.X-CUBE-GNSS1.7.0.1
2025-08-11 15:36:04,355 [WARN] PackLoader:240 - Cannot read IP mode file for STMicroelectronics.X-CUBE-TOUCHGFX.4.25.0
2025-08-11 15:36:04,358 [WARN] PackLoader:240 - Cannot read IP mode file for STMicroelectronics.FP-SNS-STBOX1.2.0.0
2025-08-11 15:36:04,366 [WARN] PackLoader:240 - Cannot read IP mode file for STMicroelectronics.X-CUBE-SUBG2.5.0.0
2025-08-11 15:36:04,377 [WARN] PackLoader:240 - Cannot read IP mode file for STMicroelectronics.X-CUBE-AZRTOS-H7RS.1.1.0
2025-08-11 15:36:04,381 [WARN] PackLoader:240 - Cannot read IP mode file for Cesanta.I-CUBE-Mongoose.7.13.0
2025-08-11 15:36:04,392 [WARN] PackLoader:240 - Cannot read IP mode file for STMicroelectronics.X-CUBE-AZRTOS-G4.2.0.0
2025-08-11 15:36:04,395 [WARN] PackLoader:240 - Cannot read IP mode file for STMicroelectronics.X-CUBE-NFC7.2.0.0
2025-08-11 15:36:04,400 [WARN] PackLoader:240 - Cannot read IP mode file for STMicroelectronics.X-CUBE-IPS.3.1.0
2025-08-11 15:36:04,406 [WARN] PackLoader:240 - Cannot read IP mode file for STMicroelectronics.X-CUBE-ALS.1.0.2
2025-08-11 15:36:04,409 [WARN] PackLoader:240 - Cannot read IP mode file for STMicroelectronics.X-CUBE-TOUCHGFX.4.24.1
2025-08-11 15:36:04,412 [WARN] PackLoader:240 - Cannot read IP mode file for wolfSSL.I-CUBE-wolfTPM.3.4.0
2025-08-11 15:36:04,415 [WARN] PackLoader:240 - Cannot read IP mode file for portGmbH.I-Cube-SoM-uGOAL.1.1.0
2025-08-11 15:36:04,425 [WARN] PackLoader:240 - Cannot read IP mode file for STMicroelectronics.X-CUBE-AZRTOS-H7RS.1.0.0
2025-08-11 15:36:04,431 [WARN] PackLoader:240 - Cannot read IP mode file for STMicroelectronics.X-CUBE-TOF1.3.4.2
2025-08-11 15:36:04,441 [WARN] PackLoader:240 - Cannot read IP mode file for STMicroelectronics.X-CUBE-TOF1.3.4.3
2025-08-11 15:36:04,454 [WARN] PackLoader:240 - Cannot read IP mode file for Infineon.AIROC-Wi-Fi-Bluetooth-STM32.1.6.1
2025-08-11 15:36:04,458 [WARN] PackLoader:240 - Cannot read IP mode file for wolfSSL.I-CUBE-wolfSSH.1.4.17
2025-08-11 15:36:04,459 [INFO] ThirdParty:978 - Integrity check success = true
2025-08-11 15:36:04,459 [INFO] IntegrityCheckThread:100 - exiting critical section [integrity check]
2025-08-11 15:36:04,459 [INFO] IntegrityCheckThread:103 - End integrity checks thread
2025-08-11 16:47:20,866 [ERROR] ConfigurationRetriever:142 - IOException on connection: sw-center.st.com
2025-08-11 16:47:20,868 [ERROR] ConfigurationRetriever:142 - IOException on connection: sw-center.st.com
2025-08-11 16:47:20,868 [ERROR] ConfigurationRetriever:142 - IOException on connection: sw-center.st.com
2025-08-11 16:47:26,096 [ERROR] LogOutputStream:75 - [STDERR_REDIRECT] 
2025-08-11 18:38:18,669 [INFO] Activator:176 - 


2025-08-11 18:38:18,670 [INFO] Activator:177 - !SESSION log4j initialized
2025-08-11 18:38:22,757 [INFO] LogOutputStream:77 - [STDOUT_REDIRECT] 
2025-08-11 18:38:23,142 [ERROR] ConfigurationRetriever:142 - IOException on connection: sw-center.st.com
2025-08-11 18:38:23,143 [ERROR] ConfigurationRetriever:142 - IOException on connection: sw-center.st.com
2025-08-11 18:38:23,143 [ERROR] ConfigurationRetriever:142 - IOException on connection: sw-center.st.com
2025-08-11 18:38:23,607 [INFO] ApplicationProperties:184 - Using Application install path: C:\ST\STM32CubeIDE_1.19.0\STM32CubeIDE\plugins\com.st.stm32cube.common.mx_6.15.0.202507011659
2025-08-11 18:38:23,627 [INFO] DbMcusXml:78 - Set database path to: C:\ST\STM32CubeIDE_1.19.0\STM32CubeIDE\plugins\com.st.stm32cube.common.mx_6.15.0.202507011659\\db\/mcu/
2025-08-11 18:38:23,627 [INFO] ApiDb:274 - Set plugin database path to: C:\ST\STM32CubeIDE_1.19.0\STM32CubeIDE\plugins\com.st.stm32cube.common.mx_6.15.0.202507011659\\db\/plugins/boardmanager/
2025-08-11 18:38:23,628 [WARN] ApiDb:259 - Overriding images path with different value:  => C:\ST\STM32CubeIDE_1.19.0\STM32CubeIDE\plugins\com.st.stm32cube.common.mx_6.15.0.202507011659\\db\/plugins/mcufinder/images/
2025-08-11 18:38:23,634 [INFO] ApiDb:250 - Set database path to: C:\Users\sheet\.stmcufinder\plugins\mcufinder//mcu/
2025-08-11 18:38:23,636 [INFO] DbMcusAds:125 - Set database path to: C:\Users\sheet\.stmcufinder\plugins\mcufinder//mcu/
2025-08-11 18:38:23,638 [INFO] CrossReferenceDbSqlite:203 - Set database path to: C:\Users\sheet\.stmcufinder\plugins\mcufinder//mcu/cs/
2025-08-11 18:38:23,754 [INFO] RulesReader:64 - Compatibility file has been processed (317 Rules)
2025-08-11 18:38:23,829 [INFO] DbMcusXml:78 - Set database path to: C:\ST\STM32CubeIDE_1.19.0\STM32CubeIDE\plugins\com.st.stm32cube.common.mx_6.15.0.202507011659\\db\/mcu/
2025-08-11 18:38:23,829 [INFO] ApiDb:274 - Set plugin database path to: C:\ST\STM32CubeIDE_1.19.0\STM32CubeIDE\plugins\com.st.stm32cube.common.mx_6.15.0.202507011659\\db\/plugins/boardmanager/
2025-08-11 18:38:23,829 [INFO] ApiDb:261 - Set plugin images path to: C:\ST\STM32CubeIDE_1.19.0\STM32CubeIDE\plugins\com.st.stm32cube.common.mx_6.15.0.202507011659\\db\/plugins/mcufinder/images/
2025-08-11 18:38:23,830 [WARN] DbFile:41 - Overriding database path with different value: C:\Users\sheet\.stmcufinder\plugins\mcufinder/ => C:\Users\sheet\.stmcufinder\plugins\mcufinder
2025-08-11 18:38:23,830 [INFO] ApiDb:250 - Set database path to: C:\Users\sheet\.stmcufinder\plugins\mcufinder//mcu/
2025-08-11 18:38:23,830 [WARN] DbFile:41 - Overriding database path with different value: C:\Users\sheet\.stmcufinder\plugins\mcufinder/ => C:\Users\sheet\.stmcufinder\plugins\mcufinder
2025-08-11 18:38:23,830 [INFO] DbMcusAds:125 - Set database path to: C:\Users\sheet\.stmcufinder\plugins\mcufinder//mcu/
2025-08-11 18:38:23,830 [WARN] DbFile:41 - Overriding database path with different value: C:\Users\sheet\.stmcufinder\plugins\mcufinder/ => C:\Users\sheet\.stmcufinder\plugins\mcufinder
2025-08-11 18:38:23,830 [WARN] DbFile:41 - Overriding database path with different value: C:\Users\sheet\.stmcufinder\plugins\mcufinder/ => C:\Users\sheet\.stmcufinder\plugins\mcufinder
2025-08-11 18:38:23,830 [INFO] CrossReferenceDbSqlite:203 - Set database path to: C:\Users\sheet\.stmcufinder\plugins\mcufinder//mcu/cs/
2025-08-11 18:38:23,913 [INFO] MainPanel:274 - HeapMemory: 268435456
2025-08-11 18:38:24,030 [INFO] DbMcusXml:78 - Set database path to: C:\ST\STM32CubeIDE_1.19.0\STM32CubeIDE\plugins\com.st.stm32cube.common.mx_6.15.0.202507011659\\db\/mcu/
2025-08-11 18:38:24,030 [INFO] ApiDb:274 - Set plugin database path to: C:\ST\STM32CubeIDE_1.19.0\STM32CubeIDE\plugins\com.st.stm32cube.common.mx_6.15.0.202507011659\\db\/plugins/boardmanager/
2025-08-11 18:38:24,030 [INFO] ApiDb:261 - Set plugin images path to: C:\ST\STM32CubeIDE_1.19.0\STM32CubeIDE\plugins\com.st.stm32cube.common.mx_6.15.0.202507011659\\db\/plugins/mcufinder/images/
2025-08-11 18:38:24,030 [WARN] DbFile:41 - Overriding database path with different value: C:\Users\sheet\.stmcufinder\plugins\mcufinder/ => C:\Users\sheet\.stmcufinder\plugins\mcufinder
2025-08-11 18:38:24,030 [INFO] ApiDb:250 - Set database path to: C:\Users\sheet\.stmcufinder\plugins\mcufinder//mcu/
2025-08-11 18:38:24,030 [WARN] DbFile:41 - Overriding database path with different value: C:\Users\sheet\.stmcufinder\plugins\mcufinder/ => C:\Users\sheet\.stmcufinder\plugins\mcufinder
2025-08-11 18:38:24,030 [INFO] DbMcusAds:125 - Set database path to: C:\Users\sheet\.stmcufinder\plugins\mcufinder//mcu/
2025-08-11 18:38:24,031 [WARN] DbFile:41 - Overriding database path with different value: C:\Users\sheet\.stmcufinder\plugins\mcufinder/ => C:\Users\sheet\.stmcufinder\plugins\mcufinder
2025-08-11 18:38:24,031 [WARN] DbFile:41 - Overriding database path with different value: C:\Users\sheet\.stmcufinder\plugins\mcufinder/ => C:\Users\sheet\.stmcufinder\plugins\mcufinder
2025-08-11 18:38:24,031 [INFO] CrossReferenceDbSqlite:203 - Set database path to: C:\Users\sheet\.stmcufinder\plugins\mcufinder//mcu/cs/
2025-08-11 18:38:24,049 [INFO] ApplicationProperties:184 - Using Application install path: C:\ST\STM32CubeIDE_1.19.0\STM32CubeIDE\plugins\com.st.stm32cube.common.mx_6.15.0.202507011659
2025-08-11 18:38:24,050 [INFO] PluginManage:196 - Search for loadable plugins [exclusion list=, ]
2025-08-11 18:38:24,052 [INFO] PluginManage:310 - Check plugin analytics
2025-08-11 18:38:24,280 [INFO] AnalyticsPlugin:253 - Accepted Software Licenses: 
2025-08-11 18:38:24,280 [INFO] AnalyticsPlugin:255 - Accepted CMSIS Pack Licenses: 
2025-08-11 18:38:24,281 [INFO] AnalyticsPlugin:257 - Accepted Firmware Licenses: FW.F4.1.28.0
2025-08-11 18:38:24,283 [INFO] PluginManage:359 - Loaded plugin analytics (category:tool,tabindex:-1)
2025-08-11 18:38:24,283 [ERROR] ConfigurationRetriever:142 - IOException on connection: sw-center.st.com
2025-08-11 18:38:24,283 [INFO] PluginManage:310 - Check plugin cadmodel
2025-08-11 18:38:24,284 [ERROR] ConfigurationRetriever:142 - IOException on connection: sw-center.st.com
2025-08-11 18:38:24,284 [ERROR] ConfigurationRetriever:142 - IOException on connection: sw-center.st.com
2025-08-11 18:38:24,289 [INFO] CADModel:105 - Init CAD model plugin
2025-08-11 18:38:24,290 [INFO] PluginManage:359 - Loaded plugin cadmodel (category:power,tabindex:5)
2025-08-11 18:38:24,290 [INFO] PluginManage:310 - Check plugin clock
2025-08-11 18:38:24,303 [INFO] PluginManage:359 - Loaded plugin clock (category:base,tabindex:2)
2025-08-11 18:38:24,303 [INFO] PluginManage:310 - Check plugin ddr
2025-08-11 18:38:24,306 [INFO] PluginManage:359 - Loaded plugin ddr (category:tool,tabindex:6)
2025-08-11 18:38:24,306 [INFO] PluginManage:310 - Check plugin filemanager
2025-08-11 18:38:24,448 [INFO] PluginManage:359 - Loaded plugin filemanager (category:base,tabindex:10)
2025-08-11 18:38:24,448 [INFO] PluginManage:310 - Check plugin ipmanager
2025-08-11 18:38:24,455 [INFO] PluginManage:359 - Loaded plugin ipmanager (category:base,tabindex:5)
2025-08-11 18:38:24,455 [INFO] PluginManage:310 - Check plugin lpbam
2025-08-11 18:38:24,463 [INFO] PluginManage:359 - Loaded plugin lpbam (category:base,tabindex:0)
2025-08-11 18:38:24,463 [INFO] PluginManage:310 - Check plugin memorymap
2025-08-11 18:38:24,477 [INFO] PluginManage:359 - Loaded plugin memorymap (category:base,tabindex:4)
2025-08-11 18:38:24,477 [INFO] PluginManage:310 - Check plugin pinoutandconfiguration
2025-08-11 18:38:24,487 [INFO] PluginManage:359 - Loaded plugin pinoutandconfiguration (category:base,tabindex:1)
2025-08-11 18:38:24,488 [INFO] PluginManage:310 - Check plugin pinoutconfig
2025-08-11 18:38:24,582 [WARN] SupportedApi:132 - Cannot load RTOS API schema: s4s-elt-must-match.1: The content of 'definitions' must match (annotation?, (simpleType | complexType)?, (unique | key | keyref)*)). A problem was found starting at: attribute.
2025-08-11 18:38:24,727 [INFO] PluginManage:359 - Loaded plugin pinoutconfig (category:base,tabindex:0)
2025-08-11 18:38:24,727 [INFO] PluginManage:310 - Check plugin power
2025-08-11 18:38:24,739 [INFO] PluginManage:359 - Loaded plugin power (category:power,tabindex:4)
2025-08-11 18:38:24,739 [INFO] PluginManage:310 - Check plugin projectmanager
2025-08-11 18:38:24,762 [INFO] PluginManage:359 - Loaded plugin projectmanager (category:projectmanager,tabindex:4)
2025-08-11 18:38:24,762 [INFO] PluginManage:310 - Check plugin rif
2025-08-11 18:38:24,774 [INFO] PluginManage:359 - Loaded plugin rif (category:base,tabindex:3)
2025-08-11 18:38:24,775 [INFO] PluginManage:310 - Check plugin thirdparty
2025-08-11 18:38:24,919 [WARN] IntegrityCheckThread:84 - waiting for thirdparty lock release [integrity check]
2025-08-11 18:38:24,919 [INFO] IntegrityCheckThread:86 - entering critical section [integrity check]
2025-08-11 18:38:24,920 [INFO] ThirdPartyUpdaterWithRetryManager:70 - Updater plugin not ready yet. [1/15]
2025-08-11 18:38:24,920 [INFO] PluginManage:359 - Loaded plugin thirdparty (category:base,tabindex:-1)
2025-08-11 18:38:24,920 [INFO] PluginManage:310 - Check plugin tools
2025-08-11 18:38:24,925 [INFO] PluginManage:359 - Loaded plugin tools (category:base,tabindex:7)
2025-08-11 18:38:24,925 [INFO] PluginManage:310 - Check plugin tutovideos
2025-08-11 18:38:25,160 [INFO] PluginManage:359 - Loaded plugin tutovideos (category:base,tabindex:-1)
2025-08-11 18:38:25,161 [INFO] PluginManage:310 - Check plugin updater
2025-08-11 18:38:25,192 [INFO] PluginManage:359 - Loaded plugin updater (category:base,tabindex:12)
2025-08-11 18:38:25,192 [INFO] PluginManage:310 - Check plugin userauth
2025-08-11 18:38:25,199 [INFO] UserAuth:118 - Init User Auth plugin
2025-08-11 18:38:25,200 [INFO] PluginManage:359 - Loaded plugin userauth (category:base,tabindex:14)
2025-08-11 18:38:25,201 [INFO] PluginManage:283 - PluginManage : Loaded plugins [18]
2025-08-11 18:38:25,398 [INFO] PinOutPanel:1589 - setPackage(No Configuration,No Configuration)
2025-08-11 18:38:25,506 [INFO] CADModel:165 - CPN selected for project level
2025-08-11 18:38:25,506 [INFO] CADModel:114 - Register for checkConnection events
2025-08-11 18:38:25,527 [INFO] IPUIPlugin:80 - create IPUIPlugin
2025-08-11 18:38:25,527 [INFO] PluginManager:220 - loadIPPluginJar : add adc
2025-08-11 18:38:25,530 [INFO] IPUIPlugin:80 - create IPUIPlugin
2025-08-11 18:38:25,530 [INFO] PluginManager:220 - loadIPPluginJar : add aes
2025-08-11 18:38:25,532 [INFO] IPUIPlugin:80 - create IPUIPlugin
2025-08-11 18:38:25,532 [INFO] PluginManager:220 - loadIPPluginJar : add can
2025-08-11 18:38:25,534 [INFO] IPUIPlugin:80 - create IPUIPlugin
2025-08-11 18:38:25,534 [INFO] PluginManager:220 - loadIPPluginJar : add comp
2025-08-11 18:38:25,537 [INFO] IPUIPlugin:80 - create IPUIPlugin
2025-08-11 18:38:25,537 [INFO] PluginManager:220 - loadIPPluginJar : add cryp
2025-08-11 18:38:25,541 [INFO] IPUIPlugin:80 - create IPUIPlugin
2025-08-11 18:38:25,542 [INFO] PluginManager:220 - loadIPPluginJar : add ddr_ctrl_phy
2025-08-11 18:38:25,544 [INFO] IPUIPlugin:80 - create IPUIPlugin
2025-08-11 18:38:25,545 [INFO] PluginManager:220 - loadIPPluginJar : add dfsdm
2025-08-11 18:38:25,551 [INFO] IPUIPlugin:80 - create IPUIPlugin
2025-08-11 18:38:25,551 [INFO] PluginManager:220 - loadIPPluginJar : add dma
2025-08-11 18:38:25,554 [INFO] IPUIPlugin:80 - create IPUIPlugin
2025-08-11 18:38:25,555 [INFO] PluginManager:220 - loadIPPluginJar : add dma3
2025-08-11 18:38:25,558 [INFO] IPUIPlugin:80 - create IPUIPlugin
2025-08-11 18:38:25,558 [INFO] PluginManager:220 - loadIPPluginJar : add extmemmanager
2025-08-11 18:38:25,560 [INFO] IPUIPlugin:80 - create IPUIPlugin
2025-08-11 18:38:25,560 [INFO] PluginManager:220 - loadIPPluginJar : add fatfs
2025-08-11 18:38:25,565 [INFO] IPUIPlugin:80 - create IPUIPlugin
2025-08-11 18:38:25,565 [INFO] PluginManager:220 - loadIPPluginJar : add fmc
2025-08-11 18:38:25,572 [INFO] IPUIPlugin:80 - create IPUIPlugin
2025-08-11 18:38:25,573 [INFO] PluginManager:220 - loadIPPluginJar : add freertos
2025-08-11 18:38:25,576 [INFO] IPUIPlugin:80 - create IPUIPlugin
2025-08-11 18:38:25,576 [INFO] PluginManager:220 - loadIPPluginJar : add genericplugin
2025-08-11 18:38:25,579 [INFO] IPUIPlugin:80 - create IPUIPlugin
2025-08-11 18:38:25,580 [INFO] PluginManager:220 - loadIPPluginJar : add gfxmmu
2025-08-11 18:38:25,585 [INFO] IPUIPlugin:80 - create IPUIPlugin
2025-08-11 18:38:25,585 [INFO] PluginManager:220 - loadIPPluginJar : add gic
2025-08-11 18:38:25,590 [INFO] IPUIPlugin:80 - create IPUIPlugin
2025-08-11 18:38:25,590 [INFO] PluginManager:220 - loadIPPluginJar : add gpio
2025-08-11 18:38:25,593 [INFO] IPUIPlugin:80 - create IPUIPlugin
2025-08-11 18:38:25,593 [INFO] PluginManager:220 - loadIPPluginJar : add gtzc
2025-08-11 18:38:25,596 [INFO] IPUIPlugin:80 - create IPUIPlugin
2025-08-11 18:38:25,596 [INFO] PluginManager:220 - loadIPPluginJar : add hash
2025-08-11 18:38:25,599 [INFO] IPUIPlugin:80 - create IPUIPlugin
2025-08-11 18:38:25,599 [INFO] PluginManager:220 - loadIPPluginJar : add i2c
2025-08-11 18:38:25,602 [INFO] IPUIPlugin:80 - create IPUIPlugin
2025-08-11 18:38:25,602 [INFO] PluginManager:220 - loadIPPluginJar : add i2s
2025-08-11 18:38:25,606 [INFO] IPUIPlugin:80 - create IPUIPlugin
2025-08-11 18:38:25,606 [INFO] PluginManager:220 - loadIPPluginJar : add i3c
2025-08-11 18:38:25,610 [INFO] IPUIPlugin:80 - create IPUIPlugin
2025-08-11 18:38:25,610 [INFO] PluginManager:220 - loadIPPluginJar : add ipddr
2025-08-11 18:38:25,617 [INFO] IPUIPlugin:80 - create IPUIPlugin
2025-08-11 18:38:25,617 [INFO] PluginManager:220 - loadIPPluginJar : add linkedlist
2025-08-11 18:38:25,620 [INFO] IPUIPlugin:80 - create IPUIPlugin
2025-08-11 18:38:25,621 [INFO] PluginManager:220 - loadIPPluginJar : add lorawan
2025-08-11 18:38:25,622 [INFO] IPUIPlugin:80 - create IPUIPlugin
2025-08-11 18:38:25,623 [INFO] PluginManager:220 - loadIPPluginJar : add ltdc
2025-08-11 18:38:25,629 [INFO] IPUIPlugin:80 - create IPUIPlugin
2025-08-11 18:38:25,629 [INFO] PluginManager:220 - loadIPPluginJar : add mdma
2025-08-11 18:38:25,632 [INFO] IPUIPlugin:80 - create IPUIPlugin
2025-08-11 18:38:25,632 [INFO] PluginManager:220 - loadIPPluginJar : add nvic
2025-08-11 18:38:25,635 [INFO] IPUIPlugin:80 - create IPUIPlugin
2025-08-11 18:38:25,635 [INFO] PluginManager:220 - loadIPPluginJar : add opamp
2025-08-11 18:38:25,638 [INFO] IPUIPlugin:80 - create IPUIPlugin
2025-08-11 18:38:25,639 [INFO] PluginManager:220 - loadIPPluginJar : add openamp
2025-08-11 18:38:25,642 [INFO] IPUIPlugin:80 - create IPUIPlugin
2025-08-11 18:38:25,642 [INFO] PluginManager:220 - loadIPPluginJar : add pdm2pcm
2025-08-11 18:38:25,648 [INFO] IPUIPlugin:80 - create IPUIPlugin
2025-08-11 18:38:25,651 [INFO] PluginManager:220 - loadIPPluginJar : add plateformsettings
2025-08-11 18:38:25,653 [INFO] IPUIPlugin:80 - create IPUIPlugin
2025-08-11 18:38:25,653 [INFO] PluginManager:220 - loadIPPluginJar : add quadspi
2025-08-11 18:38:25,655 [INFO] IPUIPlugin:80 - create IPUIPlugin
2025-08-11 18:38:25,655 [INFO] PluginManager:220 - loadIPPluginJar : add radio
2025-08-11 18:38:25,659 [INFO] IPUIPlugin:80 - create IPUIPlugin
2025-08-11 18:38:25,659 [INFO] PluginManager:220 - loadIPPluginJar : add resmgrutility
2025-08-11 18:38:25,663 [INFO] IPUIPlugin:80 - create IPUIPlugin
2025-08-11 18:38:25,663 [INFO] PluginManager:220 - loadIPPluginJar : add sai
2025-08-11 18:38:25,666 [INFO] IPUIPlugin:80 - create IPUIPlugin
2025-08-11 18:38:25,666 [INFO] PluginManager:220 - loadIPPluginJar : add spi
2025-08-11 18:38:25,672 [INFO] IPUIPlugin:80 - create IPUIPlugin
2025-08-11 18:38:25,672 [INFO] PluginManager:220 - loadIPPluginJar : add stm32_wpan
2025-08-11 18:38:25,674 [INFO] IPUIPlugin:80 - create IPUIPlugin
2025-08-11 18:38:25,674 [INFO] PluginManager:220 - loadIPPluginJar : add tim
2025-08-11 18:38:25,677 [INFO] IPUIPlugin:80 - create IPUIPlugin
2025-08-11 18:38:25,677 [INFO] PluginManager:220 - loadIPPluginJar : add touchsensing
2025-08-11 18:38:25,679 [INFO] IPUIPlugin:80 - create IPUIPlugin
2025-08-11 18:38:25,679 [INFO] PluginManager:220 - loadIPPluginJar : add tracer_emb
2025-08-11 18:38:25,680 [INFO] IPUIPlugin:80 - create IPUIPlugin
2025-08-11 18:38:25,680 [INFO] PluginManager:220 - loadIPPluginJar : add ts
2025-08-11 18:38:25,681 [INFO] IPUIPlugin:80 - create IPUIPlugin
2025-08-11 18:38:25,682 [INFO] PluginManager:220 - loadIPPluginJar : add tsc
2025-08-11 18:38:25,683 [INFO] IPUIPlugin:80 - create IPUIPlugin
2025-08-11 18:38:25,683 [INFO] PluginManager:220 - loadIPPluginJar : add ucpd
2025-08-11 18:38:25,685 [INFO] IPUIPlugin:80 - create IPUIPlugin
2025-08-11 18:38:25,685 [INFO] PluginManager:220 - loadIPPluginJar : add usart
2025-08-11 18:38:25,687 [INFO] IPUIPlugin:80 - create IPUIPlugin
2025-08-11 18:38:25,687 [INFO] PluginManager:220 - loadIPPluginJar : add usbx
2025-08-11 18:38:25,811 [FATAL] Updater:351 - Updater called before beeing initialized
2025-08-11 18:38:25,912 [INFO] RulesReader:64 - Compatibility file has been processed (317 Rules)
2025-08-11 18:38:25,921 [INFO] RulesReader:64 - Compatibility file has been processed (317 Rules)
2025-08-11 18:38:25,932 [INFO] CADModel:165 - CPN selected for project level
2025-08-11 18:38:25,932 [INFO] CADModel:114 - Register for checkConnection events
2025-08-11 18:38:25,932 [FATAL] Updater:351 - Updater called before beeing initialized
2025-08-11 18:38:25,932 [ERROR] CADModel:125 - Updater not yet initialized, retry later 
2025-08-11 18:38:26,061 [FATAL] Updater:351 - Updater called before beeing initialized
2025-08-11 18:38:26,063 [INFO] CADModel:165 - CPN selected for project level
2025-08-11 18:38:26,063 [INFO] CADModel:114 - Register for checkConnection events
2025-08-11 18:38:26,063 [FATAL] Updater:351 - Updater called before beeing initialized
2025-08-11 18:38:26,063 [ERROR] CADModel:125 - Updater not yet initialized, retry later 
2025-08-11 18:38:26,066 [FATAL] Updater:351 - Updater called before beeing initialized
2025-08-11 18:38:26,185 [FATAL] Updater:351 - Updater called before beeing initialized
2025-08-11 18:38:26,191 [INFO] DbMcusAds:53 - JSON generation date=Tue Jul 08 13:44:23 IST 2025 (1751962463582)
2025-08-11 18:38:26,191 [FATAL] Updater:351 - Updater called before beeing initialized
2025-08-11 18:38:26,225 [WARN] DetailPanel:346 - Failed to get advertising image, set to default
2025-08-11 18:38:26,291 [FATAL] Updater:351 - Updater called before beeing initialized
2025-08-11 18:38:26,293 [FATAL] Updater:351 - Updater called before beeing initialized
2025-08-11 18:38:26,293 [FATAL] Updater:351 - Updater called before beeing initialized
2025-08-11 18:38:26,293 [WARN] DetailPanel:346 - Failed to get advertising image, set to default
2025-08-11 18:38:26,294 [FATAL] Updater:351 - Updater called before beeing initialized
2025-08-11 18:38:26,337 [ERROR] Updater:1198 - MainUpdater not yet initialized. External WinMGr cannot be set.
2025-08-11 18:38:26,339 [INFO] Updater:1134 - Updater Version found : 6.15.0
2025-08-11 18:38:26,355 [INFO] ApplicationProperties:184 - Using Application install path: C:\ST\STM32CubeIDE_1.19.0\STM32CubeIDE\plugins\com.st.stm32cube.common.mx_6.15.0.202507011659
2025-08-11 18:38:27,921 [INFO] ThirdPartyUpdaterWithRetryManager:70 - Updater plugin not ready yet. [2/15]
2025-08-11 18:38:27,972 [ERROR] LogOutputStream:75 - [STDERR_REDIRECT] Aug 11, 2025 6:38:27 PM java.util.prefs.WindowsPreferences <init>
2025-08-11 18:38:27,974 [ERROR] LogOutputStream:75 - [STDERR_REDIRECT] WARNING: Could not open/create prefs root node Software\JavaSoft\Prefs at root 0xffffffff80000002. Windows RegCreateKeyEx(...) returned error code 5.
2025-08-11 18:38:27,975 [ERROR] LogOutputStream:75 - [STDERR_REDIRECT] 
2025-08-11 18:38:28,268 [INFO] MainUpdater:2872 - connection check result : 22
2025-08-11 18:38:28,269 [INFO] MainUpdater:289 - Updater Check For Update Now.
2025-08-11 18:38:28,269 [INFO] MicroXplorer:498 - Change Database Version : DB.6.0.150
2025-08-11 18:38:28,304 [INFO] McuFinderGlobals:63 - Set McuFinder mode to 2 (CubeIDE integrated)
2025-08-11 18:38:28,310 [INFO] UserAuth:487 - Internet connection configuration mode: 2
2025-08-11 18:38:28,323 [INFO] UserAuth:487 - Internet connection configuration mode: 2
2025-08-11 18:38:28,464 [INFO] CheckServerUpdateThread:120 - End of CheckServer Thread
2025-08-11 18:38:31,205 [WARN] PackLoader:240 - Cannot read IP mode file for STMicroelectronics.FP-SNS-MOTENVWB1.1.4.0
2025-08-11 18:38:31,213 [WARN] PackLoader:240 - Cannot read IP mode file for STMicroelectronics.FP-ATR-ASTRA1.2.0.2
2025-08-11 18:38:31,217 [WARN] PackLoader:240 - Cannot read IP mode file for STMicroelectronics.FP-ATR-ASTRA1.2.0.1
2025-08-11 18:38:31,228 [WARN] PackLoader:240 - Cannot read IP mode file for STMicroelectronics.X-CUBE-SMBUS.2.1.0
2025-08-11 18:38:31,235 [WARN] PackLoader:240 - Cannot read IP mode file for STMicroelectronics.X-CUBE-WB05N.1.1.0
2025-08-11 18:38:31,241 [WARN] PackLoader:240 - Cannot read IP mode file for STMicroelectronics.X-CUBE-ST60.1.0.0
2025-08-11 18:38:31,265 [WARN] PackLoader:240 - Cannot read IP mode file for STMicroelectronics.X-CUBE-AZRTOS-F7.1.1.0
2025-08-11 18:38:31,315 [WARN] PackLoader:240 - Cannot read IP mode file for STMicroelectronics.X-CUBE-MEMS1.11.0.0
2025-08-11 18:38:31,502 [WARN] PackLoader:240 - Cannot read IP mode file for STMicroelectronics.FP-SNS-FLIGHT1.5.0.2
2025-08-11 18:38:31,522 [WARN] PackLoader:240 - Cannot read IP mode file for STMicroelectronics.X-CUBE-AZRTOS-H7.3.4.0
2025-08-11 18:38:31,533 [WARN] PackLoader:240 - Cannot read IP mode file for STMicroelectronics.X-CUBE-DISPLAY.3.0.0
2025-08-11 18:38:31,541 [WARN] PackLoader:240 - Cannot read IP mode file for STMicroelectronics.X-CUBE-BLE1.7.0.0
2025-08-11 18:38:31,548 [WARN] PackLoader:240 - Cannot read IP mode file for STMicroelectronics.X-CUBE-NFC10.1.0.0
2025-08-11 18:38:31,558 [WARN] PackLoader:240 - Cannot read IP mode file for STMicroelectronics.X-CUBE-BLEMGR.4.0.0
2025-08-11 18:38:31,565 [WARN] PackLoader:240 - Cannot read IP mode file for emotas.I-CUBE-CANOPEN.1.3.0
2025-08-11 18:38:31,571 [WARN] PackLoader:240 - Cannot read IP mode file for STMicroelectronics.X-CUBE-BLEMGR.3.1.0
2025-08-11 18:38:31,575 [WARN] PackLoader:240 - Cannot read IP mode file for STMicroelectronics.X-CUBE-AI.10.0.0
2025-08-11 18:38:31,581 [WARN] PackLoader:240 - Cannot read IP mode file for STMicroelectronics.FP-SNS-STBOX1.2.1.0
2025-08-11 18:38:31,587 [WARN] PackLoader:240 - Cannot read IP mode file for STMicroelectronics.FP-SNS-SMARTAG2.1.2.0
2025-08-11 18:38:31,590 [WARN] PackLoader:240 - Cannot read IP mode file for STMicroelectronics.FP-SNS-FLIGHT1.5.1.0
2025-08-11 18:38:31,625 [WARN] PackLoader:240 - Cannot read IP mode file for STMicroelectronics.X-CUBE-MEMS1.11.1.0
2025-08-11 18:38:31,695 [INFO] LogOutputStream:77 - [STDOUT_REDIRECT] 1 : Invalid condition id : UX_CORESTACK_Condition cause : null
2025-08-11 18:38:31,695 [INFO] LogOutputStream:77 - [STDOUT_REDIRECT] 1 : Invalid condition id : UX_CORESTACK_Condition cause : null
2025-08-11 18:38:31,697 [INFO] LogOutputStream:77 - [STDOUT_REDIRECT] 1 : Invalid condition id : UX_CORESTACK_Condition cause : null
2025-08-11 18:38:31,698 [INFO] LogOutputStream:77 - [STDOUT_REDIRECT] 1 : Invalid condition id : UX_CORESTACK_Condition cause : null
2025-08-11 18:38:31,699 [INFO] LogOutputStream:77 - [STDOUT_REDIRECT] 1 : Invalid condition id : UX_CORESTACK_Condition cause : null
2025-08-11 18:38:31,700 [WARN] PackLoader:240 - Cannot read IP mode file for STMicroelectronics.X-CUBE-AZRTOS-WL.2.0.0
2025-08-11 18:38:31,704 [WARN] PackLoader:240 - Cannot read IP mode file for STMicroelectronics.FP-SNS-MOTENV1.5.0.0
2025-08-11 18:38:31,707 [WARN] PackLoader:240 - Cannot read IP mode file for wolfSSL.I-CUBE-wolfMQTT.1.19.0
2025-08-11 18:38:31,714 [WARN] PackLoader:240 - Cannot read IP mode file for WES.I-CUBE-Cesium.1.3.0
2025-08-11 18:38:31,718 [WARN] PackLoader:240 - Cannot read IP mode file for STMicroelectronics.X-CUBE-BLE2.3.3.0
2025-08-11 18:38:31,723 [WARN] PackLoader:240 - Cannot read IP mode file for STMicroelectronics.X-CUBE-NFC9.1.0.0
2025-08-11 18:38:31,728 [WARN] PackLoader:240 - Cannot read IP mode file for STMicroelectronics.X-CUBE-BLE1.7.1.0
2025-08-11 18:38:31,732 [WARN] PackLoader:240 - Cannot read IP mode file for STMicroelectronics.X-CUBE-TCPP.4.1.0
2025-08-11 18:38:31,738 [WARN] PackLoader:240 - Cannot read IP mode file for STMicroelectronics.X-CUBE-EEPRMA1.5.2.0
2025-08-11 18:38:31,742 [WARN] PackLoader:240 - Cannot read IP mode file for STMicroelectronics.X-CUBE-AI.10.1.0
2025-08-11 18:38:31,774 [WARN] PackLoader:240 - Cannot read IP mode file for STMicroelectronics.X-CUBE-MEMS1.11.2.0
2025-08-11 18:38:31,845 [WARN] PackLoader:240 - Cannot read IP mode file for STMicroelectronics.X-CUBE-AZRTOS-G0.1.1.0
2025-08-11 18:38:31,853 [WARN] PackLoader:240 - Cannot read IP mode file for STMicroelectronics.X-CUBE-SAFEA1.1.2.2
2025-08-11 18:38:31,858 [WARN] PackLoader:240 - Cannot read IP mode file for STMicroelectronics.X-CUBE-NFC4.3.0.0
2025-08-11 18:38:31,865 [WARN] PackLoader:240 - Cannot read IP mode file for EmbeddedOffice.I-CUBE-FS-RTOS.1.0.1
2025-08-11 18:38:31,869 [WARN] PackLoader:240 - Cannot read IP mode file for STMicroelectronics.X-CUBE-WB05N.2.0.0
2025-08-11 18:38:31,873 [WARN] PackLoader:240 - Cannot read IP mode file for STMicroelectronics.X-CUBE-TCPP.4.2.0
2025-08-11 18:38:31,879 [WARN] PackLoader:240 - Cannot read IP mode file for RealThread.X-CUBE-RT-Thread_Nano.4.1.1
2025-08-11 18:38:31,882 [WARN] PackLoader:240 - Cannot read IP mode file for STMicroelectronics.FP-ATR-SIGFOX1.3.2.0
2025-08-11 18:38:31,887 [WARN] ConditionMgr:438 - getConditionDescription Invalid condition id : Cortex-A Device cause : null
2025-08-11 18:38:31,899 [WARN] ConditionMgr:1044 - genDependencies : Invalid condition id : Cortex-A Device cause : null
2025-08-11 18:38:31,899 [WARN] ConditionMgr:1044 - genDependencies : Invalid condition id : Cortex-A Device cause : null
2025-08-11 18:38:31,899 [WARN] ConditionMgr:1044 - genDependencies : Invalid condition id : Cortex-A Device cause : null
2025-08-11 18:38:31,904 [WARN] PackLoader:240 - Cannot read IP mode file for STMicroelectronics.X-CUBE-EEPRMA1.5.1.0
2025-08-11 18:38:31,908 [WARN] PackLoader:240 - Cannot read IP mode file for wolfSSL.I-CUBE-wolfSSL.5.7.4
2025-08-11 18:38:31,914 [WARN] PackLoader:240 - Cannot read IP mode file for ITTIA_DB.I-CUBE-ITTIADB.8.9.0
2025-08-11 18:38:31,921 [WARN] PackLoader:240 - Cannot read IP mode file for STMicroelectronics.X-CUBE-ST67W61.1.0.0
2025-08-11 18:38:31,925 [WARN] PackLoader:240 - Cannot read IP mode file for STMicroelectronics.X-CUBE-AI.10.2.0
2025-08-11 18:38:31,941 [WARN] PackLoader:240 - Cannot read IP mode file for SEGGER.I-CUBE-embOS.1.3.1
2025-08-11 18:38:32,048 [WARN] PackLoader:240 - Cannot read IP mode file for STMicroelectronics.X-CUBE-ALGOBUILD.1.4.0
2025-08-11 18:38:32,068 [WARN] PackLoader:240 - Cannot read IP mode file for STMicroelectronics.X-CUBE-MEMS1.11.3.0
2025-08-11 18:38:32,145 [WARN] PackLoader:240 - Cannot read IP mode file for STMicroelectronics.X-CUBE-AI.9.1.0
2025-08-11 18:38:32,148 [WARN] PackLoader:240 - Cannot read IP mode file for STMicroelectronics.X-CUBE-PM33A1.1.0.0
2025-08-11 18:38:32,168 [WARN] PackLoader:240 - Cannot read IP mode file for STMicroelectronics.X-CUBE-AZRTOS-F4.1.1.0
2025-08-11 18:38:32,173 [WARN] PackLoader:240 - Cannot read IP mode file for Avnet-IotConnect.X-CUBE-IoTC-DA16k-PMOD.1.0.0
2025-08-11 18:38:32,182 [WARN] PackLoader:240 - Cannot read IP mode file for STMicroelectronics.X-CUBE-ISPU.2.1.0
2025-08-11 18:38:32,187 [WARN] PackLoader:240 - Cannot read IP mode file for STMicroelectronics.X-CUBE-FREERTOS.1.2.0
2025-08-11 18:38:32,193 [WARN] PackLoader:240 - Cannot read IP mode file for STMicroelectronics.X-CUBE-NFC12.1.0.0
2025-08-11 18:38:32,205 [WARN] PackLoader:240 - Cannot read IP mode file for STMicroelectronics.X-CUBE-AZRTOS-L5.2.0.0
2025-08-11 18:38:32,212 [WARN] PackLoader:240 - Cannot read IP mode file for STMicroelectronics.X-CUBE-NFC6.3.1.0
2025-08-11 18:38:32,218 [WARN] PackLoader:240 - Cannot read IP mode file for STMicroelectronics.X-CUBE-DPower.1.2.0
2025-08-11 18:38:32,222 [WARN] PackLoader:240 - Cannot read IP mode file for STMicroelectronics.X-CUBE-FREERTOS.1.3.1
2025-08-11 18:38:32,227 [WARN] PackLoader:240 - Cannot read IP mode file for STMicroelectronics.X-CUBE-FREERTOS.1.3.0
2025-08-11 18:38:32,232 [WARN] PackLoader:240 - Cannot read IP mode file for STMicroelectronics.X-CUBE-NFC7.1.0.1
2025-08-11 18:38:32,236 [WARN] PackLoader:240 - Cannot read IP mode file for STMicroelectronics.FP-SNS-STAIOTCFT.1.0.0
2025-08-11 18:38:32,241 [WARN] PackLoader:240 - Cannot read IP mode file for STMicroelectronics.X-CUBE-DPower.1.3.0
2025-08-11 18:38:32,254 [WARN] ConditionMgr:438 - getConditionDescription Invalid condition id : LAN8742 Phy interface Condition cause : null
2025-08-11 18:38:32,254 [WARN] PackLoader:240 - Cannot read IP mode file for STMicroelectronics.X-CUBE-AZRTOS-L4.2.0.0
2025-08-11 18:38:32,255 [WARN] ConditionMgr:1044 - genDependencies : Invalid condition id : LAN8742 Phy interface Condition cause : null
2025-08-11 18:38:32,255 [WARN] ConditionMgr:1044 - genDependencies : Invalid condition id : LAN8742 Phy interface Condition cause : null
2025-08-11 18:38:32,256 [WARN] ConditionMgr:1044 - genDependencies : Invalid condition id : LAN8742 Phy interface Condition cause : null
2025-08-11 18:38:32,262 [WARN] PackLoader:240 - Cannot read IP mode file for STMicroelectronics.X-CUBE-SFXS2LP1.4.0.0
2025-08-11 18:38:32,274 [WARN] PackLoader:240 - Cannot read IP mode file for STMicroelectronics.X-CUBE-AZRTOS-H7.3.3.0
2025-08-11 18:38:32,283 [WARN] PackLoader:240 - Cannot read IP mode file for STMicroelectronics.X-CUBE-BLEMGR.4.1.0
2025-08-11 18:38:32,292 [WARN] PackLoader:240 - Cannot read IP mode file for STMicroelectronics.X-CUBE-IPS.3.0.0
2025-08-11 18:38:32,301 [WARN] ConditionMgr:438 - getConditionDescription Invalid condition id : UX DEVICE CLASS RTOS Condition cause : null
2025-08-11 18:38:32,301 [WARN] ConditionMgr:438 - getConditionDescription Invalid condition id : UX DEVICE CLASS RTOS Condition cause : null
2025-08-11 18:38:32,303 [WARN] PackLoader:240 - Cannot read IP mode file for STMicroelectronics.X-CUBE-AZRTOS-WB.2.0.0
2025-08-11 18:38:32,303 [WARN] ConditionMgr:1044 - genDependencies : Invalid condition id : UX DEVICE CLASS RTOS Condition cause : null
2025-08-11 18:38:32,303 [WARN] ConditionMgr:1044 - genDependencies : Invalid condition id : UX DEVICE CLASS RTOS Condition cause : null
2025-08-11 18:38:32,304 [WARN] ConditionMgr:1044 - genDependencies : Invalid condition id : UX DEVICE CLASS RTOS Condition cause : null
2025-08-11 18:38:32,304 [WARN] ConditionMgr:1044 - genDependencies : Invalid condition id : UX DEVICE CLASS RTOS Condition cause : null
2025-08-11 18:38:32,304 [WARN] ConditionMgr:1044 - genDependencies : Invalid condition id : UX DEVICE CLASS RTOS Condition cause : null
2025-08-11 18:38:32,309 [WARN] PackLoader:240 - Cannot read IP mode file for STMicroelectronics.X-CUBE-GNSS1.7.0.0
2025-08-11 18:38:32,314 [WARN] PackLoader:240 - Cannot read IP mode file for STMicroelectronics.X-CUBE-GNSS1.7.0.1
2025-08-11 18:38:32,319 [WARN] PackLoader:240 - Cannot read IP mode file for STMicroelectronics.X-CUBE-TOUCHGFX.4.25.0
2025-08-11 18:38:32,323 [WARN] PackLoader:240 - Cannot read IP mode file for STMicroelectronics.FP-SNS-STBOX1.2.0.0
2025-08-11 18:38:32,331 [WARN] PackLoader:240 - Cannot read IP mode file for STMicroelectronics.X-CUBE-SUBG2.5.0.0
2025-08-11 18:38:32,346 [WARN] PackLoader:240 - Cannot read IP mode file for STMicroelectronics.X-CUBE-AZRTOS-H7RS.1.1.0
2025-08-11 18:38:32,352 [WARN] PackLoader:240 - Cannot read IP mode file for Cesanta.I-CUBE-Mongoose.7.13.0
2025-08-11 18:38:32,363 [WARN] PackLoader:240 - Cannot read IP mode file for STMicroelectronics.X-CUBE-AZRTOS-G4.2.0.0
2025-08-11 18:38:32,369 [WARN] PackLoader:240 - Cannot read IP mode file for STMicroelectronics.X-CUBE-NFC7.2.0.0
2025-08-11 18:38:32,376 [WARN] PackLoader:240 - Cannot read IP mode file for STMicroelectronics.X-CUBE-IPS.3.1.0
2025-08-11 18:38:32,384 [WARN] PackLoader:240 - Cannot read IP mode file for STMicroelectronics.X-CUBE-ALS.1.0.2
2025-08-11 18:38:32,388 [WARN] PackLoader:240 - Cannot read IP mode file for STMicroelectronics.X-CUBE-TOUCHGFX.4.24.1
2025-08-11 18:38:32,391 [WARN] PackLoader:240 - Cannot read IP mode file for wolfSSL.I-CUBE-wolfTPM.3.4.0
2025-08-11 18:38:32,396 [WARN] PackLoader:240 - Cannot read IP mode file for portGmbH.I-Cube-SoM-uGOAL.1.1.0
2025-08-11 18:38:32,417 [WARN] PackLoader:240 - Cannot read IP mode file for STMicroelectronics.X-CUBE-AZRTOS-H7RS.1.0.0
2025-08-11 18:38:32,425 [WARN] PackLoader:240 - Cannot read IP mode file for STMicroelectronics.X-CUBE-TOF1.3.4.2
2025-08-11 18:38:32,439 [WARN] PackLoader:240 - Cannot read IP mode file for STMicroelectronics.X-CUBE-TOF1.3.4.3
2025-08-11 18:38:32,456 [WARN] PackLoader:240 - Cannot read IP mode file for Infineon.AIROC-Wi-Fi-Bluetooth-STM32.1.6.1
2025-08-11 18:38:32,461 [WARN] PackLoader:240 - Cannot read IP mode file for wolfSSL.I-CUBE-wolfSSH.1.4.17
2025-08-11 18:38:32,462 [INFO] ThirdParty:978 - Integrity check success = true
2025-08-11 18:38:32,462 [INFO] IntegrityCheckThread:100 - exiting critical section [integrity check]
2025-08-11 18:38:32,462 [INFO] IntegrityCheckThread:103 - End integrity checks thread
2025-08-11 20:27:40,408 [ERROR] ConfigurationRetriever:142 - IOException on connection: sw-center.st.com
2025-08-11 20:27:40,409 [ERROR] ConfigurationRetriever:142 - IOException on connection: sw-center.st.com
2025-08-11 20:27:40,409 [ERROR] ConfigurationRetriever:142 - IOException on connection: sw-center.st.com
